[2019-12-17|12:27:33]
passed through function [[TreeInit]]
  hash: 100
  tree capacity: 20
  tree size: 0
  first free element's physical address: 1
  root address: 0
  error: 0 tree is ok

  | &|   val|               &L|  &R|  &par|
  [ 0 ] (type: 0 value:      0 [  0,   0] <  0>)
  [ 1 ] (type: 0 value:      0 [  0,   0] <  0>)
  [ 2 ] (type: 0 value:      0 [  0,   0] <  0>)
  [ 3 ] (type: 0 value:      0 [  0,   0] <  0>)
  [ 4 ] (type: 0 value:      0 [  0,   0] <  0>)
  [ 5 ] (type: 0 value:      0 [  0,   0] <  0>)
  [ 6 ] (type: 0 value:      0 [  0,   0] <  0>)
  [ 7 ] (type: 0 value:      0 [  0,   0] <  0>)
  [ 8 ] (type: 0 value:      0 [  0,   0] <  0>)
  [ 9 ] (type: 0 value:      0 [  0,   0] <  0>)
  [10 ] (type: 0 value:      0 [  0,   0] <  0>)
  [11 ] (type: 0 value:      0 [  0,   0] <  0>)
  [12 ] (type: 0 value:      0 [  0,   0] <  0>)
  [13 ] (type: 0 value:      0 [  0,   0] <  0>)
  [14 ] (type: 0 value:      0 [  0,   0] <  0>)
  [15 ] (type: 0 value:      0 [  0,   0] <  0>)
  [16 ] (type: 0 value:      0 [  0,   0] <  0>)
  [17 ] (type: 0 value:      0 [  0,   0] <  0>)
  [18 ] (type: 0 value:      0 [  0,   0] <  0>)
  [19 ] (type: 0 value:      0 [  0,   0] <  0>)

  memmmap:
  [  0][  1][  2][  3][  4][  5][  6][  7][  8][  9][ 10][ 11][ 12][ 13][ 14][ 15][ 16][ 17][ 18][ 19]
  [  0][  2][  3][  4][  5][  6][  7][  8][  9][ 10][ 11][ 12][ 13][ 14][ 15][ 16][ 17][ 18][ 19][  0]

[2019-12-17|12:27:33]
passed through function [[TreeInsertNode (root added)]]
  hash: 100
  tree capacity: 20
  tree size: 1
  first free element's physical address: 2
  root address: 1
  error: 0 tree is ok

  | &|   val|               &L|  &R|  &par|
  [ 0 ] (type: 0 value:      0 [  0,   0] <  0>)
  [ 1*] (type: 999 value:    999 [  0,   0] <  0>)
  [ 2 ] (type: 0 value:      0 [  0,   0] <  0>)
  [ 3 ] (type: 0 value:      0 [  0,   0] <  0>)
  [ 4 ] (type: 0 value:      0 [  0,   0] <  0>)
  [ 5 ] (type: 0 value:      0 [  0,   0] <  0>)
  [ 6 ] (type: 0 value:      0 [  0,   0] <  0>)
  [ 7 ] (type: 0 value:      0 [  0,   0] <  0>)
  [ 8 ] (type: 0 value:      0 [  0,   0] <  0>)
  [ 9 ] (type: 0 value:      0 [  0,   0] <  0>)
  [10 ] (type: 0 value:      0 [  0,   0] <  0>)
  [11 ] (type: 0 value:      0 [  0,   0] <  0>)
  [12 ] (type: 0 value:      0 [  0,   0] <  0>)
  [13 ] (type: 0 value:      0 [  0,   0] <  0>)
  [14 ] (type: 0 value:      0 [  0,   0] <  0>)
  [15 ] (type: 0 value:      0 [  0,   0] <  0>)
  [16 ] (type: 0 value:      0 [  0,   0] <  0>)
  [17 ] (type: 0 value:      0 [  0,   0] <  0>)
  [18 ] (type: 0 value:      0 [  0,   0] <  0>)
  [19 ] (type: 0 value:      0 [  0,   0] <  0>)

  memmmap:
  [  0][  1][  2][  3][  4][  5][  6][  7][  8][  9][ 10][ 11][ 12][ 13][ 14][ 15][ 16][ 17][ 18][ 19]
  [  0][  2][  3][  4][  5][  6][  7][  8][  9][ 10][ 11][ 12][ 13][ 14][ 15][ 16][ 17][ 18][ 19][  0]

[2019-12-17|12:27:33]
passed through function [[TreeInsertNode (inserted)]]
  hash: 100
  tree capacity: 20
  tree size: 2
  first free element's physical address: 3
  root address: 1
  error: 0 tree is ok

  | &|   val|               &L|  &R|  &par|
  [ 0 ] (type: 0 value:      0 [  0,   0] <  0>)
  [ 1*] (type: 999 value:    999 [  2,   0] <  0>)
  [ 2*] (type: 1 value:   1000 [  0,   0] <  1>)
  [ 3 ] (type: 0 value:      0 [  0,   0] <  0>)
  [ 4 ] (type: 0 value:      0 [  0,   0] <  0>)
  [ 5 ] (type: 0 value:      0 [  0,   0] <  0>)
  [ 6 ] (type: 0 value:      0 [  0,   0] <  0>)
  [ 7 ] (type: 0 value:      0 [  0,   0] <  0>)
  [ 8 ] (type: 0 value:      0 [  0,   0] <  0>)
  [ 9 ] (type: 0 value:      0 [  0,   0] <  0>)
  [10 ] (type: 0 value:      0 [  0,   0] <  0>)
  [11 ] (type: 0 value:      0 [  0,   0] <  0>)
  [12 ] (type: 0 value:      0 [  0,   0] <  0>)
  [13 ] (type: 0 value:      0 [  0,   0] <  0>)
  [14 ] (type: 0 value:      0 [  0,   0] <  0>)
  [15 ] (type: 0 value:      0 [  0,   0] <  0>)
  [16 ] (type: 0 value:      0 [  0,   0] <  0>)
  [17 ] (type: 0 value:      0 [  0,   0] <  0>)
  [18 ] (type: 0 value:      0 [  0,   0] <  0>)
  [19 ] (type: 0 value:      0 [  0,   0] <  0>)

  memmmap:
  [  0][  1][  2][  3][  4][  5][  6][  7][  8][  9][ 10][ 11][ 12][ 13][ 14][ 15][ 16][ 17][ 18][ 19]
  [  0][  2][  3][  4][  5][  6][  7][  8][  9][ 10][ 11][ 12][ 13][ 14][ 15][ 16][ 17][ 18][ 19][  0]

[2019-12-17|12:27:33]
passed through function [[TreeCopySubTree]]
  hash: 100
  tree capacity: 20
  tree size: 2
  first free element's physical address: 3
  root address: 1
  error: 0 tree is ok

  | &|   val|               &L|  &R|  &par|
  [ 0 ] (type: 0 value:      0 [  0,   0] <  0>)
  [ 1*] (type: 999 value:    999 [  2,   0] <  0>)
  [ 2*] (type: 1 value:   1000 [  0,   0] <  1>)
  [ 3 ] (type: 0 value:      0 [  0,   0] <  0>)
  [ 4 ] (type: 0 value:      0 [  0,   0] <  0>)
  [ 5 ] (type: 0 value:      0 [  0,   0] <  0>)
  [ 6 ] (type: 0 value:      0 [  0,   0] <  0>)
  [ 7 ] (type: 0 value:      0 [  0,   0] <  0>)
  [ 8 ] (type: 0 value:      0 [  0,   0] <  0>)
  [ 9 ] (type: 0 value:      0 [  0,   0] <  0>)
  [10 ] (type: 0 value:      0 [  0,   0] <  0>)
  [11 ] (type: 0 value:      0 [  0,   0] <  0>)
  [12 ] (type: 0 value:      0 [  0,   0] <  0>)
  [13 ] (type: 0 value:      0 [  0,   0] <  0>)
  [14 ] (type: 0 value:      0 [  0,   0] <  0>)
  [15 ] (type: 0 value:      0 [  0,   0] <  0>)
  [16 ] (type: 0 value:      0 [  0,   0] <  0>)
  [17 ] (type: 0 value:      0 [  0,   0] <  0>)
  [18 ] (type: 0 value:      0 [  0,   0] <  0>)
  [19 ] (type: 0 value:      0 [  0,   0] <  0>)

  memmmap:
  [  0][  1][  2][  3][  4][  5][  6][  7][  8][  9][ 10][ 11][ 12][ 13][ 14][ 15][ 16][ 17][ 18][ 19]
  [  0][  2][  3][  4][  5][  6][  7][  8][  9][ 10][ 11][ 12][ 13][ 14][ 15][ 16][ 17][ 18][ 19][  0]

[2019-12-17|12:27:33]
passed through function [[TreeChangeNode]]
  hash: 100
  tree capacity: 20
  tree size: 2
  first free element's physical address: 3
  root address: 1
  error: 0 tree is ok

  | &|   val|               &L|  &R|  &par|
  [ 0 ] (type: 0 value:      0 [  0,   0] <  0>)
  [ 1*] (type: 999 value:    999 [  2,   0] <  0>)
  [ 2*] (type: 2 value:      1 [  0,   0] <  1>)
  [ 3 ] (type: 0 value:      0 [  0,   0] <  0>)
  [ 4 ] (type: 0 value:      0 [  0,   0] <  0>)
  [ 5 ] (type: 0 value:      0 [  0,   0] <  0>)
  [ 6 ] (type: 0 value:      0 [  0,   0] <  0>)
  [ 7 ] (type: 0 value:      0 [  0,   0] <  0>)
  [ 8 ] (type: 0 value:      0 [  0,   0] <  0>)
  [ 9 ] (type: 0 value:      0 [  0,   0] <  0>)
  [10 ] (type: 0 value:      0 [  0,   0] <  0>)
  [11 ] (type: 0 value:      0 [  0,   0] <  0>)
  [12 ] (type: 0 value:      0 [  0,   0] <  0>)
  [13 ] (type: 0 value:      0 [  0,   0] <  0>)
  [14 ] (type: 0 value:      0 [  0,   0] <  0>)
  [15 ] (type: 0 value:      0 [  0,   0] <  0>)
  [16 ] (type: 0 value:      0 [  0,   0] <  0>)
  [17 ] (type: 0 value:      0 [  0,   0] <  0>)
  [18 ] (type: 0 value:      0 [  0,   0] <  0>)
  [19 ] (type: 0 value:      0 [  0,   0] <  0>)

  memmmap:
  [  0][  1][  2][  3][  4][  5][  6][  7][  8][  9][ 10][ 11][ 12][ 13][ 14][ 15][ 16][ 17][ 18][ 19]
  [  0][  2][  3][  4][  5][  6][  7][  8][  9][ 10][ 11][ 12][ 13][ 14][ 15][ 16][ 17][ 18][ 19][  0]

[2019-12-17|12:27:33]
passed through function [[TreeInsertNode (inserted)]]
  hash: 100
  tree capacity: 20
  tree size: 3
  first free element's physical address: 4
  root address: 1
  error: 0 tree is ok

  | &|   val|               &L|  &R|  &par|
  [ 0 ] (type: 0 value:      0 [  0,   0] <  0>)
  [ 1*] (type: 999 value:    999 [  2,   0] <  0>)
  [ 2*] (type: 2 value:      1 [  3,   0] <  1>)
  [ 3*] (type: 1 value:   1000 [  0,   0] <  2>)
  [ 4 ] (type: 0 value:      0 [  0,   0] <  0>)
  [ 5 ] (type: 0 value:      0 [  0,   0] <  0>)
  [ 6 ] (type: 0 value:      0 [  0,   0] <  0>)
  [ 7 ] (type: 0 value:      0 [  0,   0] <  0>)
  [ 8 ] (type: 0 value:      0 [  0,   0] <  0>)
  [ 9 ] (type: 0 value:      0 [  0,   0] <  0>)
  [10 ] (type: 0 value:      0 [  0,   0] <  0>)
  [11 ] (type: 0 value:      0 [  0,   0] <  0>)
  [12 ] (type: 0 value:      0 [  0,   0] <  0>)
  [13 ] (type: 0 value:      0 [  0,   0] <  0>)
  [14 ] (type: 0 value:      0 [  0,   0] <  0>)
  [15 ] (type: 0 value:      0 [  0,   0] <  0>)
  [16 ] (type: 0 value:      0 [  0,   0] <  0>)
  [17 ] (type: 0 value:      0 [  0,   0] <  0>)
  [18 ] (type: 0 value:      0 [  0,   0] <  0>)
  [19 ] (type: 0 value:      0 [  0,   0] <  0>)

  memmmap:
  [  0][  1][  2][  3][  4][  5][  6][  7][  8][  9][ 10][ 11][ 12][ 13][ 14][ 15][ 16][ 17][ 18][ 19]
  [  0][  2][  3][  4][  5][  6][  7][  8][  9][ 10][ 11][ 12][ 13][ 14][ 15][ 16][ 17][ 18][ 19][  0]

[2019-12-17|12:27:33]
passed through function [[TreeGlueSubtree]]
  hash: 100
  tree capacity: 20
  tree size: 3
  first free element's physical address: 4
  root address: 1
  error: 0 tree is ok

  | &|   val|               &L|  &R|  &par|
  [ 0 ] (type: 0 value:      0 [  0,   0] <  0>)
  [ 1*] (type: 999 value:    999 [  2,   0] <  0>)
  [ 2*] (type: 2 value:      1 [  3,   0] <  1>)
  [ 3*] (type: 1 value:   1000 [  0,   0] <  2>)
  [ 4 ] (type: 0 value:      0 [  0,   0] <  0>)
  [ 5 ] (type: 0 value:      0 [  0,   0] <  0>)
  [ 6 ] (type: 0 value:      0 [  0,   0] <  0>)
  [ 7 ] (type: 0 value:      0 [  0,   0] <  0>)
  [ 8 ] (type: 0 value:      0 [  0,   0] <  0>)
  [ 9 ] (type: 0 value:      0 [  0,   0] <  0>)
  [10 ] (type: 0 value:      0 [  0,   0] <  0>)
  [11 ] (type: 0 value:      0 [  0,   0] <  0>)
  [12 ] (type: 0 value:      0 [  0,   0] <  0>)
  [13 ] (type: 0 value:      0 [  0,   0] <  0>)
  [14 ] (type: 0 value:      0 [  0,   0] <  0>)
  [15 ] (type: 0 value:      0 [  0,   0] <  0>)
  [16 ] (type: 0 value:      0 [  0,   0] <  0>)
  [17 ] (type: 0 value:      0 [  0,   0] <  0>)
  [18 ] (type: 0 value:      0 [  0,   0] <  0>)
  [19 ] (type: 0 value:      0 [  0,   0] <  0>)

  memmmap:
  [  0][  1][  2][  3][  4][  5][  6][  7][  8][  9][ 10][ 11][ 12][ 13][ 14][ 15][ 16][ 17][ 18][ 19]
  [  0][  2][  3][  4][  5][  6][  7][  8][  9][ 10][ 11][ 12][ 13][ 14][ 15][ 16][ 17][ 18][ 19][  0]

[2019-12-17|12:27:33]
passed through function [[TreeInsertNode (inserted)]]
  hash: 100
  tree capacity: 20
  tree size: 4
  first free element's physical address: 5
  root address: 1
  error: 0 tree is ok

  | &|   val|               &L|  &R|  &par|
  [ 0 ] (type: 0 value:      0 [  0,   0] <  0>)
  [ 1*] (type: 999 value:    999 [  2,   0] <  0>)
  [ 2*] (type: 2 value:      1 [  3,   4] <  1>)
  [ 3*] (type: 1 value:   1000 [  0,   0] <  2>)
  [ 4*] (type: 0 value:    120 [  0,   0] <  2>)
  [ 5 ] (type: 0 value:      0 [  0,   0] <  0>)
  [ 6 ] (type: 0 value:      0 [  0,   0] <  0>)
  [ 7 ] (type: 0 value:      0 [  0,   0] <  0>)
  [ 8 ] (type: 0 value:      0 [  0,   0] <  0>)
  [ 9 ] (type: 0 value:      0 [  0,   0] <  0>)
  [10 ] (type: 0 value:      0 [  0,   0] <  0>)
  [11 ] (type: 0 value:      0 [  0,   0] <  0>)
  [12 ] (type: 0 value:      0 [  0,   0] <  0>)
  [13 ] (type: 0 value:      0 [  0,   0] <  0>)
  [14 ] (type: 0 value:      0 [  0,   0] <  0>)
  [15 ] (type: 0 value:      0 [  0,   0] <  0>)
  [16 ] (type: 0 value:      0 [  0,   0] <  0>)
  [17 ] (type: 0 value:      0 [  0,   0] <  0>)
  [18 ] (type: 0 value:      0 [  0,   0] <  0>)
  [19 ] (type: 0 value:      0 [  0,   0] <  0>)

  memmmap:
  [  0][  1][  2][  3][  4][  5][  6][  7][  8][  9][ 10][ 11][ 12][ 13][ 14][ 15][ 16][ 17][ 18][ 19]
  [  0][  2][  3][  4][  5][  6][  7][  8][  9][ 10][ 11][ 12][ 13][ 14][ 15][ 16][ 17][ 18][ 19][  0]

[2019-12-17|12:27:33]
passed through function [[TreeCopySubTree]]
  hash: 100
  tree capacity: 20
  tree size: 4
  first free element's physical address: 5
  root address: 1
  error: 0 tree is ok

  | &|   val|               &L|  &R|  &par|
  [ 0 ] (type: 0 value:      0 [  0,   0] <  0>)
  [ 1*] (type: 999 value:    999 [  2,   0] <  0>)
  [ 2*] (type: 2 value:      1 [  3,   4] <  1>)
  [ 3*] (type: 1 value:   1000 [  0,   0] <  2>)
  [ 4*] (type: 0 value:    120 [  0,   0] <  2>)
  [ 5 ] (type: 0 value:      0 [  0,   0] <  0>)
  [ 6 ] (type: 0 value:      0 [  0,   0] <  0>)
  [ 7 ] (type: 0 value:      0 [  0,   0] <  0>)
  [ 8 ] (type: 0 value:      0 [  0,   0] <  0>)
  [ 9 ] (type: 0 value:      0 [  0,   0] <  0>)
  [10 ] (type: 0 value:      0 [  0,   0] <  0>)
  [11 ] (type: 0 value:      0 [  0,   0] <  0>)
  [12 ] (type: 0 value:      0 [  0,   0] <  0>)
  [13 ] (type: 0 value:      0 [  0,   0] <  0>)
  [14 ] (type: 0 value:      0 [  0,   0] <  0>)
  [15 ] (type: 0 value:      0 [  0,   0] <  0>)
  [16 ] (type: 0 value:      0 [  0,   0] <  0>)
  [17 ] (type: 0 value:      0 [  0,   0] <  0>)
  [18 ] (type: 0 value:      0 [  0,   0] <  0>)
  [19 ] (type: 0 value:      0 [  0,   0] <  0>)

  memmmap:
  [  0][  1][  2][  3][  4][  5][  6][  7][  8][  9][ 10][ 11][ 12][ 13][ 14][ 15][ 16][ 17][ 18][ 19]
  [  0][  2][  3][  4][  5][  6][  7][  8][  9][ 10][ 11][ 12][ 13][ 14][ 15][ 16][ 17][ 18][ 19][  0]

[2019-12-17|12:27:33]
passed through function [[TreeCopySubTree]]
  hash: 100
  tree capacity: 20
  tree size: 4
  first free element's physical address: 5
  root address: 1
  error: 0 tree is ok

  | &|   val|               &L|  &R|  &par|
  [ 0 ] (type: 0 value:      0 [  0,   0] <  0>)
  [ 1*] (type: 999 value:    999 [  2,   0] <  0>)
  [ 2*] (type: 2 value:      1 [  3,   4] <  1>)
  [ 3*] (type: 1 value:   1000 [  0,   0] <  2>)
  [ 4*] (type: 0 value:    120 [  0,   0] <  2>)
  [ 5 ] (type: 0 value:      0 [  0,   0] <  0>)
  [ 6 ] (type: 0 value:      0 [  0,   0] <  0>)
  [ 7 ] (type: 0 value:      0 [  0,   0] <  0>)
  [ 8 ] (type: 0 value:      0 [  0,   0] <  0>)
  [ 9 ] (type: 0 value:      0 [  0,   0] <  0>)
  [10 ] (type: 0 value:      0 [  0,   0] <  0>)
  [11 ] (type: 0 value:      0 [  0,   0] <  0>)
  [12 ] (type: 0 value:      0 [  0,   0] <  0>)
  [13 ] (type: 0 value:      0 [  0,   0] <  0>)
  [14 ] (type: 0 value:      0 [  0,   0] <  0>)
  [15 ] (type: 0 value:      0 [  0,   0] <  0>)
  [16 ] (type: 0 value:      0 [  0,   0] <  0>)
  [17 ] (type: 0 value:      0 [  0,   0] <  0>)
  [18 ] (type: 0 value:      0 [  0,   0] <  0>)
  [19 ] (type: 0 value:      0 [  0,   0] <  0>)

  memmmap:
  [  0][  1][  2][  3][  4][  5][  6][  7][  8][  9][ 10][ 11][ 12][ 13][ 14][ 15][ 16][ 17][ 18][ 19]
  [  0][  2][  3][  4][  5][  6][  7][  8][  9][ 10][ 11][ 12][ 13][ 14][ 15][ 16][ 17][ 18][ 19][  0]

[2019-12-17|12:27:33]
passed through function [[TreeDeleteNode]]
  hash: 100
  tree capacity: 20
  tree size: 3
  first free element's physical address: 3
  root address: 1
  error: 0 tree is ok

  | &|   val|               &L|  &R|  &par|
  [ 0 ] (type: 0 value:      0 [  0,   0] <  0>)
  [ 1*] (type: 999 value:    999 [  2,   0] <  0>)
  [ 2*] (type: 2 value:      1 [  0,   4] <  1>)
  [ 3 ] (type: 1 value:   1000 [  0,   0] <  0>)
  [ 4*] (type: 0 value:    120 [  0,   0] <  2>)
  [ 5 ] (type: 0 value:      0 [  0,   0] <  0>)
  [ 6 ] (type: 0 value:      0 [  0,   0] <  0>)
  [ 7 ] (type: 0 value:      0 [  0,   0] <  0>)
  [ 8 ] (type: 0 value:      0 [  0,   0] <  0>)
  [ 9 ] (type: 0 value:      0 [  0,   0] <  0>)
  [10 ] (type: 0 value:      0 [  0,   0] <  0>)
  [11 ] (type: 0 value:      0 [  0,   0] <  0>)
  [12 ] (type: 0 value:      0 [  0,   0] <  0>)
  [13 ] (type: 0 value:      0 [  0,   0] <  0>)
  [14 ] (type: 0 value:      0 [  0,   0] <  0>)
  [15 ] (type: 0 value:      0 [  0,   0] <  0>)
  [16 ] (type: 0 value:      0 [  0,   0] <  0>)
  [17 ] (type: 0 value:      0 [  0,   0] <  0>)
  [18 ] (type: 0 value:      0 [  0,   0] <  0>)
  [19 ] (type: 0 value:      0 [  0,   0] <  0>)

  memmmap:
  [  0][  1][  2][  3][  4][  5][  6][  7][  8][  9][ 10][ 11][ 12][ 13][ 14][ 15][ 16][ 17][ 18][ 19]
  [  0][  2][  3][  5][  5][  6][  7][  8][  9][ 10][ 11][ 12][ 13][ 14][ 15][ 16][ 17][ 18][ 19][  0]

[2019-12-17|12:27:33]
passed through function [[TreeDeleteNode]]
  hash: 100
  tree capacity: 20
  tree size: 2
  first free element's physical address: 4
  root address: 1
  error: 0 tree is ok

  | &|   val|               &L|  &R|  &par|
  [ 0 ] (type: 0 value:      0 [  0,   0] <  0>)
  [ 1*] (type: 999 value:    999 [  2,   0] <  0>)
  [ 2*] (type: 2 value:      1 [  0,   0] <  1>)
  [ 3 ] (type: 1 value:   1000 [  0,   0] <  0>)
  [ 4 ] (type: 0 value:    120 [  0,   0] <  0>)
  [ 5 ] (type: 0 value:      0 [  0,   0] <  0>)
  [ 6 ] (type: 0 value:      0 [  0,   0] <  0>)
  [ 7 ] (type: 0 value:      0 [  0,   0] <  0>)
  [ 8 ] (type: 0 value:      0 [  0,   0] <  0>)
  [ 9 ] (type: 0 value:      0 [  0,   0] <  0>)
  [10 ] (type: 0 value:      0 [  0,   0] <  0>)
  [11 ] (type: 0 value:      0 [  0,   0] <  0>)
  [12 ] (type: 0 value:      0 [  0,   0] <  0>)
  [13 ] (type: 0 value:      0 [  0,   0] <  0>)
  [14 ] (type: 0 value:      0 [  0,   0] <  0>)
  [15 ] (type: 0 value:      0 [  0,   0] <  0>)
  [16 ] (type: 0 value:      0 [  0,   0] <  0>)
  [17 ] (type: 0 value:      0 [  0,   0] <  0>)
  [18 ] (type: 0 value:      0 [  0,   0] <  0>)
  [19 ] (type: 0 value:      0 [  0,   0] <  0>)

  memmmap:
  [  0][  1][  2][  3][  4][  5][  6][  7][  8][  9][ 10][ 11][ 12][ 13][ 14][ 15][ 16][ 17][ 18][ 19]
  [  0][  2][  3][  5][  3][  6][  7][  8][  9][ 10][ 11][ 12][ 13][ 14][ 15][ 16][ 17][ 18][ 19][  0]

[2019-12-17|12:27:33]
passed through function [[TreeInsertNode (inserted)]]
  hash: 100
  tree capacity: 20
  tree size: 3
  first free element's physical address: 3
  root address: 1
  error: 0 tree is ok

  | &|   val|               &L|  &R|  &par|
  [ 0 ] (type: 0 value:      0 [  0,   0] <  0>)
  [ 1*] (type: 999 value:    999 [  2,   0] <  0>)
  [ 2*] (type: 2 value:      1 [  0,   4] <  1>)
  [ 3 ] (type: 1 value:   1000 [  0,   0] <  0>)
  [ 4*] (type: 2 value:      0 [  0,   0] <  2>)
  [ 5 ] (type: 0 value:      0 [  0,   0] <  0>)
  [ 6 ] (type: 0 value:      0 [  0,   0] <  0>)
  [ 7 ] (type: 0 value:      0 [  0,   0] <  0>)
  [ 8 ] (type: 0 value:      0 [  0,   0] <  0>)
  [ 9 ] (type: 0 value:      0 [  0,   0] <  0>)
  [10 ] (type: 0 value:      0 [  0,   0] <  0>)
  [11 ] (type: 0 value:      0 [  0,   0] <  0>)
  [12 ] (type: 0 value:      0 [  0,   0] <  0>)
  [13 ] (type: 0 value:      0 [  0,   0] <  0>)
  [14 ] (type: 0 value:      0 [  0,   0] <  0>)
  [15 ] (type: 0 value:      0 [  0,   0] <  0>)
  [16 ] (type: 0 value:      0 [  0,   0] <  0>)
  [17 ] (type: 0 value:      0 [  0,   0] <  0>)
  [18 ] (type: 0 value:      0 [  0,   0] <  0>)
  [19 ] (type: 0 value:      0 [  0,   0] <  0>)

  memmmap:
  [  0][  1][  2][  3][  4][  5][  6][  7][  8][  9][ 10][ 11][ 12][ 13][ 14][ 15][ 16][ 17][ 18][ 19]
  [  0][  2][  3][  5][  3][  6][  7][  8][  9][ 10][ 11][ 12][ 13][ 14][ 15][ 16][ 17][ 18][ 19][  0]

[2019-12-17|12:27:33]
passed through function [[TreeInsertNode (inserted)]]
  hash: 100
  tree capacity: 20
  tree size: 4
  first free element's physical address: 5
  root address: 1
  error: 0 tree is ok

  | &|   val|               &L|  &R|  &par|
  [ 0 ] (type: 0 value:      0 [  0,   0] <  0>)
  [ 1*] (type: 999 value:    999 [  2,   0] <  0>)
  [ 2*] (type: 2 value:      1 [  3,   4] <  1>)
  [ 3*] (type: 2 value:      3 [  0,   0] <  2>)
  [ 4*] (type: 2 value:      0 [  0,   0] <  2>)
  [ 5 ] (type: 0 value:      0 [  0,   0] <  0>)
  [ 6 ] (type: 0 value:      0 [  0,   0] <  0>)
  [ 7 ] (type: 0 value:      0 [  0,   0] <  0>)
  [ 8 ] (type: 0 value:      0 [  0,   0] <  0>)
  [ 9 ] (type: 0 value:      0 [  0,   0] <  0>)
  [10 ] (type: 0 value:      0 [  0,   0] <  0>)
  [11 ] (type: 0 value:      0 [  0,   0] <  0>)
  [12 ] (type: 0 value:      0 [  0,   0] <  0>)
  [13 ] (type: 0 value:      0 [  0,   0] <  0>)
  [14 ] (type: 0 value:      0 [  0,   0] <  0>)
  [15 ] (type: 0 value:      0 [  0,   0] <  0>)
  [16 ] (type: 0 value:      0 [  0,   0] <  0>)
  [17 ] (type: 0 value:      0 [  0,   0] <  0>)
  [18 ] (type: 0 value:      0 [  0,   0] <  0>)
  [19 ] (type: 0 value:      0 [  0,   0] <  0>)

  memmmap:
  [  0][  1][  2][  3][  4][  5][  6][  7][  8][  9][ 10][ 11][ 12][ 13][ 14][ 15][ 16][ 17][ 18][ 19]
  [  0][  2][  3][  5][  3][  6][  7][  8][  9][ 10][ 11][ 12][ 13][ 14][ 15][ 16][ 17][ 18][ 19][  0]

[2019-12-17|12:27:33]
passed through function [[TreeInsertNode (inserted)]]
  hash: 100
  tree capacity: 20
  tree size: 5
  first free element's physical address: 6
  root address: 1
  error: 0 tree is ok

  | &|   val|               &L|  &R|  &par|
  [ 0 ] (type: 0 value:      0 [  0,   0] <  0>)
  [ 1*] (type: 999 value:    999 [  2,   0] <  0>)
  [ 2*] (type: 2 value:      1 [  3,   4] <  1>)
  [ 3*] (type: 2 value:      3 [  0,   0] <  2>)
  [ 4*] (type: 2 value:      0 [  0,   5] <  2>)
  [ 5*] (type: 0 value:    120 [  0,   0] <  4>)
  [ 6 ] (type: 0 value:      0 [  0,   0] <  0>)
  [ 7 ] (type: 0 value:      0 [  0,   0] <  0>)
  [ 8 ] (type: 0 value:      0 [  0,   0] <  0>)
  [ 9 ] (type: 0 value:      0 [  0,   0] <  0>)
  [10 ] (type: 0 value:      0 [  0,   0] <  0>)
  [11 ] (type: 0 value:      0 [  0,   0] <  0>)
  [12 ] (type: 0 value:      0 [  0,   0] <  0>)
  [13 ] (type: 0 value:      0 [  0,   0] <  0>)
  [14 ] (type: 0 value:      0 [  0,   0] <  0>)
  [15 ] (type: 0 value:      0 [  0,   0] <  0>)
  [16 ] (type: 0 value:      0 [  0,   0] <  0>)
  [17 ] (type: 0 value:      0 [  0,   0] <  0>)
  [18 ] (type: 0 value:      0 [  0,   0] <  0>)
  [19 ] (type: 0 value:      0 [  0,   0] <  0>)

  memmmap:
  [  0][  1][  2][  3][  4][  5][  6][  7][  8][  9][ 10][ 11][ 12][ 13][ 14][ 15][ 16][ 17][ 18][ 19]
  [  0][  2][  3][  5][  3][  6][  7][  8][  9][ 10][ 11][ 12][ 13][ 14][ 15][ 16][ 17][ 18][ 19][  0]

[2019-12-17|12:27:33]
passed through function [[TreeGlueSubtree]]
  hash: 100
  tree capacity: 20
  tree size: 5
  first free element's physical address: 6
  root address: 1
  error: 0 tree is ok

  | &|   val|               &L|  &R|  &par|
  [ 0 ] (type: 0 value:      0 [  0,   0] <  0>)
  [ 1*] (type: 999 value:    999 [  2,   0] <  0>)
  [ 2*] (type: 2 value:      1 [  3,   4] <  1>)
  [ 3*] (type: 2 value:      3 [  0,   0] <  2>)
  [ 4*] (type: 2 value:      0 [  0,   5] <  2>)
  [ 5*] (type: 0 value:    120 [  0,   0] <  4>)
  [ 6 ] (type: 0 value:      0 [  0,   0] <  0>)
  [ 7 ] (type: 0 value:      0 [  0,   0] <  0>)
  [ 8 ] (type: 0 value:      0 [  0,   0] <  0>)
  [ 9 ] (type: 0 value:      0 [  0,   0] <  0>)
  [10 ] (type: 0 value:      0 [  0,   0] <  0>)
  [11 ] (type: 0 value:      0 [  0,   0] <  0>)
  [12 ] (type: 0 value:      0 [  0,   0] <  0>)
  [13 ] (type: 0 value:      0 [  0,   0] <  0>)
  [14 ] (type: 0 value:      0 [  0,   0] <  0>)
  [15 ] (type: 0 value:      0 [  0,   0] <  0>)
  [16 ] (type: 0 value:      0 [  0,   0] <  0>)
  [17 ] (type: 0 value:      0 [  0,   0] <  0>)
  [18 ] (type: 0 value:      0 [  0,   0] <  0>)
  [19 ] (type: 0 value:      0 [  0,   0] <  0>)

  memmmap:
  [  0][  1][  2][  3][  4][  5][  6][  7][  8][  9][ 10][ 11][ 12][ 13][ 14][ 15][ 16][ 17][ 18][ 19]
  [  0][  2][  3][  5][  3][  6][  7][  8][  9][ 10][ 11][ 12][ 13][ 14][ 15][ 16][ 17][ 18][ 19][  0]

[2019-12-17|12:27:33]
passed through function [[TreeInsertNode (inserted)]]
  hash: 100
  tree capacity: 20
  tree size: 6
  first free element's physical address: 7
  root address: 1
  error: 0 tree is ok

  | &|   val|               &L|  &R|  &par|
  [ 0 ] (type: 0 value:      0 [  0,   0] <  0>)
  [ 1*] (type: 999 value:    999 [  2,   0] <  0>)
  [ 2*] (type: 2 value:      1 [  3,   4] <  1>)
  [ 3*] (type: 2 value:      3 [  0,   0] <  2>)
  [ 4*] (type: 2 value:      0 [  6,   5] <  2>)
  [ 5*] (type: 0 value:    120 [  0,   0] <  4>)
  [ 6*] (type: 0 value:    120 [  0,   0] <  4>)
  [ 7 ] (type: 0 value:      0 [  0,   0] <  0>)
  [ 8 ] (type: 0 value:      0 [  0,   0] <  0>)
  [ 9 ] (type: 0 value:      0 [  0,   0] <  0>)
  [10 ] (type: 0 value:      0 [  0,   0] <  0>)
  [11 ] (type: 0 value:      0 [  0,   0] <  0>)
  [12 ] (type: 0 value:      0 [  0,   0] <  0>)
  [13 ] (type: 0 value:      0 [  0,   0] <  0>)
  [14 ] (type: 0 value:      0 [  0,   0] <  0>)
  [15 ] (type: 0 value:      0 [  0,   0] <  0>)
  [16 ] (type: 0 value:      0 [  0,   0] <  0>)
  [17 ] (type: 0 value:      0 [  0,   0] <  0>)
  [18 ] (type: 0 value:      0 [  0,   0] <  0>)
  [19 ] (type: 0 value:      0 [  0,   0] <  0>)

  memmmap:
  [  0][  1][  2][  3][  4][  5][  6][  7][  8][  9][ 10][ 11][ 12][ 13][ 14][ 15][ 16][ 17][ 18][ 19]
  [  0][  2][  3][  5][  3][  6][  7][  8][  9][ 10][ 11][ 12][ 13][ 14][ 15][ 16][ 17][ 18][ 19][  0]

[2019-12-17|12:27:33]
passed through function [[TreeGlueSubtree]]
  hash: 100
  tree capacity: 20
  tree size: 6
  first free element's physical address: 7
  root address: 1
  error: 0 tree is ok

  | &|   val|               &L|  &R|  &par|
  [ 0 ] (type: 0 value:      0 [  0,   0] <  0>)
  [ 1*] (type: 999 value:    999 [  2,   0] <  0>)
  [ 2*] (type: 2 value:      1 [  3,   4] <  1>)
  [ 3*] (type: 2 value:      3 [  0,   0] <  2>)
  [ 4*] (type: 2 value:      0 [  6,   5] <  2>)
  [ 5*] (type: 0 value:    120 [  0,   0] <  4>)
  [ 6*] (type: 0 value:    120 [  0,   0] <  4>)
  [ 7 ] (type: 0 value:      0 [  0,   0] <  0>)
  [ 8 ] (type: 0 value:      0 [  0,   0] <  0>)
  [ 9 ] (type: 0 value:      0 [  0,   0] <  0>)
  [10 ] (type: 0 value:      0 [  0,   0] <  0>)
  [11 ] (type: 0 value:      0 [  0,   0] <  0>)
  [12 ] (type: 0 value:      0 [  0,   0] <  0>)
  [13 ] (type: 0 value:      0 [  0,   0] <  0>)
  [14 ] (type: 0 value:      0 [  0,   0] <  0>)
  [15 ] (type: 0 value:      0 [  0,   0] <  0>)
  [16 ] (type: 0 value:      0 [  0,   0] <  0>)
  [17 ] (type: 0 value:      0 [  0,   0] <  0>)
  [18 ] (type: 0 value:      0 [  0,   0] <  0>)
  [19 ] (type: 0 value:      0 [  0,   0] <  0>)

  memmmap:
  [  0][  1][  2][  3][  4][  5][  6][  7][  8][  9][ 10][ 11][ 12][ 13][ 14][ 15][ 16][ 17][ 18][ 19]
  [  0][  2][  3][  5][  3][  6][  7][  8][  9][ 10][ 11][ 12][ 13][ 14][ 15][ 16][ 17][ 18][ 19][  0]

[2019-12-17|12:27:33]
passed through function [[TreeInsertNode (inserted)]]
  hash: 100
  tree capacity: 20
  tree size: 7
  first free element's physical address: 8
  root address: 1
  error: 0 tree is ok

  | &|   val|               &L|  &R|  &par|
  [ 0 ] (type: 0 value:      0 [  0,   0] <  0>)
  [ 1*] (type: 999 value:    999 [  2,   0] <  0>)
  [ 2*] (type: 2 value:      1 [  3,   4] <  1>)
  [ 3*] (type: 2 value:      3 [  7,   0] <  2>)
  [ 4*] (type: 2 value:      0 [  6,   5] <  2>)
  [ 5*] (type: 0 value:    120 [  0,   0] <  4>)
  [ 6*] (type: 0 value:    120 [  0,   0] <  4>)
  [ 7*] (type: 2 value:      0 [  0,   0] <  3>)
  [ 8 ] (type: 0 value:      0 [  0,   0] <  0>)
  [ 9 ] (type: 0 value:      0 [  0,   0] <  0>)
  [10 ] (type: 0 value:      0 [  0,   0] <  0>)
  [11 ] (type: 0 value:      0 [  0,   0] <  0>)
  [12 ] (type: 0 value:      0 [  0,   0] <  0>)
  [13 ] (type: 0 value:      0 [  0,   0] <  0>)
  [14 ] (type: 0 value:      0 [  0,   0] <  0>)
  [15 ] (type: 0 value:      0 [  0,   0] <  0>)
  [16 ] (type: 0 value:      0 [  0,   0] <  0>)
  [17 ] (type: 0 value:      0 [  0,   0] <  0>)
  [18 ] (type: 0 value:      0 [  0,   0] <  0>)
  [19 ] (type: 0 value:      0 [  0,   0] <  0>)

  memmmap:
  [  0][  1][  2][  3][  4][  5][  6][  7][  8][  9][ 10][ 11][ 12][ 13][ 14][ 15][ 16][ 17][ 18][ 19]
  [  0][  2][  3][  5][  3][  6][  7][  8][  9][ 10][ 11][ 12][ 13][ 14][ 15][ 16][ 17][ 18][ 19][  0]

[2019-12-17|12:27:33]
passed through function [[TreeInsertNode (inserted)]]
  hash: 100
  tree capacity: 20
  tree size: 8
  first free element's physical address: 9
  root address: 1
  error: 0 tree is ok

  | &|   val|               &L|  &R|  &par|
  [ 0 ] (type: 0 value:      0 [  0,   0] <  0>)
  [ 1*] (type: 999 value:    999 [  2,   0] <  0>)
  [ 2*] (type: 2 value:      1 [  3,   4] <  1>)
  [ 3*] (type: 2 value:      3 [  7,   8] <  2>)
  [ 4*] (type: 2 value:      0 [  6,   5] <  2>)
  [ 5*] (type: 0 value:    120 [  0,   0] <  4>)
  [ 6*] (type: 0 value:    120 [  0,   0] <  4>)
  [ 7*] (type: 2 value:      0 [  0,   0] <  3>)
  [ 8*] (type: 2 value:      0 [  0,   0] <  3>)
  [ 9 ] (type: 0 value:      0 [  0,   0] <  0>)
  [10 ] (type: 0 value:      0 [  0,   0] <  0>)
  [11 ] (type: 0 value:      0 [  0,   0] <  0>)
  [12 ] (type: 0 value:      0 [  0,   0] <  0>)
  [13 ] (type: 0 value:      0 [  0,   0] <  0>)
  [14 ] (type: 0 value:      0 [  0,   0] <  0>)
  [15 ] (type: 0 value:      0 [  0,   0] <  0>)
  [16 ] (type: 0 value:      0 [  0,   0] <  0>)
  [17 ] (type: 0 value:      0 [  0,   0] <  0>)
  [18 ] (type: 0 value:      0 [  0,   0] <  0>)
  [19 ] (type: 0 value:      0 [  0,   0] <  0>)

  memmmap:
  [  0][  1][  2][  3][  4][  5][  6][  7][  8][  9][ 10][ 11][ 12][ 13][ 14][ 15][ 16][ 17][ 18][ 19]
  [  0][  2][  3][  5][  3][  6][  7][  8][  9][ 10][ 11][ 12][ 13][ 14][ 15][ 16][ 17][ 18][ 19][  0]

[2019-12-17|12:27:33]
passed through function [[TreeInsertNode (inserted)]]
  hash: 100
  tree capacity: 20
  tree size: 9
  first free element's physical address: 10
  root address: 1
  error: 0 tree is ok

  | &|   val|               &L|  &R|  &par|
  [ 0 ] (type: 0 value:      0 [  0,   0] <  0>)
  [ 1*] (type: 999 value:    999 [  2,   0] <  0>)
  [ 2*] (type: 2 value:      1 [  3,   4] <  1>)
  [ 3*] (type: 2 value:      3 [  7,   8] <  2>)
  [ 4*] (type: 2 value:      0 [  6,   5] <  2>)
  [ 5*] (type: 0 value:    120 [  0,   0] <  4>)
  [ 6*] (type: 0 value:    120 [  0,   0] <  4>)
  [ 7*] (type: 2 value:      0 [  9,   0] <  3>)
  [ 8*] (type: 2 value:      0 [  0,   0] <  3>)
  [ 9*] (type: 1 value:   1000 [  0,   0] <  7>)
  [10 ] (type: 0 value:      0 [  0,   0] <  0>)
  [11 ] (type: 0 value:      0 [  0,   0] <  0>)
  [12 ] (type: 0 value:      0 [  0,   0] <  0>)
  [13 ] (type: 0 value:      0 [  0,   0] <  0>)
  [14 ] (type: 0 value:      0 [  0,   0] <  0>)
  [15 ] (type: 0 value:      0 [  0,   0] <  0>)
  [16 ] (type: 0 value:      0 [  0,   0] <  0>)
  [17 ] (type: 0 value:      0 [  0,   0] <  0>)
  [18 ] (type: 0 value:      0 [  0,   0] <  0>)
  [19 ] (type: 0 value:      0 [  0,   0] <  0>)

  memmmap:
  [  0][  1][  2][  3][  4][  5][  6][  7][  8][  9][ 10][ 11][ 12][ 13][ 14][ 15][ 16][ 17][ 18][ 19]
  [  0][  2][  3][  5][  3][  6][  7][  8][  9][ 10][ 11][ 12][ 13][ 14][ 15][ 16][ 17][ 18][ 19][  0]

[2019-12-17|12:27:33]
passed through function [[TreeGlueSubtree]]
  hash: 100
  tree capacity: 20
  tree size: 9
  first free element's physical address: 10
  root address: 1
  error: 0 tree is ok

  | &|   val|               &L|  &R|  &par|
  [ 0 ] (type: 0 value:      0 [  0,   0] <  0>)
  [ 1*] (type: 999 value:    999 [  2,   0] <  0>)
  [ 2*] (type: 2 value:      1 [  3,   4] <  1>)
  [ 3*] (type: 2 value:      3 [  7,   8] <  2>)
  [ 4*] (type: 2 value:      0 [  6,   5] <  2>)
  [ 5*] (type: 0 value:    120 [  0,   0] <  4>)
  [ 6*] (type: 0 value:    120 [  0,   0] <  4>)
  [ 7*] (type: 2 value:      0 [  9,   0] <  3>)
  [ 8*] (type: 2 value:      0 [  0,   0] <  3>)
  [ 9*] (type: 1 value:   1000 [  0,   0] <  7>)
  [10 ] (type: 0 value:      0 [  0,   0] <  0>)
  [11 ] (type: 0 value:      0 [  0,   0] <  0>)
  [12 ] (type: 0 value:      0 [  0,   0] <  0>)
  [13 ] (type: 0 value:      0 [  0,   0] <  0>)
  [14 ] (type: 0 value:      0 [  0,   0] <  0>)
  [15 ] (type: 0 value:      0 [  0,   0] <  0>)
  [16 ] (type: 0 value:      0 [  0,   0] <  0>)
  [17 ] (type: 0 value:      0 [  0,   0] <  0>)
  [18 ] (type: 0 value:      0 [  0,   0] <  0>)
  [19 ] (type: 0 value:      0 [  0,   0] <  0>)

  memmmap:
  [  0][  1][  2][  3][  4][  5][  6][  7][  8][  9][ 10][ 11][ 12][ 13][ 14][ 15][ 16][ 17][ 18][ 19]
  [  0][  2][  3][  5][  3][  6][  7][  8][  9][ 10][ 11][ 12][ 13][ 14][ 15][ 16][ 17][ 18][ 19][  0]

[2019-12-17|12:27:33]
passed through function [[TreeInsertNode (inserted)]]
  hash: 100
  tree capacity: 20
  tree size: 10
  first free element's physical address: 11
  root address: 1
  error: 0 tree is ok

  | &|   val|               &L|  &R|  &par|
  [ 0 ] (type: 0 value:      0 [  0,   0] <  0>)
  [ 1*] (type: 999 value:    999 [  2,   0] <  0>)
  [ 2*] (type: 2 value:      1 [  3,   4] <  1>)
  [ 3*] (type: 2 value:      3 [  7,   8] <  2>)
  [ 4*] (type: 2 value:      0 [  6,   5] <  2>)
  [ 5*] (type: 0 value:    120 [  0,   0] <  4>)
  [ 6*] (type: 0 value:    120 [  0,   0] <  4>)
  [ 7*] (type: 2 value:      0 [  9,  10] <  3>)
  [ 8*] (type: 2 value:      0 [  0,   0] <  3>)
  [ 9*] (type: 1 value:   1000 [  0,   0] <  7>)
  [10*] (type: 0 value:    120 [  0,   0] <  7>)
  [11 ] (type: 0 value:      0 [  0,   0] <  0>)
  [12 ] (type: 0 value:      0 [  0,   0] <  0>)
  [13 ] (type: 0 value:      0 [  0,   0] <  0>)
  [14 ] (type: 0 value:      0 [  0,   0] <  0>)
  [15 ] (type: 0 value:      0 [  0,   0] <  0>)
  [16 ] (type: 0 value:      0 [  0,   0] <  0>)
  [17 ] (type: 0 value:      0 [  0,   0] <  0>)
  [18 ] (type: 0 value:      0 [  0,   0] <  0>)
  [19 ] (type: 0 value:      0 [  0,   0] <  0>)

  memmmap:
  [  0][  1][  2][  3][  4][  5][  6][  7][  8][  9][ 10][ 11][ 12][ 13][ 14][ 15][ 16][ 17][ 18][ 19]
  [  0][  2][  3][  5][  3][  6][  7][  8][  9][ 10][ 11][ 12][ 13][ 14][ 15][ 16][ 17][ 18][ 19][  0]

[2019-12-17|12:27:33]
passed through function [[TreeGlueSubtree]]
  hash: 100
  tree capacity: 20
  tree size: 10
  first free element's physical address: 11
  root address: 1
  error: 0 tree is ok

  | &|   val|               &L|  &R|  &par|
  [ 0 ] (type: 0 value:      0 [  0,   0] <  0>)
  [ 1*] (type: 999 value:    999 [  2,   0] <  0>)
  [ 2*] (type: 2 value:      1 [  3,   4] <  1>)
  [ 3*] (type: 2 value:      3 [  7,   8] <  2>)
  [ 4*] (type: 2 value:      0 [  6,   5] <  2>)
  [ 5*] (type: 0 value:    120 [  0,   0] <  4>)
  [ 6*] (type: 0 value:    120 [  0,   0] <  4>)
  [ 7*] (type: 2 value:      0 [  9,  10] <  3>)
  [ 8*] (type: 2 value:      0 [  0,   0] <  3>)
  [ 9*] (type: 1 value:   1000 [  0,   0] <  7>)
  [10*] (type: 0 value:    120 [  0,   0] <  7>)
  [11 ] (type: 0 value:      0 [  0,   0] <  0>)
  [12 ] (type: 0 value:      0 [  0,   0] <  0>)
  [13 ] (type: 0 value:      0 [  0,   0] <  0>)
  [14 ] (type: 0 value:      0 [  0,   0] <  0>)
  [15 ] (type: 0 value:      0 [  0,   0] <  0>)
  [16 ] (type: 0 value:      0 [  0,   0] <  0>)
  [17 ] (type: 0 value:      0 [  0,   0] <  0>)
  [18 ] (type: 0 value:      0 [  0,   0] <  0>)
  [19 ] (type: 0 value:      0 [  0,   0] <  0>)

  memmmap:
  [  0][  1][  2][  3][  4][  5][  6][  7][  8][  9][ 10][ 11][ 12][ 13][ 14][ 15][ 16][ 17][ 18][ 19]
  [  0][  2][  3][  5][  3][  6][  7][  8][  9][ 10][ 11][ 12][ 13][ 14][ 15][ 16][ 17][ 18][ 19][  0]

[2019-12-17|12:27:33]
passed through function [[TreeInsertNode (inserted)]]
  hash: 100
  tree capacity: 20
  tree size: 11
  first free element's physical address: 12
  root address: 1
  error: 0 tree is ok

  | &|   val|               &L|  &R|  &par|
  [ 0 ] (type: 0 value:      0 [  0,   0] <  0>)
  [ 1*] (type: 999 value:    999 [  2,   0] <  0>)
  [ 2*] (type: 2 value:      1 [  3,   4] <  1>)
  [ 3*] (type: 2 value:      3 [  7,   8] <  2>)
  [ 4*] (type: 2 value:      0 [  6,   5] <  2>)
  [ 5*] (type: 0 value:    120 [  0,   0] <  4>)
  [ 6*] (type: 0 value:    120 [  0,   0] <  4>)
  [ 7*] (type: 2 value:      0 [  9,  10] <  3>)
  [ 8*] (type: 2 value:      0 [ 11,   0] <  3>)
  [ 9*] (type: 1 value:   1000 [  0,   0] <  7>)
  [10*] (type: 0 value:    120 [  0,   0] <  7>)
  [11*] (type: 1 value:   1000 [  0,   0] <  8>)
  [12 ] (type: 0 value:      0 [  0,   0] <  0>)
  [13 ] (type: 0 value:      0 [  0,   0] <  0>)
  [14 ] (type: 0 value:      0 [  0,   0] <  0>)
  [15 ] (type: 0 value:      0 [  0,   0] <  0>)
  [16 ] (type: 0 value:      0 [  0,   0] <  0>)
  [17 ] (type: 0 value:      0 [  0,   0] <  0>)
  [18 ] (type: 0 value:      0 [  0,   0] <  0>)
  [19 ] (type: 0 value:      0 [  0,   0] <  0>)

  memmmap:
  [  0][  1][  2][  3][  4][  5][  6][  7][  8][  9][ 10][ 11][ 12][ 13][ 14][ 15][ 16][ 17][ 18][ 19]
  [  0][  2][  3][  5][  3][  6][  7][  8][  9][ 10][ 11][ 12][ 13][ 14][ 15][ 16][ 17][ 18][ 19][  0]

[2019-12-17|12:27:33]
passed through function [[TreeGlueSubtree]]
  hash: 100
  tree capacity: 20
  tree size: 11
  first free element's physical address: 12
  root address: 1
  error: 0 tree is ok

  | &|   val|               &L|  &R|  &par|
  [ 0 ] (type: 0 value:      0 [  0,   0] <  0>)
  [ 1*] (type: 999 value:    999 [  2,   0] <  0>)
  [ 2*] (type: 2 value:      1 [  3,   4] <  1>)
  [ 3*] (type: 2 value:      3 [  7,   8] <  2>)
  [ 4*] (type: 2 value:      0 [  6,   5] <  2>)
  [ 5*] (type: 0 value:    120 [  0,   0] <  4>)
  [ 6*] (type: 0 value:    120 [  0,   0] <  4>)
  [ 7*] (type: 2 value:      0 [  9,  10] <  3>)
  [ 8*] (type: 2 value:      0 [ 11,   0] <  3>)
  [ 9*] (type: 1 value:   1000 [  0,   0] <  7>)
  [10*] (type: 0 value:    120 [  0,   0] <  7>)
  [11*] (type: 1 value:   1000 [  0,   0] <  8>)
  [12 ] (type: 0 value:      0 [  0,   0] <  0>)
  [13 ] (type: 0 value:      0 [  0,   0] <  0>)
  [14 ] (type: 0 value:      0 [  0,   0] <  0>)
  [15 ] (type: 0 value:      0 [  0,   0] <  0>)
  [16 ] (type: 0 value:      0 [  0,   0] <  0>)
  [17 ] (type: 0 value:      0 [  0,   0] <  0>)
  [18 ] (type: 0 value:      0 [  0,   0] <  0>)
  [19 ] (type: 0 value:      0 [  0,   0] <  0>)

  memmmap:
  [  0][  1][  2][  3][  4][  5][  6][  7][  8][  9][ 10][ 11][ 12][ 13][ 14][ 15][ 16][ 17][ 18][ 19]
  [  0][  2][  3][  5][  3][  6][  7][  8][  9][ 10][ 11][ 12][ 13][ 14][ 15][ 16][ 17][ 18][ 19][  0]

[2019-12-17|12:27:33]
passed through function [[TreeInsertNode (inserted)]]
  hash: 100
  tree capacity: 20
  tree size: 12
  first free element's physical address: 13
  root address: 1
  error: 0 tree is ok

  | &|   val|               &L|  &R|  &par|
  [ 0 ] (type: 0 value:      0 [  0,   0] <  0>)
  [ 1*] (type: 999 value:    999 [  2,   0] <  0>)
  [ 2*] (type: 2 value:      1 [  3,   4] <  1>)
  [ 3*] (type: 2 value:      3 [  7,   8] <  2>)
  [ 4*] (type: 2 value:      0 [  6,   5] <  2>)
  [ 5*] (type: 0 value:    120 [  0,   0] <  4>)
  [ 6*] (type: 0 value:    120 [  0,   0] <  4>)
  [ 7*] (type: 2 value:      0 [  9,  10] <  3>)
  [ 8*] (type: 2 value:      0 [ 11,  12] <  3>)
  [ 9*] (type: 1 value:   1000 [  0,   0] <  7>)
  [10*] (type: 0 value:    120 [  0,   0] <  7>)
  [11*] (type: 1 value:   1000 [  0,   0] <  8>)
  [12*] (type: 0 value:    120 [  0,   0] <  8>)
  [13 ] (type: 0 value:      0 [  0,   0] <  0>)
  [14 ] (type: 0 value:      0 [  0,   0] <  0>)
  [15 ] (type: 0 value:      0 [  0,   0] <  0>)
  [16 ] (type: 0 value:      0 [  0,   0] <  0>)
  [17 ] (type: 0 value:      0 [  0,   0] <  0>)
  [18 ] (type: 0 value:      0 [  0,   0] <  0>)
  [19 ] (type: 0 value:      0 [  0,   0] <  0>)

  memmmap:
  [  0][  1][  2][  3][  4][  5][  6][  7][  8][  9][ 10][ 11][ 12][ 13][ 14][ 15][ 16][ 17][ 18][ 19]
  [  0][  2][  3][  5][  3][  6][  7][  8][  9][ 10][ 11][ 12][ 13][ 14][ 15][ 16][ 17][ 18][ 19][  0]

[2019-12-17|12:27:33]
passed through function [[TreeGlueSubtree]]
  hash: 100
  tree capacity: 20
  tree size: 12
  first free element's physical address: 13
  root address: 1
  error: 0 tree is ok

  | &|   val|               &L|  &R|  &par|
  [ 0 ] (type: 0 value:      0 [  0,   0] <  0>)
  [ 1*] (type: 999 value:    999 [  2,   0] <  0>)
  [ 2*] (type: 2 value:      1 [  3,   4] <  1>)
  [ 3*] (type: 2 value:      3 [  7,   8] <  2>)
  [ 4*] (type: 2 value:      0 [  6,   5] <  2>)
  [ 5*] (type: 0 value:    120 [  0,   0] <  4>)
  [ 6*] (type: 0 value:    120 [  0,   0] <  4>)
  [ 7*] (type: 2 value:      0 [  9,  10] <  3>)
  [ 8*] (type: 2 value:      0 [ 11,  12] <  3>)
  [ 9*] (type: 1 value:   1000 [  0,   0] <  7>)
  [10*] (type: 0 value:    120 [  0,   0] <  7>)
  [11*] (type: 1 value:   1000 [  0,   0] <  8>)
  [12*] (type: 0 value:    120 [  0,   0] <  8>)
  [13 ] (type: 0 value:      0 [  0,   0] <  0>)
  [14 ] (type: 0 value:      0 [  0,   0] <  0>)
  [15 ] (type: 0 value:      0 [  0,   0] <  0>)
  [16 ] (type: 0 value:      0 [  0,   0] <  0>)
  [17 ] (type: 0 value:      0 [  0,   0] <  0>)
  [18 ] (type: 0 value:      0 [  0,   0] <  0>)
  [19 ] (type: 0 value:      0 [  0,   0] <  0>)

  memmmap:
  [  0][  1][  2][  3][  4][  5][  6][  7][  8][  9][ 10][ 11][ 12][ 13][ 14][ 15][ 16][ 17][ 18][ 19]
  [  0][  2][  3][  5][  3][  6][  7][  8][  9][ 10][ 11][ 12][ 13][ 14][ 15][ 16][ 17][ 18][ 19][  0]

[2019-12-17|12:27:33]
passed through function [[TreeChangeNode]]
  hash: 100
  tree capacity: 20
  tree size: 12
  first free element's physical address: 13
  root address: 1
  error: 0 tree is ok

  | &|   val|               &L|  &R|  &par|
  [ 0 ] (type: 0 value:      0 [  0,   0] <  0>)
  [ 1*] (type: 999 value:    999 [  2,   0] <  0>)
  [ 2*] (type: 2 value:      1 [  3,   4] <  1>)
  [ 3*] (type: 2 value:      3 [  7,   8] <  2>)
  [ 4*] (type: 2 value:      0 [  6,   5] <  2>)
  [ 5*] (type: 0 value:    120 [  0,   0] <  4>)
  [ 6*] (type: 0 value:    120 [  0,   0] <  4>)
  [ 7*] (type: 2 value:      0 [  9,  10] <  3>)
  [ 8*] (type: 2 value:      0 [ 11,  12] <  3>)
  [ 9*] (type: 1 value:      0 [  0,   0] <  7>)
  [10*] (type: 0 value:    120 [  0,   0] <  7>)
  [11*] (type: 1 value:   1000 [  0,   0] <  8>)
  [12*] (type: 0 value:    120 [  0,   0] <  8>)
  [13 ] (type: 0 value:      0 [  0,   0] <  0>)
  [14 ] (type: 0 value:      0 [  0,   0] <  0>)
  [15 ] (type: 0 value:      0 [  0,   0] <  0>)
  [16 ] (type: 0 value:      0 [  0,   0] <  0>)
  [17 ] (type: 0 value:      0 [  0,   0] <  0>)
  [18 ] (type: 0 value:      0 [  0,   0] <  0>)
  [19 ] (type: 0 value:      0 [  0,   0] <  0>)

  memmmap:
  [  0][  1][  2][  3][  4][  5][  6][  7][  8][  9][ 10][ 11][ 12][ 13][ 14][ 15][ 16][ 17][ 18][ 19]
  [  0][  2][  3][  5][  3][  6][  7][  8][  9][ 10][ 11][ 12][ 13][ 14][ 15][ 16][ 17][ 18][ 19][  0]

[2019-12-17|12:27:33]
passed through function [[TreeChangeNode]]
  hash: 100
  tree capacity: 20
  tree size: 12
  first free element's physical address: 13
  root address: 1
  error: 0 tree is ok

  | &|   val|               &L|  &R|  &par|
  [ 0 ] (type: 0 value:      0 [  0,   0] <  0>)
  [ 1*] (type: 999 value:    999 [  2,   0] <  0>)
  [ 2*] (type: 2 value:      1 [  3,   4] <  1>)
  [ 3*] (type: 2 value:      3 [  7,   8] <  2>)
  [ 4*] (type: 2 value:      0 [  6,   5] <  2>)
  [ 5*] (type: 0 value:    120 [  0,   0] <  4>)
  [ 6*] (type: 0 value:    120 [  0,   0] <  4>)
  [ 7*] (type: 2 value:      0 [  9,  10] <  3>)
  [ 8*] (type: 2 value:      0 [ 11,  12] <  3>)
  [ 9*] (type: 1 value:      0 [  0,   0] <  7>)
  [10*] (type: 0 value:    120 [  0,   0] <  7>)
  [11*] (type: 1 value:   1000 [  0,   0] <  8>)
  [12*] (type: 1 value:   1000 [  0,   0] <  8>)
  [13 ] (type: 0 value:      0 [  0,   0] <  0>)
  [14 ] (type: 0 value:      0 [  0,   0] <  0>)
  [15 ] (type: 0 value:      0 [  0,   0] <  0>)
  [16 ] (type: 0 value:      0 [  0,   0] <  0>)
  [17 ] (type: 0 value:      0 [  0,   0] <  0>)
  [18 ] (type: 0 value:      0 [  0,   0] <  0>)
  [19 ] (type: 0 value:      0 [  0,   0] <  0>)

  memmmap:
  [  0][  1][  2][  3][  4][  5][  6][  7][  8][  9][ 10][ 11][ 12][ 13][ 14][ 15][ 16][ 17][ 18][ 19]
  [  0][  2][  3][  5][  3][  6][  7][  8][  9][ 10][ 11][ 12][ 13][ 14][ 15][ 16][ 17][ 18][ 19][  0]

