[2019-12-17|04:33:27]
passed through function [[TreeInit]]
  hash: 100
  tree capacity: 20
  tree size: 0
  first free element's physical address: 1
  root address: 0
  error: 0 tree is ok

  | &|   val|               &L|  &R|  &par|
  [ 0 ] (type: 0 value:      0 [  0,   0] <  0>)
  [ 1 ] (type: 0 value:      0 [  0,   0] <  0>)
  [ 2 ] (type: 0 value:      0 [  0,   0] <  0>)
  [ 3 ] (type: 0 value:      0 [  0,   0] <  0>)
  [ 4 ] (type: 0 value:      0 [  0,   0] <  0>)
  [ 5 ] (type: 0 value:      0 [  0,   0] <  0>)
  [ 6 ] (type: 0 value:      0 [  0,   0] <  0>)
  [ 7 ] (type: 0 value:      0 [  0,   0] <  0>)
  [ 8 ] (type: 0 value:      0 [  0,   0] <  0>)
  [ 9 ] (type: 0 value:      0 [  0,   0] <  0>)
  [10 ] (type: 0 value:      0 [  0,   0] <  0>)
  [11 ] (type: 0 value:      0 [  0,   0] <  0>)
  [12 ] (type: 0 value:      0 [  0,   0] <  0>)
  [13 ] (type: 0 value:      0 [  0,   0] <  0>)
  [14 ] (type: 0 value:      0 [  0,   0] <  0>)
  [15 ] (type: 0 value:      0 [  0,   0] <  0>)
  [16 ] (type: 0 value:      0 [  0,   0] <  0>)
  [17 ] (type: 0 value:      0 [  0,   0] <  0>)
  [18 ] (type: 0 value:      0 [  0,   0] <  0>)
  [19 ] (type: 0 value:      0 [  0,   0] <  0>)

  memmmap:
  [  0][  1][  2][  3][  4][  5][  6][  7][  8][  9][ 10][ 11][ 12][ 13][ 14][ 15][ 16][ 17][ 18][ 19]
  [  0][  2][  3][  4][  5][  6][  7][  8][  9][ 10][ 11][ 12][ 13][ 14][ 15][ 16][ 17][ 18][ 19][  0]

[2019-12-17|04:33:27]
passed through function [[TreeInsertNode (root added)]]
  hash: 100
  tree capacity: 20
  tree size: 1
  first free element's physical address: 2
  root address: 1
  error: 0 tree is ok

  | &|   val|               &L|  &R|  &par|
  [ 0 ] (type: 0 value:      0 [  0,   0] <  0>)
  [ 1*] (type: 999 value:    999 [  0,   0] <  0>)
  [ 2 ] (type: 0 value:      0 [  0,   0] <  0>)
  [ 3 ] (type: 0 value:      0 [  0,   0] <  0>)
  [ 4 ] (type: 0 value:      0 [  0,   0] <  0>)
  [ 5 ] (type: 0 value:      0 [  0,   0] <  0>)
  [ 6 ] (type: 0 value:      0 [  0,   0] <  0>)
  [ 7 ] (type: 0 value:      0 [  0,   0] <  0>)
  [ 8 ] (type: 0 value:      0 [  0,   0] <  0>)
  [ 9 ] (type: 0 value:      0 [  0,   0] <  0>)
  [10 ] (type: 0 value:      0 [  0,   0] <  0>)
  [11 ] (type: 0 value:      0 [  0,   0] <  0>)
  [12 ] (type: 0 value:      0 [  0,   0] <  0>)
  [13 ] (type: 0 value:      0 [  0,   0] <  0>)
  [14 ] (type: 0 value:      0 [  0,   0] <  0>)
  [15 ] (type: 0 value:      0 [  0,   0] <  0>)
  [16 ] (type: 0 value:      0 [  0,   0] <  0>)
  [17 ] (type: 0 value:      0 [  0,   0] <  0>)
  [18 ] (type: 0 value:      0 [  0,   0] <  0>)
  [19 ] (type: 0 value:      0 [  0,   0] <  0>)

  memmmap:
  [  0][  1][  2][  3][  4][  5][  6][  7][  8][  9][ 10][ 11][ 12][ 13][ 14][ 15][ 16][ 17][ 18][ 19]
  [  0][  2][  3][  4][  5][  6][  7][  8][  9][ 10][ 11][ 12][ 13][ 14][ 15][ 16][ 17][ 18][ 19][  0]

[2019-12-17|04:33:27]
passed through function [[TreeInsertNode (inserted)]]
  hash: 100
  tree capacity: 20
  tree size: 2
  first free element's physical address: 3
  root address: 1
  error: 0 tree is ok

  | &|   val|               &L|  &R|  &par|
  [ 0 ] (type: 0 value:      0 [  0,   0] <  0>)
  [ 1*] (type: 999 value:    999 [  2,   0] <  0>)
  [ 2*] (type: 1 value:  11000 [  0,   0] <  1>)
  [ 3 ] (type: 0 value:      0 [  0,   0] <  0>)
  [ 4 ] (type: 0 value:      0 [  0,   0] <  0>)
  [ 5 ] (type: 0 value:      0 [  0,   0] <  0>)
  [ 6 ] (type: 0 value:      0 [  0,   0] <  0>)
  [ 7 ] (type: 0 value:      0 [  0,   0] <  0>)
  [ 8 ] (type: 0 value:      0 [  0,   0] <  0>)
  [ 9 ] (type: 0 value:      0 [  0,   0] <  0>)
  [10 ] (type: 0 value:      0 [  0,   0] <  0>)
  [11 ] (type: 0 value:      0 [  0,   0] <  0>)
  [12 ] (type: 0 value:      0 [  0,   0] <  0>)
  [13 ] (type: 0 value:      0 [  0,   0] <  0>)
  [14 ] (type: 0 value:      0 [  0,   0] <  0>)
  [15 ] (type: 0 value:      0 [  0,   0] <  0>)
  [16 ] (type: 0 value:      0 [  0,   0] <  0>)
  [17 ] (type: 0 value:      0 [  0,   0] <  0>)
  [18 ] (type: 0 value:      0 [  0,   0] <  0>)
  [19 ] (type: 0 value:      0 [  0,   0] <  0>)

  memmmap:
  [  0][  1][  2][  3][  4][  5][  6][  7][  8][  9][ 10][ 11][ 12][ 13][ 14][ 15][ 16][ 17][ 18][ 19]
  [  0][  2][  3][  4][  5][  6][  7][  8][  9][ 10][ 11][ 12][ 13][ 14][ 15][ 16][ 17][ 18][ 19][  0]

[2019-12-17|04:33:27]
passed through function [[TreeCopySubTree]]
  hash: 100
  tree capacity: 20
  tree size: 2
  first free element's physical address: 3
  root address: 1
  error: 0 tree is ok

  | &|   val|               &L|  &R|  &par|
  [ 0 ] (type: 0 value:      0 [  0,   0] <  0>)
  [ 1*] (type: 999 value:    999 [  2,   0] <  0>)
  [ 2*] (type: 1 value:  11000 [  0,   0] <  1>)
  [ 3 ] (type: 0 value:      0 [  0,   0] <  0>)
  [ 4 ] (type: 0 value:      0 [  0,   0] <  0>)
  [ 5 ] (type: 0 value:      0 [  0,   0] <  0>)
  [ 6 ] (type: 0 value:      0 [  0,   0] <  0>)
  [ 7 ] (type: 0 value:      0 [  0,   0] <  0>)
  [ 8 ] (type: 0 value:      0 [  0,   0] <  0>)
  [ 9 ] (type: 0 value:      0 [  0,   0] <  0>)
  [10 ] (type: 0 value:      0 [  0,   0] <  0>)
  [11 ] (type: 0 value:      0 [  0,   0] <  0>)
  [12 ] (type: 0 value:      0 [  0,   0] <  0>)
  [13 ] (type: 0 value:      0 [  0,   0] <  0>)
  [14 ] (type: 0 value:      0 [  0,   0] <  0>)
  [15 ] (type: 0 value:      0 [  0,   0] <  0>)
  [16 ] (type: 0 value:      0 [  0,   0] <  0>)
  [17 ] (type: 0 value:      0 [  0,   0] <  0>)
  [18 ] (type: 0 value:      0 [  0,   0] <  0>)
  [19 ] (type: 0 value:      0 [  0,   0] <  0>)

  memmmap:
  [  0][  1][  2][  3][  4][  5][  6][  7][  8][  9][ 10][ 11][ 12][ 13][ 14][ 15][ 16][ 17][ 18][ 19]
  [  0][  2][  3][  4][  5][  6][  7][  8][  9][ 10][ 11][ 12][ 13][ 14][ 15][ 16][ 17][ 18][ 19][  0]

[2019-12-17|04:33:27]
passed through function [[TreeChangeNode]]
  hash: 100
  tree capacity: 20
  tree size: 2
  first free element's physical address: 3
  root address: 1
  error: 0 tree is ok

  | &|   val|               &L|  &R|  &par|
  [ 0 ] (type: 0 value:      0 [  0,   0] <  0>)
  [ 1*] (type: 999 value:    999 [  2,   0] <  0>)
  [ 2*] (type: 2 value:      2 [  0,   0] <  1>)
  [ 3 ] (type: 0 value:      0 [  0,   0] <  0>)
  [ 4 ] (type: 0 value:      0 [  0,   0] <  0>)
  [ 5 ] (type: 0 value:      0 [  0,   0] <  0>)
  [ 6 ] (type: 0 value:      0 [  0,   0] <  0>)
  [ 7 ] (type: 0 value:      0 [  0,   0] <  0>)
  [ 8 ] (type: 0 value:      0 [  0,   0] <  0>)
  [ 9 ] (type: 0 value:      0 [  0,   0] <  0>)
  [10 ] (type: 0 value:      0 [  0,   0] <  0>)
  [11 ] (type: 0 value:      0 [  0,   0] <  0>)
  [12 ] (type: 0 value:      0 [  0,   0] <  0>)
  [13 ] (type: 0 value:      0 [  0,   0] <  0>)
  [14 ] (type: 0 value:      0 [  0,   0] <  0>)
  [15 ] (type: 0 value:      0 [  0,   0] <  0>)
  [16 ] (type: 0 value:      0 [  0,   0] <  0>)
  [17 ] (type: 0 value:      0 [  0,   0] <  0>)
  [18 ] (type: 0 value:      0 [  0,   0] <  0>)
  [19 ] (type: 0 value:      0 [  0,   0] <  0>)

  memmmap:
  [  0][  1][  2][  3][  4][  5][  6][  7][  8][  9][ 10][ 11][ 12][ 13][ 14][ 15][ 16][ 17][ 18][ 19]
  [  0][  2][  3][  4][  5][  6][  7][  8][  9][ 10][ 11][ 12][ 13][ 14][ 15][ 16][ 17][ 18][ 19][  0]

[2019-12-17|04:33:27]
passed through function [[TreeInsertNode (inserted)]]
  hash: 100
  tree capacity: 20
  tree size: 3
  first free element's physical address: 4
  root address: 1
  error: 0 tree is ok

  | &|   val|               &L|  &R|  &par|
  [ 0 ] (type: 0 value:      0 [  0,   0] <  0>)
  [ 1*] (type: 999 value:    999 [  2,   0] <  0>)
  [ 2*] (type: 2 value:      2 [  3,   0] <  1>)
  [ 3*] (type: 1 value:  11000 [  0,   0] <  2>)
  [ 4 ] (type: 0 value:      0 [  0,   0] <  0>)
  [ 5 ] (type: 0 value:      0 [  0,   0] <  0>)
  [ 6 ] (type: 0 value:      0 [  0,   0] <  0>)
  [ 7 ] (type: 0 value:      0 [  0,   0] <  0>)
  [ 8 ] (type: 0 value:      0 [  0,   0] <  0>)
  [ 9 ] (type: 0 value:      0 [  0,   0] <  0>)
  [10 ] (type: 0 value:      0 [  0,   0] <  0>)
  [11 ] (type: 0 value:      0 [  0,   0] <  0>)
  [12 ] (type: 0 value:      0 [  0,   0] <  0>)
  [13 ] (type: 0 value:      0 [  0,   0] <  0>)
  [14 ] (type: 0 value:      0 [  0,   0] <  0>)
  [15 ] (type: 0 value:      0 [  0,   0] <  0>)
  [16 ] (type: 0 value:      0 [  0,   0] <  0>)
  [17 ] (type: 0 value:      0 [  0,   0] <  0>)
  [18 ] (type: 0 value:      0 [  0,   0] <  0>)
  [19 ] (type: 0 value:      0 [  0,   0] <  0>)

  memmmap:
  [  0][  1][  2][  3][  4][  5][  6][  7][  8][  9][ 10][ 11][ 12][ 13][ 14][ 15][ 16][ 17][ 18][ 19]
  [  0][  2][  3][  4][  5][  6][  7][  8][  9][ 10][ 11][ 12][ 13][ 14][ 15][ 16][ 17][ 18][ 19][  0]

[2019-12-17|04:33:27]
passed through function [[TreeGlueSubtree]]
  hash: 100
  tree capacity: 20
  tree size: 3
  first free element's physical address: 4
  root address: 1
  error: 0 tree is ok

  | &|   val|               &L|  &R|  &par|
  [ 0 ] (type: 0 value:      0 [  0,   0] <  0>)
  [ 1*] (type: 999 value:    999 [  2,   0] <  0>)
  [ 2*] (type: 2 value:      2 [  3,   0] <  1>)
  [ 3*] (type: 1 value:  11000 [  0,   0] <  2>)
  [ 4 ] (type: 0 value:      0 [  0,   0] <  0>)
  [ 5 ] (type: 0 value:      0 [  0,   0] <  0>)
  [ 6 ] (type: 0 value:      0 [  0,   0] <  0>)
  [ 7 ] (type: 0 value:      0 [  0,   0] <  0>)
  [ 8 ] (type: 0 value:      0 [  0,   0] <  0>)
  [ 9 ] (type: 0 value:      0 [  0,   0] <  0>)
  [10 ] (type: 0 value:      0 [  0,   0] <  0>)
  [11 ] (type: 0 value:      0 [  0,   0] <  0>)
  [12 ] (type: 0 value:      0 [  0,   0] <  0>)
  [13 ] (type: 0 value:      0 [  0,   0] <  0>)
  [14 ] (type: 0 value:      0 [  0,   0] <  0>)
  [15 ] (type: 0 value:      0 [  0,   0] <  0>)
  [16 ] (type: 0 value:      0 [  0,   0] <  0>)
  [17 ] (type: 0 value:      0 [  0,   0] <  0>)
  [18 ] (type: 0 value:      0 [  0,   0] <  0>)
  [19 ] (type: 0 value:      0 [  0,   0] <  0>)

  memmmap:
  [  0][  1][  2][  3][  4][  5][  6][  7][  8][  9][ 10][ 11][ 12][ 13][ 14][ 15][ 16][ 17][ 18][ 19]
  [  0][  2][  3][  4][  5][  6][  7][  8][  9][ 10][ 11][ 12][ 13][ 14][ 15][ 16][ 17][ 18][ 19][  0]

[2019-12-17|04:33:27]
passed through function [[TreeInsertNode (inserted)]]
  hash: 100
  tree capacity: 20
  tree size: 4
  first free element's physical address: 5
  root address: 1
  error: 0 tree is ok

  | &|   val|               &L|  &R|  &par|
  [ 0 ] (type: 0 value:      0 [  0,   0] <  0>)
  [ 1*] (type: 999 value:    999 [  2,   0] <  0>)
  [ 2*] (type: 2 value:      2 [  3,   4] <  1>)
  [ 3*] (type: 1 value:  11000 [  0,   0] <  2>)
  [ 4*] (type: 0 value:    120 [  0,   0] <  2>)
  [ 5 ] (type: 0 value:      0 [  0,   0] <  0>)
  [ 6 ] (type: 0 value:      0 [  0,   0] <  0>)
  [ 7 ] (type: 0 value:      0 [  0,   0] <  0>)
  [ 8 ] (type: 0 value:      0 [  0,   0] <  0>)
  [ 9 ] (type: 0 value:      0 [  0,   0] <  0>)
  [10 ] (type: 0 value:      0 [  0,   0] <  0>)
  [11 ] (type: 0 value:      0 [  0,   0] <  0>)
  [12 ] (type: 0 value:      0 [  0,   0] <  0>)
  [13 ] (type: 0 value:      0 [  0,   0] <  0>)
  [14 ] (type: 0 value:      0 [  0,   0] <  0>)
  [15 ] (type: 0 value:      0 [  0,   0] <  0>)
  [16 ] (type: 0 value:      0 [  0,   0] <  0>)
  [17 ] (type: 0 value:      0 [  0,   0] <  0>)
  [18 ] (type: 0 value:      0 [  0,   0] <  0>)
  [19 ] (type: 0 value:      0 [  0,   0] <  0>)

  memmmap:
  [  0][  1][  2][  3][  4][  5][  6][  7][  8][  9][ 10][ 11][ 12][ 13][ 14][ 15][ 16][ 17][ 18][ 19]
  [  0][  2][  3][  4][  5][  6][  7][  8][  9][ 10][ 11][ 12][ 13][ 14][ 15][ 16][ 17][ 18][ 19][  0]

[2019-12-17|04:33:27]
passed through function [[TreeCopySubTree]]
  hash: 100
  tree capacity: 20
  tree size: 4
  first free element's physical address: 5
  root address: 1
  error: 0 tree is ok

  | &|   val|               &L|  &R|  &par|
  [ 0 ] (type: 0 value:      0 [  0,   0] <  0>)
  [ 1*] (type: 999 value:    999 [  2,   0] <  0>)
  [ 2*] (type: 2 value:      2 [  3,   4] <  1>)
  [ 3*] (type: 1 value:  11000 [  0,   0] <  2>)
  [ 4*] (type: 0 value:    120 [  0,   0] <  2>)
  [ 5 ] (type: 0 value:      0 [  0,   0] <  0>)
  [ 6 ] (type: 0 value:      0 [  0,   0] <  0>)
  [ 7 ] (type: 0 value:      0 [  0,   0] <  0>)
  [ 8 ] (type: 0 value:      0 [  0,   0] <  0>)
  [ 9 ] (type: 0 value:      0 [  0,   0] <  0>)
  [10 ] (type: 0 value:      0 [  0,   0] <  0>)
  [11 ] (type: 0 value:      0 [  0,   0] <  0>)
  [12 ] (type: 0 value:      0 [  0,   0] <  0>)
  [13 ] (type: 0 value:      0 [  0,   0] <  0>)
  [14 ] (type: 0 value:      0 [  0,   0] <  0>)
  [15 ] (type: 0 value:      0 [  0,   0] <  0>)
  [16 ] (type: 0 value:      0 [  0,   0] <  0>)
  [17 ] (type: 0 value:      0 [  0,   0] <  0>)
  [18 ] (type: 0 value:      0 [  0,   0] <  0>)
  [19 ] (type: 0 value:      0 [  0,   0] <  0>)

  memmmap:
  [  0][  1][  2][  3][  4][  5][  6][  7][  8][  9][ 10][ 11][ 12][ 13][ 14][ 15][ 16][ 17][ 18][ 19]
  [  0][  2][  3][  4][  5][  6][  7][  8][  9][ 10][ 11][ 12][ 13][ 14][ 15][ 16][ 17][ 18][ 19][  0]

[2019-12-17|04:33:27]
passed through function [[TreeChangeNode]]
  hash: 100
  tree capacity: 20
  tree size: 4
  first free element's physical address: 5
  root address: 1
  error: 0 tree is ok

  | &|   val|               &L|  &R|  &par|
  [ 0 ] (type: 0 value:      0 [  0,   0] <  0>)
  [ 1*] (type: 999 value:    999 [  2,   0] <  0>)
  [ 2*] (type: 2 value:      2 [  3,   4] <  1>)
  [ 3*] (type: 1 value:  11000 [  0,   0] <  2>)
  [ 4*] (type: 2 value:      3 [  0,   0] <  2>)
  [ 5 ] (type: 0 value:      0 [  0,   0] <  0>)
  [ 6 ] (type: 0 value:      0 [  0,   0] <  0>)
  [ 7 ] (type: 0 value:      0 [  0,   0] <  0>)
  [ 8 ] (type: 0 value:      0 [  0,   0] <  0>)
  [ 9 ] (type: 0 value:      0 [  0,   0] <  0>)
  [10 ] (type: 0 value:      0 [  0,   0] <  0>)
  [11 ] (type: 0 value:      0 [  0,   0] <  0>)
  [12 ] (type: 0 value:      0 [  0,   0] <  0>)
  [13 ] (type: 0 value:      0 [  0,   0] <  0>)
  [14 ] (type: 0 value:      0 [  0,   0] <  0>)
  [15 ] (type: 0 value:      0 [  0,   0] <  0>)
  [16 ] (type: 0 value:      0 [  0,   0] <  0>)
  [17 ] (type: 0 value:      0 [  0,   0] <  0>)
  [18 ] (type: 0 value:      0 [  0,   0] <  0>)
  [19 ] (type: 0 value:      0 [  0,   0] <  0>)

  memmmap:
  [  0][  1][  2][  3][  4][  5][  6][  7][  8][  9][ 10][ 11][ 12][ 13][ 14][ 15][ 16][ 17][ 18][ 19]
  [  0][  2][  3][  4][  5][  6][  7][  8][  9][ 10][ 11][ 12][ 13][ 14][ 15][ 16][ 17][ 18][ 19][  0]

[2019-12-17|04:33:27]
passed through function [[TreeInsertNode (inserted)]]
  hash: 100
  tree capacity: 20
  tree size: 5
  first free element's physical address: 6
  root address: 1
  error: 0 tree is ok

  | &|   val|               &L|  &R|  &par|
  [ 0 ] (type: 0 value:      0 [  0,   0] <  0>)
  [ 1*] (type: 999 value:    999 [  2,   0] <  0>)
  [ 2*] (type: 2 value:      2 [  3,   4] <  1>)
  [ 3*] (type: 1 value:  11000 [  0,   0] <  2>)
  [ 4*] (type: 2 value:      3 [  5,   0] <  2>)
  [ 5*] (type: 0 value:    120 [  0,   0] <  4>)
  [ 6 ] (type: 0 value:      0 [  0,   0] <  0>)
  [ 7 ] (type: 0 value:      0 [  0,   0] <  0>)
  [ 8 ] (type: 0 value:      0 [  0,   0] <  0>)
  [ 9 ] (type: 0 value:      0 [  0,   0] <  0>)
  [10 ] (type: 0 value:      0 [  0,   0] <  0>)
  [11 ] (type: 0 value:      0 [  0,   0] <  0>)
  [12 ] (type: 0 value:      0 [  0,   0] <  0>)
  [13 ] (type: 0 value:      0 [  0,   0] <  0>)
  [14 ] (type: 0 value:      0 [  0,   0] <  0>)
  [15 ] (type: 0 value:      0 [  0,   0] <  0>)
  [16 ] (type: 0 value:      0 [  0,   0] <  0>)
  [17 ] (type: 0 value:      0 [  0,   0] <  0>)
  [18 ] (type: 0 value:      0 [  0,   0] <  0>)
  [19 ] (type: 0 value:      0 [  0,   0] <  0>)

  memmmap:
  [  0][  1][  2][  3][  4][  5][  6][  7][  8][  9][ 10][ 11][ 12][ 13][ 14][ 15][ 16][ 17][ 18][ 19]
  [  0][  2][  3][  4][  5][  6][  7][  8][  9][ 10][ 11][ 12][ 13][ 14][ 15][ 16][ 17][ 18][ 19][  0]

[2019-12-17|04:33:27]
passed through function [[TreeGlueSubtree]]
  hash: 100
  tree capacity: 20
  tree size: 5
  first free element's physical address: 6
  root address: 1
  error: 0 tree is ok

  | &|   val|               &L|  &R|  &par|
  [ 0 ] (type: 0 value:      0 [  0,   0] <  0>)
  [ 1*] (type: 999 value:    999 [  2,   0] <  0>)
  [ 2*] (type: 2 value:      2 [  3,   4] <  1>)
  [ 3*] (type: 1 value:  11000 [  0,   0] <  2>)
  [ 4*] (type: 2 value:      3 [  5,   0] <  2>)
  [ 5*] (type: 0 value:    120 [  0,   0] <  4>)
  [ 6 ] (type: 0 value:      0 [  0,   0] <  0>)
  [ 7 ] (type: 0 value:      0 [  0,   0] <  0>)
  [ 8 ] (type: 0 value:      0 [  0,   0] <  0>)
  [ 9 ] (type: 0 value:      0 [  0,   0] <  0>)
  [10 ] (type: 0 value:      0 [  0,   0] <  0>)
  [11 ] (type: 0 value:      0 [  0,   0] <  0>)
  [12 ] (type: 0 value:      0 [  0,   0] <  0>)
  [13 ] (type: 0 value:      0 [  0,   0] <  0>)
  [14 ] (type: 0 value:      0 [  0,   0] <  0>)
  [15 ] (type: 0 value:      0 [  0,   0] <  0>)
  [16 ] (type: 0 value:      0 [  0,   0] <  0>)
  [17 ] (type: 0 value:      0 [  0,   0] <  0>)
  [18 ] (type: 0 value:      0 [  0,   0] <  0>)
  [19 ] (type: 0 value:      0 [  0,   0] <  0>)

  memmmap:
  [  0][  1][  2][  3][  4][  5][  6][  7][  8][  9][ 10][ 11][ 12][ 13][ 14][ 15][ 16][ 17][ 18][ 19]
  [  0][  2][  3][  4][  5][  6][  7][  8][  9][ 10][ 11][ 12][ 13][ 14][ 15][ 16][ 17][ 18][ 19][  0]

[2019-12-17|04:33:27]
passed through function [[TreeInsertNode (inserted)]]
  hash: 100
  tree capacity: 20
  tree size: 6
  first free element's physical address: 7
  root address: 1
  error: 0 tree is ok

  | &|   val|               &L|  &R|  &par|
  [ 0 ] (type: 0 value:      0 [  0,   0] <  0>)
  [ 1*] (type: 999 value:    999 [  2,   0] <  0>)
  [ 2*] (type: 2 value:      2 [  3,   4] <  1>)
  [ 3*] (type: 1 value:  11000 [  0,   0] <  2>)
  [ 4*] (type: 2 value:      3 [  5,   6] <  2>)
  [ 5*] (type: 0 value:    120 [  0,   0] <  4>)
  [ 6*] (type: 3 value:      0 [  0,   0] <  4>)
  [ 7 ] (type: 0 value:      0 [  0,   0] <  0>)
  [ 8 ] (type: 0 value:      0 [  0,   0] <  0>)
  [ 9 ] (type: 0 value:      0 [  0,   0] <  0>)
  [10 ] (type: 0 value:      0 [  0,   0] <  0>)
  [11 ] (type: 0 value:      0 [  0,   0] <  0>)
  [12 ] (type: 0 value:      0 [  0,   0] <  0>)
  [13 ] (type: 0 value:      0 [  0,   0] <  0>)
  [14 ] (type: 0 value:      0 [  0,   0] <  0>)
  [15 ] (type: 0 value:      0 [  0,   0] <  0>)
  [16 ] (type: 0 value:      0 [  0,   0] <  0>)
  [17 ] (type: 0 value:      0 [  0,   0] <  0>)
  [18 ] (type: 0 value:      0 [  0,   0] <  0>)
  [19 ] (type: 0 value:      0 [  0,   0] <  0>)

  memmmap:
  [  0][  1][  2][  3][  4][  5][  6][  7][  8][  9][ 10][ 11][ 12][ 13][ 14][ 15][ 16][ 17][ 18][ 19]
  [  0][  2][  3][  4][  5][  6][  7][  8][  9][ 10][ 11][ 12][ 13][ 14][ 15][ 16][ 17][ 18][ 19][  0]

[2019-12-17|04:33:27]
passed through function [[TreeInsertNode (inserted)]]
  hash: 100
  tree capacity: 20
  tree size: 7
  first free element's physical address: 8
  root address: 1
  error: 0 tree is ok

  | &|   val|               &L|  &R|  &par|
  [ 0 ] (type: 0 value:      0 [  0,   0] <  0>)
  [ 1*] (type: 999 value:    999 [  2,   0] <  0>)
  [ 2*] (type: 2 value:      2 [  3,   4] <  1>)
  [ 3*] (type: 1 value:  11000 [  0,   0] <  2>)
  [ 4*] (type: 2 value:      3 [  5,   6] <  2>)
  [ 5*] (type: 0 value:    120 [  0,   0] <  4>)
  [ 6*] (type: 3 value:      0 [  7,   0] <  4>)
  [ 7*] (type: 0 value:    120 [  0,   0] <  6>)
  [ 8 ] (type: 0 value:      0 [  0,   0] <  0>)
  [ 9 ] (type: 0 value:      0 [  0,   0] <  0>)
  [10 ] (type: 0 value:      0 [  0,   0] <  0>)
  [11 ] (type: 0 value:      0 [  0,   0] <  0>)
  [12 ] (type: 0 value:      0 [  0,   0] <  0>)
  [13 ] (type: 0 value:      0 [  0,   0] <  0>)
  [14 ] (type: 0 value:      0 [  0,   0] <  0>)
  [15 ] (type: 0 value:      0 [  0,   0] <  0>)
  [16 ] (type: 0 value:      0 [  0,   0] <  0>)
  [17 ] (type: 0 value:      0 [  0,   0] <  0>)
  [18 ] (type: 0 value:      0 [  0,   0] <  0>)
  [19 ] (type: 0 value:      0 [  0,   0] <  0>)

  memmmap:
  [  0][  1][  2][  3][  4][  5][  6][  7][  8][  9][ 10][ 11][ 12][ 13][ 14][ 15][ 16][ 17][ 18][ 19]
  [  0][  2][  3][  4][  5][  6][  7][  8][  9][ 10][ 11][ 12][ 13][ 14][ 15][ 16][ 17][ 18][ 19][  0]

[2019-12-17|04:33:27]
passed through function [[TreeCopySubTree]]
  hash: 100
  tree capacity: 20
  tree size: 7
  first free element's physical address: 8
  root address: 1
  error: 0 tree is ok

  | &|   val|               &L|  &R|  &par|
  [ 0 ] (type: 0 value:      0 [  0,   0] <  0>)
  [ 1*] (type: 999 value:    999 [  2,   0] <  0>)
  [ 2*] (type: 2 value:      2 [  3,   4] <  1>)
  [ 3*] (type: 1 value:  11000 [  0,   0] <  2>)
  [ 4*] (type: 2 value:      3 [  5,   6] <  2>)
  [ 5*] (type: 0 value:    120 [  0,   0] <  4>)
  [ 6*] (type: 3 value:      0 [  7,   0] <  4>)
  [ 7*] (type: 0 value:    120 [  0,   0] <  6>)
  [ 8 ] (type: 0 value:      0 [  0,   0] <  0>)
  [ 9 ] (type: 0 value:      0 [  0,   0] <  0>)
  [10 ] (type: 0 value:      0 [  0,   0] <  0>)
  [11 ] (type: 0 value:      0 [  0,   0] <  0>)
  [12 ] (type: 0 value:      0 [  0,   0] <  0>)
  [13 ] (type: 0 value:      0 [  0,   0] <  0>)
  [14 ] (type: 0 value:      0 [  0,   0] <  0>)
  [15 ] (type: 0 value:      0 [  0,   0] <  0>)
  [16 ] (type: 0 value:      0 [  0,   0] <  0>)
  [17 ] (type: 0 value:      0 [  0,   0] <  0>)
  [18 ] (type: 0 value:      0 [  0,   0] <  0>)
  [19 ] (type: 0 value:      0 [  0,   0] <  0>)

  memmmap:
  [  0][  1][  2][  3][  4][  5][  6][  7][  8][  9][ 10][ 11][ 12][ 13][ 14][ 15][ 16][ 17][ 18][ 19]
  [  0][  2][  3][  4][  5][  6][  7][  8][  9][ 10][ 11][ 12][ 13][ 14][ 15][ 16][ 17][ 18][ 19][  0]

[2019-12-17|04:33:27]
passed through function [[TreeChangeNode]]
  hash: 100
  tree capacity: 20
  tree size: 7
  first free element's physical address: 8
  root address: 1
  error: 0 tree is ok

  | &|   val|               &L|  &R|  &par|
  [ 0 ] (type: 0 value:      0 [  0,   0] <  0>)
  [ 1*] (type: 999 value:    999 [  2,   0] <  0>)
  [ 2*] (type: 2 value:      2 [  3,   4] <  1>)
  [ 3*] (type: 1 value:  11000 [  0,   0] <  2>)
  [ 4*] (type: 2 value:      3 [  5,   6] <  2>)
  [ 5*] (type: 2 value:      2 [  0,   0] <  4>)
  [ 6*] (type: 3 value:      0 [  7,   0] <  4>)
  [ 7*] (type: 0 value:    120 [  0,   0] <  6>)
  [ 8 ] (type: 0 value:      0 [  0,   0] <  0>)
  [ 9 ] (type: 0 value:      0 [  0,   0] <  0>)
  [10 ] (type: 0 value:      0 [  0,   0] <  0>)
  [11 ] (type: 0 value:      0 [  0,   0] <  0>)
  [12 ] (type: 0 value:      0 [  0,   0] <  0>)
  [13 ] (type: 0 value:      0 [  0,   0] <  0>)
  [14 ] (type: 0 value:      0 [  0,   0] <  0>)
  [15 ] (type: 0 value:      0 [  0,   0] <  0>)
  [16 ] (type: 0 value:      0 [  0,   0] <  0>)
  [17 ] (type: 0 value:      0 [  0,   0] <  0>)
  [18 ] (type: 0 value:      0 [  0,   0] <  0>)
  [19 ] (type: 0 value:      0 [  0,   0] <  0>)

  memmmap:
  [  0][  1][  2][  3][  4][  5][  6][  7][  8][  9][ 10][ 11][ 12][ 13][ 14][ 15][ 16][ 17][ 18][ 19]
  [  0][  2][  3][  4][  5][  6][  7][  8][  9][ 10][ 11][ 12][ 13][ 14][ 15][ 16][ 17][ 18][ 19][  0]

[2019-12-17|04:33:27]
passed through function [[TreeInsertNode (inserted)]]
  hash: 100
  tree capacity: 20
  tree size: 8
  first free element's physical address: 9
  root address: 1
  error: 0 tree is ok

  | &|   val|               &L|  &R|  &par|
  [ 0 ] (type: 0 value:      0 [  0,   0] <  0>)
  [ 1*] (type: 999 value:    999 [  2,   0] <  0>)
  [ 2*] (type: 2 value:      2 [  3,   4] <  1>)
  [ 3*] (type: 1 value:  11000 [  0,   0] <  2>)
  [ 4*] (type: 2 value:      3 [  5,   6] <  2>)
  [ 5*] (type: 2 value:      2 [  8,   0] <  4>)
  [ 6*] (type: 3 value:      0 [  7,   0] <  4>)
  [ 7*] (type: 0 value:    120 [  0,   0] <  6>)
  [ 8*] (type: 0 value:    120 [  0,   0] <  5>)
  [ 9 ] (type: 0 value:      0 [  0,   0] <  0>)
  [10 ] (type: 0 value:      0 [  0,   0] <  0>)
  [11 ] (type: 0 value:      0 [  0,   0] <  0>)
  [12 ] (type: 0 value:      0 [  0,   0] <  0>)
  [13 ] (type: 0 value:      0 [  0,   0] <  0>)
  [14 ] (type: 0 value:      0 [  0,   0] <  0>)
  [15 ] (type: 0 value:      0 [  0,   0] <  0>)
  [16 ] (type: 0 value:      0 [  0,   0] <  0>)
  [17 ] (type: 0 value:      0 [  0,   0] <  0>)
  [18 ] (type: 0 value:      0 [  0,   0] <  0>)
  [19 ] (type: 0 value:      0 [  0,   0] <  0>)

  memmmap:
  [  0][  1][  2][  3][  4][  5][  6][  7][  8][  9][ 10][ 11][ 12][ 13][ 14][ 15][ 16][ 17][ 18][ 19]
  [  0][  2][  3][  4][  5][  6][  7][  8][  9][ 10][ 11][ 12][ 13][ 14][ 15][ 16][ 17][ 18][ 19][  0]

[2019-12-17|04:33:27]
passed through function [[TreeGlueSubtree]]
  hash: 100
  tree capacity: 20
  tree size: 8
  first free element's physical address: 9
  root address: 1
  error: 0 tree is ok

  | &|   val|               &L|  &R|  &par|
  [ 0 ] (type: 0 value:      0 [  0,   0] <  0>)
  [ 1*] (type: 999 value:    999 [  2,   0] <  0>)
  [ 2*] (type: 2 value:      2 [  3,   4] <  1>)
  [ 3*] (type: 1 value:  11000 [  0,   0] <  2>)
  [ 4*] (type: 2 value:      3 [  5,   6] <  2>)
  [ 5*] (type: 2 value:      2 [  8,   0] <  4>)
  [ 6*] (type: 3 value:      0 [  7,   0] <  4>)
  [ 7*] (type: 0 value:    120 [  0,   0] <  6>)
  [ 8*] (type: 0 value:    120 [  0,   0] <  5>)
  [ 9 ] (type: 0 value:      0 [  0,   0] <  0>)
  [10 ] (type: 0 value:      0 [  0,   0] <  0>)
  [11 ] (type: 0 value:      0 [  0,   0] <  0>)
  [12 ] (type: 0 value:      0 [  0,   0] <  0>)
  [13 ] (type: 0 value:      0 [  0,   0] <  0>)
  [14 ] (type: 0 value:      0 [  0,   0] <  0>)
  [15 ] (type: 0 value:      0 [  0,   0] <  0>)
  [16 ] (type: 0 value:      0 [  0,   0] <  0>)
  [17 ] (type: 0 value:      0 [  0,   0] <  0>)
  [18 ] (type: 0 value:      0 [  0,   0] <  0>)
  [19 ] (type: 0 value:      0 [  0,   0] <  0>)

  memmmap:
  [  0][  1][  2][  3][  4][  5][  6][  7][  8][  9][ 10][ 11][ 12][ 13][ 14][ 15][ 16][ 17][ 18][ 19]
  [  0][  2][  3][  4][  5][  6][  7][  8][  9][ 10][ 11][ 12][ 13][ 14][ 15][ 16][ 17][ 18][ 19][  0]

[2019-12-17|04:33:27]
passed through function [[TreeInsertNode (inserted)]]
  hash: 100
  tree capacity: 20
  tree size: 9
  first free element's physical address: 10
  root address: 1
  error: 0 tree is ok

  | &|   val|               &L|  &R|  &par|
  [ 0 ] (type: 0 value:      0 [  0,   0] <  0>)
  [ 1*] (type: 999 value:    999 [  2,   0] <  0>)
  [ 2*] (type: 2 value:      2 [  3,   4] <  1>)
  [ 3*] (type: 1 value:  11000 [  0,   0] <  2>)
  [ 4*] (type: 2 value:      3 [  5,   6] <  2>)
  [ 5*] (type: 2 value:      2 [  8,   9] <  4>)
  [ 6*] (type: 3 value:      0 [  7,   0] <  4>)
  [ 7*] (type: 0 value:    120 [  0,   0] <  6>)
  [ 8*] (type: 0 value:    120 [  0,   0] <  5>)
  [ 9*] (type: 3 value:      1 [  0,   0] <  5>)
  [10 ] (type: 0 value:      0 [  0,   0] <  0>)
  [11 ] (type: 0 value:      0 [  0,   0] <  0>)
  [12 ] (type: 0 value:      0 [  0,   0] <  0>)
  [13 ] (type: 0 value:      0 [  0,   0] <  0>)
  [14 ] (type: 0 value:      0 [  0,   0] <  0>)
  [15 ] (type: 0 value:      0 [  0,   0] <  0>)
  [16 ] (type: 0 value:      0 [  0,   0] <  0>)
  [17 ] (type: 0 value:      0 [  0,   0] <  0>)
  [18 ] (type: 0 value:      0 [  0,   0] <  0>)
  [19 ] (type: 0 value:      0 [  0,   0] <  0>)

  memmmap:
  [  0][  1][  2][  3][  4][  5][  6][  7][  8][  9][ 10][ 11][ 12][ 13][ 14][ 15][ 16][ 17][ 18][ 19]
  [  0][  2][  3][  4][  5][  6][  7][  8][  9][ 10][ 11][ 12][ 13][ 14][ 15][ 16][ 17][ 18][ 19][  0]

[2019-12-17|04:33:27]
passed through function [[TreeInsertNode (inserted)]]
  hash: 100
  tree capacity: 20
  tree size: 10
  first free element's physical address: 11
  root address: 1
  error: 0 tree is ok

  | &|   val|               &L|  &R|  &par|
  [ 0 ] (type: 0 value:      0 [  0,   0] <  0>)
  [ 1*] (type: 999 value:    999 [  2,   0] <  0>)
  [ 2*] (type: 2 value:      2 [  3,   4] <  1>)
  [ 3*] (type: 1 value:  11000 [  0,   0] <  2>)
  [ 4*] (type: 2 value:      3 [  5,   6] <  2>)
  [ 5*] (type: 2 value:      2 [  8,   9] <  4>)
  [ 6*] (type: 3 value:      0 [  7,   0] <  4>)
  [ 7*] (type: 0 value:    120 [  0,   0] <  6>)
  [ 8*] (type: 0 value:    120 [  0,   0] <  5>)
  [ 9*] (type: 3 value:      1 [ 10,   0] <  5>)
  [10*] (type: 1 value:   2000 [  0,   0] <  9>)
  [11 ] (type: 0 value:      0 [  0,   0] <  0>)
  [12 ] (type: 0 value:      0 [  0,   0] <  0>)
  [13 ] (type: 0 value:      0 [  0,   0] <  0>)
  [14 ] (type: 0 value:      0 [  0,   0] <  0>)
  [15 ] (type: 0 value:      0 [  0,   0] <  0>)
  [16 ] (type: 0 value:      0 [  0,   0] <  0>)
  [17 ] (type: 0 value:      0 [  0,   0] <  0>)
  [18 ] (type: 0 value:      0 [  0,   0] <  0>)
  [19 ] (type: 0 value:      0 [  0,   0] <  0>)

  memmmap:
  [  0][  1][  2][  3][  4][  5][  6][  7][  8][  9][ 10][ 11][ 12][ 13][ 14][ 15][ 16][ 17][ 18][ 19]
  [  0][  2][  3][  4][  5][  6][  7][  8][  9][ 10][ 11][ 12][ 13][ 14][ 15][ 16][ 17][ 18][ 19][  0]

[2019-12-17|04:33:27]
passed through function [[TreeCopySubTree]]
  hash: 100
  tree capacity: 20
  tree size: 10
  first free element's physical address: 11
  root address: 1
  error: 0 tree is ok

  | &|   val|               &L|  &R|  &par|
  [ 0 ] (type: 0 value:      0 [  0,   0] <  0>)
  [ 1*] (type: 999 value:    999 [  2,   0] <  0>)
  [ 2*] (type: 2 value:      2 [  3,   4] <  1>)
  [ 3*] (type: 1 value:  11000 [  0,   0] <  2>)
  [ 4*] (type: 2 value:      3 [  5,   6] <  2>)
  [ 5*] (type: 2 value:      2 [  8,   9] <  4>)
  [ 6*] (type: 3 value:      0 [  7,   0] <  4>)
  [ 7*] (type: 0 value:    120 [  0,   0] <  6>)
  [ 8*] (type: 0 value:    120 [  0,   0] <  5>)
  [ 9*] (type: 3 value:      1 [ 10,   0] <  5>)
  [10*] (type: 1 value:   2000 [  0,   0] <  9>)
  [11 ] (type: 0 value:      0 [  0,   0] <  0>)
  [12 ] (type: 0 value:      0 [  0,   0] <  0>)
  [13 ] (type: 0 value:      0 [  0,   0] <  0>)
  [14 ] (type: 0 value:      0 [  0,   0] <  0>)
  [15 ] (type: 0 value:      0 [  0,   0] <  0>)
  [16 ] (type: 0 value:      0 [  0,   0] <  0>)
  [17 ] (type: 0 value:      0 [  0,   0] <  0>)
  [18 ] (type: 0 value:      0 [  0,   0] <  0>)
  [19 ] (type: 0 value:      0 [  0,   0] <  0>)

  memmmap:
  [  0][  1][  2][  3][  4][  5][  6][  7][  8][  9][ 10][ 11][ 12][ 13][ 14][ 15][ 16][ 17][ 18][ 19]
  [  0][  2][  3][  4][  5][  6][  7][  8][  9][ 10][ 11][ 12][ 13][ 14][ 15][ 16][ 17][ 18][ 19][  0]

[2019-12-17|04:33:27]
passed through function [[TreeChangeNode]]
  hash: 100
  tree capacity: 20
  tree size: 10
  first free element's physical address: 11
  root address: 1
  error: 0 tree is ok

  | &|   val|               &L|  &R|  &par|
  [ 0 ] (type: 0 value:      0 [  0,   0] <  0>)
  [ 1*] (type: 999 value:    999 [  2,   0] <  0>)
  [ 2*] (type: 2 value:      2 [  3,   4] <  1>)
  [ 3*] (type: 1 value:  11000 [  0,   0] <  2>)
  [ 4*] (type: 2 value:      3 [  5,   6] <  2>)
  [ 5*] (type: 2 value:      2 [  8,   9] <  4>)
  [ 6*] (type: 3 value:      0 [  7,   0] <  4>)
  [ 7*] (type: 0 value:    120 [  0,   0] <  6>)
  [ 8*] (type: 0 value:    120 [  0,   0] <  5>)
  [ 9*] (type: 3 value:      1 [ 10,   0] <  5>)
  [10*] (type: 2 value:      0 [  0,   0] <  9>)
  [11 ] (type: 0 value:      0 [  0,   0] <  0>)
  [12 ] (type: 0 value:      0 [  0,   0] <  0>)
  [13 ] (type: 0 value:      0 [  0,   0] <  0>)
  [14 ] (type: 0 value:      0 [  0,   0] <  0>)
  [15 ] (type: 0 value:      0 [  0,   0] <  0>)
  [16 ] (type: 0 value:      0 [  0,   0] <  0>)
  [17 ] (type: 0 value:      0 [  0,   0] <  0>)
  [18 ] (type: 0 value:      0 [  0,   0] <  0>)
  [19 ] (type: 0 value:      0 [  0,   0] <  0>)

  memmmap:
  [  0][  1][  2][  3][  4][  5][  6][  7][  8][  9][ 10][ 11][ 12][ 13][ 14][ 15][ 16][ 17][ 18][ 19]
  [  0][  2][  3][  4][  5][  6][  7][  8][  9][ 10][ 11][ 12][ 13][ 14][ 15][ 16][ 17][ 18][ 19][  0]

[2019-12-17|04:33:27]
passed through function [[TreeInsertNode (inserted)]]
  hash: 100
  tree capacity: 20
  tree size: 11
  first free element's physical address: 12
  root address: 1
  error: 0 tree is ok

  | &|   val|               &L|  &R|  &par|
  [ 0 ] (type: 0 value:      0 [  0,   0] <  0>)
  [ 1*] (type: 999 value:    999 [  2,   0] <  0>)
  [ 2*] (type: 2 value:      2 [  3,   4] <  1>)
  [ 3*] (type: 1 value:  11000 [  0,   0] <  2>)
  [ 4*] (type: 2 value:      3 [  5,   6] <  2>)
  [ 5*] (type: 2 value:      2 [  8,   9] <  4>)
  [ 6*] (type: 3 value:      0 [  7,   0] <  4>)
  [ 7*] (type: 0 value:    120 [  0,   0] <  6>)
  [ 8*] (type: 0 value:    120 [  0,   0] <  5>)
  [ 9*] (type: 3 value:      1 [ 10,   0] <  5>)
  [10*] (type: 2 value:      0 [ 11,   0] <  9>)
  [11*] (type: 1 value:   2000 [  0,   0] < 10>)
  [12 ] (type: 0 value:      0 [  0,   0] <  0>)
  [13 ] (type: 0 value:      0 [  0,   0] <  0>)
  [14 ] (type: 0 value:      0 [  0,   0] <  0>)
  [15 ] (type: 0 value:      0 [  0,   0] <  0>)
  [16 ] (type: 0 value:      0 [  0,   0] <  0>)
  [17 ] (type: 0 value:      0 [  0,   0] <  0>)
  [18 ] (type: 0 value:      0 [  0,   0] <  0>)
  [19 ] (type: 0 value:      0 [  0,   0] <  0>)

  memmmap:
  [  0][  1][  2][  3][  4][  5][  6][  7][  8][  9][ 10][ 11][ 12][ 13][ 14][ 15][ 16][ 17][ 18][ 19]
  [  0][  2][  3][  4][  5][  6][  7][  8][  9][ 10][ 11][ 12][ 13][ 14][ 15][ 16][ 17][ 18][ 19][  0]

[2019-12-17|04:33:27]
passed through function [[TreeGlueSubtree]]
  hash: 100
  tree capacity: 20
  tree size: 11
  first free element's physical address: 12
  root address: 1
  error: 0 tree is ok

  | &|   val|               &L|  &R|  &par|
  [ 0 ] (type: 0 value:      0 [  0,   0] <  0>)
  [ 1*] (type: 999 value:    999 [  2,   0] <  0>)
  [ 2*] (type: 2 value:      2 [  3,   4] <  1>)
  [ 3*] (type: 1 value:  11000 [  0,   0] <  2>)
  [ 4*] (type: 2 value:      3 [  5,   6] <  2>)
  [ 5*] (type: 2 value:      2 [  8,   9] <  4>)
  [ 6*] (type: 3 value:      0 [  7,   0] <  4>)
  [ 7*] (type: 0 value:    120 [  0,   0] <  6>)
  [ 8*] (type: 0 value:    120 [  0,   0] <  5>)
  [ 9*] (type: 3 value:      1 [ 10,   0] <  5>)
  [10*] (type: 2 value:      0 [ 11,   0] <  9>)
  [11*] (type: 1 value:   2000 [  0,   0] < 10>)
  [12 ] (type: 0 value:      0 [  0,   0] <  0>)
  [13 ] (type: 0 value:      0 [  0,   0] <  0>)
  [14 ] (type: 0 value:      0 [  0,   0] <  0>)
  [15 ] (type: 0 value:      0 [  0,   0] <  0>)
  [16 ] (type: 0 value:      0 [  0,   0] <  0>)
  [17 ] (type: 0 value:      0 [  0,   0] <  0>)
  [18 ] (type: 0 value:      0 [  0,   0] <  0>)
  [19 ] (type: 0 value:      0 [  0,   0] <  0>)

  memmmap:
  [  0][  1][  2][  3][  4][  5][  6][  7][  8][  9][ 10][ 11][ 12][ 13][ 14][ 15][ 16][ 17][ 18][ 19]
  [  0][  2][  3][  4][  5][  6][  7][  8][  9][ 10][ 11][ 12][ 13][ 14][ 15][ 16][ 17][ 18][ 19][  0]

[2019-12-17|04:33:27]
passed through function [[TreeInsertNode (inserted)]]
  hash: 100
  tree capacity: 20
  tree size: 12
  first free element's physical address: 13
  root address: 1
  error: 0 tree is ok

  | &|   val|               &L|  &R|  &par|
  [ 0 ] (type: 0 value:      0 [  0,   0] <  0>)
  [ 1*] (type: 999 value:    999 [  2,   0] <  0>)
  [ 2*] (type: 2 value:      2 [  3,   4] <  1>)
  [ 3*] (type: 1 value:  11000 [  0,   0] <  2>)
  [ 4*] (type: 2 value:      3 [  5,   6] <  2>)
  [ 5*] (type: 2 value:      2 [  8,   9] <  4>)
  [ 6*] (type: 3 value:      0 [  7,   0] <  4>)
  [ 7*] (type: 0 value:    120 [  0,   0] <  6>)
  [ 8*] (type: 0 value:    120 [  0,   0] <  5>)
  [ 9*] (type: 3 value:      1 [ 10,   0] <  5>)
  [10*] (type: 2 value:      0 [ 11,  12] <  9>)
  [11*] (type: 1 value:   2000 [  0,   0] < 10>)
  [12*] (type: 0 value:    120 [  0,   0] < 10>)
  [13 ] (type: 0 value:      0 [  0,   0] <  0>)
  [14 ] (type: 0 value:      0 [  0,   0] <  0>)
  [15 ] (type: 0 value:      0 [  0,   0] <  0>)
  [16 ] (type: 0 value:      0 [  0,   0] <  0>)
  [17 ] (type: 0 value:      0 [  0,   0] <  0>)
  [18 ] (type: 0 value:      0 [  0,   0] <  0>)
  [19 ] (type: 0 value:      0 [  0,   0] <  0>)

  memmmap:
  [  0][  1][  2][  3][  4][  5][  6][  7][  8][  9][ 10][ 11][ 12][ 13][ 14][ 15][ 16][ 17][ 18][ 19]
  [  0][  2][  3][  4][  5][  6][  7][  8][  9][ 10][ 11][ 12][ 13][ 14][ 15][ 16][ 17][ 18][ 19][  0]

[2019-12-17|04:33:27]
passed through function [[TreeChangeNode]]
  hash: 100
  tree capacity: 20
  tree size: 12
  first free element's physical address: 13
  root address: 1
  error: 0 tree is ok

  | &|   val|               &L|  &R|  &par|
  [ 0 ] (type: 0 value:      0 [  0,   0] <  0>)
  [ 1*] (type: 999 value:    999 [  2,   0] <  0>)
  [ 2*] (type: 2 value:      2 [  3,   4] <  1>)
  [ 3*] (type: 1 value:      0 [  0,   0] <  2>)
  [ 4*] (type: 2 value:      3 [  5,   6] <  2>)
  [ 5*] (type: 2 value:      2 [  8,   9] <  4>)
  [ 6*] (type: 3 value:      0 [  7,   0] <  4>)
  [ 7*] (type: 0 value:    120 [  0,   0] <  6>)
  [ 8*] (type: 0 value:    120 [  0,   0] <  5>)
  [ 9*] (type: 3 value:      1 [ 10,   0] <  5>)
  [10*] (type: 2 value:      0 [ 11,  12] <  9>)
  [11*] (type: 1 value:   2000 [  0,   0] < 10>)
  [12*] (type: 0 value:    120 [  0,   0] < 10>)
  [13 ] (type: 0 value:      0 [  0,   0] <  0>)
  [14 ] (type: 0 value:      0 [  0,   0] <  0>)
  [15 ] (type: 0 value:      0 [  0,   0] <  0>)
  [16 ] (type: 0 value:      0 [  0,   0] <  0>)
  [17 ] (type: 0 value:      0 [  0,   0] <  0>)
  [18 ] (type: 0 value:      0 [  0,   0] <  0>)
  [19 ] (type: 0 value:      0 [  0,   0] <  0>)

  memmmap:
  [  0][  1][  2][  3][  4][  5][  6][  7][  8][  9][ 10][ 11][ 12][ 13][ 14][ 15][ 16][ 17][ 18][ 19]
  [  0][  2][  3][  4][  5][  6][  7][  8][  9][ 10][ 11][ 12][ 13][ 14][ 15][ 16][ 17][ 18][ 19][  0]

[2019-12-17|04:33:27]
passed through function [[TreeChangeNode]]
  hash: 100
  tree capacity: 20
  tree size: 12
  first free element's physical address: 13
  root address: 1
  error: 0 tree is ok

  | &|   val|               &L|  &R|  &par|
  [ 0 ] (type: 0 value:      0 [  0,   0] <  0>)
  [ 1*] (type: 999 value:    999 [  2,   0] <  0>)
  [ 2*] (type: 2 value:      2 [  3,   4] <  1>)
  [ 3*] (type: 1 value:      0 [  0,   0] <  2>)
  [ 4*] (type: 2 value:      3 [  5,   6] <  2>)
  [ 5*] (type: 2 value:      2 [  8,   9] <  4>)
  [ 6*] (type: 3 value:      0 [  7,   0] <  4>)
  [ 7*] (type: 0 value:    120 [  0,   0] <  6>)
  [ 8*] (type: 1 value:   1000 [  0,   0] <  5>)
  [ 9*] (type: 3 value:      1 [ 10,   0] <  5>)
  [10*] (type: 2 value:      0 [ 11,  12] <  9>)
  [11*] (type: 1 value:   2000 [  0,   0] < 10>)
  [12*] (type: 0 value:    120 [  0,   0] < 10>)
  [13 ] (type: 0 value:      0 [  0,   0] <  0>)
  [14 ] (type: 0 value:      0 [  0,   0] <  0>)
  [15 ] (type: 0 value:      0 [  0,   0] <  0>)
  [16 ] (type: 0 value:      0 [  0,   0] <  0>)
  [17 ] (type: 0 value:      0 [  0,   0] <  0>)
  [18 ] (type: 0 value:      0 [  0,   0] <  0>)
  [19 ] (type: 0 value:      0 [  0,   0] <  0>)

  memmmap:
  [  0][  1][  2][  3][  4][  5][  6][  7][  8][  9][ 10][ 11][ 12][ 13][ 14][ 15][ 16][ 17][ 18][ 19]
  [  0][  2][  3][  4][  5][  6][  7][  8][  9][ 10][ 11][ 12][ 13][ 14][ 15][ 16][ 17][ 18][ 19][  0]

[2019-12-17|04:33:27]
passed through function [[TreeCopySubTree]]
  hash: 100
  tree capacity: 20
  tree size: 12
  first free element's physical address: 13
  root address: 1
  error: 0 tree is ok

  | &|   val|               &L|  &R|  &par|
  [ 0 ] (type: 0 value:      0 [  0,   0] <  0>)
  [ 1*] (type: 999 value:    999 [  2,   0] <  0>)
  [ 2*] (type: 2 value:      2 [  3,   4] <  1>)
  [ 3*] (type: 1 value:      0 [  0,   0] <  2>)
  [ 4*] (type: 2 value:      3 [  5,   6] <  2>)
  [ 5*] (type: 2 value:      2 [  8,   9] <  4>)
  [ 6*] (type: 3 value:      0 [  7,   0] <  4>)
  [ 7*] (type: 0 value:    120 [  0,   0] <  6>)
  [ 8*] (type: 1 value:   1000 [  0,   0] <  5>)
  [ 9*] (type: 3 value:      1 [ 10,   0] <  5>)
  [10*] (type: 2 value:      0 [ 11,  12] <  9>)
  [11*] (type: 1 value:   2000 [  0,   0] < 10>)
  [12*] (type: 0 value:    120 [  0,   0] < 10>)
  [13 ] (type: 0 value:      0 [  0,   0] <  0>)
  [14 ] (type: 0 value:      0 [  0,   0] <  0>)
  [15 ] (type: 0 value:      0 [  0,   0] <  0>)
  [16 ] (type: 0 value:      0 [  0,   0] <  0>)
  [17 ] (type: 0 value:      0 [  0,   0] <  0>)
  [18 ] (type: 0 value:      0 [  0,   0] <  0>)
  [19 ] (type: 0 value:      0 [  0,   0] <  0>)

  memmmap:
  [  0][  1][  2][  3][  4][  5][  6][  7][  8][  9][ 10][ 11][ 12][ 13][ 14][ 15][ 16][ 17][ 18][ 19]
  [  0][  2][  3][  4][  5][  6][  7][  8][  9][ 10][ 11][ 12][ 13][ 14][ 15][ 16][ 17][ 18][ 19][  0]

[2019-12-17|04:33:27]
passed through function [[TreeCopySubTree]]
  hash: 100
  tree capacity: 20
  tree size: 12
  first free element's physical address: 13
  root address: 1
  error: 0 tree is ok

  | &|   val|               &L|  &R|  &par|
  [ 0 ] (type: 0 value:      0 [  0,   0] <  0>)
  [ 1*] (type: 999 value:    999 [  2,   0] <  0>)
  [ 2*] (type: 2 value:      2 [  3,   4] <  1>)
  [ 3*] (type: 1 value:      0 [  0,   0] <  2>)
  [ 4*] (type: 2 value:      3 [  5,   6] <  2>)
  [ 5*] (type: 2 value:      2 [  8,   9] <  4>)
  [ 6*] (type: 3 value:      0 [  7,   0] <  4>)
  [ 7*] (type: 0 value:    120 [  0,   0] <  6>)
  [ 8*] (type: 1 value:   1000 [  0,   0] <  5>)
  [ 9*] (type: 3 value:      1 [ 10,   0] <  5>)
  [10*] (type: 2 value:      0 [ 11,  12] <  9>)
  [11*] (type: 1 value:   2000 [  0,   0] < 10>)
  [12*] (type: 0 value:    120 [  0,   0] < 10>)
  [13 ] (type: 0 value:      0 [  0,   0] <  0>)
  [14 ] (type: 0 value:      0 [  0,   0] <  0>)
  [15 ] (type: 0 value:      0 [  0,   0] <  0>)
  [16 ] (type: 0 value:      0 [  0,   0] <  0>)
  [17 ] (type: 0 value:      0 [  0,   0] <  0>)
  [18 ] (type: 0 value:      0 [  0,   0] <  0>)
  [19 ] (type: 0 value:      0 [  0,   0] <  0>)

  memmmap:
  [  0][  1][  2][  3][  4][  5][  6][  7][  8][  9][ 10][ 11][ 12][ 13][ 14][ 15][ 16][ 17][ 18][ 19]
  [  0][  2][  3][  4][  5][  6][  7][  8][  9][ 10][ 11][ 12][ 13][ 14][ 15][ 16][ 17][ 18][ 19][  0]

[2019-12-17|04:33:27]
passed through function [[TreeDeleteNode]]
  hash: 100
  tree capacity: 20
  tree size: 9
  first free element's physical address: 10
  root address: 1
  error: 0 tree is ok

  | &|   val|               &L|  &R|  &par|
  [ 0 ] (type: 0 value:      0 [  0,   0] <  0>)
  [ 1*] (type: 999 value:    999 [  2,   0] <  0>)
  [ 2*] (type: 2 value:      2 [  3,   4] <  1>)
  [ 3*] (type: 1 value:      0 [  0,   0] <  2>)
  [ 4*] (type: 2 value:      3 [  5,   6] <  2>)
  [ 5*] (type: 2 value:      2 [  8,   9] <  4>)
  [ 6*] (type: 3 value:      0 [  7,   0] <  4>)
  [ 7*] (type: 0 value:    120 [  0,   0] <  6>)
  [ 8*] (type: 1 value:   1000 [  0,   0] <  5>)
  [ 9*] (type: 3 value:      1 [  0,   0] <  5>)
  [10 ] (type: 2 value:      0 [  0,   0] <  0>)
  [11 ] (type: 1 value:   2000 [  0,   0] <  0>)
  [12 ] (type: 0 value:    120 [  0,   0] <  0>)
  [13 ] (type: 0 value:      0 [  0,   0] <  0>)
  [14 ] (type: 0 value:      0 [  0,   0] <  0>)
  [15 ] (type: 0 value:      0 [  0,   0] <  0>)
  [16 ] (type: 0 value:      0 [  0,   0] <  0>)
  [17 ] (type: 0 value:      0 [  0,   0] <  0>)
  [18 ] (type: 0 value:      0 [  0,   0] <  0>)
  [19 ] (type: 0 value:      0 [  0,   0] <  0>)

  memmmap:
  [  0][  1][  2][  3][  4][  5][  6][  7][  8][  9][ 10][ 11][ 12][ 13][ 14][ 15][ 16][ 17][ 18][ 19]
  [  0][  2][  3][  4][  5][  6][  7][  8][  9][ 10][ 12][ 13][ 11][ 14][ 15][ 16][ 17][ 18][ 19][  0]

[2019-12-17|04:33:27]
passed through function [[TreeChangeNode]]
  hash: 100
  tree capacity: 20
  tree size: 9
  first free element's physical address: 10
  root address: 1
  error: 0 tree is ok

  | &|   val|               &L|  &R|  &par|
  [ 0 ] (type: 0 value:      0 [  0,   0] <  0>)
  [ 1*] (type: 999 value:    999 [  2,   0] <  0>)
  [ 2*] (type: 2 value:      2 [  3,   4] <  1>)
  [ 3*] (type: 1 value:      0 [  0,   0] <  2>)
  [ 4*] (type: 2 value:      3 [  5,   6] <  2>)
  [ 5*] (type: 2 value:      2 [  8,   9] <  4>)
  [ 6*] (type: 3 value:      0 [  7,   0] <  4>)
  [ 7*] (type: 0 value:    120 [  0,   0] <  6>)
  [ 8*] (type: 1 value:   1000 [  0,   0] <  5>)
  [ 9*] (type: 2 value:      0 [  0,   0] <  5>)
  [10 ] (type: 2 value:      0 [  0,   0] <  0>)
  [11 ] (type: 1 value:   2000 [  0,   0] <  0>)
  [12 ] (type: 0 value:    120 [  0,   0] <  0>)
  [13 ] (type: 0 value:      0 [  0,   0] <  0>)
  [14 ] (type: 0 value:      0 [  0,   0] <  0>)
  [15 ] (type: 0 value:      0 [  0,   0] <  0>)
  [16 ] (type: 0 value:      0 [  0,   0] <  0>)
  [17 ] (type: 0 value:      0 [  0,   0] <  0>)
  [18 ] (type: 0 value:      0 [  0,   0] <  0>)
  [19 ] (type: 0 value:      0 [  0,   0] <  0>)

  memmmap:
  [  0][  1][  2][  3][  4][  5][  6][  7][  8][  9][ 10][ 11][ 12][ 13][ 14][ 15][ 16][ 17][ 18][ 19]
  [  0][  2][  3][  4][  5][  6][  7][  8][  9][ 10][ 12][ 13][ 11][ 14][ 15][ 16][ 17][ 18][ 19][  0]

[2019-12-17|04:33:27]
passed through function [[TreeInsertNode (inserted)]]
  hash: 100
  tree capacity: 20
  tree size: 10
  first free element's physical address: 12
  root address: 1
  error: 0 tree is ok

  | &|   val|               &L|  &R|  &par|
  [ 0 ] (type: 0 value:      0 [  0,   0] <  0>)
  [ 1*] (type: 999 value:    999 [  2,   0] <  0>)
  [ 2*] (type: 2 value:      2 [  3,   4] <  1>)
  [ 3*] (type: 1 value:      0 [  0,   0] <  2>)
  [ 4*] (type: 2 value:      3 [  5,   6] <  2>)
  [ 5*] (type: 2 value:      2 [  8,   9] <  4>)
  [ 6*] (type: 3 value:      0 [  7,   0] <  4>)
  [ 7*] (type: 0 value:    120 [  0,   0] <  6>)
  [ 8*] (type: 1 value:   1000 [  0,   0] <  5>)
  [ 9*] (type: 2 value:      0 [ 10,   0] <  5>)
  [10*] (type: 3 value:      1 [  0,   0] <  9>)
  [11 ] (type: 1 value:   2000 [  0,   0] <  0>)
  [12 ] (type: 0 value:    120 [  0,   0] <  0>)
  [13 ] (type: 0 value:      0 [  0,   0] <  0>)
  [14 ] (type: 0 value:      0 [  0,   0] <  0>)
  [15 ] (type: 0 value:      0 [  0,   0] <  0>)
  [16 ] (type: 0 value:      0 [  0,   0] <  0>)
  [17 ] (type: 0 value:      0 [  0,   0] <  0>)
  [18 ] (type: 0 value:      0 [  0,   0] <  0>)
  [19 ] (type: 0 value:      0 [  0,   0] <  0>)

  memmmap:
  [  0][  1][  2][  3][  4][  5][  6][  7][  8][  9][ 10][ 11][ 12][ 13][ 14][ 15][ 16][ 17][ 18][ 19]
  [  0][  2][  3][  4][  5][  6][  7][  8][  9][ 10][ 12][ 13][ 11][ 14][ 15][ 16][ 17][ 18][ 19][  0]

[2019-12-17|04:33:27]
passed through function [[TreeInsertNode (inserted)]]
  hash: 100
  tree capacity: 20
  tree size: 11
  first free element's physical address: 11
  root address: 1
  error: 0 tree is ok

  | &|   val|               &L|  &R|  &par|
  [ 0 ] (type: 0 value:      0 [  0,   0] <  0>)
  [ 1*] (type: 999 value:    999 [  2,   0] <  0>)
  [ 2*] (type: 2 value:      2 [  3,   4] <  1>)
  [ 3*] (type: 1 value:      0 [  0,   0] <  2>)
  [ 4*] (type: 2 value:      3 [  5,   6] <  2>)
  [ 5*] (type: 2 value:      2 [  8,   9] <  4>)
  [ 6*] (type: 3 value:      0 [  7,   0] <  4>)
  [ 7*] (type: 0 value:    120 [  0,   0] <  6>)
  [ 8*] (type: 1 value:   1000 [  0,   0] <  5>)
  [ 9*] (type: 2 value:      0 [ 10,   0] <  5>)
  [10*] (type: 3 value:      1 [ 12,   0] <  9>)
  [11 ] (type: 1 value:   2000 [  0,   0] <  0>)
  [12*] (type: 2 value:      0 [  0,   0] < 10>)
  [13 ] (type: 0 value:      0 [  0,   0] <  0>)
  [14 ] (type: 0 value:      0 [  0,   0] <  0>)
  [15 ] (type: 0 value:      0 [  0,   0] <  0>)
  [16 ] (type: 0 value:      0 [  0,   0] <  0>)
  [17 ] (type: 0 value:      0 [  0,   0] <  0>)
  [18 ] (type: 0 value:      0 [  0,   0] <  0>)
  [19 ] (type: 0 value:      0 [  0,   0] <  0>)

  memmmap:
  [  0][  1][  2][  3][  4][  5][  6][  7][  8][  9][ 10][ 11][ 12][ 13][ 14][ 15][ 16][ 17][ 18][ 19]
  [  0][  2][  3][  4][  5][  6][  7][  8][  9][ 10][ 12][ 13][ 11][ 14][ 15][ 16][ 17][ 18][ 19][  0]

[2019-12-17|04:33:27]
passed through function [[TreeInsertNode (inserted)]]
  hash: 100
  tree capacity: 20
  tree size: 12
  first free element's physical address: 13
  root address: 1
  error: 0 tree is ok

  | &|   val|               &L|  &R|  &par|
  [ 0 ] (type: 0 value:      0 [  0,   0] <  0>)
  [ 1*] (type: 999 value:    999 [  2,   0] <  0>)
  [ 2*] (type: 2 value:      2 [  3,   4] <  1>)
  [ 3*] (type: 1 value:      0 [  0,   0] <  2>)
  [ 4*] (type: 2 value:      3 [  5,   6] <  2>)
  [ 5*] (type: 2 value:      2 [  8,   9] <  4>)
  [ 6*] (type: 3 value:      0 [  7,   0] <  4>)
  [ 7*] (type: 0 value:    120 [  0,   0] <  6>)
  [ 8*] (type: 1 value:   1000 [  0,   0] <  5>)
  [ 9*] (type: 2 value:      0 [ 10,   0] <  5>)
  [10*] (type: 3 value:      1 [ 12,   0] <  9>)
  [11*] (type: 1 value:   2000 [  0,   0] < 12>)
  [12*] (type: 2 value:      0 [ 11,   0] < 10>)
  [13 ] (type: 0 value:      0 [  0,   0] <  0>)
  [14 ] (type: 0 value:      0 [  0,   0] <  0>)
  [15 ] (type: 0 value:      0 [  0,   0] <  0>)
  [16 ] (type: 0 value:      0 [  0,   0] <  0>)
  [17 ] (type: 0 value:      0 [  0,   0] <  0>)
  [18 ] (type: 0 value:      0 [  0,   0] <  0>)
  [19 ] (type: 0 value:      0 [  0,   0] <  0>)

  memmmap:
  [  0][  1][  2][  3][  4][  5][  6][  7][  8][  9][ 10][ 11][ 12][ 13][ 14][ 15][ 16][ 17][ 18][ 19]
  [  0][  2][  3][  4][  5][  6][  7][  8][  9][ 10][ 12][ 13][ 11][ 14][ 15][ 16][ 17][ 18][ 19][  0]

[2019-12-17|04:33:27]
passed through function [[TreeInsertNode (inserted)]]
  hash: 100
  tree capacity: 20
  tree size: 13
  first free element's physical address: 14
  root address: 1
  error: 0 tree is ok

  | &|   val|               &L|  &R|  &par|
  [ 0 ] (type: 0 value:      0 [  0,   0] <  0>)
  [ 1*] (type: 999 value:    999 [  2,   0] <  0>)
  [ 2*] (type: 2 value:      2 [  3,   4] <  1>)
  [ 3*] (type: 1 value:      0 [  0,   0] <  2>)
  [ 4*] (type: 2 value:      3 [  5,   6] <  2>)
  [ 5*] (type: 2 value:      2 [  8,   9] <  4>)
  [ 6*] (type: 3 value:      0 [  7,   0] <  4>)
  [ 7*] (type: 0 value:    120 [  0,   0] <  6>)
  [ 8*] (type: 1 value:   1000 [  0,   0] <  5>)
  [ 9*] (type: 2 value:      0 [ 10,   0] <  5>)
  [10*] (type: 3 value:      1 [ 12,   0] <  9>)
  [11*] (type: 1 value:   2000 [  0,   0] < 12>)
  [12*] (type: 2 value:      0 [ 11,  13] < 10>)
  [13*] (type: 0 value:    120 [  0,   0] < 12>)
  [14 ] (type: 0 value:      0 [  0,   0] <  0>)
  [15 ] (type: 0 value:      0 [  0,   0] <  0>)
  [16 ] (type: 0 value:      0 [  0,   0] <  0>)
  [17 ] (type: 0 value:      0 [  0,   0] <  0>)
  [18 ] (type: 0 value:      0 [  0,   0] <  0>)
  [19 ] (type: 0 value:      0 [  0,   0] <  0>)

  memmmap:
  [  0][  1][  2][  3][  4][  5][  6][  7][  8][  9][ 10][ 11][ 12][ 13][ 14][ 15][ 16][ 17][ 18][ 19]
  [  0][  2][  3][  4][  5][  6][  7][  8][  9][ 10][ 12][ 13][ 11][ 14][ 15][ 16][ 17][ 18][ 19][  0]

[2019-12-17|04:33:27]
passed through function [[TreeGlueSubtree]]
  hash: 100
  tree capacity: 20
  tree size: 13
  first free element's physical address: 14
  root address: 1
  error: 0 tree is ok

  | &|   val|               &L|  &R|  &par|
  [ 0 ] (type: 0 value:      0 [  0,   0] <  0>)
  [ 1*] (type: 999 value:    999 [  2,   0] <  0>)
  [ 2*] (type: 2 value:      2 [  3,   4] <  1>)
  [ 3*] (type: 1 value:      0 [  0,   0] <  2>)
  [ 4*] (type: 2 value:      3 [  5,   6] <  2>)
  [ 5*] (type: 2 value:      2 [  8,   9] <  4>)
  [ 6*] (type: 3 value:      0 [  7,   0] <  4>)
  [ 7*] (type: 0 value:    120 [  0,   0] <  6>)
  [ 8*] (type: 1 value:   1000 [  0,   0] <  5>)
  [ 9*] (type: 2 value:      0 [ 10,   0] <  5>)
  [10*] (type: 3 value:      1 [ 12,   0] <  9>)
  [11*] (type: 1 value:   2000 [  0,   0] < 12>)
  [12*] (type: 2 value:      0 [ 11,  13] < 10>)
  [13*] (type: 0 value:    120 [  0,   0] < 12>)
  [14 ] (type: 0 value:      0 [  0,   0] <  0>)
  [15 ] (type: 0 value:      0 [  0,   0] <  0>)
  [16 ] (type: 0 value:      0 [  0,   0] <  0>)
  [17 ] (type: 0 value:      0 [  0,   0] <  0>)
  [18 ] (type: 0 value:      0 [  0,   0] <  0>)
  [19 ] (type: 0 value:      0 [  0,   0] <  0>)

  memmmap:
  [  0][  1][  2][  3][  4][  5][  6][  7][  8][  9][ 10][ 11][ 12][ 13][ 14][ 15][ 16][ 17][ 18][ 19]
  [  0][  2][  3][  4][  5][  6][  7][  8][  9][ 10][ 12][ 13][ 11][ 14][ 15][ 16][ 17][ 18][ 19][  0]

[2019-12-17|04:33:27]
passed through function [[TreeInsertNode (inserted)]]
  hash: 100
  tree capacity: 20
  tree size: 14
  first free element's physical address: 15
  root address: 1
  error: 0 tree is ok

  | &|   val|               &L|  &R|  &par|
  [ 0 ] (type: 0 value:      0 [  0,   0] <  0>)
  [ 1*] (type: 999 value:    999 [  2,   0] <  0>)
  [ 2*] (type: 2 value:      2 [  3,   4] <  1>)
  [ 3*] (type: 1 value:      0 [  0,   0] <  2>)
  [ 4*] (type: 2 value:      3 [  5,   6] <  2>)
  [ 5*] (type: 2 value:      2 [  8,   9] <  4>)
  [ 6*] (type: 3 value:      0 [  7,   0] <  4>)
  [ 7*] (type: 0 value:    120 [  0,   0] <  6>)
  [ 8*] (type: 1 value:   1000 [  0,   0] <  5>)
  [ 9*] (type: 2 value:      0 [ 10,  14] <  5>)
  [10*] (type: 3 value:      1 [ 12,   0] <  9>)
  [11*] (type: 1 value:   2000 [  0,   0] < 12>)
  [12*] (type: 2 value:      0 [ 11,  13] < 10>)
  [13*] (type: 0 value:    120 [  0,   0] < 12>)
  [14*] (type: 2 value:      0 [  0,   0] <  9>)
  [15 ] (type: 0 value:      0 [  0,   0] <  0>)
  [16 ] (type: 0 value:      0 [  0,   0] <  0>)
  [17 ] (type: 0 value:      0 [  0,   0] <  0>)
  [18 ] (type: 0 value:      0 [  0,   0] <  0>)
  [19 ] (type: 0 value:      0 [  0,   0] <  0>)

  memmmap:
  [  0][  1][  2][  3][  4][  5][  6][  7][  8][  9][ 10][ 11][ 12][ 13][ 14][ 15][ 16][ 17][ 18][ 19]
  [  0][  2][  3][  4][  5][  6][  7][  8][  9][ 10][ 12][ 13][ 11][ 14][ 15][ 16][ 17][ 18][ 19][  0]

[2019-12-17|04:33:27]
passed through function [[TreeInsertNode (inserted)]]
  hash: 100
  tree capacity: 20
  tree size: 15
  first free element's physical address: 16
  root address: 1
  error: 0 tree is ok

  | &|   val|               &L|  &R|  &par|
  [ 0 ] (type: 0 value:      0 [  0,   0] <  0>)
  [ 1*] (type: 999 value:    999 [  2,   0] <  0>)
  [ 2*] (type: 2 value:      2 [  3,   4] <  1>)
  [ 3*] (type: 1 value:      0 [  0,   0] <  2>)
  [ 4*] (type: 2 value:      3 [  5,   6] <  2>)
  [ 5*] (type: 2 value:      2 [  8,   9] <  4>)
  [ 6*] (type: 3 value:      0 [  7,   0] <  4>)
  [ 7*] (type: 0 value:    120 [  0,   0] <  6>)
  [ 8*] (type: 1 value:   1000 [  0,   0] <  5>)
  [ 9*] (type: 2 value:      0 [ 10,  14] <  5>)
  [10*] (type: 3 value:      1 [ 12,   0] <  9>)
  [11*] (type: 1 value:   2000 [  0,   0] < 12>)
  [12*] (type: 2 value:      0 [ 11,  13] < 10>)
  [13*] (type: 0 value:    120 [  0,   0] < 12>)
  [14*] (type: 2 value:      0 [ 15,   0] <  9>)
  [15*] (type: 1 value:   2000 [  0,   0] < 14>)
  [16 ] (type: 0 value:      0 [  0,   0] <  0>)
  [17 ] (type: 0 value:      0 [  0,   0] <  0>)
  [18 ] (type: 0 value:      0 [  0,   0] <  0>)
  [19 ] (type: 0 value:      0 [  0,   0] <  0>)

  memmmap:
  [  0][  1][  2][  3][  4][  5][  6][  7][  8][  9][ 10][ 11][ 12][ 13][ 14][ 15][ 16][ 17][ 18][ 19]
  [  0][  2][  3][  4][  5][  6][  7][  8][  9][ 10][ 12][ 13][ 11][ 14][ 15][ 16][ 17][ 18][ 19][  0]

[2019-12-17|04:33:27]
passed through function [[TreeInsertNode (inserted)]]
  hash: 100
  tree capacity: 20
  tree size: 16
  first free element's physical address: 17
  root address: 1
  error: 0 tree is ok

  | &|   val|               &L|  &R|  &par|
  [ 0 ] (type: 0 value:      0 [  0,   0] <  0>)
  [ 1*] (type: 999 value:    999 [  2,   0] <  0>)
  [ 2*] (type: 2 value:      2 [  3,   4] <  1>)
  [ 3*] (type: 1 value:      0 [  0,   0] <  2>)
  [ 4*] (type: 2 value:      3 [  5,   6] <  2>)
  [ 5*] (type: 2 value:      2 [  8,   9] <  4>)
  [ 6*] (type: 3 value:      0 [  7,   0] <  4>)
  [ 7*] (type: 0 value:    120 [  0,   0] <  6>)
  [ 8*] (type: 1 value:   1000 [  0,   0] <  5>)
  [ 9*] (type: 2 value:      0 [ 10,  14] <  5>)
  [10*] (type: 3 value:      1 [ 12,   0] <  9>)
  [11*] (type: 1 value:   2000 [  0,   0] < 12>)
  [12*] (type: 2 value:      0 [ 11,  13] < 10>)
  [13*] (type: 0 value:    120 [  0,   0] < 12>)
  [14*] (type: 2 value:      0 [ 15,  16] <  9>)
  [15*] (type: 1 value:   2000 [  0,   0] < 14>)
  [16*] (type: 0 value:    120 [  0,   0] < 14>)
  [17 ] (type: 0 value:      0 [  0,   0] <  0>)
  [18 ] (type: 0 value:      0 [  0,   0] <  0>)
  [19 ] (type: 0 value:      0 [  0,   0] <  0>)

  memmmap:
  [  0][  1][  2][  3][  4][  5][  6][  7][  8][  9][ 10][ 11][ 12][ 13][ 14][ 15][ 16][ 17][ 18][ 19]
  [  0][  2][  3][  4][  5][  6][  7][  8][  9][ 10][ 12][ 13][ 11][ 14][ 15][ 16][ 17][ 18][ 19][  0]

[2019-12-17|04:33:27]
passed through function [[TreeGlueSubtree]]
  hash: 100
  tree capacity: 20
  tree size: 16
  first free element's physical address: 17
  root address: 1
  error: 0 tree is ok

  | &|   val|               &L|  &R|  &par|
  [ 0 ] (type: 0 value:      0 [  0,   0] <  0>)
  [ 1*] (type: 999 value:    999 [  2,   0] <  0>)
  [ 2*] (type: 2 value:      2 [  3,   4] <  1>)
  [ 3*] (type: 1 value:      0 [  0,   0] <  2>)
  [ 4*] (type: 2 value:      3 [  5,   6] <  2>)
  [ 5*] (type: 2 value:      2 [  8,   9] <  4>)
  [ 6*] (type: 3 value:      0 [  7,   0] <  4>)
  [ 7*] (type: 0 value:    120 [  0,   0] <  6>)
  [ 8*] (type: 1 value:   1000 [  0,   0] <  5>)
  [ 9*] (type: 2 value:      0 [ 10,  14] <  5>)
  [10*] (type: 3 value:      1 [ 12,   0] <  9>)
  [11*] (type: 1 value:   2000 [  0,   0] < 12>)
  [12*] (type: 2 value:      0 [ 11,  13] < 10>)
  [13*] (type: 0 value:    120 [  0,   0] < 12>)
  [14*] (type: 2 value:      0 [ 15,  16] <  9>)
  [15*] (type: 1 value:   2000 [  0,   0] < 14>)
  [16*] (type: 0 value:    120 [  0,   0] < 14>)
  [17 ] (type: 0 value:      0 [  0,   0] <  0>)
  [18 ] (type: 0 value:      0 [  0,   0] <  0>)
  [19 ] (type: 0 value:      0 [  0,   0] <  0>)

  memmmap:
  [  0][  1][  2][  3][  4][  5][  6][  7][  8][  9][ 10][ 11][ 12][ 13][ 14][ 15][ 16][ 17][ 18][ 19]
  [  0][  2][  3][  4][  5][  6][  7][  8][  9][ 10][ 12][ 13][ 11][ 14][ 15][ 16][ 17][ 18][ 19][  0]

[2019-12-17|04:33:27]
passed through function [[TreeCopySubTree]]
  hash: 100
  tree capacity: 20
  tree size: 16
  first free element's physical address: 17
  root address: 1
  error: 0 tree is ok

  | &|   val|               &L|  &R|  &par|
  [ 0 ] (type: 0 value:      0 [  0,   0] <  0>)
  [ 1*] (type: 999 value:    999 [  2,   0] <  0>)
  [ 2*] (type: 2 value:      2 [  3,   4] <  1>)
  [ 3*] (type: 1 value:      0 [  0,   0] <  2>)
  [ 4*] (type: 2 value:      3 [  5,   6] <  2>)
  [ 5*] (type: 2 value:      2 [  8,   9] <  4>)
  [ 6*] (type: 3 value:      0 [  7,   0] <  4>)
  [ 7*] (type: 0 value:    120 [  0,   0] <  6>)
  [ 8*] (type: 1 value:   1000 [  0,   0] <  5>)
  [ 9*] (type: 2 value:      0 [ 10,  14] <  5>)
  [10*] (type: 3 value:      1 [ 12,   0] <  9>)
  [11*] (type: 1 value:   2000 [  0,   0] < 12>)
  [12*] (type: 2 value:      0 [ 11,  13] < 10>)
  [13*] (type: 0 value:    120 [  0,   0] < 12>)
  [14*] (type: 2 value:      0 [ 15,  16] <  9>)
  [15*] (type: 1 value:   2000 [  0,   0] < 14>)
  [16*] (type: 0 value:    120 [  0,   0] < 14>)
  [17 ] (type: 0 value:      0 [  0,   0] <  0>)
  [18 ] (type: 0 value:      0 [  0,   0] <  0>)
  [19 ] (type: 0 value:      0 [  0,   0] <  0>)

  memmmap:
  [  0][  1][  2][  3][  4][  5][  6][  7][  8][  9][ 10][ 11][ 12][ 13][ 14][ 15][ 16][ 17][ 18][ 19]
  [  0][  2][  3][  4][  5][  6][  7][  8][  9][ 10][ 12][ 13][ 11][ 14][ 15][ 16][ 17][ 18][ 19][  0]

[2019-12-17|04:33:27]
passed through function [[TreeDeleteNode]]
  hash: 100
  tree capacity: 20
  tree size: 13
  first free element's physical address: 12
  root address: 1
  error: 0 tree is ok

  | &|   val|               &L|  &R|  &par|
  [ 0 ] (type: 0 value:      0 [  0,   0] <  0>)
  [ 1*] (type: 999 value:    999 [  2,   0] <  0>)
  [ 2*] (type: 2 value:      2 [  3,   4] <  1>)
  [ 3*] (type: 1 value:      0 [  0,   0] <  2>)
  [ 4*] (type: 2 value:      3 [  5,   6] <  2>)
  [ 5*] (type: 2 value:      2 [  8,   9] <  4>)
  [ 6*] (type: 3 value:      0 [  7,   0] <  4>)
  [ 7*] (type: 0 value:    120 [  0,   0] <  6>)
  [ 8*] (type: 1 value:   1000 [  0,   0] <  5>)
  [ 9*] (type: 2 value:      0 [ 10,  14] <  5>)
  [10*] (type: 3 value:      1 [  0,   0] <  9>)
  [11 ] (type: 1 value:   2000 [  0,   0] <  0>)
  [12 ] (type: 2 value:      0 [  0,   0] <  0>)
  [13 ] (type: 0 value:    120 [  0,   0] <  0>)
  [14*] (type: 2 value:      0 [ 15,  16] <  9>)
  [15*] (type: 1 value:   2000 [  0,   0] < 14>)
  [16*] (type: 0 value:    120 [  0,   0] < 14>)
  [17 ] (type: 0 value:      0 [  0,   0] <  0>)
  [18 ] (type: 0 value:      0 [  0,   0] <  0>)
  [19 ] (type: 0 value:      0 [  0,   0] <  0>)

  memmmap:
  [  0][  1][  2][  3][  4][  5][  6][  7][  8][  9][ 10][ 11][ 12][ 13][ 14][ 15][ 16][ 17][ 18][ 19]
  [  0][  2][  3][  4][  5][  6][  7][  8][  9][ 10][ 12][ 17][ 13][ 11][ 15][ 16][ 17][ 18][ 19][  0]

[2019-12-17|04:33:27]
passed through function [[TreeChangeNode]]
  hash: 100
  tree capacity: 20
  tree size: 13
  first free element's physical address: 12
  root address: 1
  error: 0 tree is ok

  | &|   val|               &L|  &R|  &par|
  [ 0 ] (type: 0 value:      0 [  0,   0] <  0>)
  [ 1*] (type: 999 value:    999 [  2,   0] <  0>)
  [ 2*] (type: 2 value:      2 [  3,   4] <  1>)
  [ 3*] (type: 1 value:      0 [  0,   0] <  2>)
  [ 4*] (type: 2 value:      3 [  5,   6] <  2>)
  [ 5*] (type: 2 value:      2 [  8,   9] <  4>)
  [ 6*] (type: 3 value:      0 [  7,   0] <  4>)
  [ 7*] (type: 0 value:    120 [  0,   0] <  6>)
  [ 8*] (type: 1 value:   1000 [  0,   0] <  5>)
  [ 9*] (type: 2 value:      0 [ 10,  14] <  5>)
  [10*] (type: 2 value:      0 [  0,   0] <  9>)
  [11 ] (type: 1 value:   2000 [  0,   0] <  0>)
  [12 ] (type: 2 value:      0 [  0,   0] <  0>)
  [13 ] (type: 0 value:    120 [  0,   0] <  0>)
  [14*] (type: 2 value:      0 [ 15,  16] <  9>)
  [15*] (type: 1 value:   2000 [  0,   0] < 14>)
  [16*] (type: 0 value:    120 [  0,   0] < 14>)
  [17 ] (type: 0 value:      0 [  0,   0] <  0>)
  [18 ] (type: 0 value:      0 [  0,   0] <  0>)
  [19 ] (type: 0 value:      0 [  0,   0] <  0>)

  memmmap:
  [  0][  1][  2][  3][  4][  5][  6][  7][  8][  9][ 10][ 11][ 12][ 13][ 14][ 15][ 16][ 17][ 18][ 19]
  [  0][  2][  3][  4][  5][  6][  7][  8][  9][ 10][ 12][ 17][ 13][ 11][ 15][ 16][ 17][ 18][ 19][  0]

[2019-12-17|04:33:27]
passed through function [[TreeInsertNode (inserted)]]
  hash: 100
  tree capacity: 20
  tree size: 14
  first free element's physical address: 13
  root address: 1
  error: 0 tree is ok

  | &|   val|               &L|  &R|  &par|
  [ 0 ] (type: 0 value:      0 [  0,   0] <  0>)
  [ 1*] (type: 999 value:    999 [  2,   0] <  0>)
  [ 2*] (type: 2 value:      2 [  3,   4] <  1>)
  [ 3*] (type: 1 value:      0 [  0,   0] <  2>)
  [ 4*] (type: 2 value:      3 [  5,   6] <  2>)
  [ 5*] (type: 2 value:      2 [  8,   9] <  4>)
  [ 6*] (type: 3 value:      0 [  7,   0] <  4>)
  [ 7*] (type: 0 value:    120 [  0,   0] <  6>)
  [ 8*] (type: 1 value:   1000 [  0,   0] <  5>)
  [ 9*] (type: 2 value:      0 [ 10,  14] <  5>)
  [10*] (type: 2 value:      0 [  0,  12] <  9>)
  [11 ] (type: 1 value:   2000 [  0,   0] <  0>)
  [12*] (type: 1 value:  -1000 [  0,   0] < 10>)
  [13 ] (type: 0 value:    120 [  0,   0] <  0>)
  [14*] (type: 2 value:      0 [ 15,  16] <  9>)
  [15*] (type: 1 value:   2000 [  0,   0] < 14>)
  [16*] (type: 0 value:    120 [  0,   0] < 14>)
  [17 ] (type: 0 value:      0 [  0,   0] <  0>)
  [18 ] (type: 0 value:      0 [  0,   0] <  0>)
  [19 ] (type: 0 value:      0 [  0,   0] <  0>)

  memmmap:
  [  0][  1][  2][  3][  4][  5][  6][  7][  8][  9][ 10][ 11][ 12][ 13][ 14][ 15][ 16][ 17][ 18][ 19]
  [  0][  2][  3][  4][  5][  6][  7][  8][  9][ 10][ 12][ 17][ 13][ 11][ 15][ 16][ 17][ 18][ 19][  0]

[2019-12-17|04:33:27]
passed through function [[TreeInsertNode (inserted)]]
  hash: 100
  tree capacity: 20
  tree size: 15
  first free element's physical address: 11
  root address: 1
  error: 0 tree is ok

  | &|   val|               &L|  &R|  &par|
  [ 0 ] (type: 0 value:      0 [  0,   0] <  0>)
  [ 1*] (type: 999 value:    999 [  2,   0] <  0>)
  [ 2*] (type: 2 value:      2 [  3,   4] <  1>)
  [ 3*] (type: 1 value:      0 [  0,   0] <  2>)
  [ 4*] (type: 2 value:      3 [  5,   6] <  2>)
  [ 5*] (type: 2 value:      2 [  8,   9] <  4>)
  [ 6*] (type: 3 value:      0 [  7,   0] <  4>)
  [ 7*] (type: 0 value:    120 [  0,   0] <  6>)
  [ 8*] (type: 1 value:   1000 [  0,   0] <  5>)
  [ 9*] (type: 2 value:      0 [ 10,  14] <  5>)
  [10*] (type: 2 value:      0 [ 13,  12] <  9>)
  [11 ] (type: 1 value:   2000 [  0,   0] <  0>)
  [12*] (type: 1 value:  -1000 [  0,   0] < 10>)
  [13*] (type: 3 value:      0 [  0,   0] < 10>)
  [14*] (type: 2 value:      0 [ 15,  16] <  9>)
  [15*] (type: 1 value:   2000 [  0,   0] < 14>)
  [16*] (type: 0 value:    120 [  0,   0] < 14>)
  [17 ] (type: 0 value:      0 [  0,   0] <  0>)
  [18 ] (type: 0 value:      0 [  0,   0] <  0>)
  [19 ] (type: 0 value:      0 [  0,   0] <  0>)

  memmmap:
  [  0][  1][  2][  3][  4][  5][  6][  7][  8][  9][ 10][ 11][ 12][ 13][ 14][ 15][ 16][ 17][ 18][ 19]
  [  0][  2][  3][  4][  5][  6][  7][  8][  9][ 10][ 12][ 17][ 13][ 11][ 15][ 16][ 17][ 18][ 19][  0]

[2019-12-17|04:33:27]
passed through function [[TreeInsertNode (inserted)]]
  hash: 100
  tree capacity: 20
  tree size: 16
  first free element's physical address: 17
  root address: 1
  error: 0 tree is ok

  | &|   val|               &L|  &R|  &par|
  [ 0 ] (type: 0 value:      0 [  0,   0] <  0>)
  [ 1*] (type: 999 value:    999 [  2,   0] <  0>)
  [ 2*] (type: 2 value:      2 [  3,   4] <  1>)
  [ 3*] (type: 1 value:      0 [  0,   0] <  2>)
  [ 4*] (type: 2 value:      3 [  5,   6] <  2>)
  [ 5*] (type: 2 value:      2 [  8,   9] <  4>)
  [ 6*] (type: 3 value:      0 [  7,   0] <  4>)
  [ 7*] (type: 0 value:    120 [  0,   0] <  6>)
  [ 8*] (type: 1 value:   1000 [  0,   0] <  5>)
  [ 9*] (type: 2 value:      0 [ 10,  14] <  5>)
  [10*] (type: 2 value:      0 [ 13,  12] <  9>)
  [11*] (type: 2 value:      0 [  0,   0] < 13>)
  [12*] (type: 1 value:  -1000 [  0,   0] < 10>)
  [13*] (type: 3 value:      0 [ 11,   0] < 10>)
  [14*] (type: 2 value:      0 [ 15,  16] <  9>)
  [15*] (type: 1 value:   2000 [  0,   0] < 14>)
  [16*] (type: 0 value:    120 [  0,   0] < 14>)
  [17 ] (type: 0 value:      0 [  0,   0] <  0>)
  [18 ] (type: 0 value:      0 [  0,   0] <  0>)
  [19 ] (type: 0 value:      0 [  0,   0] <  0>)

  memmmap:
  [  0][  1][  2][  3][  4][  5][  6][  7][  8][  9][ 10][ 11][ 12][ 13][ 14][ 15][ 16][ 17][ 18][ 19]
  [  0][  2][  3][  4][  5][  6][  7][  8][  9][ 10][ 12][ 17][ 13][ 11][ 15][ 16][ 17][ 18][ 19][  0]

[2019-12-17|04:33:27]
passed through function [[TreeInsertNode (inserted)]]
  hash: 100
  tree capacity: 20
  tree size: 17
  first free element's physical address: 18
  root address: 1
  error: 0 tree is ok

  | &|   val|               &L|  &R|  &par|
  [ 0 ] (type: 0 value:      0 [  0,   0] <  0>)
  [ 1*] (type: 999 value:    999 [  2,   0] <  0>)
  [ 2*] (type: 2 value:      2 [  3,   4] <  1>)
  [ 3*] (type: 1 value:      0 [  0,   0] <  2>)
  [ 4*] (type: 2 value:      3 [  5,   6] <  2>)
  [ 5*] (type: 2 value:      2 [  8,   9] <  4>)
  [ 6*] (type: 3 value:      0 [  7,   0] <  4>)
  [ 7*] (type: 0 value:    120 [  0,   0] <  6>)
  [ 8*] (type: 1 value:   1000 [  0,   0] <  5>)
  [ 9*] (type: 2 value:      0 [ 10,  14] <  5>)
  [10*] (type: 2 value:      0 [ 13,  12] <  9>)
  [11*] (type: 2 value:      0 [ 17,   0] < 13>)
  [12*] (type: 1 value:  -1000 [  0,   0] < 10>)
  [13*] (type: 3 value:      0 [ 11,   0] < 10>)
  [14*] (type: 2 value:      0 [ 15,  16] <  9>)
  [15*] (type: 1 value:   2000 [  0,   0] < 14>)
  [16*] (type: 0 value:    120 [  0,   0] < 14>)
  [17*] (type: 1 value:   2000 [  0,   0] < 11>)
  [18 ] (type: 0 value:      0 [  0,   0] <  0>)
  [19 ] (type: 0 value:      0 [  0,   0] <  0>)

  memmmap:
  [  0][  1][  2][  3][  4][  5][  6][  7][  8][  9][ 10][ 11][ 12][ 13][ 14][ 15][ 16][ 17][ 18][ 19]
  [  0][  2][  3][  4][  5][  6][  7][  8][  9][ 10][ 12][ 17][ 13][ 11][ 15][ 16][ 17][ 18][ 19][  0]

[2019-12-17|04:33:27]
passed through function [[TreeInsertNode (inserted)]]
  hash: 100
  tree capacity: 20
  tree size: 18
  first free element's physical address: 19
  root address: 1
  error: 0 tree is ok

  | &|   val|               &L|  &R|  &par|
  [ 0 ] (type: 0 value:      0 [  0,   0] <  0>)
  [ 1*] (type: 999 value:    999 [  2,   0] <  0>)
  [ 2*] (type: 2 value:      2 [  3,   4] <  1>)
  [ 3*] (type: 1 value:      0 [  0,   0] <  2>)
  [ 4*] (type: 2 value:      3 [  5,   6] <  2>)
  [ 5*] (type: 2 value:      2 [  8,   9] <  4>)
  [ 6*] (type: 3 value:      0 [  7,   0] <  4>)
  [ 7*] (type: 0 value:    120 [  0,   0] <  6>)
  [ 8*] (type: 1 value:   1000 [  0,   0] <  5>)
  [ 9*] (type: 2 value:      0 [ 10,  14] <  5>)
  [10*] (type: 2 value:      0 [ 13,  12] <  9>)
  [11*] (type: 2 value:      0 [ 17,  18] < 13>)
  [12*] (type: 1 value:  -1000 [  0,   0] < 10>)
  [13*] (type: 3 value:      0 [ 11,   0] < 10>)
  [14*] (type: 2 value:      0 [ 15,  16] <  9>)
  [15*] (type: 1 value:   2000 [  0,   0] < 14>)
  [16*] (type: 0 value:    120 [  0,   0] < 14>)
  [17*] (type: 1 value:   2000 [  0,   0] < 11>)
  [18*] (type: 0 value:    120 [  0,   0] < 11>)
  [19 ] (type: 0 value:      0 [  0,   0] <  0>)

  memmmap:
  [  0][  1][  2][  3][  4][  5][  6][  7][  8][  9][ 10][ 11][ 12][ 13][ 14][ 15][ 16][ 17][ 18][ 19]
  [  0][  2][  3][  4][  5][  6][  7][  8][  9][ 10][ 12][ 17][ 13][ 11][ 15][ 16][ 17][ 18][ 19][  0]

[2019-12-17|04:33:27]
passed through function [[TreeGlueSubtree]]
  hash: 100
  tree capacity: 20
  tree size: 18
  first free element's physical address: 19
  root address: 1
  error: 0 tree is ok

  | &|   val|               &L|  &R|  &par|
  [ 0 ] (type: 0 value:      0 [  0,   0] <  0>)
  [ 1*] (type: 999 value:    999 [  2,   0] <  0>)
  [ 2*] (type: 2 value:      2 [  3,   4] <  1>)
  [ 3*] (type: 1 value:      0 [  0,   0] <  2>)
  [ 4*] (type: 2 value:      3 [  5,   6] <  2>)
  [ 5*] (type: 2 value:      2 [  8,   9] <  4>)
  [ 6*] (type: 3 value:      0 [  7,   0] <  4>)
  [ 7*] (type: 0 value:    120 [  0,   0] <  6>)
  [ 8*] (type: 1 value:   1000 [  0,   0] <  5>)
  [ 9*] (type: 2 value:      0 [ 10,  14] <  5>)
  [10*] (type: 2 value:      0 [ 13,  12] <  9>)
  [11*] (type: 2 value:      0 [ 17,  18] < 13>)
  [12*] (type: 1 value:  -1000 [  0,   0] < 10>)
  [13*] (type: 3 value:      0 [ 11,   0] < 10>)
  [14*] (type: 2 value:      0 [ 15,  16] <  9>)
  [15*] (type: 1 value:   2000 [  0,   0] < 14>)
  [16*] (type: 0 value:    120 [  0,   0] < 14>)
  [17*] (type: 1 value:   2000 [  0,   0] < 11>)
  [18*] (type: 0 value:    120 [  0,   0] < 11>)
  [19 ] (type: 0 value:      0 [  0,   0] <  0>)

  memmmap:
  [  0][  1][  2][  3][  4][  5][  6][  7][  8][  9][ 10][ 11][ 12][ 13][ 14][ 15][ 16][ 17][ 18][ 19]
  [  0][  2][  3][  4][  5][  6][  7][  8][  9][ 10][ 12][ 17][ 13][ 11][ 15][ 16][ 17][ 18][ 19][  0]

[2019-12-17|04:33:27]
passed through function [[TreeCopySubTree]]
  hash: 100
  tree capacity: 20
  tree size: 18
  first free element's physical address: 19
  root address: 1
  error: 0 tree is ok

  | &|   val|               &L|  &R|  &par|
  [ 0 ] (type: 0 value:      0 [  0,   0] <  0>)
  [ 1*] (type: 999 value:    999 [  2,   0] <  0>)
  [ 2*] (type: 2 value:      2 [  3,   4] <  1>)
  [ 3*] (type: 1 value:      0 [  0,   0] <  2>)
  [ 4*] (type: 2 value:      3 [  5,   6] <  2>)
  [ 5*] (type: 2 value:      2 [  8,   9] <  4>)
  [ 6*] (type: 3 value:      0 [  7,   0] <  4>)
  [ 7*] (type: 0 value:    120 [  0,   0] <  6>)
  [ 8*] (type: 1 value:   1000 [  0,   0] <  5>)
  [ 9*] (type: 2 value:      0 [ 10,  14] <  5>)
  [10*] (type: 2 value:      0 [ 13,  12] <  9>)
  [11*] (type: 2 value:      0 [ 17,  18] < 13>)
  [12*] (type: 1 value:  -1000 [  0,   0] < 10>)
  [13*] (type: 3 value:      0 [ 11,   0] < 10>)
  [14*] (type: 2 value:      0 [ 15,  16] <  9>)
  [15*] (type: 1 value:   2000 [  0,   0] < 14>)
  [16*] (type: 0 value:    120 [  0,   0] < 14>)
  [17*] (type: 1 value:   2000 [  0,   0] < 11>)
  [18*] (type: 0 value:    120 [  0,   0] < 11>)
  [19 ] (type: 0 value:      0 [  0,   0] <  0>)

  memmmap:
  [  0][  1][  2][  3][  4][  5][  6][  7][  8][  9][ 10][ 11][ 12][ 13][ 14][ 15][ 16][ 17][ 18][ 19]
  [  0][  2][  3][  4][  5][  6][  7][  8][  9][ 10][ 12][ 17][ 13][ 11][ 15][ 16][ 17][ 18][ 19][  0]

[2019-12-17|04:33:27]
passed through function [[TreeCopySubTree]]
  hash: 100
  tree capacity: 20
  tree size: 18
  first free element's physical address: 19
  root address: 1
  error: 0 tree is ok

  | &|   val|               &L|  &R|  &par|
  [ 0 ] (type: 0 value:      0 [  0,   0] <  0>)
  [ 1*] (type: 999 value:    999 [  2,   0] <  0>)
  [ 2*] (type: 2 value:      2 [  3,   4] <  1>)
  [ 3*] (type: 1 value:      0 [  0,   0] <  2>)
  [ 4*] (type: 2 value:      3 [  5,   6] <  2>)
  [ 5*] (type: 2 value:      2 [  8,   9] <  4>)
  [ 6*] (type: 3 value:      0 [  7,   0] <  4>)
  [ 7*] (type: 0 value:    120 [  0,   0] <  6>)
  [ 8*] (type: 1 value:   1000 [  0,   0] <  5>)
  [ 9*] (type: 2 value:      0 [ 10,  14] <  5>)
  [10*] (type: 2 value:      0 [ 13,  12] <  9>)
  [11*] (type: 2 value:      0 [ 17,  18] < 13>)
  [12*] (type: 1 value:  -1000 [  0,   0] < 10>)
  [13*] (type: 3 value:      0 [ 11,   0] < 10>)
  [14*] (type: 2 value:      0 [ 15,  16] <  9>)
  [15*] (type: 1 value:   2000 [  0,   0] < 14>)
  [16*] (type: 0 value:    120 [  0,   0] < 14>)
  [17*] (type: 1 value:   2000 [  0,   0] < 11>)
  [18*] (type: 0 value:    120 [  0,   0] < 11>)
  [19 ] (type: 0 value:      0 [  0,   0] <  0>)

  memmmap:
  [  0][  1][  2][  3][  4][  5][  6][  7][  8][  9][ 10][ 11][ 12][ 13][ 14][ 15][ 16][ 17][ 18][ 19]
  [  0][  2][  3][  4][  5][  6][  7][  8][  9][ 10][ 12][ 17][ 13][ 11][ 15][ 16][ 17][ 18][ 19][  0]

[2019-12-17|04:33:27]
passed through function [[TreeDeleteNode]]
  hash: 100
  tree capacity: 20
  tree size: 17
  first free element's physical address: 7
  root address: 1
  error: 0 tree is ok

  | &|   val|               &L|  &R|  &par|
  [ 0 ] (type: 0 value:      0 [  0,   0] <  0>)
  [ 1*] (type: 999 value:    999 [  2,   0] <  0>)
  [ 2*] (type: 2 value:      2 [  3,   4] <  1>)
  [ 3*] (type: 1 value:      0 [  0,   0] <  2>)
  [ 4*] (type: 2 value:      3 [  5,   6] <  2>)
  [ 5*] (type: 2 value:      2 [  8,   9] <  4>)
  [ 6*] (type: 3 value:      0 [  0,   0] <  4>)
  [ 7 ] (type: 0 value:    120 [  0,   0] <  0>)
  [ 8*] (type: 1 value:   1000 [  0,   0] <  5>)
  [ 9*] (type: 2 value:      0 [ 10,  14] <  5>)
  [10*] (type: 2 value:      0 [ 13,  12] <  9>)
  [11*] (type: 2 value:      0 [ 17,  18] < 13>)
  [12*] (type: 1 value:  -1000 [  0,   0] < 10>)
  [13*] (type: 3 value:      0 [ 11,   0] < 10>)
  [14*] (type: 2 value:      0 [ 15,  16] <  9>)
  [15*] (type: 1 value:   2000 [  0,   0] < 14>)
  [16*] (type: 0 value:    120 [  0,   0] < 14>)
  [17*] (type: 1 value:   2000 [  0,   0] < 11>)
  [18*] (type: 0 value:    120 [  0,   0] < 11>)
  [19 ] (type: 0 value:      0 [  0,   0] <  0>)

  memmmap:
  [  0][  1][  2][  3][  4][  5][  6][  7][  8][  9][ 10][ 11][ 12][ 13][ 14][ 15][ 16][ 17][ 18][ 19]
  [  0][  2][  3][  4][  5][  6][  7][ 19][  9][ 10][ 12][ 17][ 13][ 11][ 15][ 16][ 17][ 18][ 19][  0]

[2019-12-17|04:33:27]
passed through function [[TreeChangeNode]]
  hash: 100
  tree capacity: 20
  tree size: 17
  first free element's physical address: 7
  root address: 1
  error: 0 tree is ok

  | &|   val|               &L|  &R|  &par|
  [ 0 ] (type: 0 value:      0 [  0,   0] <  0>)
  [ 1*] (type: 999 value:    999 [  2,   0] <  0>)
  [ 2*] (type: 2 value:      2 [  3,   4] <  1>)
  [ 3*] (type: 1 value:      0 [  0,   0] <  2>)
  [ 4*] (type: 2 value:      3 [  5,   6] <  2>)
  [ 5*] (type: 2 value:      2 [  8,   9] <  4>)
  [ 6*] (type: 2 value:      0 [  0,   0] <  4>)
  [ 7 ] (type: 0 value:    120 [  0,   0] <  0>)
  [ 8*] (type: 1 value:   1000 [  0,   0] <  5>)
  [ 9*] (type: 2 value:      0 [ 10,  14] <  5>)
  [10*] (type: 2 value:      0 [ 13,  12] <  9>)
  [11*] (type: 2 value:      0 [ 17,  18] < 13>)
  [12*] (type: 1 value:  -1000 [  0,   0] < 10>)
  [13*] (type: 3 value:      0 [ 11,   0] < 10>)
  [14*] (type: 2 value:      0 [ 15,  16] <  9>)
  [15*] (type: 1 value:   2000 [  0,   0] < 14>)
  [16*] (type: 0 value:    120 [  0,   0] < 14>)
  [17*] (type: 1 value:   2000 [  0,   0] < 11>)
  [18*] (type: 0 value:    120 [  0,   0] < 11>)
  [19 ] (type: 0 value:      0 [  0,   0] <  0>)

  memmmap:
  [  0][  1][  2][  3][  4][  5][  6][  7][  8][  9][ 10][ 11][ 12][ 13][ 14][ 15][ 16][ 17][ 18][ 19]
  [  0][  2][  3][  4][  5][  6][  7][ 19][  9][ 10][ 12][ 17][ 13][ 11][ 15][ 16][ 17][ 18][ 19][  0]

[2019-12-17|04:33:27]
passed through function [[TreeInsertNode (inserted)]]
  hash: 100
  tree capacity: 20
  tree size: 18
  first free element's physical address: 19
  root address: 1
  error: 0 tree is ok

  | &|   val|               &L|  &R|  &par|
  [ 0 ] (type: 0 value:      0 [  0,   0] <  0>)
  [ 1*] (type: 999 value:    999 [  2,   0] <  0>)
  [ 2*] (type: 2 value:      2 [  3,   4] <  1>)
  [ 3*] (type: 1 value:      0 [  0,   0] <  2>)
  [ 4*] (type: 2 value:      3 [  5,   6] <  2>)
  [ 5*] (type: 2 value:      2 [  8,   9] <  4>)
  [ 6*] (type: 2 value:      0 [  7,   0] <  4>)
  [ 7*] (type: 3 value:      0 [  0,   0] <  6>)
  [ 8*] (type: 1 value:   1000 [  0,   0] <  5>)
  [ 9*] (type: 2 value:      0 [ 10,  14] <  5>)
  [10*] (type: 2 value:      0 [ 13,  12] <  9>)
  [11*] (type: 2 value:      0 [ 17,  18] < 13>)
  [12*] (type: 1 value:  -1000 [  0,   0] < 10>)
  [13*] (type: 3 value:      0 [ 11,   0] < 10>)
  [14*] (type: 2 value:      0 [ 15,  16] <  9>)
  [15*] (type: 1 value:   2000 [  0,   0] < 14>)
  [16*] (type: 0 value:    120 [  0,   0] < 14>)
  [17*] (type: 1 value:   2000 [  0,   0] < 11>)
  [18*] (type: 0 value:    120 [  0,   0] < 11>)
  [19 ] (type: 0 value:      0 [  0,   0] <  0>)

  memmmap:
  [  0][  1][  2][  3][  4][  5][  6][  7][  8][  9][ 10][ 11][ 12][ 13][ 14][ 15][ 16][ 17][ 18][ 19]
  [  0][  2][  3][  4][  5][  6][  7][ 19][  9][ 10][ 12][ 17][ 13][ 11][ 15][ 16][ 17][ 18][ 19][  0]

[2019-12-17|04:33:27]
passed through function [[TreeResize (extend)]]
  hash: 100
  tree capacity: 40
  tree size: 18
  first free element's physical address: 19
  root address: 1
  error: 0 tree is ok

  | &|   val|               &L|  &R|  &par|
  [ 0 ] (type: 0 value:      0 [  0,   0] <  0>)
  [ 1*] (type: 999 value:    999 [  2,   0] <  0>)
  [ 2*] (type: 2 value:      2 [  3,   4] <  1>)
  [ 3*] (type: 1 value:      0 [  0,   0] <  2>)
  [ 4*] (type: 2 value:      3 [  5,   6] <  2>)
  [ 5*] (type: 2 value:      2 [  8,   9] <  4>)
  [ 6*] (type: 2 value:      0 [  7,   0] <  4>)
  [ 7*] (type: 3 value:      0 [  0,   0] <  6>)
  [ 8*] (type: 1 value:   1000 [  0,   0] <  5>)
  [ 9*] (type: 2 value:      0 [ 10,  14] <  5>)
  [10*] (type: 2 value:      0 [ 13,  12] <  9>)
  [11*] (type: 2 value:      0 [ 17,  18] < 13>)
  [12*] (type: 1 value:  -1000 [  0,   0] < 10>)
  [13*] (type: 3 value:      0 [ 11,   0] < 10>)
  [14*] (type: 2 value:      0 [ 15,  16] <  9>)
  [15*] (type: 1 value:   2000 [  0,   0] < 14>)
  [16*] (type: 0 value:    120 [  0,   0] < 14>)
  [17*] (type: 1 value:   2000 [  0,   0] < 11>)
  [18*] (type: 0 value:    120 [  0,   0] < 11>)
  [19 ] (type: 0 value:      0 [  0,   0] <  0>)
  [20 ] (type: 0 value:      0 [  0,   0] <  0>)
  [21 ] (type: 0 value:      0 [  0,   0] <  0>)
  [22 ] (type: 0 value:      0 [  0,   0] <  0>)
  [23 ] (type: 0 value:      0 [  0,   0] <  0>)
  [24 ] (type: 0 value:      0 [  0,   0] <  0>)
  [25 ] (type: 0 value:      0 [  0,   0] <  0>)
  [26 ] (type: 0 value:      0 [  0,   0] <  0>)
  [27 ] (type: 0 value:      0 [  0,   0] <  0>)
  [28 ] (type: 0 value:      0 [  0,   0] <  0>)
  [29 ] (type: 0 value:      0 [  0,   0] <  0>)
  [30 ] (type: 0 value:      0 [  0,   0] <  0>)
  [31 ] (type: 0 value:      0 [  0,   0] <  0>)
  [32 ] (type: 0 value:      0 [  0,   0] <  0>)
  [33 ] (type: 0 value:      0 [  0,   0] <  0>)
  [34 ] (type: 0 value:      0 [  0,   0] <  0>)
  [35 ] (type: 0 value:      0 [  0,   0] <  0>)
  [36 ] (type: 0 value:      0 [  0,   0] <  0>)
  [37 ] (type: 0 value:      0 [  0,   0] <  0>)
  [38 ] (type: 0 value:      0 [  0,   0] <  0>)
  [39 ] (type: 0 value:      0 [  0,   0] <  0>)

  memmmap:
  [  0][  1][  2][  3][  4][  5][  6][  7][  8][  9][ 10][ 11][ 12][ 13][ 14][ 15][ 16][ 17][ 18][ 19][ 20][ 21][ 22][ 23][ 24][ 25][ 26][ 27][ 28][ 29][ 30][ 31][ 32][ 33][ 34][ 35][ 36][ 37][ 38][ 39]
  [  0][  2][  3][  4][  5][  6][  7][ 19][  9][ 10][ 12][ 17][ 13][ 11][ 15][ 16][ 17][ 18][ 19][ 20][ 21][ 22][ 23][ 24][ 25][ 26][ 27][ 28][ 29][ 30][ 31][ 32][ 33][ 34][ 35][ 36][ 37][ 38][ 39][  0]

[2019-12-17|04:33:27]
passed through function [[TreeInsertNode (inserted)]]
  hash: 100
  tree capacity: 40
  tree size: 19
  first free element's physical address: 20
  root address: 1
  error: 0 tree is ok

  | &|   val|               &L|  &R|  &par|
  [ 0 ] (type: 0 value:      0 [  0,   0] <  0>)
  [ 1*] (type: 999 value:    999 [  2,   0] <  0>)
  [ 2*] (type: 2 value:      2 [  3,   4] <  1>)
  [ 3*] (type: 1 value:      0 [  0,   0] <  2>)
  [ 4*] (type: 2 value:      3 [  5,   6] <  2>)
  [ 5*] (type: 2 value:      2 [  8,   9] <  4>)
  [ 6*] (type: 2 value:      0 [  7,   0] <  4>)
  [ 7*] (type: 3 value:      0 [ 19,   0] <  6>)
  [ 8*] (type: 1 value:   1000 [  0,   0] <  5>)
  [ 9*] (type: 2 value:      0 [ 10,  14] <  5>)
  [10*] (type: 2 value:      0 [ 13,  12] <  9>)
  [11*] (type: 2 value:      0 [ 17,  18] < 13>)
  [12*] (type: 1 value:  -1000 [  0,   0] < 10>)
  [13*] (type: 3 value:      0 [ 11,   0] < 10>)
  [14*] (type: 2 value:      0 [ 15,  16] <  9>)
  [15*] (type: 1 value:   2000 [  0,   0] < 14>)
  [16*] (type: 0 value:    120 [  0,   0] < 14>)
  [17*] (type: 1 value:   2000 [  0,   0] < 11>)
  [18*] (type: 0 value:    120 [  0,   0] < 11>)
  [19*] (type: 0 value:    120 [  0,   0] <  7>)
  [20 ] (type: 0 value:      0 [  0,   0] <  0>)
  [21 ] (type: 0 value:      0 [  0,   0] <  0>)
  [22 ] (type: 0 value:      0 [  0,   0] <  0>)
  [23 ] (type: 0 value:      0 [  0,   0] <  0>)
  [24 ] (type: 0 value:      0 [  0,   0] <  0>)
  [25 ] (type: 0 value:      0 [  0,   0] <  0>)
  [26 ] (type: 0 value:      0 [  0,   0] <  0>)
  [27 ] (type: 0 value:      0 [  0,   0] <  0>)
  [28 ] (type: 0 value:      0 [  0,   0] <  0>)
  [29 ] (type: 0 value:      0 [  0,   0] <  0>)
  [30 ] (type: 0 value:      0 [  0,   0] <  0>)
  [31 ] (type: 0 value:      0 [  0,   0] <  0>)
  [32 ] (type: 0 value:      0 [  0,   0] <  0>)
  [33 ] (type: 0 value:      0 [  0,   0] <  0>)
  [34 ] (type: 0 value:      0 [  0,   0] <  0>)
  [35 ] (type: 0 value:      0 [  0,   0] <  0>)
  [36 ] (type: 0 value:      0 [  0,   0] <  0>)
  [37 ] (type: 0 value:      0 [  0,   0] <  0>)
  [38 ] (type: 0 value:      0 [  0,   0] <  0>)
  [39 ] (type: 0 value:      0 [  0,   0] <  0>)

  memmmap:
  [  0][  1][  2][  3][  4][  5][  6][  7][  8][  9][ 10][ 11][ 12][ 13][ 14][ 15][ 16][ 17][ 18][ 19][ 20][ 21][ 22][ 23][ 24][ 25][ 26][ 27][ 28][ 29][ 30][ 31][ 32][ 33][ 34][ 35][ 36][ 37][ 38][ 39]
  [  0][  2][  3][  4][  5][  6][  7][ 19][  9][ 10][ 12][ 17][ 13][ 11][ 15][ 16][ 17][ 18][ 19][ 20][ 21][ 22][ 23][ 24][ 25][ 26][ 27][ 28][ 29][ 30][ 31][ 32][ 33][ 34][ 35][ 36][ 37][ 38][ 39][  0]

[2019-12-17|04:33:27]
passed through function [[TreeGlueSubtree]]
  hash: 100
  tree capacity: 40
  tree size: 19
  first free element's physical address: 20
  root address: 1
  error: 0 tree is ok

  | &|   val|               &L|  &R|  &par|
  [ 0 ] (type: 0 value:      0 [  0,   0] <  0>)
  [ 1*] (type: 999 value:    999 [  2,   0] <  0>)
  [ 2*] (type: 2 value:      2 [  3,   4] <  1>)
  [ 3*] (type: 1 value:      0 [  0,   0] <  2>)
  [ 4*] (type: 2 value:      3 [  5,   6] <  2>)
  [ 5*] (type: 2 value:      2 [  8,   9] <  4>)
  [ 6*] (type: 2 value:      0 [  7,   0] <  4>)
  [ 7*] (type: 3 value:      0 [ 19,   0] <  6>)
  [ 8*] (type: 1 value:   1000 [  0,   0] <  5>)
  [ 9*] (type: 2 value:      0 [ 10,  14] <  5>)
  [10*] (type: 2 value:      0 [ 13,  12] <  9>)
  [11*] (type: 2 value:      0 [ 17,  18] < 13>)
  [12*] (type: 1 value:  -1000 [  0,   0] < 10>)
  [13*] (type: 3 value:      0 [ 11,   0] < 10>)
  [14*] (type: 2 value:      0 [ 15,  16] <  9>)
  [15*] (type: 1 value:   2000 [  0,   0] < 14>)
  [16*] (type: 0 value:    120 [  0,   0] < 14>)
  [17*] (type: 1 value:   2000 [  0,   0] < 11>)
  [18*] (type: 0 value:    120 [  0,   0] < 11>)
  [19*] (type: 0 value:    120 [  0,   0] <  7>)
  [20 ] (type: 0 value:      0 [  0,   0] <  0>)
  [21 ] (type: 0 value:      0 [  0,   0] <  0>)
  [22 ] (type: 0 value:      0 [  0,   0] <  0>)
  [23 ] (type: 0 value:      0 [  0,   0] <  0>)
  [24 ] (type: 0 value:      0 [  0,   0] <  0>)
  [25 ] (type: 0 value:      0 [  0,   0] <  0>)
  [26 ] (type: 0 value:      0 [  0,   0] <  0>)
  [27 ] (type: 0 value:      0 [  0,   0] <  0>)
  [28 ] (type: 0 value:      0 [  0,   0] <  0>)
  [29 ] (type: 0 value:      0 [  0,   0] <  0>)
  [30 ] (type: 0 value:      0 [  0,   0] <  0>)
  [31 ] (type: 0 value:      0 [  0,   0] <  0>)
  [32 ] (type: 0 value:      0 [  0,   0] <  0>)
  [33 ] (type: 0 value:      0 [  0,   0] <  0>)
  [34 ] (type: 0 value:      0 [  0,   0] <  0>)
  [35 ] (type: 0 value:      0 [  0,   0] <  0>)
  [36 ] (type: 0 value:      0 [  0,   0] <  0>)
  [37 ] (type: 0 value:      0 [  0,   0] <  0>)
  [38 ] (type: 0 value:      0 [  0,   0] <  0>)
  [39 ] (type: 0 value:      0 [  0,   0] <  0>)

  memmmap:
  [  0][  1][  2][  3][  4][  5][  6][  7][  8][  9][ 10][ 11][ 12][ 13][ 14][ 15][ 16][ 17][ 18][ 19][ 20][ 21][ 22][ 23][ 24][ 25][ 26][ 27][ 28][ 29][ 30][ 31][ 32][ 33][ 34][ 35][ 36][ 37][ 38][ 39]
  [  0][  2][  3][  4][  5][  6][  7][ 19][  9][ 10][ 12][ 17][ 13][ 11][ 15][ 16][ 17][ 18][ 19][ 20][ 21][ 22][ 23][ 24][ 25][ 26][ 27][ 28][ 29][ 30][ 31][ 32][ 33][ 34][ 35][ 36][ 37][ 38][ 39][  0]

[2019-12-17|04:33:27]
passed through function [[TreeInsertNode (inserted)]]
  hash: 100
  tree capacity: 40
  tree size: 20
  first free element's physical address: 21
  root address: 1
  error: 0 tree is ok

  | &|   val|               &L|  &R|  &par|
  [ 0 ] (type: 0 value:      0 [  0,   0] <  0>)
  [ 1*] (type: 999 value:    999 [  2,   0] <  0>)
  [ 2*] (type: 2 value:      2 [  3,   4] <  1>)
  [ 3*] (type: 1 value:      0 [  0,   0] <  2>)
  [ 4*] (type: 2 value:      3 [  5,   6] <  2>)
  [ 5*] (type: 2 value:      2 [  8,   9] <  4>)
  [ 6*] (type: 2 value:      0 [  7,  20] <  4>)
  [ 7*] (type: 3 value:      0 [ 19,   0] <  6>)
  [ 8*] (type: 1 value:   1000 [  0,   0] <  5>)
  [ 9*] (type: 2 value:      0 [ 10,  14] <  5>)
  [10*] (type: 2 value:      0 [ 13,  12] <  9>)
  [11*] (type: 2 value:      0 [ 17,  18] < 13>)
  [12*] (type: 1 value:  -1000 [  0,   0] < 10>)
  [13*] (type: 3 value:      0 [ 11,   0] < 10>)
  [14*] (type: 2 value:      0 [ 15,  16] <  9>)
  [15*] (type: 1 value:   2000 [  0,   0] < 14>)
  [16*] (type: 0 value:    120 [  0,   0] < 14>)
  [17*] (type: 1 value:   2000 [  0,   0] < 11>)
  [18*] (type: 0 value:    120 [  0,   0] < 11>)
  [19*] (type: 0 value:    120 [  0,   0] <  7>)
  [20*] (type: 0 value:    120 [  0,   0] <  6>)
  [21 ] (type: 0 value:      0 [  0,   0] <  0>)
  [22 ] (type: 0 value:      0 [  0,   0] <  0>)
  [23 ] (type: 0 value:      0 [  0,   0] <  0>)
  [24 ] (type: 0 value:      0 [  0,   0] <  0>)
  [25 ] (type: 0 value:      0 [  0,   0] <  0>)
  [26 ] (type: 0 value:      0 [  0,   0] <  0>)
  [27 ] (type: 0 value:      0 [  0,   0] <  0>)
  [28 ] (type: 0 value:      0 [  0,   0] <  0>)
  [29 ] (type: 0 value:      0 [  0,   0] <  0>)
  [30 ] (type: 0 value:      0 [  0,   0] <  0>)
  [31 ] (type: 0 value:      0 [  0,   0] <  0>)
  [32 ] (type: 0 value:      0 [  0,   0] <  0>)
  [33 ] (type: 0 value:      0 [  0,   0] <  0>)
  [34 ] (type: 0 value:      0 [  0,   0] <  0>)
  [35 ] (type: 0 value:      0 [  0,   0] <  0>)
  [36 ] (type: 0 value:      0 [  0,   0] <  0>)
  [37 ] (type: 0 value:      0 [  0,   0] <  0>)
  [38 ] (type: 0 value:      0 [  0,   0] <  0>)
  [39 ] (type: 0 value:      0 [  0,   0] <  0>)

  memmmap:
  [  0][  1][  2][  3][  4][  5][  6][  7][  8][  9][ 10][ 11][ 12][ 13][ 14][ 15][ 16][ 17][ 18][ 19][ 20][ 21][ 22][ 23][ 24][ 25][ 26][ 27][ 28][ 29][ 30][ 31][ 32][ 33][ 34][ 35][ 36][ 37][ 38][ 39]
  [  0][  2][  3][  4][  5][  6][  7][ 19][  9][ 10][ 12][ 17][ 13][ 11][ 15][ 16][ 17][ 18][ 19][ 20][ 21][ 22][ 23][ 24][ 25][ 26][ 27][ 28][ 29][ 30][ 31][ 32][ 33][ 34][ 35][ 36][ 37][ 38][ 39][  0]

[2019-12-17|04:33:27]
passed through function [[TreeGlueSubtree]]
  hash: 100
  tree capacity: 40
  tree size: 20
  first free element's physical address: 21
  root address: 1
  error: 0 tree is ok

  | &|   val|               &L|  &R|  &par|
  [ 0 ] (type: 0 value:      0 [  0,   0] <  0>)
  [ 1*] (type: 999 value:    999 [  2,   0] <  0>)
  [ 2*] (type: 2 value:      2 [  3,   4] <  1>)
  [ 3*] (type: 1 value:      0 [  0,   0] <  2>)
  [ 4*] (type: 2 value:      3 [  5,   6] <  2>)
  [ 5*] (type: 2 value:      2 [  8,   9] <  4>)
  [ 6*] (type: 2 value:      0 [  7,  20] <  4>)
  [ 7*] (type: 3 value:      0 [ 19,   0] <  6>)
  [ 8*] (type: 1 value:   1000 [  0,   0] <  5>)
  [ 9*] (type: 2 value:      0 [ 10,  14] <  5>)
  [10*] (type: 2 value:      0 [ 13,  12] <  9>)
  [11*] (type: 2 value:      0 [ 17,  18] < 13>)
  [12*] (type: 1 value:  -1000 [  0,   0] < 10>)
  [13*] (type: 3 value:      0 [ 11,   0] < 10>)
  [14*] (type: 2 value:      0 [ 15,  16] <  9>)
  [15*] (type: 1 value:   2000 [  0,   0] < 14>)
  [16*] (type: 0 value:    120 [  0,   0] < 14>)
  [17*] (type: 1 value:   2000 [  0,   0] < 11>)
  [18*] (type: 0 value:    120 [  0,   0] < 11>)
  [19*] (type: 0 value:    120 [  0,   0] <  7>)
  [20*] (type: 0 value:    120 [  0,   0] <  6>)
  [21 ] (type: 0 value:      0 [  0,   0] <  0>)
  [22 ] (type: 0 value:      0 [  0,   0] <  0>)
  [23 ] (type: 0 value:      0 [  0,   0] <  0>)
  [24 ] (type: 0 value:      0 [  0,   0] <  0>)
  [25 ] (type: 0 value:      0 [  0,   0] <  0>)
  [26 ] (type: 0 value:      0 [  0,   0] <  0>)
  [27 ] (type: 0 value:      0 [  0,   0] <  0>)
  [28 ] (type: 0 value:      0 [  0,   0] <  0>)
  [29 ] (type: 0 value:      0 [  0,   0] <  0>)
  [30 ] (type: 0 value:      0 [  0,   0] <  0>)
  [31 ] (type: 0 value:      0 [  0,   0] <  0>)
  [32 ] (type: 0 value:      0 [  0,   0] <  0>)
  [33 ] (type: 0 value:      0 [  0,   0] <  0>)
  [34 ] (type: 0 value:      0 [  0,   0] <  0>)
  [35 ] (type: 0 value:      0 [  0,   0] <  0>)
  [36 ] (type: 0 value:      0 [  0,   0] <  0>)
  [37 ] (type: 0 value:      0 [  0,   0] <  0>)
  [38 ] (type: 0 value:      0 [  0,   0] <  0>)
  [39 ] (type: 0 value:      0 [  0,   0] <  0>)

  memmmap:
  [  0][  1][  2][  3][  4][  5][  6][  7][  8][  9][ 10][ 11][ 12][ 13][ 14][ 15][ 16][ 17][ 18][ 19][ 20][ 21][ 22][ 23][ 24][ 25][ 26][ 27][ 28][ 29][ 30][ 31][ 32][ 33][ 34][ 35][ 36][ 37][ 38][ 39]
  [  0][  2][  3][  4][  5][  6][  7][ 19][  9][ 10][ 12][ 17][ 13][ 11][ 15][ 16][ 17][ 18][ 19][ 20][ 21][ 22][ 23][ 24][ 25][ 26][ 27][ 28][ 29][ 30][ 31][ 32][ 33][ 34][ 35][ 36][ 37][ 38][ 39][  0]

[2019-12-17|04:33:27]
passed through function [[TreeChangeNode]]
  hash: 100
  tree capacity: 40
  tree size: 20
  first free element's physical address: 21
  root address: 1
  error: 0 tree is ok

  | &|   val|               &L|  &R|  &par|
  [ 0 ] (type: 0 value:      0 [  0,   0] <  0>)
  [ 1*] (type: 999 value:    999 [  2,   0] <  0>)
  [ 2*] (type: 2 value:      2 [  3,   4] <  1>)
  [ 3*] (type: 1 value:      0 [  0,   0] <  2>)
  [ 4*] (type: 2 value:      3 [  5,   6] <  2>)
  [ 5*] (type: 2 value:      2 [  8,   9] <  4>)
  [ 6*] (type: 2 value:      0 [  7,  20] <  4>)
  [ 7*] (type: 3 value:      1 [ 19,   0] <  6>)
  [ 8*] (type: 1 value:   1000 [  0,   0] <  5>)
  [ 9*] (type: 2 value:      0 [ 10,  14] <  5>)
  [10*] (type: 2 value:      0 [ 13,  12] <  9>)
  [11*] (type: 2 value:      0 [ 17,  18] < 13>)
  [12*] (type: 1 value:  -1000 [  0,   0] < 10>)
  [13*] (type: 3 value:      0 [ 11,   0] < 10>)
  [14*] (type: 2 value:      0 [ 15,  16] <  9>)
  [15*] (type: 1 value:   2000 [  0,   0] < 14>)
  [16*] (type: 0 value:    120 [  0,   0] < 14>)
  [17*] (type: 1 value:   2000 [  0,   0] < 11>)
  [18*] (type: 0 value:    120 [  0,   0] < 11>)
  [19*] (type: 0 value:    120 [  0,   0] <  7>)
  [20*] (type: 0 value:    120 [  0,   0] <  6>)
  [21 ] (type: 0 value:      0 [  0,   0] <  0>)
  [22 ] (type: 0 value:      0 [  0,   0] <  0>)
  [23 ] (type: 0 value:      0 [  0,   0] <  0>)
  [24 ] (type: 0 value:      0 [  0,   0] <  0>)
  [25 ] (type: 0 value:      0 [  0,   0] <  0>)
  [26 ] (type: 0 value:      0 [  0,   0] <  0>)
  [27 ] (type: 0 value:      0 [  0,   0] <  0>)
  [28 ] (type: 0 value:      0 [  0,   0] <  0>)
  [29 ] (type: 0 value:      0 [  0,   0] <  0>)
  [30 ] (type: 0 value:      0 [  0,   0] <  0>)
  [31 ] (type: 0 value:      0 [  0,   0] <  0>)
  [32 ] (type: 0 value:      0 [  0,   0] <  0>)
  [33 ] (type: 0 value:      0 [  0,   0] <  0>)
  [34 ] (type: 0 value:      0 [  0,   0] <  0>)
  [35 ] (type: 0 value:      0 [  0,   0] <  0>)
  [36 ] (type: 0 value:      0 [  0,   0] <  0>)
  [37 ] (type: 0 value:      0 [  0,   0] <  0>)
  [38 ] (type: 0 value:      0 [  0,   0] <  0>)
  [39 ] (type: 0 value:      0 [  0,   0] <  0>)

  memmmap:
  [  0][  1][  2][  3][  4][  5][  6][  7][  8][  9][ 10][ 11][ 12][ 13][ 14][ 15][ 16][ 17][ 18][ 19][ 20][ 21][ 22][ 23][ 24][ 25][ 26][ 27][ 28][ 29][ 30][ 31][ 32][ 33][ 34][ 35][ 36][ 37][ 38][ 39]
  [  0][  2][  3][  4][  5][  6][  7][ 19][  9][ 10][ 12][ 17][ 13][ 11][ 15][ 16][ 17][ 18][ 19][ 20][ 21][ 22][ 23][ 24][ 25][ 26][ 27][ 28][ 29][ 30][ 31][ 32][ 33][ 34][ 35][ 36][ 37][ 38][ 39][  0]

[2019-12-17|04:33:27]
passed through function [[TreeChangeNode]]
  hash: 100
  tree capacity: 40
  tree size: 20
  first free element's physical address: 21
  root address: 1
  error: 0 tree is ok

  | &|   val|               &L|  &R|  &par|
  [ 0 ] (type: 0 value:      0 [  0,   0] <  0>)
  [ 1*] (type: 999 value:    999 [  2,   0] <  0>)
  [ 2*] (type: 2 value:      2 [  3,   4] <  1>)
  [ 3*] (type: 1 value:      0 [  0,   0] <  2>)
  [ 4*] (type: 2 value:      3 [  5,   6] <  2>)
  [ 5*] (type: 2 value:      2 [  8,   9] <  4>)
  [ 6*] (type: 2 value:      0 [  7,  20] <  4>)
  [ 7*] (type: 3 value:      1 [ 19,   0] <  6>)
  [ 8*] (type: 1 value:   1000 [  0,   0] <  5>)
  [ 9*] (type: 2 value:      0 [ 10,  14] <  5>)
  [10*] (type: 2 value:      0 [ 13,  12] <  9>)
  [11*] (type: 2 value:      0 [ 17,  18] < 13>)
  [12*] (type: 1 value:  -1000 [  0,   0] < 10>)
  [13*] (type: 3 value:      0 [ 11,   0] < 10>)
  [14*] (type: 2 value:      0 [ 15,  16] <  9>)
  [15*] (type: 1 value:   2000 [  0,   0] < 14>)
  [16*] (type: 0 value:    120 [  0,   0] < 14>)
  [17*] (type: 1 value:   2000 [  0,   0] < 11>)
  [18*] (type: 0 value:    120 [  0,   0] < 11>)
  [19*] (type: 0 value:    120 [  0,   0] <  7>)
  [20*] (type: 1 value:   1000 [  0,   0] <  6>)
  [21 ] (type: 0 value:      0 [  0,   0] <  0>)
  [22 ] (type: 0 value:      0 [  0,   0] <  0>)
  [23 ] (type: 0 value:      0 [  0,   0] <  0>)
  [24 ] (type: 0 value:      0 [  0,   0] <  0>)
  [25 ] (type: 0 value:      0 [  0,   0] <  0>)
  [26 ] (type: 0 value:      0 [  0,   0] <  0>)
  [27 ] (type: 0 value:      0 [  0,   0] <  0>)
  [28 ] (type: 0 value:      0 [  0,   0] <  0>)
  [29 ] (type: 0 value:      0 [  0,   0] <  0>)
  [30 ] (type: 0 value:      0 [  0,   0] <  0>)
  [31 ] (type: 0 value:      0 [  0,   0] <  0>)
  [32 ] (type: 0 value:      0 [  0,   0] <  0>)
  [33 ] (type: 0 value:      0 [  0,   0] <  0>)
  [34 ] (type: 0 value:      0 [  0,   0] <  0>)
  [35 ] (type: 0 value:      0 [  0,   0] <  0>)
  [36 ] (type: 0 value:      0 [  0,   0] <  0>)
  [37 ] (type: 0 value:      0 [  0,   0] <  0>)
  [38 ] (type: 0 value:      0 [  0,   0] <  0>)
  [39 ] (type: 0 value:      0 [  0,   0] <  0>)

  memmmap:
  [  0][  1][  2][  3][  4][  5][  6][  7][  8][  9][ 10][ 11][ 12][ 13][ 14][ 15][ 16][ 17][ 18][ 19][ 20][ 21][ 22][ 23][ 24][ 25][ 26][ 27][ 28][ 29][ 30][ 31][ 32][ 33][ 34][ 35][ 36][ 37][ 38][ 39]
  [  0][  2][  3][  4][  5][  6][  7][ 19][  9][ 10][ 12][ 17][ 13][ 11][ 15][ 16][ 17][ 18][ 19][ 20][ 21][ 22][ 23][ 24][ 25][ 26][ 27][ 28][ 29][ 30][ 31][ 32][ 33][ 34][ 35][ 36][ 37][ 38][ 39][  0]

