[2019-12-17|04:18:24]
passed through function [[TreeInit]]
  hash: 100
  tree capacity: 20
  tree size: 0
  first free element's physical address: 1
  root address: 0
  error: 0 tree is ok

  | &|   val|               &L|  &R|  &par|
  [ 0 ] (type: 0 value:      0 [  0,   0] <  0>)
  [ 1 ] (type: 0 value:      0 [  0,   0] <  0>)
  [ 2 ] (type: 0 value:      0 [  0,   0] <  0>)
  [ 3 ] (type: 0 value:      0 [  0,   0] <  0>)
  [ 4 ] (type: 0 value:      0 [  0,   0] <  0>)
  [ 5 ] (type: 0 value:      0 [  0,   0] <  0>)
  [ 6 ] (type: 0 value:      0 [  0,   0] <  0>)
  [ 7 ] (type: 0 value:      0 [  0,   0] <  0>)
  [ 8 ] (type: 0 value:      0 [  0,   0] <  0>)
  [ 9 ] (type: 0 value:      0 [  0,   0] <  0>)
  [10 ] (type: 0 value:      0 [  0,   0] <  0>)
  [11 ] (type: 0 value:      0 [  0,   0] <  0>)
  [12 ] (type: 0 value:      0 [  0,   0] <  0>)
  [13 ] (type: 0 value:      0 [  0,   0] <  0>)
  [14 ] (type: 0 value:      0 [  0,   0] <  0>)
  [15 ] (type: 0 value:      0 [  0,   0] <  0>)
  [16 ] (type: 0 value:      0 [  0,   0] <  0>)
  [17 ] (type: 0 value:      0 [  0,   0] <  0>)
  [18 ] (type: 0 value:      0 [  0,   0] <  0>)
  [19 ] (type: 0 value:      0 [  0,   0] <  0>)

  memmmap:
  [  0][  1][  2][  3][  4][  5][  6][  7][  8][  9][ 10][ 11][ 12][ 13][ 14][ 15][ 16][ 17][ 18][ 19]
  [  0][  2][  3][  4][  5][  6][  7][  8][  9][ 10][ 11][ 12][ 13][ 14][ 15][ 16][ 17][ 18][ 19][  0]

[2019-12-17|04:18:24]
passed through function [[TreeInsertNode (root added)]]
  hash: 100
  tree capacity: 20
  tree size: 1
  first free element's physical address: 2
  root address: 1
  error: 0 tree is ok

  | &|   val|               &L|  &R|  &par|
  [ 0 ] (type: 0 value:      0 [  0,   0] <  0>)
  [ 1*] (type: 999 value:    999 [  0,   0] <  0>)
  [ 2 ] (type: 0 value:      0 [  0,   0] <  0>)
  [ 3 ] (type: 0 value:      0 [  0,   0] <  0>)
  [ 4 ] (type: 0 value:      0 [  0,   0] <  0>)
  [ 5 ] (type: 0 value:      0 [  0,   0] <  0>)
  [ 6 ] (type: 0 value:      0 [  0,   0] <  0>)
  [ 7 ] (type: 0 value:      0 [  0,   0] <  0>)
  [ 8 ] (type: 0 value:      0 [  0,   0] <  0>)
  [ 9 ] (type: 0 value:      0 [  0,   0] <  0>)
  [10 ] (type: 0 value:      0 [  0,   0] <  0>)
  [11 ] (type: 0 value:      0 [  0,   0] <  0>)
  [12 ] (type: 0 value:      0 [  0,   0] <  0>)
  [13 ] (type: 0 value:      0 [  0,   0] <  0>)
  [14 ] (type: 0 value:      0 [  0,   0] <  0>)
  [15 ] (type: 0 value:      0 [  0,   0] <  0>)
  [16 ] (type: 0 value:      0 [  0,   0] <  0>)
  [17 ] (type: 0 value:      0 [  0,   0] <  0>)
  [18 ] (type: 0 value:      0 [  0,   0] <  0>)
  [19 ] (type: 0 value:      0 [  0,   0] <  0>)

  memmmap:
  [  0][  1][  2][  3][  4][  5][  6][  7][  8][  9][ 10][ 11][ 12][ 13][ 14][ 15][ 16][ 17][ 18][ 19]
  [  0][  2][  3][  4][  5][  6][  7][  8][  9][ 10][ 11][ 12][ 13][ 14][ 15][ 16][ 17][ 18][ 19][  0]

[2019-12-17|04:18:24]
passed through function [[TreeInsertNode (inserted)]]
  hash: 100
  tree capacity: 20
  tree size: 2
  first free element's physical address: 3
  root address: 1
  error: 0 tree is ok

  | &|   val|               &L|  &R|  &par|
  [ 0 ] (type: 0 value:      0 [  0,   0] <  0>)
  [ 1*] (type: 999 value:    999 [  2,   0] <  0>)
  [ 2*] (type: 3 value:      0 [  0,   0] <  1>)
  [ 3 ] (type: 0 value:      0 [  0,   0] <  0>)
  [ 4 ] (type: 0 value:      0 [  0,   0] <  0>)
  [ 5 ] (type: 0 value:      0 [  0,   0] <  0>)
  [ 6 ] (type: 0 value:      0 [  0,   0] <  0>)
  [ 7 ] (type: 0 value:      0 [  0,   0] <  0>)
  [ 8 ] (type: 0 value:      0 [  0,   0] <  0>)
  [ 9 ] (type: 0 value:      0 [  0,   0] <  0>)
  [10 ] (type: 0 value:      0 [  0,   0] <  0>)
  [11 ] (type: 0 value:      0 [  0,   0] <  0>)
  [12 ] (type: 0 value:      0 [  0,   0] <  0>)
  [13 ] (type: 0 value:      0 [  0,   0] <  0>)
  [14 ] (type: 0 value:      0 [  0,   0] <  0>)
  [15 ] (type: 0 value:      0 [  0,   0] <  0>)
  [16 ] (type: 0 value:      0 [  0,   0] <  0>)
  [17 ] (type: 0 value:      0 [  0,   0] <  0>)
  [18 ] (type: 0 value:      0 [  0,   0] <  0>)
  [19 ] (type: 0 value:      0 [  0,   0] <  0>)

  memmmap:
  [  0][  1][  2][  3][  4][  5][  6][  7][  8][  9][ 10][ 11][ 12][ 13][ 14][ 15][ 16][ 17][ 18][ 19]
  [  0][  2][  3][  4][  5][  6][  7][  8][  9][ 10][ 11][ 12][ 13][ 14][ 15][ 16][ 17][ 18][ 19][  0]

[2019-12-17|04:18:24]
passed through function [[TreeInsertNode (inserted)]]
  hash: 100
  tree capacity: 20
  tree size: 3
  first free element's physical address: 4
  root address: 1
  error: 0 tree is ok

  | &|   val|               &L|  &R|  &par|
  [ 0 ] (type: 0 value:      0 [  0,   0] <  0>)
  [ 1*] (type: 999 value:    999 [  2,   0] <  0>)
  [ 2*] (type: 3 value:      0 [  3,   0] <  1>)
  [ 3*] (type: 0 value:    120 [  0,   0] <  2>)
  [ 4 ] (type: 0 value:      0 [  0,   0] <  0>)
  [ 5 ] (type: 0 value:      0 [  0,   0] <  0>)
  [ 6 ] (type: 0 value:      0 [  0,   0] <  0>)
  [ 7 ] (type: 0 value:      0 [  0,   0] <  0>)
  [ 8 ] (type: 0 value:      0 [  0,   0] <  0>)
  [ 9 ] (type: 0 value:      0 [  0,   0] <  0>)
  [10 ] (type: 0 value:      0 [  0,   0] <  0>)
  [11 ] (type: 0 value:      0 [  0,   0] <  0>)
  [12 ] (type: 0 value:      0 [  0,   0] <  0>)
  [13 ] (type: 0 value:      0 [  0,   0] <  0>)
  [14 ] (type: 0 value:      0 [  0,   0] <  0>)
  [15 ] (type: 0 value:      0 [  0,   0] <  0>)
  [16 ] (type: 0 value:      0 [  0,   0] <  0>)
  [17 ] (type: 0 value:      0 [  0,   0] <  0>)
  [18 ] (type: 0 value:      0 [  0,   0] <  0>)
  [19 ] (type: 0 value:      0 [  0,   0] <  0>)

  memmmap:
  [  0][  1][  2][  3][  4][  5][  6][  7][  8][  9][ 10][ 11][ 12][ 13][ 14][ 15][ 16][ 17][ 18][ 19]
  [  0][  2][  3][  4][  5][  6][  7][  8][  9][ 10][ 11][ 12][ 13][ 14][ 15][ 16][ 17][ 18][ 19][  0]

[2019-12-17|04:18:24]
passed through function [[TreeCopySubTree]]
  hash: 100
  tree capacity: 20
  tree size: 3
  first free element's physical address: 4
  root address: 1
  error: 0 tree is ok

  | &|   val|               &L|  &R|  &par|
  [ 0 ] (type: 0 value:      0 [  0,   0] <  0>)
  [ 1*] (type: 999 value:    999 [  2,   0] <  0>)
  [ 2*] (type: 3 value:      0 [  3,   0] <  1>)
  [ 3*] (type: 0 value:    120 [  0,   0] <  2>)
  [ 4 ] (type: 0 value:      0 [  0,   0] <  0>)
  [ 5 ] (type: 0 value:      0 [  0,   0] <  0>)
  [ 6 ] (type: 0 value:      0 [  0,   0] <  0>)
  [ 7 ] (type: 0 value:      0 [  0,   0] <  0>)
  [ 8 ] (type: 0 value:      0 [  0,   0] <  0>)
  [ 9 ] (type: 0 value:      0 [  0,   0] <  0>)
  [10 ] (type: 0 value:      0 [  0,   0] <  0>)
  [11 ] (type: 0 value:      0 [  0,   0] <  0>)
  [12 ] (type: 0 value:      0 [  0,   0] <  0>)
  [13 ] (type: 0 value:      0 [  0,   0] <  0>)
  [14 ] (type: 0 value:      0 [  0,   0] <  0>)
  [15 ] (type: 0 value:      0 [  0,   0] <  0>)
  [16 ] (type: 0 value:      0 [  0,   0] <  0>)
  [17 ] (type: 0 value:      0 [  0,   0] <  0>)
  [18 ] (type: 0 value:      0 [  0,   0] <  0>)
  [19 ] (type: 0 value:      0 [  0,   0] <  0>)

  memmmap:
  [  0][  1][  2][  3][  4][  5][  6][  7][  8][  9][ 10][ 11][ 12][ 13][ 14][ 15][ 16][ 17][ 18][ 19]
  [  0][  2][  3][  4][  5][  6][  7][  8][  9][ 10][ 11][ 12][ 13][ 14][ 15][ 16][ 17][ 18][ 19][  0]

[2019-12-17|04:18:24]
passed through function [[TreeDeleteNode]]
  hash: 100
  tree capacity: 20
  tree size: 2
  first free element's physical address: 3
  root address: 1
  error: 0 tree is ok

  | &|   val|               &L|  &R|  &par|
  [ 0 ] (type: 0 value:      0 [  0,   0] <  0>)
  [ 1*] (type: 999 value:    999 [  2,   0] <  0>)
  [ 2*] (type: 3 value:      0 [  0,   0] <  1>)
  [ 3 ] (type: 0 value:    120 [  0,   0] <  0>)
  [ 4 ] (type: 0 value:      0 [  0,   0] <  0>)
  [ 5 ] (type: 0 value:      0 [  0,   0] <  0>)
  [ 6 ] (type: 0 value:      0 [  0,   0] <  0>)
  [ 7 ] (type: 0 value:      0 [  0,   0] <  0>)
  [ 8 ] (type: 0 value:      0 [  0,   0] <  0>)
  [ 9 ] (type: 0 value:      0 [  0,   0] <  0>)
  [10 ] (type: 0 value:      0 [  0,   0] <  0>)
  [11 ] (type: 0 value:      0 [  0,   0] <  0>)
  [12 ] (type: 0 value:      0 [  0,   0] <  0>)
  [13 ] (type: 0 value:      0 [  0,   0] <  0>)
  [14 ] (type: 0 value:      0 [  0,   0] <  0>)
  [15 ] (type: 0 value:      0 [  0,   0] <  0>)
  [16 ] (type: 0 value:      0 [  0,   0] <  0>)
  [17 ] (type: 0 value:      0 [  0,   0] <  0>)
  [18 ] (type: 0 value:      0 [  0,   0] <  0>)
  [19 ] (type: 0 value:      0 [  0,   0] <  0>)

  memmmap:
  [  0][  1][  2][  3][  4][  5][  6][  7][  8][  9][ 10][ 11][ 12][ 13][ 14][ 15][ 16][ 17][ 18][ 19]
  [  0][  2][  3][  4][  5][  6][  7][  8][  9][ 10][ 11][ 12][ 13][ 14][ 15][ 16][ 17][ 18][ 19][  0]

[2019-12-17|04:18:24]
passed through function [[TreeChangeNode]]
  hash: 100
  tree capacity: 20
  tree size: 2
  first free element's physical address: 3
  root address: 1
  error: 0 tree is ok

  | &|   val|               &L|  &R|  &par|
  [ 0 ] (type: 0 value:      0 [  0,   0] <  0>)
  [ 1*] (type: 999 value:    999 [  2,   0] <  0>)
  [ 2*] (type: 2 value:      2 [  0,   0] <  1>)
  [ 3 ] (type: 0 value:    120 [  0,   0] <  0>)
  [ 4 ] (type: 0 value:      0 [  0,   0] <  0>)
  [ 5 ] (type: 0 value:      0 [  0,   0] <  0>)
  [ 6 ] (type: 0 value:      0 [  0,   0] <  0>)
  [ 7 ] (type: 0 value:      0 [  0,   0] <  0>)
  [ 8 ] (type: 0 value:      0 [  0,   0] <  0>)
  [ 9 ] (type: 0 value:      0 [  0,   0] <  0>)
  [10 ] (type: 0 value:      0 [  0,   0] <  0>)
  [11 ] (type: 0 value:      0 [  0,   0] <  0>)
  [12 ] (type: 0 value:      0 [  0,   0] <  0>)
  [13 ] (type: 0 value:      0 [  0,   0] <  0>)
  [14 ] (type: 0 value:      0 [  0,   0] <  0>)
  [15 ] (type: 0 value:      0 [  0,   0] <  0>)
  [16 ] (type: 0 value:      0 [  0,   0] <  0>)
  [17 ] (type: 0 value:      0 [  0,   0] <  0>)
  [18 ] (type: 0 value:      0 [  0,   0] <  0>)
  [19 ] (type: 0 value:      0 [  0,   0] <  0>)

  memmmap:
  [  0][  1][  2][  3][  4][  5][  6][  7][  8][  9][ 10][ 11][ 12][ 13][ 14][ 15][ 16][ 17][ 18][ 19]
  [  0][  2][  3][  4][  5][  6][  7][  8][  9][ 10][ 11][ 12][ 13][ 14][ 15][ 16][ 17][ 18][ 19][  0]

[2019-12-17|04:18:24]
passed through function [[TreeInsertNode (inserted)]]
  hash: 100
  tree capacity: 20
  tree size: 3
  first free element's physical address: 4
  root address: 1
  error: 0 tree is ok

  | &|   val|               &L|  &R|  &par|
  [ 0 ] (type: 0 value:      0 [  0,   0] <  0>)
  [ 1*] (type: 999 value:    999 [  2,   0] <  0>)
  [ 2*] (type: 2 value:      2 [  3,   0] <  1>)
  [ 3*] (type: 3 value:      0 [  0,   0] <  2>)
  [ 4 ] (type: 0 value:      0 [  0,   0] <  0>)
  [ 5 ] (type: 0 value:      0 [  0,   0] <  0>)
  [ 6 ] (type: 0 value:      0 [  0,   0] <  0>)
  [ 7 ] (type: 0 value:      0 [  0,   0] <  0>)
  [ 8 ] (type: 0 value:      0 [  0,   0] <  0>)
  [ 9 ] (type: 0 value:      0 [  0,   0] <  0>)
  [10 ] (type: 0 value:      0 [  0,   0] <  0>)
  [11 ] (type: 0 value:      0 [  0,   0] <  0>)
  [12 ] (type: 0 value:      0 [  0,   0] <  0>)
  [13 ] (type: 0 value:      0 [  0,   0] <  0>)
  [14 ] (type: 0 value:      0 [  0,   0] <  0>)
  [15 ] (type: 0 value:      0 [  0,   0] <  0>)
  [16 ] (type: 0 value:      0 [  0,   0] <  0>)
  [17 ] (type: 0 value:      0 [  0,   0] <  0>)
  [18 ] (type: 0 value:      0 [  0,   0] <  0>)
  [19 ] (type: 0 value:      0 [  0,   0] <  0>)

  memmmap:
  [  0][  1][  2][  3][  4][  5][  6][  7][  8][  9][ 10][ 11][ 12][ 13][ 14][ 15][ 16][ 17][ 18][ 19]
  [  0][  2][  3][  4][  5][  6][  7][  8][  9][ 10][ 11][ 12][ 13][ 14][ 15][ 16][ 17][ 18][ 19][  0]

[2019-12-17|04:18:24]
passed through function [[TreeInsertNode (inserted)]]
  hash: 100
  tree capacity: 20
  tree size: 4
  first free element's physical address: 5
  root address: 1
  error: 0 tree is ok

  | &|   val|               &L|  &R|  &par|
  [ 0 ] (type: 0 value:      0 [  0,   0] <  0>)
  [ 1*] (type: 999 value:    999 [  2,   0] <  0>)
  [ 2*] (type: 2 value:      2 [  3,   0] <  1>)
  [ 3*] (type: 3 value:      0 [  4,   0] <  2>)
  [ 4*] (type: 0 value:    120 [  0,   0] <  3>)
  [ 5 ] (type: 0 value:      0 [  0,   0] <  0>)
  [ 6 ] (type: 0 value:      0 [  0,   0] <  0>)
  [ 7 ] (type: 0 value:      0 [  0,   0] <  0>)
  [ 8 ] (type: 0 value:      0 [  0,   0] <  0>)
  [ 9 ] (type: 0 value:      0 [  0,   0] <  0>)
  [10 ] (type: 0 value:      0 [  0,   0] <  0>)
  [11 ] (type: 0 value:      0 [  0,   0] <  0>)
  [12 ] (type: 0 value:      0 [  0,   0] <  0>)
  [13 ] (type: 0 value:      0 [  0,   0] <  0>)
  [14 ] (type: 0 value:      0 [  0,   0] <  0>)
  [15 ] (type: 0 value:      0 [  0,   0] <  0>)
  [16 ] (type: 0 value:      0 [  0,   0] <  0>)
  [17 ] (type: 0 value:      0 [  0,   0] <  0>)
  [18 ] (type: 0 value:      0 [  0,   0] <  0>)
  [19 ] (type: 0 value:      0 [  0,   0] <  0>)

  memmmap:
  [  0][  1][  2][  3][  4][  5][  6][  7][  8][  9][ 10][ 11][ 12][ 13][ 14][ 15][ 16][ 17][ 18][ 19]
  [  0][  2][  3][  4][  5][  6][  7][  8][  9][ 10][ 11][ 12][ 13][ 14][ 15][ 16][ 17][ 18][ 19][  0]

[2019-12-17|04:18:24]
passed through function [[TreeGlueSubtree]]
  hash: 100
  tree capacity: 20
  tree size: 4
  first free element's physical address: 5
  root address: 1
  error: 0 tree is ok

  | &|   val|               &L|  &R|  &par|
  [ 0 ] (type: 0 value:      0 [  0,   0] <  0>)
  [ 1*] (type: 999 value:    999 [  2,   0] <  0>)
  [ 2*] (type: 2 value:      2 [  3,   0] <  1>)
  [ 3*] (type: 3 value:      0 [  4,   0] <  2>)
  [ 4*] (type: 0 value:    120 [  0,   0] <  3>)
  [ 5 ] (type: 0 value:      0 [  0,   0] <  0>)
  [ 6 ] (type: 0 value:      0 [  0,   0] <  0>)
  [ 7 ] (type: 0 value:      0 [  0,   0] <  0>)
  [ 8 ] (type: 0 value:      0 [  0,   0] <  0>)
  [ 9 ] (type: 0 value:      0 [  0,   0] <  0>)
  [10 ] (type: 0 value:      0 [  0,   0] <  0>)
  [11 ] (type: 0 value:      0 [  0,   0] <  0>)
  [12 ] (type: 0 value:      0 [  0,   0] <  0>)
  [13 ] (type: 0 value:      0 [  0,   0] <  0>)
  [14 ] (type: 0 value:      0 [  0,   0] <  0>)
  [15 ] (type: 0 value:      0 [  0,   0] <  0>)
  [16 ] (type: 0 value:      0 [  0,   0] <  0>)
  [17 ] (type: 0 value:      0 [  0,   0] <  0>)
  [18 ] (type: 0 value:      0 [  0,   0] <  0>)
  [19 ] (type: 0 value:      0 [  0,   0] <  0>)

  memmmap:
  [  0][  1][  2][  3][  4][  5][  6][  7][  8][  9][ 10][ 11][ 12][ 13][ 14][ 15][ 16][ 17][ 18][ 19]
  [  0][  2][  3][  4][  5][  6][  7][  8][  9][ 10][ 11][ 12][ 13][ 14][ 15][ 16][ 17][ 18][ 19][  0]

[2019-12-17|04:18:24]
passed through function [[TreeInsertNode (inserted)]]
  hash: 100
  tree capacity: 20
  tree size: 5
  first free element's physical address: 6
  root address: 1
  error: 0 tree is ok

  | &|   val|               &L|  &R|  &par|
  [ 0 ] (type: 0 value:      0 [  0,   0] <  0>)
  [ 1*] (type: 999 value:    999 [  2,   0] <  0>)
  [ 2*] (type: 2 value:      2 [  3,   5] <  1>)
  [ 3*] (type: 3 value:      0 [  4,   0] <  2>)
  [ 4*] (type: 0 value:    120 [  0,   0] <  3>)
  [ 5*] (type: 1 value:   1000 [  0,   0] <  2>)
  [ 6 ] (type: 0 value:      0 [  0,   0] <  0>)
  [ 7 ] (type: 0 value:      0 [  0,   0] <  0>)
  [ 8 ] (type: 0 value:      0 [  0,   0] <  0>)
  [ 9 ] (type: 0 value:      0 [  0,   0] <  0>)
  [10 ] (type: 0 value:      0 [  0,   0] <  0>)
  [11 ] (type: 0 value:      0 [  0,   0] <  0>)
  [12 ] (type: 0 value:      0 [  0,   0] <  0>)
  [13 ] (type: 0 value:      0 [  0,   0] <  0>)
  [14 ] (type: 0 value:      0 [  0,   0] <  0>)
  [15 ] (type: 0 value:      0 [  0,   0] <  0>)
  [16 ] (type: 0 value:      0 [  0,   0] <  0>)
  [17 ] (type: 0 value:      0 [  0,   0] <  0>)
  [18 ] (type: 0 value:      0 [  0,   0] <  0>)
  [19 ] (type: 0 value:      0 [  0,   0] <  0>)

  memmmap:
  [  0][  1][  2][  3][  4][  5][  6][  7][  8][  9][ 10][ 11][ 12][ 13][ 14][ 15][ 16][ 17][ 18][ 19]
  [  0][  2][  3][  4][  5][  6][  7][  8][  9][ 10][ 11][ 12][ 13][ 14][ 15][ 16][ 17][ 18][ 19][  0]

