[2019-12-09|16:33:18]
passed through function [[TreeInit]]
  hash: 100
  tree capacity: 20
  tree size: 0
  first free element's physical address: 1
  root address: 0
  error: 0 tree is ok

  |  &|                              val| &L| &R|  &par|
  [ 0 ] (                               [  0,  0] <  0>)
  [ 1 ] (                               [  0,  0] <  0>)
  [ 2 ] (                               [  0,  0] <  0>)
  [ 3 ] (                               [  0,  0] <  0>)
  [ 4 ] (                               [  0,  0] <  0>)
  [ 5 ] (                               [  0,  0] <  0>)
  [ 6 ] (                               [  0,  0] <  0>)
  [ 7 ] (                               [  0,  0] <  0>)
  [ 8 ] (                               [  0,  0] <  0>)
  [ 9 ] (                               [  0,  0] <  0>)
  [10 ] (                               [  0,  0] <  0>)
  [11 ] (                               [  0,  0] <  0>)
  [12 ] (                               [  0,  0] <  0>)
  [13 ] (                               [  0,  0] <  0>)
  [14 ] (                               [  0,  0] <  0>)
  [15 ] (                               [  0,  0] <  0>)
  [16 ] (                               [  0,  0] <  0>)
  [17 ] (                               [  0,  0] <  0>)
  [18 ] (                               [  0,  0] <  0>)
  [19 ] (                               [  0,  0] <  0>)

  memmmap:
  [  0][  1][  2][  3][  4][  5][  6][  7][  8][  9][ 10][ 11][ 12][ 13][ 14][ 15][ 16][ 17][ 18][ 19]
  [  0][  2][  3][  4][  5][  6][  7][  8][  9][ 10][ 11][ 12][ 13][ 14][ 15][ 16][ 17][ 18][ 19][  0]

[2019-12-09|16:33:18]
passed through function [[TreeInsertNode (root added)]]
  hash: 100
  tree capacity: 20
  tree size: 1
  first free element's physical address: 2
  root address: 1
  error: 0 tree is ok

  |  &|                              val| &L| &R|  &par|
  [ 0 ] (                               [  0,  0] <  0>)
  [ 1*] (                      it flies [  0,  0] <  0>)
  [ 2 ] (                               [  0,  0] <  0>)
  [ 3 ] (                               [  0,  0] <  0>)
  [ 4 ] (                               [  0,  0] <  0>)
  [ 5 ] (                               [  0,  0] <  0>)
  [ 6 ] (                               [  0,  0] <  0>)
  [ 7 ] (                               [  0,  0] <  0>)
  [ 8 ] (                               [  0,  0] <  0>)
  [ 9 ] (                               [  0,  0] <  0>)
  [10 ] (                               [  0,  0] <  0>)
  [11 ] (                               [  0,  0] <  0>)
  [12 ] (                               [  0,  0] <  0>)
  [13 ] (                               [  0,  0] <  0>)
  [14 ] (                               [  0,  0] <  0>)
  [15 ] (                               [  0,  0] <  0>)
  [16 ] (                               [  0,  0] <  0>)
  [17 ] (                               [  0,  0] <  0>)
  [18 ] (                               [  0,  0] <  0>)
  [19 ] (                               [  0,  0] <  0>)

  memmmap:
  [  0][  1][  2][  3][  4][  5][  6][  7][  8][  9][ 10][ 11][ 12][ 13][ 14][ 15][ 16][ 17][ 18][ 19]
  [  0][  2][  3][  4][  5][  6][  7][  8][  9][ 10][ 11][ 12][ 13][ 14][ 15][ 16][ 17][ 18][ 19][  0]

[2019-12-09|16:33:18]
passed through function [[TreeInsertNode (inserted)]]
  hash: 100
  tree capacity: 20
  tree size: 2
  first free element's physical address: 3
  root address: 1
  error: 0 tree is ok

  |  &|                              val| &L| &R|  &par|
  [ 0 ] (                               [  0,  0] <  0>)
  [ 1*] (                      it flies [  2,  0] <  0>)
  [ 2*] (                it's not alive [  0,  0] <  1>)
  [ 3 ] (                               [  0,  0] <  0>)
  [ 4 ] (                               [  0,  0] <  0>)
  [ 5 ] (                               [  0,  0] <  0>)
  [ 6 ] (                               [  0,  0] <  0>)
  [ 7 ] (                               [  0,  0] <  0>)
  [ 8 ] (                               [  0,  0] <  0>)
  [ 9 ] (                               [  0,  0] <  0>)
  [10 ] (                               [  0,  0] <  0>)
  [11 ] (                               [  0,  0] <  0>)
  [12 ] (                               [  0,  0] <  0>)
  [13 ] (                               [  0,  0] <  0>)
  [14 ] (                               [  0,  0] <  0>)
  [15 ] (                               [  0,  0] <  0>)
  [16 ] (                               [  0,  0] <  0>)
  [17 ] (                               [  0,  0] <  0>)
  [18 ] (                               [  0,  0] <  0>)
  [19 ] (                               [  0,  0] <  0>)

  memmmap:
  [  0][  1][  2][  3][  4][  5][  6][  7][  8][  9][ 10][ 11][ 12][ 13][ 14][ 15][ 16][ 17][ 18][ 19]
  [  0][  2][  3][  4][  5][  6][  7][  8][  9][ 10][ 11][ 12][ 13][ 14][ 15][ 16][ 17][ 18][ 19][  0]

[2019-12-09|16:33:18]
passed through function [[TreeInsertNode (inserted)]]
  hash: 100
  tree capacity: 20
  tree size: 3
  first free element's physical address: 4
  root address: 1
  error: 0 tree is ok

  |  &|                              val| &L| &R|  &par|
  [ 0 ] (                               [  0,  0] <  0>)
  [ 1*] (                      it flies [  2,  0] <  0>)
  [ 2*] (                it's not alive [  3,  0] <  1>)
  [ 3*] (         it is filled with gas [  0,  0] <  2>)
  [ 4 ] (                               [  0,  0] <  0>)
  [ 5 ] (                               [  0,  0] <  0>)
  [ 6 ] (                               [  0,  0] <  0>)
  [ 7 ] (                               [  0,  0] <  0>)
  [ 8 ] (                               [  0,  0] <  0>)
  [ 9 ] (                               [  0,  0] <  0>)
  [10 ] (                               [  0,  0] <  0>)
  [11 ] (                               [  0,  0] <  0>)
  [12 ] (                               [  0,  0] <  0>)
  [13 ] (                               [  0,  0] <  0>)
  [14 ] (                               [  0,  0] <  0>)
  [15 ] (                               [  0,  0] <  0>)
  [16 ] (                               [  0,  0] <  0>)
  [17 ] (                               [  0,  0] <  0>)
  [18 ] (                               [  0,  0] <  0>)
  [19 ] (                               [  0,  0] <  0>)

  memmmap:
  [  0][  1][  2][  3][  4][  5][  6][  7][  8][  9][ 10][ 11][ 12][ 13][ 14][ 15][ 16][ 17][ 18][ 19]
  [  0][  2][  3][  4][  5][  6][  7][  8][  9][ 10][ 11][ 12][ 13][ 14][ 15][ 16][ 17][ 18][ 19][  0]

[2019-12-09|16:33:18]
passed through function [[TreeInsertNode (inserted)]]
  hash: 100
  tree capacity: 20
  tree size: 4
  first free element's physical address: 5
  root address: 1
  error: 0 tree is ok

  |  &|                              val| &L| &R|  &par|
  [ 0 ] (                               [  0,  0] <  0>)
  [ 1*] (                      it flies [  2,  0] <  0>)
  [ 2*] (                it's not alive [  3,  0] <  1>)
  [ 3*] (         it is filled with gas [  4,  0] <  2>)
  [ 4*] (                      pepelatz [  0,  0] <  3>)
  [ 5 ] (                               [  0,  0] <  0>)
  [ 6 ] (                               [  0,  0] <  0>)
  [ 7 ] (                               [  0,  0] <  0>)
  [ 8 ] (                               [  0,  0] <  0>)
  [ 9 ] (                               [  0,  0] <  0>)
  [10 ] (                               [  0,  0] <  0>)
  [11 ] (                               [  0,  0] <  0>)
  [12 ] (                               [  0,  0] <  0>)
  [13 ] (                               [  0,  0] <  0>)
  [14 ] (                               [  0,  0] <  0>)
  [15 ] (                               [  0,  0] <  0>)
  [16 ] (                               [  0,  0] <  0>)
  [17 ] (                               [  0,  0] <  0>)
  [18 ] (                               [  0,  0] <  0>)
  [19 ] (                               [  0,  0] <  0>)

  memmmap:
  [  0][  1][  2][  3][  4][  5][  6][  7][  8][  9][ 10][ 11][ 12][ 13][ 14][ 15][ 16][ 17][ 18][ 19]
  [  0][  2][  3][  4][  5][  6][  7][  8][  9][ 10][ 11][ 12][ 13][ 14][ 15][ 16][ 17][ 18][ 19][  0]

[2019-12-09|16:33:18]
passed through function [[TreeInsertNode (inserted)]]
  hash: 100
  tree capacity: 20
  tree size: 5
  first free element's physical address: 6
  root address: 1
  error: 0 tree is ok

  |  &|                              val| &L| &R|  &par|
  [ 0 ] (                               [  0,  0] <  0>)
  [ 1*] (                      it flies [  2,  0] <  0>)
  [ 2*] (                it's not alive [  3,  0] <  1>)
  [ 3*] (         it is filled with gas [  4,  5] <  2>)
  [ 4*] (                      pepelatz [  0,  0] <  3>)
  [ 5*] (                         plane [  0,  0] <  3>)
  [ 6 ] (                               [  0,  0] <  0>)
  [ 7 ] (                               [  0,  0] <  0>)
  [ 8 ] (                               [  0,  0] <  0>)
  [ 9 ] (                               [  0,  0] <  0>)
  [10 ] (                               [  0,  0] <  0>)
  [11 ] (                               [  0,  0] <  0>)
  [12 ] (                               [  0,  0] <  0>)
  [13 ] (                               [  0,  0] <  0>)
  [14 ] (                               [  0,  0] <  0>)
  [15 ] (                               [  0,  0] <  0>)
  [16 ] (                               [  0,  0] <  0>)
  [17 ] (                               [  0,  0] <  0>)
  [18 ] (                               [  0,  0] <  0>)
  [19 ] (                               [  0,  0] <  0>)

  memmmap:
  [  0][  1][  2][  3][  4][  5][  6][  7][  8][  9][ 10][ 11][ 12][ 13][ 14][ 15][ 16][ 17][ 18][ 19]
  [  0][  2][  3][  4][  5][  6][  7][  8][  9][ 10][ 11][ 12][ 13][ 14][ 15][ 16][ 17][ 18][ 19][  0]

[2019-12-09|16:33:18]
passed through function [[TreeInsertNode (inserted)]]
  hash: 100
  tree capacity: 20
  tree size: 6
  first free element's physical address: 7
  root address: 1
  error: 0 tree is ok

  |  &|                              val| &L| &R|  &par|
  [ 0 ] (                               [  0,  0] <  0>)
  [ 1*] (                      it flies [  2,  0] <  0>)
  [ 2*] (                it's not alive [  3,  6] <  1>)
  [ 3*] (         it is filled with gas [  4,  5] <  2>)
  [ 4*] (                      pepelatz [  0,  0] <  3>)
  [ 5*] (                         plane [  0,  0] <  3>)
  [ 6*] (              chitine skeleton [  0,  0] <  2>)
  [ 7 ] (                               [  0,  0] <  0>)
  [ 8 ] (                               [  0,  0] <  0>)
  [ 9 ] (                               [  0,  0] <  0>)
  [10 ] (                               [  0,  0] <  0>)
  [11 ] (                               [  0,  0] <  0>)
  [12 ] (                               [  0,  0] <  0>)
  [13 ] (                               [  0,  0] <  0>)
  [14 ] (                               [  0,  0] <  0>)
  [15 ] (                               [  0,  0] <  0>)
  [16 ] (                               [  0,  0] <  0>)
  [17 ] (                               [  0,  0] <  0>)
  [18 ] (                               [  0,  0] <  0>)
  [19 ] (                               [  0,  0] <  0>)

  memmmap:
  [  0][  1][  2][  3][  4][  5][  6][  7][  8][  9][ 10][ 11][ 12][ 13][ 14][ 15][ 16][ 17][ 18][ 19]
  [  0][  2][  3][  4][  5][  6][  7][  8][  9][ 10][ 11][ 12][ 13][ 14][ 15][ 16][ 17][ 18][ 19][  0]

[2019-12-09|16:33:18]
passed through function [[TreeInsertNode (inserted)]]
  hash: 100
  tree capacity: 20
  tree size: 7
  first free element's physical address: 8
  root address: 1
  error: 0 tree is ok

  |  &|                              val| &L| &R|  &par|
  [ 0 ] (                               [  0,  0] <  0>)
  [ 1*] (                      it flies [  2,  0] <  0>)
  [ 2*] (                it's not alive [  3,  6] <  1>)
  [ 3*] (         it is filled with gas [  4,  5] <  2>)
  [ 4*] (                      pepelatz [  0,  0] <  3>)
  [ 5*] (                         plane [  0,  0] <  3>)
  [ 6*] (              chitine skeleton [  7,  0] <  2>)
  [ 7*] (                 is ~2cm large [  0,  0] <  6>)
  [ 8 ] (                               [  0,  0] <  0>)
  [ 9 ] (                               [  0,  0] <  0>)
  [10 ] (                               [  0,  0] <  0>)
  [11 ] (                               [  0,  0] <  0>)
  [12 ] (                               [  0,  0] <  0>)
  [13 ] (                               [  0,  0] <  0>)
  [14 ] (                               [  0,  0] <  0>)
  [15 ] (                               [  0,  0] <  0>)
  [16 ] (                               [  0,  0] <  0>)
  [17 ] (                               [  0,  0] <  0>)
  [18 ] (                               [  0,  0] <  0>)
  [19 ] (                               [  0,  0] <  0>)

  memmmap:
  [  0][  1][  2][  3][  4][  5][  6][  7][  8][  9][ 10][ 11][ 12][ 13][ 14][ 15][ 16][ 17][ 18][ 19]
  [  0][  2][  3][  4][  5][  6][  7][  8][  9][ 10][ 11][ 12][ 13][ 14][ 15][ 16][ 17][ 18][ 19][  0]

[2019-12-09|16:33:18]
passed through function [[TreeInsertNode (inserted)]]
  hash: 100
  tree capacity: 20
  tree size: 8
  first free element's physical address: 9
  root address: 1
  error: 0 tree is ok

  |  &|                              val| &L| &R|  &par|
  [ 0 ] (                               [  0,  0] <  0>)
  [ 1*] (                      it flies [  2,  0] <  0>)
  [ 2*] (                it's not alive [  3,  6] <  1>)
  [ 3*] (         it is filled with gas [  4,  5] <  2>)
  [ 4*] (                      pepelatz [  0,  0] <  3>)
  [ 5*] (                         plane [  0,  0] <  3>)
  [ 6*] (              chitine skeleton [  7,  0] <  2>)
  [ 7*] (                 is ~2cm large [  8,  0] <  6>)
  [ 8*] (                   maysky zhuk [  0,  0] <  7>)
  [ 9 ] (                               [  0,  0] <  0>)
  [10 ] (                               [  0,  0] <  0>)
  [11 ] (                               [  0,  0] <  0>)
  [12 ] (                               [  0,  0] <  0>)
  [13 ] (                               [  0,  0] <  0>)
  [14 ] (                               [  0,  0] <  0>)
  [15 ] (                               [  0,  0] <  0>)
  [16 ] (                               [  0,  0] <  0>)
  [17 ] (                               [  0,  0] <  0>)
  [18 ] (                               [  0,  0] <  0>)
  [19 ] (                               [  0,  0] <  0>)

  memmmap:
  [  0][  1][  2][  3][  4][  5][  6][  7][  8][  9][ 10][ 11][ 12][ 13][ 14][ 15][ 16][ 17][ 18][ 19]
  [  0][  2][  3][  4][  5][  6][  7][  8][  9][ 10][ 11][ 12][ 13][ 14][ 15][ 16][ 17][ 18][ 19][  0]

[2019-12-09|16:33:18]
passed through function [[TreeInsertNode (inserted)]]
  hash: 100
  tree capacity: 20
  tree size: 9
  first free element's physical address: 10
  root address: 1
  error: 0 tree is ok

  |  &|                              val| &L| &R|  &par|
  [ 0 ] (                               [  0,  0] <  0>)
  [ 1*] (                      it flies [  2,  0] <  0>)
  [ 2*] (                it's not alive [  3,  6] <  1>)
  [ 3*] (         it is filled with gas [  4,  5] <  2>)
  [ 4*] (                      pepelatz [  0,  0] <  3>)
  [ 5*] (                         plane [  0,  0] <  3>)
  [ 6*] (              chitine skeleton [  7,  0] <  2>)
  [ 7*] (                 is ~2cm large [  8,  9] <  6>)
  [ 8*] (                   maysky zhuk [  0,  0] <  7>)
  [ 9*] (                     meganevra [  0,  0] <  7>)
  [10 ] (                               [  0,  0] <  0>)
  [11 ] (                               [  0,  0] <  0>)
  [12 ] (                               [  0,  0] <  0>)
  [13 ] (                               [  0,  0] <  0>)
  [14 ] (                               [  0,  0] <  0>)
  [15 ] (                               [  0,  0] <  0>)
  [16 ] (                               [  0,  0] <  0>)
  [17 ] (                               [  0,  0] <  0>)
  [18 ] (                               [  0,  0] <  0>)
  [19 ] (                               [  0,  0] <  0>)

  memmmap:
  [  0][  1][  2][  3][  4][  5][  6][  7][  8][  9][ 10][ 11][ 12][ 13][ 14][ 15][ 16][ 17][ 18][ 19]
  [  0][  2][  3][  4][  5][  6][  7][  8][  9][ 10][ 11][ 12][ 13][ 14][ 15][ 16][ 17][ 18][ 19][  0]

[2019-12-09|16:33:18]
passed through function [[TreeInsertNode (inserted)]]
  hash: 100
  tree capacity: 20
  tree size: 10
  first free element's physical address: 11
  root address: 1
  error: 0 tree is ok

  |  &|                              val| &L| &R|  &par|
  [ 0 ] (                               [  0,  0] <  0>)
  [ 1*] (                      it flies [  2,  0] <  0>)
  [ 2*] (                it's not alive [  3,  6] <  1>)
  [ 3*] (         it is filled with gas [  4,  5] <  2>)
  [ 4*] (                      pepelatz [  0,  0] <  3>)
  [ 5*] (                         plane [  0,  0] <  3>)
  [ 6*] (              chitine skeleton [  7, 10] <  2>)
  [ 7*] (                 is ~2cm large [  8,  9] <  6>)
  [ 8*] (                   maysky zhuk [  0,  0] <  7>)
  [ 9*] (                     meganevra [  0,  0] <  7>)
  [10*] (                          birb [  0,  0] <  6>)
  [11 ] (                               [  0,  0] <  0>)
  [12 ] (                               [  0,  0] <  0>)
  [13 ] (                               [  0,  0] <  0>)
  [14 ] (                               [  0,  0] <  0>)
  [15 ] (                               [  0,  0] <  0>)
  [16 ] (                               [  0,  0] <  0>)
  [17 ] (                               [  0,  0] <  0>)
  [18 ] (                               [  0,  0] <  0>)
  [19 ] (                               [  0,  0] <  0>)

  memmmap:
  [  0][  1][  2][  3][  4][  5][  6][  7][  8][  9][ 10][ 11][ 12][ 13][ 14][ 15][ 16][ 17][ 18][ 19]
  [  0][  2][  3][  4][  5][  6][  7][  8][  9][ 10][ 11][ 12][ 13][ 14][ 15][ 16][ 17][ 18][ 19][  0]

[2019-12-09|16:33:18]
passed through function [[TreeInsertNode (inserted)]]
  hash: 100
  tree capacity: 20
  tree size: 11
  first free element's physical address: 12
  root address: 1
  error: 0 tree is ok

  |  &|                              val| &L| &R|  &par|
  [ 0 ] (                               [  0,  0] <  0>)
  [ 1*] (                      it flies [  2, 11] <  0>)
  [ 2*] (                it's not alive [  3,  6] <  1>)
  [ 3*] (         it is filled with gas [  4,  5] <  2>)
  [ 4*] (                      pepelatz [  0,  0] <  3>)
  [ 5*] (                         plane [  0,  0] <  3>)
  [ 6*] (              chitine skeleton [  7, 10] <  2>)
  [ 7*] (                 is ~2cm large [  8,  9] <  6>)
  [ 8*] (                   maysky zhuk [  0,  0] <  7>)
  [ 9*] (                     meganevra [  0,  0] <  7>)
  [10*] (                          birb [  0,  0] <  6>)
  [11*] (                it's not alive [  0,  0] <  1>)
  [12 ] (                               [  0,  0] <  0>)
  [13 ] (                               [  0,  0] <  0>)
  [14 ] (                               [  0,  0] <  0>)
  [15 ] (                               [  0,  0] <  0>)
  [16 ] (                               [  0,  0] <  0>)
  [17 ] (                               [  0,  0] <  0>)
  [18 ] (                               [  0,  0] <  0>)
  [19 ] (                               [  0,  0] <  0>)

  memmmap:
  [  0][  1][  2][  3][  4][  5][  6][  7][  8][  9][ 10][ 11][ 12][ 13][ 14][ 15][ 16][ 17][ 18][ 19]
  [  0][  2][  3][  4][  5][  6][  7][  8][  9][ 10][ 11][ 12][ 13][ 14][ 15][ 16][ 17][ 18][ 19][  0]

[2019-12-09|16:33:18]
passed through function [[TreeInsertNode (inserted)]]
  hash: 100
  tree capacity: 20
  tree size: 12
  first free element's physical address: 13
  root address: 1
  error: 0 tree is ok

  |  &|                              val| &L| &R|  &par|
  [ 0 ] (                               [  0,  0] <  0>)
  [ 1*] (                      it flies [  2, 11] <  0>)
  [ 2*] (                it's not alive [  3,  6] <  1>)
  [ 3*] (         it is filled with gas [  4,  5] <  2>)
  [ 4*] (                      pepelatz [  0,  0] <  3>)
  [ 5*] (                         plane [  0,  0] <  3>)
  [ 6*] (              chitine skeleton [  7, 10] <  2>)
  [ 7*] (                 is ~2cm large [  8,  9] <  6>)
  [ 8*] (                   maysky zhuk [  0,  0] <  7>)
  [ 9*] (                     meganevra [  0,  0] <  7>)
  [10*] (                          birb [  0,  0] <  6>)
  [11*] (                it's not alive [ 12,  0] <  1>)
  [12*] (                          rock [  0,  0] < 11>)
  [13 ] (                               [  0,  0] <  0>)
  [14 ] (                               [  0,  0] <  0>)
  [15 ] (                               [  0,  0] <  0>)
  [16 ] (                               [  0,  0] <  0>)
  [17 ] (                               [  0,  0] <  0>)
  [18 ] (                               [  0,  0] <  0>)
  [19 ] (                               [  0,  0] <  0>)

  memmmap:
  [  0][  1][  2][  3][  4][  5][  6][  7][  8][  9][ 10][ 11][ 12][ 13][ 14][ 15][ 16][ 17][ 18][ 19]
  [  0][  2][  3][  4][  5][  6][  7][  8][  9][ 10][ 11][ 12][ 13][ 14][ 15][ 16][ 17][ 18][ 19][  0]

[2019-12-09|16:33:18]
passed through function [[TreeInsertNode (inserted)]]
  hash: 100
  tree capacity: 20
  tree size: 13
  first free element's physical address: 14
  root address: 1
  error: 0 tree is ok

  |  &|                              val| &L| &R|  &par|
  [ 0 ] (                               [  0,  0] <  0>)
  [ 1*] (                      it flies [  2, 11] <  0>)
  [ 2*] (                it's not alive [  3,  6] <  1>)
  [ 3*] (         it is filled with gas [  4,  5] <  2>)
  [ 4*] (                      pepelatz [  0,  0] <  3>)
  [ 5*] (                         plane [  0,  0] <  3>)
  [ 6*] (              chitine skeleton [  7, 10] <  2>)
  [ 7*] (                 is ~2cm large [  8,  9] <  6>)
  [ 8*] (                   maysky zhuk [  0,  0] <  7>)
  [ 9*] (                     meganevra [  0,  0] <  7>)
  [10*] (                          birb [  0,  0] <  6>)
  [11*] (                it's not alive [ 12, 13] <  1>)
  [12*] (                          rock [  0,  0] < 11>)
  [13*] (                             n [  0,  0] < 11>)
  [14 ] (                               [  0,  0] <  0>)
  [15 ] (                               [  0,  0] <  0>)
  [16 ] (                               [  0,  0] <  0>)
  [17 ] (                               [  0,  0] <  0>)
  [18 ] (                               [  0,  0] <  0>)
  [19 ] (                               [  0,  0] <  0>)

  memmmap:
  [  0][  1][  2][  3][  4][  5][  6][  7][  8][  9][ 10][ 11][ 12][ 13][ 14][ 15][ 16][ 17][ 18][ 19]
  [  0][  2][  3][  4][  5][  6][  7][  8][  9][ 10][ 11][ 12][ 13][ 14][ 15][ 16][ 17][ 18][ 19][  0]

[2019-12-09|16:33:18]
passed through function [[TreeInsertNode (inserted)]]
  hash: 100
  tree capacity: 20
  tree size: 14
  first free element's physical address: 15
  root address: 1
  error: 0 tree is ok

  |  &|                              val| &L| &R|  &par|
  [ 0 ] (                               [  0,  0] <  0>)
  [ 1*] (                      it flies [  2, 11] <  0>)
  [ 2*] (                it's not alive [  3,  6] <  1>)
  [ 3*] (         it is filled with gas [  4,  5] <  2>)
  [ 4*] (                      pepelatz [  0,  0] <  3>)
  [ 5*] (                         plane [  0,  0] <  3>)
  [ 6*] (              chitine skeleton [  7, 10] <  2>)
  [ 7*] (                 is ~2cm large [  8,  9] <  6>)
  [ 8*] (                   maysky zhuk [  0,  0] <  7>)
  [ 9*] (                     meganevra [  0,  0] <  7>)
  [10*] (                          birb [  0,  0] <  6>)
  [11*] (                it's not alive [ 12, 13] <  1>)
  [12*] (                          rock [  0,  0] < 11>)
  [13*] (                             n [ 14,  0] < 11>)
  [14*] (                             n [  0,  0] < 13>)
  [15 ] (                               [  0,  0] <  0>)
  [16 ] (                               [  0,  0] <  0>)
  [17 ] (                               [  0,  0] <  0>)
  [18 ] (                               [  0,  0] <  0>)
  [19 ] (                               [  0,  0] <  0>)

  memmmap:
  [  0][  1][  2][  3][  4][  5][  6][  7][  8][  9][ 10][ 11][ 12][ 13][ 14][ 15][ 16][ 17][ 18][ 19]
  [  0][  2][  3][  4][  5][  6][  7][  8][  9][ 10][ 11][ 12][ 13][ 14][ 15][ 16][ 17][ 18][ 19][  0]

[2019-12-09|16:33:18]
passed through function [[TreeInsertNode (inserted)]]
  hash: 100
  tree capacity: 20
  tree size: 15
  first free element's physical address: 16
  root address: 1
  error: 0 tree is ok

  |  &|                              val| &L| &R|  &par|
  [ 0 ] (                               [  0,  0] <  0>)
  [ 1*] (                      it flies [  2, 11] <  0>)
  [ 2*] (                it's not alive [  3,  6] <  1>)
  [ 3*] (         it is filled with gas [  4,  5] <  2>)
  [ 4*] (                      pepelatz [  0,  0] <  3>)
  [ 5*] (                         plane [  0,  0] <  3>)
  [ 6*] (              chitine skeleton [  7, 10] <  2>)
  [ 7*] (                 is ~2cm large [  8,  9] <  6>)
  [ 8*] (                   maysky zhuk [  0,  0] <  7>)
  [ 9*] (                     meganevra [  0,  0] <  7>)
  [10*] (                          birb [  0,  0] <  6>)
  [11*] (                it's not alive [ 12, 13] <  1>)
  [12*] (                          rock [  0,  0] < 11>)
  [13*] (                             n [ 14, 15] < 11>)
  [14*] (                             n [  0,  0] < 13>)
  [15*] (                         doggo [  0,  0] < 13>)
  [16 ] (                               [  0,  0] <  0>)
  [17 ] (                               [  0,  0] <  0>)
  [18 ] (                               [  0,  0] <  0>)
  [19 ] (                               [  0,  0] <  0>)

  memmmap:
  [  0][  1][  2][  3][  4][  5][  6][  7][  8][  9][ 10][ 11][ 12][ 13][ 14][ 15][ 16][ 17][ 18][ 19]
  [  0][  2][  3][  4][  5][  6][  7][  8][  9][ 10][ 11][ 12][ 13][ 14][ 15][ 16][ 17][ 18][ 19][  0]

[2019-12-09|16:33:32]
passed through function [[TreeSort]]
  hash: 100
  tree capacity: 20
  tree size: 15
  first free element's physical address: 16
  root address: 1
  error: 0 tree is ok

  |  &|                              val| &L| &R|  &par|
  [ 0 ] (                               [  0,  0] <  0>)
  [ 1*] (                      it flies [  2, 11] <  0>)
  [ 2*] (                it's not alive [  3,  6] <  1>)
  [ 3*] (         it is filled with gas [  4,  5] <  2>)
  [ 4*] (                      pepelatz [  0,  0] <  3>)
  [ 5*] (                         plane [  0,  0] <  3>)
  [ 6*] (              chitine skeleton [  7, 10] <  2>)
  [ 7*] (                 is ~2cm large [  8,  9] <  6>)
  [ 8*] (                   maysky zhuk [  0,  0] <  7>)
  [ 9*] (                     meganevra [  0,  0] <  7>)
  [10*] (                          birb [  0,  0] <  6>)
  [11*] (                it's not alive [ 12, 13] <  1>)
  [12*] (                          rock [  0,  0] < 11>)
  [13*] (                             n [ 14, 15] < 11>)
  [14*] (                             n [  0,  0] < 13>)
  [15*] (                         doggo [  0,  0] < 13>)
  [16 ] (                               [  0,  0] <  0>)
  [17 ] (                               [  0,  0] <  0>)
  [18 ] (                               [  0,  0] <  0>)
  [19 ] (                               [  0,  0] <  0>)

  memmmap:
  [  0][  1][  2][  3][  4][  5][  6][  7][  8][  9][ 10][ 11][ 12][ 13][ 14][ 15][ 16][ 17][ 18][ 19]
  [  0][  2][  3][  4][  5][  6][  7][  8][  9][ 10][ 11][ 12][ 13][ 14][ 15][ 16][ 17][ 18][ 19][  0]

