[2019-12-05|23:05:43]
passed through function [[TreeTxtInit]]
  hash: 0
  tree capacity: 20
  tree size: 0
  first free element's physical address: 1
  root address: 0
  error: 0 tree is ok

  |  &|          val| &L| &R|  &par|
  [ 0 ] (           [  0,  0] <  0>)
  [ 1 ] (           [  0,  0] <  0>)
  [ 2 ] (           [  0,  0] <  0>)
  [ 3 ] (           [  0,  0] <  0>)
  [ 4 ] (           [  0,  0] <  0>)
  [ 5 ] (           [  0,  0] <  0>)
  [ 6 ] (           [  0,  0] <  0>)
  [ 7 ] (           [  0,  0] <  0>)
  [ 8 ] (           [  0,  0] <  0>)
  [ 9 ] (           [  0,  0] <  0>)
  [10 ] (           [  0,  0] <  0>)
  [11 ] (           [  0,  0] <  0>)
  [12 ] (           [  0,  0] <  0>)
  [13 ] (           [  0,  0] <  0>)
  [14 ] (           [  0,  0] <  0>)
  [15 ] (           [  0,  0] <  0>)
  [16 ] (           [  0,  0] <  0>)
  [17 ] (           [  0,  0] <  0>)
  [18 ] (           [  0,  0] <  0>)
  [19 ] (           [  0,  0] <  0>)

  memmmap:
  [  0][  1][  2][  3][  4][  5][  6][  7][  8][  9][ 10][ 11][ 12][ 13][ 14][ 15][ 16][ 17][ 18][ 19]
  [  0][  2][  3][  4][  5][  6][  7][  8][  9][ 10][ 11][ 12][ 13][ 14][ 15][ 16][ 17][ 18][ 19][  0]

[2019-12-05|23:05:43]
passed through function [[TreeTxtInsertNode (root added)]]
  hash: 0
  tree capacity: 20
  tree size: 1
  first free element's physical address: 2
  root address: 1
  error: 0 tree is ok

  |  &|          val| &L| &R|  &par|
  [ 0 ] (           [  0,  0] <  0>)
  [ 1*] (it is alive [  0,  0] <  0>)
  [ 2 ] (           [  0,  0] <  0>)
  [ 3 ] (           [  0,  0] <  0>)
  [ 4 ] (           [  0,  0] <  0>)
  [ 5 ] (           [  0,  0] <  0>)
  [ 6 ] (           [  0,  0] <  0>)
  [ 7 ] (           [  0,  0] <  0>)
  [ 8 ] (           [  0,  0] <  0>)
  [ 9 ] (           [  0,  0] <  0>)
  [10 ] (           [  0,  0] <  0>)
  [11 ] (           [  0,  0] <  0>)
  [12 ] (           [  0,  0] <  0>)
  [13 ] (           [  0,  0] <  0>)
  [14 ] (           [  0,  0] <  0>)
  [15 ] (           [  0,  0] <  0>)
  [16 ] (           [  0,  0] <  0>)
  [17 ] (           [  0,  0] <  0>)
  [18 ] (           [  0,  0] <  0>)
  [19 ] (           [  0,  0] <  0>)

  memmmap:
  [  0][  1][  2][  3][  4][  5][  6][  7][  8][  9][ 10][ 11][ 12][ 13][ 14][ 15][ 16][ 17][ 18][ 19]
  [  0][  2][  3][  4][  5][  6][  7][  8][  9][ 10][ 11][ 12][ 13][ 14][ 15][ 16][ 17][ 18][ 19][  0]

[2019-12-05|23:05:43]
passed through function [[TreeTxtInsertNode (inserted)]]
  hash: 0
  tree capacity: 20
  tree size: 2
  first free element's physical address: 3
  root address: 1
  error: 0 tree is ok

  |  &|          val| &L| &R|  &par|
  [ 0 ] (           [  0,  0] <  0>)
  [ 1*] (it is alive [  2,  0] <  0>)
  [ 2*] (it iis reeeeet [  0,  0] <  1>)
  [ 3 ] (           [  0,  0] <  0>)
  [ 4 ] (           [  0,  0] <  0>)
  [ 5 ] (           [  0,  0] <  0>)
  [ 6 ] (           [  0,  0] <  0>)
  [ 7 ] (           [  0,  0] <  0>)
  [ 8 ] (           [  0,  0] <  0>)
  [ 9 ] (           [  0,  0] <  0>)
  [10 ] (           [  0,  0] <  0>)
  [11 ] (           [  0,  0] <  0>)
  [12 ] (           [  0,  0] <  0>)
  [13 ] (           [  0,  0] <  0>)
  [14 ] (           [  0,  0] <  0>)
  [15 ] (           [  0,  0] <  0>)
  [16 ] (           [  0,  0] <  0>)
  [17 ] (           [  0,  0] <  0>)
  [18 ] (           [  0,  0] <  0>)
  [19 ] (           [  0,  0] <  0>)

  memmmap:
  [  0][  1][  2][  3][  4][  5][  6][  7][  8][  9][ 10][ 11][ 12][ 13][ 14][ 15][ 16][ 17][ 18][ 19]
  [  0][  2][  3][  4][  5][  6][  7][  8][  9][ 10][ 11][ 12][ 13][ 14][ 15][ 16][ 17][ 18][ 19][  0]

[2019-12-05|23:05:43]
passed through function [[TreeTxtInsertNode (inserted)]]
  hash: 0
  tree capacity: 20
  tree size: 3
  first free element's physical address: 4
  root address: 1
  error: 0 tree is ok

  |  &|          val| &L| &R|  &par|
  [ 0 ] (           [  0,  0] <  0>)
  [ 1*] (it is alive [  2,  0] <  0>)
  [ 2*] (it iis reeeeet [  3,  0] <  1>)
  [ 3*] (     eeeei [  0,  0] <  2>)
  [ 4 ] (           [  0,  0] <  0>)
  [ 5 ] (           [  0,  0] <  0>)
  [ 6 ] (           [  0,  0] <  0>)
  [ 7 ] (           [  0,  0] <  0>)
  [ 8 ] (           [  0,  0] <  0>)
  [ 9 ] (           [  0,  0] <  0>)
  [10 ] (           [  0,  0] <  0>)
  [11 ] (           [  0,  0] <  0>)
  [12 ] (           [  0,  0] <  0>)
  [13 ] (           [  0,  0] <  0>)
  [14 ] (           [  0,  0] <  0>)
  [15 ] (           [  0,  0] <  0>)
  [16 ] (           [  0,  0] <  0>)
  [17 ] (           [  0,  0] <  0>)
  [18 ] (           [  0,  0] <  0>)
  [19 ] (           [  0,  0] <  0>)

  memmmap:
  [  0][  1][  2][  3][  4][  5][  6][  7][  8][  9][ 10][ 11][ 12][ 13][ 14][ 15][ 16][ 17][ 18][ 19]
  [  0][  2][  3][  4][  5][  6][  7][  8][  9][ 10][ 11][ 12][ 13][ 14][ 15][ 16][ 17][ 18][ 19][  0]

[2019-12-05|23:05:43]
passed through function [[TreeTxtInsertNode (inserted)]]
  hash: 0
  tree capacity: 20
  tree size: 4
  first free element's physical address: 5
  root address: 1
  error: 0 tree is ok

  |  &|          val| &L| &R|  &par|
  [ 0 ] (           [  0,  0] <  0>)
  [ 1*] (it is alive [  2,  0] <  0>)
  [ 2*] (it iis reeeeet [  3,  4] <  1>)
  [ 3*] (     eeeei [  0,  0] <  2>)
  [ 4*] (      birb [  0,  0] <  2>)
  [ 5 ] (           [  0,  0] <  0>)
  [ 6 ] (           [  0,  0] <  0>)
  [ 7 ] (           [  0,  0] <  0>)
  [ 8 ] (           [  0,  0] <  0>)
  [ 9 ] (           [  0,  0] <  0>)
  [10 ] (           [  0,  0] <  0>)
  [11 ] (           [  0,  0] <  0>)
  [12 ] (           [  0,  0] <  0>)
  [13 ] (           [  0,  0] <  0>)
  [14 ] (           [  0,  0] <  0>)
  [15 ] (           [  0,  0] <  0>)
  [16 ] (           [  0,  0] <  0>)
  [17 ] (           [  0,  0] <  0>)
  [18 ] (           [  0,  0] <  0>)
  [19 ] (           [  0,  0] <  0>)

  memmmap:
  [  0][  1][  2][  3][  4][  5][  6][  7][  8][  9][ 10][ 11][ 12][ 13][ 14][ 15][ 16][ 17][ 18][ 19]
  [  0][  2][  3][  4][  5][  6][  7][  8][  9][ 10][ 11][ 12][ 13][ 14][ 15][ 16][ 17][ 18][ 19][  0]

[2019-12-05|23:05:43]
passed through function [[TreeTxtInsertNode (inserted)]]
  hash: 0
  tree capacity: 20
  tree size: 5
  first free element's physical address: 6
  root address: 1
  error: 0 tree is ok

  |  &|          val| &L| &R|  &par|
  [ 0 ] (           [  0,  0] <  0>)
  [ 1*] (it is alive [  2,  5] <  0>)
  [ 2*] (it iis reeeeet [  3,  4] <  1>)
  [ 3*] (     eeeei [  0,  0] <  2>)
  [ 4*] (      birb [  0,  0] <  2>)
  [ 5*] (     kfskn [  0,  0] <  1>)
  [ 6 ] (           [  0,  0] <  0>)
  [ 7 ] (           [  0,  0] <  0>)
  [ 8 ] (           [  0,  0] <  0>)
  [ 9 ] (           [  0,  0] <  0>)
  [10 ] (           [  0,  0] <  0>)
  [11 ] (           [  0,  0] <  0>)
  [12 ] (           [  0,  0] <  0>)
  [13 ] (           [  0,  0] <  0>)
  [14 ] (           [  0,  0] <  0>)
  [15 ] (           [  0,  0] <  0>)
  [16 ] (           [  0,  0] <  0>)
  [17 ] (           [  0,  0] <  0>)
  [18 ] (           [  0,  0] <  0>)
  [19 ] (           [  0,  0] <  0>)

  memmmap:
  [  0][  1][  2][  3][  4][  5][  6][  7][  8][  9][ 10][ 11][ 12][ 13][ 14][ 15][ 16][ 17][ 18][ 19]
  [  0][  2][  3][  4][  5][  6][  7][  8][  9][ 10][ 11][ 12][ 13][ 14][ 15][ 16][ 17][ 18][ 19][  0]

[2019-12-05|23:05:43]
passed through function [[TreeTxtInsertNode (inserted)]]
  hash: 0
  tree capacity: 20
  tree size: 6
  first free element's physical address: 7
  root address: 1
  error: 0 tree is ok

  |  &|          val| &L| &R|  &par|
  [ 0 ] (           [  0,  0] <  0>)
  [ 1*] (it is alive [  2,  5] <  0>)
  [ 2*] (it iis reeeeet [  3,  4] <  1>)
  [ 3*] (     eeeei [  0,  0] <  2>)
  [ 4*] (      birb [  0,  0] <  2>)
  [ 5*] (     kfskn [  6,  0] <  1>)
  [ 6*] (       kfs [  0,  0] <  5>)
  [ 7 ] (           [  0,  0] <  0>)
  [ 8 ] (           [  0,  0] <  0>)
  [ 9 ] (           [  0,  0] <  0>)
  [10 ] (           [  0,  0] <  0>)
  [11 ] (           [  0,  0] <  0>)
  [12 ] (           [  0,  0] <  0>)
  [13 ] (           [  0,  0] <  0>)
  [14 ] (           [  0,  0] <  0>)
  [15 ] (           [  0,  0] <  0>)
  [16 ] (           [  0,  0] <  0>)
  [17 ] (           [  0,  0] <  0>)
  [18 ] (           [  0,  0] <  0>)
  [19 ] (           [  0,  0] <  0>)

  memmmap:
  [  0][  1][  2][  3][  4][  5][  6][  7][  8][  9][ 10][ 11][ 12][ 13][ 14][ 15][ 16][ 17][ 18][ 19]
  [  0][  2][  3][  4][  5][  6][  7][  8][  9][ 10][ 11][ 12][ 13][ 14][ 15][ 16][ 17][ 18][ 19][  0]

[2019-12-05|23:05:43]
passed through function [[TreeTxtInsertNode (inserted)]]
  hash: 0
  tree capacity: 20
  tree size: 7
  first free element's physical address: 8
  root address: 1
  error: 0 tree is ok

  |  &|          val| &L| &R|  &par|
  [ 0 ] (           [  0,  0] <  0>)
  [ 1*] (it is alive [  2,  5] <  0>)
  [ 2*] (it iis reeeeet [  3,  4] <  1>)
  [ 3*] (     eeeei [  0,  0] <  2>)
  [ 4*] (      birb [  0,  0] <  2>)
  [ 5*] (     kfskn [  6,  7] <  1>)
  [ 6*] (       kfs [  0,  0] <  5>)
  [ 7*] (     doggo [  0,  0] <  5>)
  [ 8 ] (           [  0,  0] <  0>)
  [ 9 ] (           [  0,  0] <  0>)
  [10 ] (           [  0,  0] <  0>)
  [11 ] (           [  0,  0] <  0>)
  [12 ] (           [  0,  0] <  0>)
  [13 ] (           [  0,  0] <  0>)
  [14 ] (           [  0,  0] <  0>)
  [15 ] (           [  0,  0] <  0>)
  [16 ] (           [  0,  0] <  0>)
  [17 ] (           [  0,  0] <  0>)
  [18 ] (           [  0,  0] <  0>)
  [19 ] (           [  0,  0] <  0>)

  memmmap:
  [  0][  1][  2][  3][  4][  5][  6][  7][  8][  9][ 10][ 11][ 12][ 13][ 14][ 15][ 16][ 17][ 18][ 19]
  [  0][  2][  3][  4][  5][  6][  7][  8][  9][ 10][ 11][ 12][ 13][ 14][ 15][ 16][ 17][ 18][ 19][  0]

