[2019-12-06|19:34:03]
passed through function [[TreeInit]]
  hash: 0
  tree capacity: 20
  tree size: 0
  first free element's physical address: 1
  root address: 0
  error: 0 tree is ok

  |  &|          val| &L| &R|  &par|
  [ 0 ] (           [  0,  0] <  0>)
  [ 1 ] (           [  0,  0] <  0>)
  [ 2 ] (           [  0,  0] <  0>)
  [ 3 ] (           [  0,  0] <  0>)
  [ 4 ] (           [  0,  0] <  0>)
  [ 5 ] (           [  0,  0] <  0>)
  [ 6 ] (           [  0,  0] <  0>)
  [ 7 ] (           [  0,  0] <  0>)
  [ 8 ] (           [  0,  0] <  0>)
  [ 9 ] (           [  0,  0] <  0>)
  [10 ] (           [  0,  0] <  0>)
  [11 ] (           [  0,  0] <  0>)
  [12 ] (           [  0,  0] <  0>)
  [13 ] (           [  0,  0] <  0>)
  [14 ] (           [  0,  0] <  0>)
  [15 ] (           [  0,  0] <  0>)
  [16 ] (           [  0,  0] <  0>)
  [17 ] (           [  0,  0] <  0>)
  [18 ] (           [  0,  0] <  0>)
  [19 ] (           [  0,  0] <  0>)

  memmmap:
  [  0][  1][  2][  3][  4][  5][  6][  7][  8][  9][ 10][ 11][ 12][ 13][ 14][ 15][ 16][ 17][ 18][ 19]
  [  0][  2][  3][  4][  5][  6][  7][  8][  9][ 10][ 11][ 12][ 13][ 14][ 15][ 16][ 17][ 18][ 19][  0]

[2019-12-06|19:34:03]
passed through function [[TreeInsertNode (root added)]]
  hash: 0
  tree capacity: 20
  tree size: 1
  first free element's physical address: 2
  root address: 1
  error: 0 tree is ok

  |  &|          val| &L| &R|  &par|
  [ 0 ] (           [  0,  0] <  0>)
  [ 1*] (  it flies [  0,  0] <  0>)
  [ 2 ] (           [  0,  0] <  0>)
  [ 3 ] (           [  0,  0] <  0>)
  [ 4 ] (           [  0,  0] <  0>)
  [ 5 ] (           [  0,  0] <  0>)
  [ 6 ] (           [  0,  0] <  0>)
  [ 7 ] (           [  0,  0] <  0>)
  [ 8 ] (           [  0,  0] <  0>)
  [ 9 ] (           [  0,  0] <  0>)
  [10 ] (           [  0,  0] <  0>)
  [11 ] (           [  0,  0] <  0>)
  [12 ] (           [  0,  0] <  0>)
  [13 ] (           [  0,  0] <  0>)
  [14 ] (           [  0,  0] <  0>)
  [15 ] (           [  0,  0] <  0>)
  [16 ] (           [  0,  0] <  0>)
  [17 ] (           [  0,  0] <  0>)
  [18 ] (           [  0,  0] <  0>)
  [19 ] (           [  0,  0] <  0>)

  memmmap:
  [  0][  1][  2][  3][  4][  5][  6][  7][  8][  9][ 10][ 11][ 12][ 13][ 14][ 15][ 16][ 17][ 18][ 19]
  [  0][  2][  3][  4][  5][  6][  7][  8][  9][ 10][ 11][ 12][ 13][ 14][ 15][ 16][ 17][ 18][ 19][  0]

[2019-12-06|19:34:03]
passed through function [[TreeInsertNode (inserted)]]
  hash: 0
  tree capacity: 20
  tree size: 2
  first free element's physical address: 3
  root address: 1
  error: 0 tree is ok

  |  &|          val| &L| &R|  &par|
  [ 0 ] (           [  0,  0] <  0>)
  [ 1*] (  it flies [  2,  0] <  0>)
  [ 2*] (      birb [  0,  0] <  1>)
  [ 3 ] (           [  0,  0] <  0>)
  [ 4 ] (           [  0,  0] <  0>)
  [ 5 ] (           [  0,  0] <  0>)
  [ 6 ] (           [  0,  0] <  0>)
  [ 7 ] (           [  0,  0] <  0>)
  [ 8 ] (           [  0,  0] <  0>)
  [ 9 ] (           [  0,  0] <  0>)
  [10 ] (           [  0,  0] <  0>)
  [11 ] (           [  0,  0] <  0>)
  [12 ] (           [  0,  0] <  0>)
  [13 ] (           [  0,  0] <  0>)
  [14 ] (           [  0,  0] <  0>)
  [15 ] (           [  0,  0] <  0>)
  [16 ] (           [  0,  0] <  0>)
  [17 ] (           [  0,  0] <  0>)
  [18 ] (           [  0,  0] <  0>)
  [19 ] (           [  0,  0] <  0>)

  memmmap:
  [  0][  1][  2][  3][  4][  5][  6][  7][  8][  9][ 10][ 11][ 12][ 13][ 14][ 15][ 16][ 17][ 18][ 19]
  [  0][  2][  3][  4][  5][  6][  7][  8][  9][ 10][ 11][ 12][ 13][ 14][ 15][ 16][ 17][ 18][ 19][  0]

[2019-12-06|19:34:03]
passed through function [[TreeInsertNode (inserted)]]
  hash: 0
  tree capacity: 20
  tree size: 3
  first free element's physical address: 4
  root address: 1
  error: 0 tree is ok

  |  &|          val| &L| &R|  &par|
  [ 0 ] (           [  0,  0] <  0>)
  [ 1*] (  it flies [  2,  3] <  0>)
  [ 2*] (      birb [  0,  0] <  1>)
  [ 3*] (     doggo [  0,  0] <  1>)
  [ 4 ] (           [  0,  0] <  0>)
  [ 5 ] (           [  0,  0] <  0>)
  [ 6 ] (           [  0,  0] <  0>)
  [ 7 ] (           [  0,  0] <  0>)
  [ 8 ] (           [  0,  0] <  0>)
  [ 9 ] (           [  0,  0] <  0>)
  [10 ] (           [  0,  0] <  0>)
  [11 ] (           [  0,  0] <  0>)
  [12 ] (           [  0,  0] <  0>)
  [13 ] (           [  0,  0] <  0>)
  [14 ] (           [  0,  0] <  0>)
  [15 ] (           [  0,  0] <  0>)
  [16 ] (           [  0,  0] <  0>)
  [17 ] (           [  0,  0] <  0>)
  [18 ] (           [  0,  0] <  0>)
  [19 ] (           [  0,  0] <  0>)

  memmmap:
  [  0][  1][  2][  3][  4][  5][  6][  7][  8][  9][ 10][ 11][ 12][ 13][ 14][ 15][ 16][ 17][ 18][ 19]
  [  0][  2][  3][  4][  5][  6][  7][  8][  9][ 10][ 11][ 12][ 13][ 14][ 15][ 16][ 17][ 18][ 19][  0]

[2019-12-06|19:34:07]
passed through function [[TreeSort]]
  hash: 0
  tree capacity: 20
  tree size: 3
  first free element's physical address: 4
  root address: 1
  error: 0 tree is ok

  | &|   val| valL| &L| valR| &R|  &par|
  [ 0 ] (  0 [  0 < 0>,   0 < 0>] <  0>)
  [ 1*] (  0 [  0 < 0>,   0 < 0>] <  0>)
  [ 2 ] (  1 [  0 < 0>,   0 < 0>] <  0>)
