went trhough [_StackConstruct] function.
now stack <st> looks like this:
errno = <0> (stack is OK)
    [0] = 173
    [1] = 173
    [2] = 173
    [3] = 173
    [4] = 173
    [5] = 173
    [6] = 173
    [7] = 173
    [8] = 173
    [9] = 173

####################

went trhough [StackPush] function.
now stack <st> looks like this:
errno = <0> (stack is OK)
   *[0] = 0
    [1] = 173
    [2] = 173
    [3] = 173
    [4] = 173
    [5] = 173
    [6] = 173
    [7] = 173
    [8] = 173
    [9] = 173

####################

went trhough [StackPush] function.
now stack <st> looks like this:
errno = <0> (stack is OK)
   *[0] = 0
   *[1] = 1
    [2] = 173
    [3] = 173
    [4] = 173
    [5] = 173
    [6] = 173
    [7] = 173
    [8] = 173
    [9] = 173

####################

went trhough [StackPush] function.
now stack <st> looks like this:
errno = <0> (stack is OK)
   *[0] = 0
   *[1] = 1
   *[2] = 2
    [3] = 173
    [4] = 173
    [5] = 173
    [6] = 173
    [7] = 173
    [8] = 173
    [9] = 173

####################

went trhough [StackPush] function.
now stack <st> looks like this:
errno = <0> (stack is OK)
   *[0] = 0
   *[1] = 1
   *[2] = 2
   *[3] = 3
    [4] = 173
    [5] = 173
    [6] = 173
    [7] = 173
    [8] = 173
    [9] = 173

####################

went trhough [StackPush] function.
now stack <st> looks like this:
errno = <0> (stack is OK)
   *[0] = 0
   *[1] = 1
   *[2] = 2
   *[3] = 3
   *[4] = 4
    [5] = 173
    [6] = 173
    [7] = 173
    [8] = 173
    [9] = 173

####################

went trhough [StackPush] function.
now stack <st> looks like this:
errno = <0> (stack is OK)
   *[0] = 0
   *[1] = 1
   *[2] = 2
   *[3] = 3
   *[4] = 4
   *[5] = 5
    [6] = 173
    [7] = 173
    [8] = 173
    [9] = 173

####################

went trhough [StackPush] function.
now stack <st> looks like this:
errno = <0> (stack is OK)
   *[0] = 0
   *[1] = 1
   *[2] = 2
   *[3] = 3
   *[4] = 4
   *[5] = 5
   *[6] = 6
    [7] = 173
    [8] = 173
    [9] = 173

####################

went trhough [StackPush] function.
now stack <st> looks like this:
errno = <0> (stack is OK)
   *[0] = 0
   *[1] = 1
   *[2] = 2
   *[3] = 3
   *[4] = 4
   *[5] = 5
   *[6] = 6
   *[7] = 7
    [8] = 173
    [9] = 173

####################

went trhough [StackPush] function.
now stack <st> looks like this:
errno = <0> (stack is OK)
   *[0] = 0
   *[1] = 1
   *[2] = 2
   *[3] = 3
   *[4] = 4
   *[5] = 5
   *[6] = 6
   *[7] = 7
   *[8] = 8
    [9] = 173

####################

went trhough [StackResize] function.
now stack <st> looks like this:
errno = <0> (stack is OK)
   *[0] = 0
   *[1] = 1
   *[2] = 2
   *[3] = 3
   *[4] = 4
   *[5] = 5
   *[6] = 6
   *[7] = 7
   *[8] = 8
    [9] = 173
    [10] = 173
    [11] = 173
    [12] = 173
    [13] = 173
    [14] = 173
    [15] = 173
    [16] = 173
    [17] = 173
    [18] = 173
    [19] = 173

####################

went trhough [StackPush] function.
now stack <st> looks like this:
errno = <0> (stack is OK)
   *[0] = 0
   *[1] = 1
   *[2] = 2
   *[3] = 3
   *[4] = 4
   *[5] = 5
   *[6] = 6
   *[7] = 7
   *[8] = 8
   *[9] = 9
    [10] = 173
    [11] = 173
    [12] = 173
    [13] = 173
    [14] = 173
    [15] = 173
    [16] = 173
    [17] = 173
    [18] = 173
    [19] = 173

####################

went trhough [StackPeek] function.
now stack <st> looks like this:
errno = <0> (stack is OK)
   *[0] = 0
   *[1] = 1
   *[2] = 2
   *[3] = 3
   *[4] = 4
   *[5] = 5
   *[6] = 6
   *[7] = 7
   *[8] = 8
   *[9] = 9
    [10] = 173
    [11] = 173
    [12] = 173
    [13] = 173
    [14] = 173
    [15] = 173
    [16] = 173
    [17] = 173
    [18] = 173
    [19] = 173

####################

went trhough [StackPop] function.
now stack <st> looks like this:
errno = <0> (stack is OK)
   *[0] = 0
   *[1] = 1
   *[2] = 2
   *[3] = 3
   *[4] = 4
   *[5] = 5
   *[6] = 6
   *[7] = 7
   *[8] = 8
    [9] = 9
    [10] = 173
    [11] = 173
    [12] = 173
    [13] = 173
    [14] = 173
    [15] = 173
    [16] = 173
    [17] = 173
    [18] = 173
    [19] = 173

####################

went trhough [StackPeek] function.
now stack <st> looks like this:
errno = <0> (stack is OK)
   *[0] = 0
   *[1] = 1
   *[2] = 2
   *[3] = 3
   *[4] = 4
   *[5] = 5
   *[6] = 6
   *[7] = 7
   *[8] = 8
    [9] = 9
    [10] = 173
    [11] = 173
    [12] = 173
    [13] = 173
    [14] = 173
    [15] = 173
    [16] = 173
    [17] = 173
    [18] = 173
    [19] = 173

####################

went trhough [StackPop] function.
now stack <st> looks like this:
errno = <0> (stack is OK)
   *[0] = 0
   *[1] = 1
   *[2] = 2
   *[3] = 3
   *[4] = 4
   *[5] = 5
   *[6] = 6
   *[7] = 7
    [8] = 8
    [9] = 9
    [10] = 173
    [11] = 173
    [12] = 173
    [13] = 173
    [14] = 173
    [15] = 173
    [16] = 173
    [17] = 173
    [18] = 173
    [19] = 173

####################

went trhough [StackPeek] function.
now stack <st> looks like this:
errno = <0> (stack is OK)
   *[0] = 0
   *[1] = 1
   *[2] = 2
   *[3] = 3
   *[4] = 4
   *[5] = 5
   *[6] = 6
   *[7] = 7
    [8] = 8
    [9] = 9
    [10] = 173
    [11] = 173
    [12] = 173
    [13] = 173
    [14] = 173
    [15] = 173
    [16] = 173
    [17] = 173
    [18] = 173
    [19] = 173

####################

went trhough [StackPop] function.
now stack <st> looks like this:
errno = <0> (stack is OK)
   *[0] = 0
   *[1] = 1
   *[2] = 2
   *[3] = 3
   *[4] = 4
   *[5] = 5
   *[6] = 6
    [7] = 7
    [8] = 8
    [9] = 9
    [10] = 173
    [11] = 173
    [12] = 173
    [13] = 173
    [14] = 173
    [15] = 173
    [16] = 173
    [17] = 173
    [18] = 173
    [19] = 173

####################

went trhough [StackPeek] function.
now stack <st> looks like this:
errno = <0> (stack is OK)
   *[0] = 0
   *[1] = 1
   *[2] = 2
   *[3] = 3
   *[4] = 4
   *[5] = 5
   *[6] = 6
    [7] = 7
    [8] = 8
    [9] = 9
    [10] = 173
    [11] = 173
    [12] = 173
    [13] = 173
    [14] = 173
    [15] = 173
    [16] = 173
    [17] = 173
    [18] = 173
    [19] = 173

####################

went trhough [StackPop] function.
now stack <st> looks like this:
errno = <0> (stack is OK)
   *[0] = 0
   *[1] = 1
   *[2] = 2
   *[3] = 3
   *[4] = 4
   *[5] = 5
    [6] = 6
    [7] = 7
    [8] = 8
    [9] = 9
    [10] = 173
    [11] = 173
    [12] = 173
    [13] = 173
    [14] = 173
    [15] = 173
    [16] = 173
    [17] = 173
    [18] = 173
    [19] = 173

####################

went trhough [StackPeek] function.
now stack <st> looks like this:
errno = <0> (stack is OK)
   *[0] = 0
   *[1] = 1
   *[2] = 2
   *[3] = 3
   *[4] = 4
   *[5] = 5
    [6] = 6
    [7] = 7
    [8] = 8
    [9] = 9
    [10] = 173
    [11] = 173
    [12] = 173
    [13] = 173
    [14] = 173
    [15] = 173
    [16] = 173
    [17] = 173
    [18] = 173
    [19] = 173

####################

went trhough [StackPop] function.
now stack <st> looks like this:
errno = <0> (stack is OK)
   *[0] = 0
   *[1] = 1
   *[2] = 2
   *[3] = 3
   *[4] = 4
    [5] = 5
    [6] = 6
    [7] = 7
    [8] = 8
    [9] = 9
    [10] = 173
    [11] = 173
    [12] = 173
    [13] = 173
    [14] = 173
    [15] = 173
    [16] = 173
    [17] = 173
    [18] = 173
    [19] = 173

####################

went trhough [StackPeek] function.
now stack <st> looks like this:
errno = <0> (stack is OK)
   *[0] = 0
   *[1] = 1
   *[2] = 2
   *[3] = 3
   *[4] = 4
    [5] = 5
    [6] = 6
    [7] = 7
    [8] = 8
    [9] = 9
    [10] = 173
    [11] = 173
    [12] = 173
    [13] = 173
    [14] = 173
    [15] = 173
    [16] = 173
    [17] = 173
    [18] = 173
    [19] = 173

####################

went trhough [StackPop] function.
now stack <st> looks like this:
errno = <0> (stack is OK)
   *[0] = 0
   *[1] = 1
   *[2] = 2
   *[3] = 3
    [4] = 4
    [5] = 5
    [6] = 6
    [7] = 7
    [8] = 8
    [9] = 9
    [10] = 173
    [11] = 173
    [12] = 173
    [13] = 173
    [14] = 173
    [15] = 173
    [16] = 173
    [17] = 173
    [18] = 173
    [19] = 173

####################

went trhough [StackPeek] function.
now stack <st> looks like this:
errno = <0> (stack is OK)
   *[0] = 0
   *[1] = 1
   *[2] = 2
   *[3] = 3
    [4] = 4
    [5] = 5
    [6] = 6
    [7] = 7
    [8] = 8
    [9] = 9
    [10] = 173
    [11] = 173
    [12] = 173
    [13] = 173
    [14] = 173
    [15] = 173
    [16] = 173
    [17] = 173
    [18] = 173
    [19] = 173

####################

went trhough [StackPop] function.
now stack <st> looks like this:
errno = <0> (stack is OK)
   *[0] = 0
   *[1] = 1
   *[2] = 2
    [3] = 3
    [4] = 4
    [5] = 5
    [6] = 6
    [7] = 7
    [8] = 8
    [9] = 9
    [10] = 173
    [11] = 173
    [12] = 173
    [13] = 173
    [14] = 173
    [15] = 173
    [16] = 173
    [17] = 173
    [18] = 173
    [19] = 173

####################

went trhough [StackPeek] function.
now stack <st> looks like this:
errno = <0> (stack is OK)
   *[0] = 0
   *[1] = 1
   *[2] = 2
    [3] = 3
    [4] = 4
    [5] = 5
    [6] = 6
    [7] = 7
    [8] = 8
    [9] = 9
    [10] = 173
    [11] = 173
    [12] = 173
    [13] = 173
    [14] = 173
    [15] = 173
    [16] = 173
    [17] = 173
    [18] = 173
    [19] = 173

####################

went trhough [StackPop] function.
now stack <st> looks like this:
errno = <0> (stack is OK)
   *[0] = 0
   *[1] = 1
    [2] = 2
    [3] = 3
    [4] = 4
    [5] = 5
    [6] = 6
    [7] = 7
    [8] = 8
    [9] = 9
    [10] = 173
    [11] = 173
    [12] = 173
    [13] = 173
    [14] = 173
    [15] = 173
    [16] = 173
    [17] = 173
    [18] = 173
    [19] = 173

####################

went trhough [StackPeek] function.
now stack <st> looks like this:
errno = <0> (stack is OK)
   *[0] = 0
   *[1] = 1
    [2] = 2
    [3] = 3
    [4] = 4
    [5] = 5
    [6] = 6
    [7] = 7
    [8] = 8
    [9] = 9
    [10] = 173
    [11] = 173
    [12] = 173
    [13] = 173
    [14] = 173
    [15] = 173
    [16] = 173
    [17] = 173
    [18] = 173
    [19] = 173

####################

went trhough [StackPop] function.
now stack <st> looks like this:
errno = <0> (stack is OK)
   *[0] = 0
    [1] = 1
    [2] = 2
    [3] = 3
    [4] = 4
    [5] = 5
    [6] = 6
    [7] = 7
    [8] = 8
    [9] = 9
    [10] = 173
    [11] = 173
    [12] = 173
    [13] = 173
    [14] = 173
    [15] = 173
    [16] = 173
    [17] = 173
    [18] = 173
    [19] = 173

####################

went trhough [StackPeek] function.
now stack <st> looks like this:
errno = <0> (stack is OK)
   *[0] = 0
    [1] = 1
    [2] = 2
    [3] = 3
    [4] = 4
    [5] = 5
    [6] = 6
    [7] = 7
    [8] = 8
    [9] = 9
    [10] = 173
    [11] = 173
    [12] = 173
    [13] = 173
    [14] = 173
    [15] = 173
    [16] = 173
    [17] = 173
    [18] = 173
    [19] = 173

####################

went trhough [StackPop] function.
now stack <st> looks like this:
errno = <0> (stack is OK)
    [0] = 0
    [1] = 1
    [2] = 2
    [3] = 3
    [4] = 4
    [5] = 5
    [6] = 6
    [7] = 7
    [8] = 8
    [9] = 9
    [10] = 173
    [11] = 173
    [12] = 173
    [13] = 173
    [14] = 173
    [15] = 173
    [16] = 173
    [17] = 173
    [18] = 173
    [19] = 173

####################

went trhough [StackPeek] function.
now stack <st> looks like this:
errno = <0> (stack is OK)
    [0] = 0
    [1] = 1
    [2] = 2
    [3] = 3
    [4] = 4
    [5] = 5
    [6] = 6
    [7] = 7
    [8] = 8
    [9] = 9
    [10] = 173
    [11] = 173
    [12] = 173
    [13] = 173
    [14] = 173
    [15] = 173
    [16] = 173
    [17] = 173
    [18] = 173
    [19] = 173

####################

