[2019-12-09|16:32:00]
  hash: -4333
  tree capacity: 20
  tree size: 0
  first free element's physical address: 1
  root address: 0
  error: 1 hash is corrupted!

  [  0] ( [  0,   0] <  0>)
  [  1] ( [  0,   0] <  0>)
  [  2] ( [  0,   0] <  0>)
  [  3] ( [  0,   0] <  0>)
  [  4] ( [  0,   0] <  0>)
  [  5] ( [  0,   0] <  0>)
  [  6] ( [  0,   0] <  0>)
  [  7] ( [  0,   0] <  0>)
  [  8] ( [  0,   0] <  0>)
  [  9] ( [  0,   0] <  0>)
  [ 10] ( [  0,   0] <  0>)
  [ 11] ( [  0,   0] <  0>)
  [ 12] ( [  0,   0] <  0>)
  [ 13] ( [  0,   0] <  0>)
  [ 14] ( [  0,   0] <  0>)
  [ 15] ( [  0,   0] <  0>)
  [ 16] ( [  0,   0] <  0>)
  [ 17] ( [  0,   0] <  0>)
  [ 18] ( [  0,   0] <  0>)
  [ 19] ( [  0,   0] <  0>)
  [  0] ( [  0,   0] <  0>)
  [  1] ( [  0,   0] <  0>)
  [  2] ( [  0,   0] <  0>)
  [  3] ( [  0,   0] <  0>)
  [  4] ( [  0,   0] <  0>)
  [  5] ( [  0,   0] <  0>)
  [  6] ( [  0,   0] <  0>)
  [  7] ( [  0,   0] <  0>)
  [  8] ( [  0,   0] <  0>)
  [  9] ( [  0,   0] <  0>)
  [ 10] ( [  0,   0] <  0>)
  [ 11] ( [  0,   0] <  0>)
  [ 12] ( [  0,   0] <  0>)
  [ 13] ( [  0,   0] <  0>)
  [ 14] ( [  0,   0] <  0>)
  [ 15] ( [  0,   0] <  0>)
  [ 16] ( [  0,   0] <  0>)
  [ 17] ( [  0,   0] <  0>)
  [ 18] ( [  0,   0] <  0>)
  [ 19] ( [  0,   0] <  0>)
