[2019-12-14|14:15:58]
passed through function [[TreeInit]]
  hash: 100
  tree capacity: 20
  tree size: 0
  first free element's physical address: 1
  root address: 0
  error: 0 tree is ok

  |  &|                              val| &L| &R|  &par|
  [ 0 ] (                               [  0,  0] <  0>)
  [ 1 ] (                               [  0,  0] <  0>)
  [ 2 ] (                               [  0,  0] <  0>)
  [ 3 ] (                               [  0,  0] <  0>)
  [ 4 ] (                               [  0,  0] <  0>)
  [ 5 ] (                               [  0,  0] <  0>)
  [ 6 ] (                               [  0,  0] <  0>)
  [ 7 ] (                               [  0,  0] <  0>)
  [ 8 ] (                               [  0,  0] <  0>)
  [ 9 ] (                               [  0,  0] <  0>)
  [10 ] (                               [  0,  0] <  0>)
  [11 ] (                               [  0,  0] <  0>)
  [12 ] (                               [  0,  0] <  0>)
  [13 ] (                               [  0,  0] <  0>)
  [14 ] (                               [  0,  0] <  0>)
  [15 ] (                               [  0,  0] <  0>)
  [16 ] (                               [  0,  0] <  0>)
  [17 ] (                               [  0,  0] <  0>)
  [18 ] (                               [  0,  0] <  0>)
  [19 ] (                               [  0,  0] <  0>)

  memmmap:
  [  0][  1][  2][  3][  4][  5][  6][  7][  8][  9][ 10][ 11][ 12][ 13][ 14][ 15][ 16][ 17][ 18][ 19]
  [  0][  2][  3][  4][  5][  6][  7][  8][  9][ 10][ 11][ 12][ 13][ 14][ 15][ 16][ 17][ 18][ 19][  0]

[2019-12-14|14:15:58]
passed through function [[TreeInsertNode (root added)]]
  hash: 100
  tree capacity: 20
  tree size: 1
  first free element's physical address: 2
  root address: 1
  error: 0 tree is ok

  |  &|                              val| &L| &R|  &par|
  [ 0 ] (                               [  0,  0] <  0>)
  [ 1*] (                      it flies [  0,  0] <  0>)
  [ 2 ] (                               [  0,  0] <  0>)
  [ 3 ] (                               [  0,  0] <  0>)
  [ 4 ] (                               [  0,  0] <  0>)
  [ 5 ] (                               [  0,  0] <  0>)
  [ 6 ] (                               [  0,  0] <  0>)
  [ 7 ] (                               [  0,  0] <  0>)
  [ 8 ] (                               [  0,  0] <  0>)
  [ 9 ] (                               [  0,  0] <  0>)
  [10 ] (                               [  0,  0] <  0>)
  [11 ] (                               [  0,  0] <  0>)
  [12 ] (                               [  0,  0] <  0>)
  [13 ] (                               [  0,  0] <  0>)
  [14 ] (                               [  0,  0] <  0>)
  [15 ] (                               [  0,  0] <  0>)
  [16 ] (                               [  0,  0] <  0>)
  [17 ] (                               [  0,  0] <  0>)
  [18 ] (                               [  0,  0] <  0>)
  [19 ] (                               [  0,  0] <  0>)

  memmmap:
  [  0][  1][  2][  3][  4][  5][  6][  7][  8][  9][ 10][ 11][ 12][ 13][ 14][ 15][ 16][ 17][ 18][ 19]
  [  0][  2][  3][  4][  5][  6][  7][  8][  9][ 10][ 11][ 12][ 13][ 14][ 15][ 16][ 17][ 18][ 19][  0]

[2019-12-14|14:15:58]
passed through function [[TreeInsertNode (inserted)]]
  hash: 100
  tree capacity: 20
  tree size: 2
  first free element's physical address: 3
  root address: 1
  error: 0 tree is ok

  |  &|                              val| &L| &R|  &par|
  [ 0 ] (                               [  0,  0] <  0>)
  [ 1*] (                      it flies [  2,  0] <  0>)
  [ 2*] (                it's not alive [  0,  0] <  1>)
  [ 3 ] (                               [  0,  0] <  0>)
  [ 4 ] (                               [  0,  0] <  0>)
  [ 5 ] (                               [  0,  0] <  0>)
  [ 6 ] (                               [  0,  0] <  0>)
  [ 7 ] (                               [  0,  0] <  0>)
  [ 8 ] (                               [  0,  0] <  0>)
  [ 9 ] (                               [  0,  0] <  0>)
  [10 ] (                               [  0,  0] <  0>)
  [11 ] (                               [  0,  0] <  0>)
  [12 ] (                               [  0,  0] <  0>)
  [13 ] (                               [  0,  0] <  0>)
  [14 ] (                               [  0,  0] <  0>)
  [15 ] (                               [  0,  0] <  0>)
  [16 ] (                               [  0,  0] <  0>)
  [17 ] (                               [  0,  0] <  0>)
  [18 ] (                               [  0,  0] <  0>)
  [19 ] (                               [  0,  0] <  0>)

  memmmap:
  [  0][  1][  2][  3][  4][  5][  6][  7][  8][  9][ 10][ 11][ 12][ 13][ 14][ 15][ 16][ 17][ 18][ 19]
  [  0][  2][  3][  4][  5][  6][  7][  8][  9][ 10][ 11][ 12][ 13][ 14][ 15][ 16][ 17][ 18][ 19][  0]

[2019-12-14|14:15:58]
passed through function [[TreeInsertNode (inserted)]]
  hash: 100
  tree capacity: 20
  tree size: 3
  first free element's physical address: 4
  root address: 1
  error: 0 tree is ok

  |  &|                              val| &L| &R|  &par|
  [ 0 ] (                               [  0,  0] <  0>)
  [ 1*] (                      it flies [  2,  0] <  0>)
  [ 2*] (                it's not alive [  3,  0] <  1>)
  [ 3*] (         it is filled with gas [  0,  0] <  2>)
  [ 4 ] (                               [  0,  0] <  0>)
  [ 5 ] (                               [  0,  0] <  0>)
  [ 6 ] (                               [  0,  0] <  0>)
  [ 7 ] (                               [  0,  0] <  0>)
  [ 8 ] (                               [  0,  0] <  0>)
  [ 9 ] (                               [  0,  0] <  0>)
  [10 ] (                               [  0,  0] <  0>)
  [11 ] (                               [  0,  0] <  0>)
  [12 ] (                               [  0,  0] <  0>)
  [13 ] (                               [  0,  0] <  0>)
  [14 ] (                               [  0,  0] <  0>)
  [15 ] (                               [  0,  0] <  0>)
  [16 ] (                               [  0,  0] <  0>)
  [17 ] (                               [  0,  0] <  0>)
  [18 ] (                               [  0,  0] <  0>)
  [19 ] (                               [  0,  0] <  0>)

  memmmap:
  [  0][  1][  2][  3][  4][  5][  6][  7][  8][  9][ 10][ 11][ 12][ 13][ 14][ 15][ 16][ 17][ 18][ 19]
  [  0][  2][  3][  4][  5][  6][  7][  8][  9][ 10][ 11][ 12][ 13][ 14][ 15][ 16][ 17][ 18][ 19][  0]

[2019-12-14|14:15:58]
passed through function [[TreeInsertNode (inserted)]]
  hash: 100
  tree capacity: 20
  tree size: 4
  first free element's physical address: 5
  root address: 1
  error: 0 tree is ok

  |  &|                              val| &L| &R|  &par|
  [ 0 ] (                               [  0,  0] <  0>)
  [ 1*] (                      it flies [  2,  0] <  0>)
  [ 2*] (                it's not alive [  3,  0] <  1>)
  [ 3*] (         it is filled with gas [  4,  0] <  2>)
  [ 4*] (                      pepelatz [  0,  0] <  3>)
  [ 5 ] (                               [  0,  0] <  0>)
  [ 6 ] (                               [  0,  0] <  0>)
  [ 7 ] (                               [  0,  0] <  0>)
  [ 8 ] (                               [  0,  0] <  0>)
  [ 9 ] (                               [  0,  0] <  0>)
  [10 ] (                               [  0,  0] <  0>)
  [11 ] (                               [  0,  0] <  0>)
  [12 ] (                               [  0,  0] <  0>)
  [13 ] (                               [  0,  0] <  0>)
  [14 ] (                               [  0,  0] <  0>)
  [15 ] (                               [  0,  0] <  0>)
  [16 ] (                               [  0,  0] <  0>)
  [17 ] (                               [  0,  0] <  0>)
  [18 ] (                               [  0,  0] <  0>)
  [19 ] (                               [  0,  0] <  0>)

  memmmap:
  [  0][  1][  2][  3][  4][  5][  6][  7][  8][  9][ 10][ 11][ 12][ 13][ 14][ 15][ 16][ 17][ 18][ 19]
  [  0][  2][  3][  4][  5][  6][  7][  8][  9][ 10][ 11][ 12][ 13][ 14][ 15][ 16][ 17][ 18][ 19][  0]

[2019-12-14|14:15:58]
passed through function [[TreeInsertNode (inserted)]]
  hash: 100
  tree capacity: 20
  tree size: 5
  first free element's physical address: 6
  root address: 1
  error: 0 tree is ok

  |  &|                              val| &L| &R|  &par|
  [ 0 ] (                               [  0,  0] <  0>)
  [ 1*] (                      it flies [  2,  0] <  0>)
  [ 2*] (                it's not alive [  3,  0] <  1>)
  [ 3*] (         it is filled with gas [  4,  5] <  2>)
  [ 4*] (                      pepelatz [  0,  0] <  3>)
  [ 5*] (                         plane [  0,  0] <  3>)
  [ 6 ] (                               [  0,  0] <  0>)
  [ 7 ] (                               [  0,  0] <  0>)
  [ 8 ] (                               [  0,  0] <  0>)
  [ 9 ] (                               [  0,  0] <  0>)
  [10 ] (                               [  0,  0] <  0>)
  [11 ] (                               [  0,  0] <  0>)
  [12 ] (                               [  0,  0] <  0>)
  [13 ] (                               [  0,  0] <  0>)
  [14 ] (                               [  0,  0] <  0>)
  [15 ] (                               [  0,  0] <  0>)
  [16 ] (                               [  0,  0] <  0>)
  [17 ] (                               [  0,  0] <  0>)
  [18 ] (                               [  0,  0] <  0>)
  [19 ] (                               [  0,  0] <  0>)

  memmmap:
  [  0][  1][  2][  3][  4][  5][  6][  7][  8][  9][ 10][ 11][ 12][ 13][ 14][ 15][ 16][ 17][ 18][ 19]
  [  0][  2][  3][  4][  5][  6][  7][  8][  9][ 10][ 11][ 12][ 13][ 14][ 15][ 16][ 17][ 18][ 19][  0]

[2019-12-14|14:15:58]
passed through function [[TreeInsertNode (inserted)]]
  hash: 100
  tree capacity: 20
  tree size: 6
  first free element's physical address: 7
  root address: 1
  error: 0 tree is ok

  |  &|                              val| &L| &R|  &par|
  [ 0 ] (                               [  0,  0] <  0>)
  [ 1*] (                      it flies [  2,  0] <  0>)
  [ 2*] (                it's not alive [  3,  6] <  1>)
  [ 3*] (         it is filled with gas [  4,  5] <  2>)
  [ 4*] (                      pepelatz [  0,  0] <  3>)
  [ 5*] (                         plane [  0,  0] <  3>)
  [ 6*] (              chitine skeleton [  0,  0] <  2>)
  [ 7 ] (                               [  0,  0] <  0>)
  [ 8 ] (                               [  0,  0] <  0>)
  [ 9 ] (                               [  0,  0] <  0>)
  [10 ] (                               [  0,  0] <  0>)
  [11 ] (                               [  0,  0] <  0>)
  [12 ] (                               [  0,  0] <  0>)
  [13 ] (                               [  0,  0] <  0>)
  [14 ] (                               [  0,  0] <  0>)
  [15 ] (                               [  0,  0] <  0>)
  [16 ] (                               [  0,  0] <  0>)
  [17 ] (                               [  0,  0] <  0>)
  [18 ] (                               [  0,  0] <  0>)
  [19 ] (                               [  0,  0] <  0>)

  memmmap:
  [  0][  1][  2][  3][  4][  5][  6][  7][  8][  9][ 10][ 11][ 12][ 13][ 14][ 15][ 16][ 17][ 18][ 19]
  [  0][  2][  3][  4][  5][  6][  7][  8][  9][ 10][ 11][ 12][ 13][ 14][ 15][ 16][ 17][ 18][ 19][  0]

[2019-12-14|14:15:58]
passed through function [[TreeInsertNode (inserted)]]
  hash: 100
  tree capacity: 20
  tree size: 7
  first free element's physical address: 8
  root address: 1
  error: 0 tree is ok

  |  &|                              val| &L| &R|  &par|
  [ 0 ] (                               [  0,  0] <  0>)
  [ 1*] (                      it flies [  2,  0] <  0>)
  [ 2*] (                it's not alive [  3,  6] <  1>)
  [ 3*] (         it is filled with gas [  4,  5] <  2>)
  [ 4*] (                      pepelatz [  0,  0] <  3>)
  [ 5*] (                         plane [  0,  0] <  3>)
  [ 6*] (              chitine skeleton [  7,  0] <  2>)
  [ 7*] (                 is ~2cm large [  0,  0] <  6>)
  [ 8 ] (                               [  0,  0] <  0>)
  [ 9 ] (                               [  0,  0] <  0>)
  [10 ] (                               [  0,  0] <  0>)
  [11 ] (                               [  0,  0] <  0>)
  [12 ] (                               [  0,  0] <  0>)
  [13 ] (                               [  0,  0] <  0>)
  [14 ] (                               [  0,  0] <  0>)
  [15 ] (                               [  0,  0] <  0>)
  [16 ] (                               [  0,  0] <  0>)
  [17 ] (                               [  0,  0] <  0>)
  [18 ] (                               [  0,  0] <  0>)
  [19 ] (                               [  0,  0] <  0>)

  memmmap:
  [  0][  1][  2][  3][  4][  5][  6][  7][  8][  9][ 10][ 11][ 12][ 13][ 14][ 15][ 16][ 17][ 18][ 19]
  [  0][  2][  3][  4][  5][  6][  7][  8][  9][ 10][ 11][ 12][ 13][ 14][ 15][ 16][ 17][ 18][ 19][  0]

[2019-12-14|14:15:58]
passed through function [[TreeInsertNode (inserted)]]
  hash: 100
  tree capacity: 20
  tree size: 8
  first free element's physical address: 9
  root address: 1
  error: 0 tree is ok

  |  &|                              val| &L| &R|  &par|
  [ 0 ] (                               [  0,  0] <  0>)
  [ 1*] (                      it flies [  2,  0] <  0>)
  [ 2*] (                it's not alive [  3,  6] <  1>)
  [ 3*] (         it is filled with gas [  4,  5] <  2>)
  [ 4*] (                      pepelatz [  0,  0] <  3>)
  [ 5*] (                         plane [  0,  0] <  3>)
  [ 6*] (              chitine skeleton [  7,  0] <  2>)
  [ 7*] (                 is ~2cm large [  8,  0] <  6>)
  [ 8*] (                   maysky zhuk [  0,  0] <  7>)
  [ 9 ] (                               [  0,  0] <  0>)
  [10 ] (                               [  0,  0] <  0>)
  [11 ] (                               [  0,  0] <  0>)
  [12 ] (                               [  0,  0] <  0>)
  [13 ] (                               [  0,  0] <  0>)
  [14 ] (                               [  0,  0] <  0>)
  [15 ] (                               [  0,  0] <  0>)
  [16 ] (                               [  0,  0] <  0>)
  [17 ] (                               [  0,  0] <  0>)
  [18 ] (                               [  0,  0] <  0>)
  [19 ] (                               [  0,  0] <  0>)

  memmmap:
  [  0][  1][  2][  3][  4][  5][  6][  7][  8][  9][ 10][ 11][ 12][ 13][ 14][ 15][ 16][ 17][ 18][ 19]
  [  0][  2][  3][  4][  5][  6][  7][  8][  9][ 10][ 11][ 12][ 13][ 14][ 15][ 16][ 17][ 18][ 19][  0]

[2019-12-14|14:15:58]
passed through function [[TreeInsertNode (inserted)]]
  hash: 100
  tree capacity: 20
  tree size: 9
  first free element's physical address: 10
  root address: 1
  error: 0 tree is ok

  |  &|                              val| &L| &R|  &par|
  [ 0 ] (                               [  0,  0] <  0>)
  [ 1*] (                      it flies [  2,  0] <  0>)
  [ 2*] (                it's not alive [  3,  6] <  1>)
  [ 3*] (         it is filled with gas [  4,  5] <  2>)
  [ 4*] (                      pepelatz [  0,  0] <  3>)
  [ 5*] (                         plane [  0,  0] <  3>)
  [ 6*] (              chitine skeleton [  7,  0] <  2>)
  [ 7*] (                 is ~2cm large [  8,  9] <  6>)
  [ 8*] (                   maysky zhuk [  0,  0] <  7>)
  [ 9*] (                     meganevra [  0,  0] <  7>)
  [10 ] (                               [  0,  0] <  0>)
  [11 ] (                               [  0,  0] <  0>)
  [12 ] (                               [  0,  0] <  0>)
  [13 ] (                               [  0,  0] <  0>)
  [14 ] (                               [  0,  0] <  0>)
  [15 ] (                               [  0,  0] <  0>)
  [16 ] (                               [  0,  0] <  0>)
  [17 ] (                               [  0,  0] <  0>)
  [18 ] (                               [  0,  0] <  0>)
  [19 ] (                               [  0,  0] <  0>)

  memmmap:
  [  0][  1][  2][  3][  4][  5][  6][  7][  8][  9][ 10][ 11][ 12][ 13][ 14][ 15][ 16][ 17][ 18][ 19]
  [  0][  2][  3][  4][  5][  6][  7][  8][  9][ 10][ 11][ 12][ 13][ 14][ 15][ 16][ 17][ 18][ 19][  0]

[2019-12-14|14:15:58]
passed through function [[TreeInsertNode (inserted)]]
  hash: 100
  tree capacity: 20
  tree size: 10
  first free element's physical address: 11
  root address: 1
  error: 0 tree is ok

  |  &|                              val| &L| &R|  &par|
  [ 0 ] (                               [  0,  0] <  0>)
  [ 1*] (                      it flies [  2,  0] <  0>)
  [ 2*] (                it's not alive [  3,  6] <  1>)
  [ 3*] (         it is filled with gas [  4,  5] <  2>)
  [ 4*] (                      pepelatz [  0,  0] <  3>)
  [ 5*] (                         plane [  0,  0] <  3>)
  [ 6*] (              chitine skeleton [  7, 10] <  2>)
  [ 7*] (                 is ~2cm large [  8,  9] <  6>)
  [ 8*] (                   maysky zhuk [  0,  0] <  7>)
  [ 9*] (                     meganevra [  0,  0] <  7>)
  [10*] (                          birb [  0,  0] <  6>)
  [11 ] (                               [  0,  0] <  0>)
  [12 ] (                               [  0,  0] <  0>)
  [13 ] (                               [  0,  0] <  0>)
  [14 ] (                               [  0,  0] <  0>)
  [15 ] (                               [  0,  0] <  0>)
  [16 ] (                               [  0,  0] <  0>)
  [17 ] (                               [  0,  0] <  0>)
  [18 ] (                               [  0,  0] <  0>)
  [19 ] (                               [  0,  0] <  0>)

  memmmap:
  [  0][  1][  2][  3][  4][  5][  6][  7][  8][  9][ 10][ 11][ 12][ 13][ 14][ 15][ 16][ 17][ 18][ 19]
  [  0][  2][  3][  4][  5][  6][  7][  8][  9][ 10][ 11][ 12][ 13][ 14][ 15][ 16][ 17][ 18][ 19][  0]

[2019-12-14|14:15:58]
passed through function [[TreeInsertNode (inserted)]]
  hash: 100
  tree capacity: 20
  tree size: 11
  first free element's physical address: 12
  root address: 1
  error: 0 tree is ok

  |  &|                              val| &L| &R|  &par|
  [ 0 ] (                               [  0,  0] <  0>)
  [ 1*] (                      it flies [  2, 11] <  0>)
  [ 2*] (                it's not alive [  3,  6] <  1>)
  [ 3*] (         it is filled with gas [  4,  5] <  2>)
  [ 4*] (                      pepelatz [  0,  0] <  3>)
  [ 5*] (                         plane [  0,  0] <  3>)
  [ 6*] (              chitine skeleton [  7, 10] <  2>)
  [ 7*] (                 is ~2cm large [  8,  9] <  6>)
  [ 8*] (                   maysky zhuk [  0,  0] <  7>)
  [ 9*] (                     meganevra [  0,  0] <  7>)
  [10*] (                          birb [  0,  0] <  6>)
  [11*] (                it's not alive [  0,  0] <  1>)
  [12 ] (                               [  0,  0] <  0>)
  [13 ] (                               [  0,  0] <  0>)
  [14 ] (                               [  0,  0] <  0>)
  [15 ] (                               [  0,  0] <  0>)
  [16 ] (                               [  0,  0] <  0>)
  [17 ] (                               [  0,  0] <  0>)
  [18 ] (                               [  0,  0] <  0>)
  [19 ] (                               [  0,  0] <  0>)

  memmmap:
  [  0][  1][  2][  3][  4][  5][  6][  7][  8][  9][ 10][ 11][ 12][ 13][ 14][ 15][ 16][ 17][ 18][ 19]
  [  0][  2][  3][  4][  5][  6][  7][  8][  9][ 10][ 11][ 12][ 13][ 14][ 15][ 16][ 17][ 18][ 19][  0]

[2019-12-14|14:15:58]
passed through function [[TreeInsertNode (inserted)]]
  hash: 100
  tree capacity: 20
  tree size: 12
  first free element's physical address: 13
  root address: 1
  error: 0 tree is ok

  |  &|                              val| &L| &R|  &par|
  [ 0 ] (                               [  0,  0] <  0>)
  [ 1*] (                      it flies [  2, 11] <  0>)
  [ 2*] (                it's not alive [  3,  6] <  1>)
  [ 3*] (         it is filled with gas [  4,  5] <  2>)
  [ 4*] (                      pepelatz [  0,  0] <  3>)
  [ 5*] (                         plane [  0,  0] <  3>)
  [ 6*] (              chitine skeleton [  7, 10] <  2>)
  [ 7*] (                 is ~2cm large [  8,  9] <  6>)
  [ 8*] (                   maysky zhuk [  0,  0] <  7>)
  [ 9*] (                     meganevra [  0,  0] <  7>)
  [10*] (                          birb [  0,  0] <  6>)
  [11*] (                it's not alive [ 12,  0] <  1>)
  [12*] (                          rock [  0,  0] < 11>)
  [13 ] (                               [  0,  0] <  0>)
  [14 ] (                               [  0,  0] <  0>)
  [15 ] (                               [  0,  0] <  0>)
  [16 ] (                               [  0,  0] <  0>)
  [17 ] (                               [  0,  0] <  0>)
  [18 ] (                               [  0,  0] <  0>)
  [19 ] (                               [  0,  0] <  0>)

  memmmap:
  [  0][  1][  2][  3][  4][  5][  6][  7][  8][  9][ 10][ 11][ 12][ 13][ 14][ 15][ 16][ 17][ 18][ 19]
  [  0][  2][  3][  4][  5][  6][  7][  8][  9][ 10][ 11][ 12][ 13][ 14][ 15][ 16][ 17][ 18][ 19][  0]

[2019-12-14|14:15:58]
passed through function [[TreeInsertNode (inserted)]]
  hash: 100
  tree capacity: 20
  tree size: 13
  first free element's physical address: 14
  root address: 1
  error: 0 tree is ok

  |  &|                              val| &L| &R|  &par|
  [ 0 ] (                               [  0,  0] <  0>)
  [ 1*] (                      it flies [  2, 11] <  0>)
  [ 2*] (                it's not alive [  3,  6] <  1>)
  [ 3*] (         it is filled with gas [  4,  5] <  2>)
  [ 4*] (                      pepelatz [  0,  0] <  3>)
  [ 5*] (                         plane [  0,  0] <  3>)
  [ 6*] (              chitine skeleton [  7, 10] <  2>)
  [ 7*] (                 is ~2cm large [  8,  9] <  6>)
  [ 8*] (                   maysky zhuk [  0,  0] <  7>)
  [ 9*] (                     meganevra [  0,  0] <  7>)
  [10*] (                          birb [  0,  0] <  6>)
  [11*] (                it's not alive [ 12, 13] <  1>)
  [12*] (                          rock [  0,  0] < 11>)
  [13*] (                             n [  0,  0] < 11>)
  [14 ] (                               [  0,  0] <  0>)
  [15 ] (                               [  0,  0] <  0>)
  [16 ] (                               [  0,  0] <  0>)
  [17 ] (                               [  0,  0] <  0>)
  [18 ] (                               [  0,  0] <  0>)
  [19 ] (                               [  0,  0] <  0>)

  memmmap:
  [  0][  1][  2][  3][  4][  5][  6][  7][  8][  9][ 10][ 11][ 12][ 13][ 14][ 15][ 16][ 17][ 18][ 19]
  [  0][  2][  3][  4][  5][  6][  7][  8][  9][ 10][ 11][ 12][ 13][ 14][ 15][ 16][ 17][ 18][ 19][  0]

[2019-12-14|14:15:58]
passed through function [[TreeInsertNode (inserted)]]
  hash: 100
  tree capacity: 20
  tree size: 14
  first free element's physical address: 15
  root address: 1
  error: 0 tree is ok

  |  &|                              val| &L| &R|  &par|
  [ 0 ] (                               [  0,  0] <  0>)
  [ 1*] (                      it flies [  2, 11] <  0>)
  [ 2*] (                it's not alive [  3,  6] <  1>)
  [ 3*] (         it is filled with gas [  4,  5] <  2>)
  [ 4*] (                      pepelatz [  0,  0] <  3>)
  [ 5*] (                         plane [  0,  0] <  3>)
  [ 6*] (              chitine skeleton [  7, 10] <  2>)
  [ 7*] (                 is ~2cm large [  8,  9] <  6>)
  [ 8*] (                   maysky zhuk [  0,  0] <  7>)
  [ 9*] (                     meganevra [  0,  0] <  7>)
  [10*] (                          birb [  0,  0] <  6>)
  [11*] (                it's not alive [ 12, 13] <  1>)
  [12*] (                          rock [  0,  0] < 11>)
  [13*] (                             n [ 14,  0] < 11>)
  [14*] (                             n [  0,  0] < 13>)
  [15 ] (                               [  0,  0] <  0>)
  [16 ] (                               [  0,  0] <  0>)
  [17 ] (                               [  0,  0] <  0>)
  [18 ] (                               [  0,  0] <  0>)
  [19 ] (                               [  0,  0] <  0>)

  memmmap:
  [  0][  1][  2][  3][  4][  5][  6][  7][  8][  9][ 10][ 11][ 12][ 13][ 14][ 15][ 16][ 17][ 18][ 19]
  [  0][  2][  3][  4][  5][  6][  7][  8][  9][ 10][ 11][ 12][ 13][ 14][ 15][ 16][ 17][ 18][ 19][  0]

[2019-12-14|14:15:58]
passed through function [[TreeInsertNode (inserted)]]
  hash: 100
  tree capacity: 20
  tree size: 15
  first free element's physical address: 16
  root address: 1
  error: 0 tree is ok

  |  &|                              val| &L| &R|  &par|
  [ 0 ] (                               [  0,  0] <  0>)
  [ 1*] (                      it flies [  2, 11] <  0>)
  [ 2*] (                it's not alive [  3,  6] <  1>)
  [ 3*] (         it is filled with gas [  4,  5] <  2>)
  [ 4*] (                      pepelatz [  0,  0] <  3>)
  [ 5*] (                         plane [  0,  0] <  3>)
  [ 6*] (              chitine skeleton [  7, 10] <  2>)
  [ 7*] (                 is ~2cm large [  8,  9] <  6>)
  [ 8*] (                   maysky zhuk [  0,  0] <  7>)
  [ 9*] (                     meganevra [  0,  0] <  7>)
  [10*] (                          birb [  0,  0] <  6>)
  [11*] (                it's not alive [ 12, 13] <  1>)
  [12*] (                          rock [  0,  0] < 11>)
  [13*] (                             n [ 14, 15] < 11>)
  [14*] (                             n [  0,  0] < 13>)
  [15*] (                             n [  0,  0] < 13>)
  [16 ] (                               [  0,  0] <  0>)
  [17 ] (                               [  0,  0] <  0>)
  [18 ] (                               [  0,  0] <  0>)
  [19 ] (                               [  0,  0] <  0>)

  memmmap:
  [  0][  1][  2][  3][  4][  5][  6][  7][  8][  9][ 10][ 11][ 12][ 13][ 14][ 15][ 16][ 17][ 18][ 19]
  [  0][  2][  3][  4][  5][  6][  7][  8][  9][ 10][ 11][ 12][ 13][ 14][ 15][ 16][ 17][ 18][ 19][  0]

[2019-12-14|14:15:58]
passed through function [[TreeInsertNode (inserted)]]
  hash: 100
  tree capacity: 20
  tree size: 16
  first free element's physical address: 17
  root address: 1
  error: 0 tree is ok

  |  &|                              val| &L| &R|  &par|
  [ 0 ] (                               [  0,  0] <  0>)
  [ 1*] (                      it flies [  2, 11] <  0>)
  [ 2*] (                it's not alive [  3,  6] <  1>)
  [ 3*] (         it is filled with gas [  4,  5] <  2>)
  [ 4*] (                      pepelatz [  0,  0] <  3>)
  [ 5*] (                         plane [  0,  0] <  3>)
  [ 6*] (              chitine skeleton [  7, 10] <  2>)
  [ 7*] (                 is ~2cm large [  8,  9] <  6>)
  [ 8*] (                   maysky zhuk [  0,  0] <  7>)
  [ 9*] (                     meganevra [  0,  0] <  7>)
  [10*] (                          birb [  0,  0] <  6>)
  [11*] (                it's not alive [ 12, 13] <  1>)
  [12*] (                          rock [  0,  0] < 11>)
  [13*] (                             n [ 14, 15] < 11>)
  [14*] (                             n [  0,  0] < 13>)
  [15*] (                             n [ 16,  0] < 13>)
  [16*] (                             n [  0,  0] < 15>)
  [17 ] (                               [  0,  0] <  0>)
  [18 ] (                               [  0,  0] <  0>)
  [19 ] (                               [  0,  0] <  0>)

  memmmap:
  [  0][  1][  2][  3][  4][  5][  6][  7][  8][  9][ 10][ 11][ 12][ 13][ 14][ 15][ 16][ 17][ 18][ 19]
  [  0][  2][  3][  4][  5][  6][  7][  8][  9][ 10][ 11][ 12][ 13][ 14][ 15][ 16][ 17][ 18][ 19][  0]

[2019-12-14|14:15:58]
passed through function [[TreeInsertNode (inserted)]]
  hash: 100
  tree capacity: 20
  tree size: 17
  first free element's physical address: 18
  root address: 1
  error: 0 tree is ok

  |  &|                              val| &L| &R|  &par|
  [ 0 ] (                               [  0,  0] <  0>)
  [ 1*] (                      it flies [  2, 11] <  0>)
  [ 2*] (                it's not alive [  3,  6] <  1>)
  [ 3*] (         it is filled with gas [  4,  5] <  2>)
  [ 4*] (                      pepelatz [  0,  0] <  3>)
  [ 5*] (                         plane [  0,  0] <  3>)
  [ 6*] (              chitine skeleton [  7, 10] <  2>)
  [ 7*] (                 is ~2cm large [  8,  9] <  6>)
  [ 8*] (                   maysky zhuk [  0,  0] <  7>)
  [ 9*] (                     meganevra [  0,  0] <  7>)
  [10*] (                          birb [  0,  0] <  6>)
  [11*] (                it's not alive [ 12, 13] <  1>)
  [12*] (                          rock [  0,  0] < 11>)
  [13*] (                             n [ 14, 15] < 11>)
  [14*] (                             n [  0,  0] < 13>)
  [15*] (                             n [ 16, 17] < 13>)
  [16*] (                             n [  0,  0] < 15>)
  [17*] (                         doggo [  0,  0] < 15>)
  [18 ] (                               [  0,  0] <  0>)
  [19 ] (                               [  0,  0] <  0>)

  memmmap:
  [  0][  1][  2][  3][  4][  5][  6][  7][  8][  9][ 10][ 11][ 12][ 13][ 14][ 15][ 16][ 17][ 18][ 19]
  [  0][  2][  3][  4][  5][  6][  7][  8][  9][ 10][ 11][ 12][ 13][ 14][ 15][ 16][ 17][ 18][ 19][  0]

[2019-12-14|14:15:58]
passed through function [[TreeCopySubTree]]
  hash: 100
  tree capacity: 20
  tree size: 17
  first free element's physical address: 18
  root address: 1
  error: 0 tree is ok

  |  &|                              val| &L| &R|  &par|
  [ 0 ] (                               [  0,  0] <  0>)
  [ 1*] (                      it flies [  2, 11] <  0>)
  [ 2*] (                it's not alive [  3,  6] <  1>)
  [ 3*] (         it is filled with gas [  4,  5] <  2>)
  [ 4*] (                      pepelatz [  0,  0] <  3>)
  [ 5*] (                         plane [  0,  0] <  3>)
  [ 6*] (              chitine skeleton [  7, 10] <  2>)
  [ 7*] (                 is ~2cm large [  8,  9] <  6>)
  [ 8*] (                   maysky zhuk [  0,  0] <  7>)
  [ 9*] (                     meganevra [  0,  0] <  7>)
  [10*] (                          birb [  0,  0] <  6>)
  [11*] (                it's not alive [ 12, 13] <  1>)
  [12*] (                          rock [  0,  0] < 11>)
  [13*] (                             n [ 14, 15] < 11>)
  [14*] (                             n [  0,  0] < 13>)
  [15*] (                             n [ 16, 17] < 13>)
  [16*] (                             n [  0,  0] < 15>)
  [17*] (                         doggo [  0,  0] < 15>)
  [18 ] (                               [  0,  0] <  0>)
  [19 ] (                               [  0,  0] <  0>)

  memmmap:
  [  0][  1][  2][  3][  4][  5][  6][  7][  8][  9][ 10][ 11][ 12][ 13][ 14][ 15][ 16][ 17][ 18][ 19]
  [  0][  2][  3][  4][  5][  6][  7][  8][  9][ 10][ 11][ 12][ 13][ 14][ 15][ 16][ 17][ 18][ 19][  0]

[2019-12-14|14:15:58]
passed through function [[TreeInsertNode (inserted)]]
  hash: 100
  tree capacity: 20
  tree size: 18
  first free element's physical address: 19
  root address: 1
  error: 0 tree is ok

  |  &|                              val| &L| &R|  &par|
  [ 0 ] (                               [  0,  0] <  0>)
  [ 1*] (                      it flies [  2, 11] <  0>)
  [ 2*] (                it's not alive [  3,  6] <  1>)
  [ 3*] (         it is filled with gas [  4,  5] <  2>)
  [ 4*] (                      pepelatz [  0,  0] <  3>)
  [ 5*] (                         plane [  0,  0] <  3>)
  [ 6*] (              chitine skeleton [  7, 10] <  2>)
  [ 7*] (                 is ~2cm large [  8,  9] <  6>)
  [ 8*] (                   maysky zhuk [  0,  0] <  7>)
  [ 9*] (                     meganevra [  0,  0] <  7>)
  [10*] (                          birb [  0,  0] <  6>)
  [11*] (                it's not alive [ 12, 13] <  1>)
  [12*] (                          rock [  0,  0] < 11>)
  [13*] (                             n [ 14, 15] < 11>)
  [14*] (                             n [  0,  0] < 13>)
  [15*] (                             n [ 16, 17] < 13>)
  [16*] (                             n [  0,  0] < 15>)
  [17*] (                         doggo [ 18,  0] < 15>)
  [18*] (                      it flies [  0,  0] < 17>)
  [19 ] (                               [  0,  0] <  0>)

  memmmap:
  [  0][  1][  2][  3][  4][  5][  6][  7][  8][  9][ 10][ 11][ 12][ 13][ 14][ 15][ 16][ 17][ 18][ 19]
  [  0][  2][  3][  4][  5][  6][  7][  8][  9][ 10][ 11][ 12][ 13][ 14][ 15][ 16][ 17][ 18][ 19][  0]

[2019-12-14|14:15:58]
passed through function [[TreeSort]]
  hash: 100
  tree capacity: 20
  tree size: 18
  first free element's physical address: 19
  root address: 1
  error: 0 tree is ok

  |  &|                              val| &L| &R|  &par|
  [ 0 ] (                               [  0,  0] <  0>)
  [ 1*] (                      it flies [  2, 11] <  0>)
  [ 2*] (                it's not alive [  3,  6] <  1>)
  [ 3*] (         it is filled with gas [  4,  5] <  2>)
  [ 4*] (                      pepelatz [  0,  0] <  3>)
  [ 5*] (                         plane [  0,  0] <  3>)
  [ 6*] (              chitine skeleton [  7, 10] <  2>)
  [ 7*] (                 is ~2cm large [  8,  9] <  6>)
  [ 8*] (                   maysky zhuk [  0,  0] <  7>)
  [ 9*] (                     meganevra [  0,  0] <  7>)
  [10*] (                          birb [  0,  0] <  6>)
  [11*] (                it's not alive [ 12, 13] <  1>)
  [12*] (                          rock [  0,  0] < 11>)
  [13*] (                             n [ 14, 15] < 11>)
  [14*] (                             n [  0,  0] < 13>)
  [15*] (                             n [ 16, 17] < 13>)
  [16*] (                             n [  0,  0] < 15>)
  [17*] (                         doggo [ 18,  0] < 15>)
  [18*] (                      it flies [  0,  0] < 17>)
  [19 ] (                               [  0,  0] <  0>)

  memmmap:
  [  0][  1][  2][  3][  4][  5][  6][  7][  8][  9][ 10][ 11][ 12][ 13][ 14][ 15][ 16][ 17][ 18][ 19]
  [  0][  2][  3][  4][  5][  6][  7][  8][  9][ 10][ 11][ 12][ 13][ 14][ 15][ 16][ 17][ 18][ 19][  0]

[2019-12-14|14:15:58]
passed through function [[TreeResize (extend)]]
  hash: 100
  tree capacity: 40
  tree size: 18
  first free element's physical address: 19
  root address: 1
  error: 0 tree is ok

  |  &|                              val| &L| &R|  &par|
  [ 0 ] (                               [  0,  0] <  0>)
  [ 1*] (                      it flies [  2, 11] <  0>)
  [ 2*] (                it's not alive [  3,  6] <  1>)
  [ 3*] (         it is filled with gas [  4,  5] <  2>)
  [ 4*] (                      pepelatz [  0,  0] <  3>)
  [ 5*] (                         plane [  0,  0] <  3>)
  [ 6*] (              chitine skeleton [  7, 10] <  2>)
  [ 7*] (                 is ~2cm large [  8,  9] <  6>)
  [ 8*] (                   maysky zhuk [  0,  0] <  7>)
  [ 9*] (                     meganevra [  0,  0] <  7>)
  [10*] (                          birb [  0,  0] <  6>)
  [11*] (                it's not alive [ 12, 13] <  1>)
  [12*] (                          rock [  0,  0] < 11>)
  [13*] (                             n [ 14, 15] < 11>)
  [14*] (                             n [  0,  0] < 13>)
  [15*] (                             n [ 16, 17] < 13>)
  [16*] (                             n [  0,  0] < 15>)
  [17*] (                         doggo [ 18,  0] < 15>)
  [18*] (                      it flies [  0,  0] < 17>)
  [19 ] (                               [  0,  0] <  0>)
  [20 ] (                               [  0,  0] <  0>)
  [21 ] (                               [  0,  0] <  0>)
  [22 ] (                               [  0,  0] <  0>)
  [23 ] (                               [  0,  0] <  0>)
  [24 ] (                               [  0,  0] <  0>)
  [25 ] (                               [  0,  0] <  0>)
  [26 ] (                               [  0,  0] <  0>)
  [27 ] (                               [  0,  0] <  0>)
  [28 ] (                               [  0,  0] <  0>)
  [29 ] (                               [  0,  0] <  0>)
  [30 ] (                               [  0,  0] <  0>)
  [31 ] (                               [  0,  0] <  0>)
  [32 ] (                               [  0,  0] <  0>)
  [33 ] (                               [  0,  0] <  0>)
  [34 ] (                               [  0,  0] <  0>)
  [35 ] (                               [  0,  0] <  0>)
  [36 ] (                               [  0,  0] <  0>)
  [37 ] (                               [  0,  0] <  0>)
  [38 ] (                               [  0,  0] <  0>)
  [39 ] (                               [  0,  0] <  0>)

  memmmap:
  [  0][  1][  2][  3][  4][  5][  6][  7][  8][  9][ 10][ 11][ 12][ 13][ 14][ 15][ 16][ 17][ 18][ 19][ 20][ 21][ 22][ 23][ 24][ 25][ 26][ 27][ 28][ 29][ 30][ 31][ 32][ 33][ 34][ 35][ 36][ 37][ 38][ 39]
  [  0][  2][  3][  4][  5][  6][  7][  8][  9][ 10][ 11][ 12][ 13][ 14][ 15][ 16][ 17][ 18][ 19][ 20][ 21][ 22][ 23][ 24][ 25][ 26][ 27][ 28][ 29][ 30][ 31][ 32][ 33][ 34][ 35][ 36][ 37][ 38][ 39][  0]

[2019-12-14|14:15:58]
passed through function [[TreeInsertNode (inserted)]]
  hash: 100
  tree capacity: 40
  tree size: 19
  first free element's physical address: 20
  root address: 1
  error: 0 tree is ok

  |  &|                              val| &L| &R|  &par|
  [ 0 ] (                               [  0,  0] <  0>)
  [ 1*] (                      it flies [  2, 11] <  0>)
  [ 2*] (                it's not alive [  3,  6] <  1>)
  [ 3*] (         it is filled with gas [  4,  5] <  2>)
  [ 4*] (                      pepelatz [  0,  0] <  3>)
  [ 5*] (                         plane [  0,  0] <  3>)
  [ 6*] (              chitine skeleton [  7, 10] <  2>)
  [ 7*] (                 is ~2cm large [  8,  9] <  6>)
  [ 8*] (                   maysky zhuk [  0,  0] <  7>)
  [ 9*] (                     meganevra [  0,  0] <  7>)
  [10*] (                          birb [  0,  0] <  6>)
  [11*] (                it's not alive [ 12, 13] <  1>)
  [12*] (                          rock [  0,  0] < 11>)
  [13*] (                             n [ 14, 15] < 11>)
  [14*] (                             n [  0,  0] < 13>)
  [15*] (                             n [ 16, 17] < 13>)
  [16*] (                             n [  0,  0] < 15>)
  [17*] (                         doggo [ 18,  0] < 15>)
  [18*] (                      it flies [ 19,  0] < 17>)
  [19*] (                it's not alive [  0,  0] < 18>)
  [20 ] (                               [  0,  0] <  0>)
  [21 ] (                               [  0,  0] <  0>)
  [22 ] (                               [  0,  0] <  0>)
  [23 ] (                               [  0,  0] <  0>)
  [24 ] (                               [  0,  0] <  0>)
  [25 ] (                               [  0,  0] <  0>)
  [26 ] (                               [  0,  0] <  0>)
  [27 ] (                               [  0,  0] <  0>)
  [28 ] (                               [  0,  0] <  0>)
  [29 ] (                               [  0,  0] <  0>)
  [30 ] (                               [  0,  0] <  0>)
  [31 ] (                               [  0,  0] <  0>)
  [32 ] (                               [  0,  0] <  0>)
  [33 ] (                               [  0,  0] <  0>)
  [34 ] (                               [  0,  0] <  0>)
  [35 ] (                               [  0,  0] <  0>)
  [36 ] (                               [  0,  0] <  0>)
  [37 ] (                               [  0,  0] <  0>)
  [38 ] (                               [  0,  0] <  0>)
  [39 ] (                               [  0,  0] <  0>)

  memmmap:
  [  0][  1][  2][  3][  4][  5][  6][  7][  8][  9][ 10][ 11][ 12][ 13][ 14][ 15][ 16][ 17][ 18][ 19][ 20][ 21][ 22][ 23][ 24][ 25][ 26][ 27][ 28][ 29][ 30][ 31][ 32][ 33][ 34][ 35][ 36][ 37][ 38][ 39]
  [  0][  2][  3][  4][  5][  6][  7][  8][  9][ 10][ 11][ 12][ 13][ 14][ 15][ 16][ 17][ 18][ 19][ 20][ 21][ 22][ 23][ 24][ 25][ 26][ 27][ 28][ 29][ 30][ 31][ 32][ 33][ 34][ 35][ 36][ 37][ 38][ 39][  0]

[2019-12-14|14:15:58]
passed through function [[TreeInsertNode (inserted)]]
  hash: 100
  tree capacity: 40
  tree size: 20
  first free element's physical address: 21
  root address: 1
  error: 0 tree is ok

  |  &|                              val| &L| &R|  &par|
  [ 0 ] (                               [  0,  0] <  0>)
  [ 1*] (                      it flies [  2, 11] <  0>)
  [ 2*] (                it's not alive [  3,  6] <  1>)
  [ 3*] (         it is filled with gas [  4,  5] <  2>)
  [ 4*] (                      pepelatz [  0,  0] <  3>)
  [ 5*] (                         plane [  0,  0] <  3>)
  [ 6*] (              chitine skeleton [  7, 10] <  2>)
  [ 7*] (                 is ~2cm large [  8,  9] <  6>)
  [ 8*] (                   maysky zhuk [  0,  0] <  7>)
  [ 9*] (                     meganevra [  0,  0] <  7>)
  [10*] (                          birb [  0,  0] <  6>)
  [11*] (                it's not alive [ 12, 13] <  1>)
  [12*] (                          rock [  0,  0] < 11>)
  [13*] (                             n [ 14, 15] < 11>)
  [14*] (                             n [  0,  0] < 13>)
  [15*] (                             n [ 16, 17] < 13>)
  [16*] (                             n [  0,  0] < 15>)
  [17*] (                         doggo [ 18,  0] < 15>)
  [18*] (                      it flies [ 19,  0] < 17>)
  [19*] (                it's not alive [ 20,  0] < 18>)
  [20*] (         it is filled with gas [  0,  0] < 19>)
  [21 ] (                               [  0,  0] <  0>)
  [22 ] (                               [  0,  0] <  0>)
  [23 ] (                               [  0,  0] <  0>)
  [24 ] (                               [  0,  0] <  0>)
  [25 ] (                               [  0,  0] <  0>)
  [26 ] (                               [  0,  0] <  0>)
  [27 ] (                               [  0,  0] <  0>)
  [28 ] (                               [  0,  0] <  0>)
  [29 ] (                               [  0,  0] <  0>)
  [30 ] (                               [  0,  0] <  0>)
  [31 ] (                               [  0,  0] <  0>)
  [32 ] (                               [  0,  0] <  0>)
  [33 ] (                               [  0,  0] <  0>)
  [34 ] (                               [  0,  0] <  0>)
  [35 ] (                               [  0,  0] <  0>)
  [36 ] (                               [  0,  0] <  0>)
  [37 ] (                               [  0,  0] <  0>)
  [38 ] (                               [  0,  0] <  0>)
  [39 ] (                               [  0,  0] <  0>)

  memmmap:
  [  0][  1][  2][  3][  4][  5][  6][  7][  8][  9][ 10][ 11][ 12][ 13][ 14][ 15][ 16][ 17][ 18][ 19][ 20][ 21][ 22][ 23][ 24][ 25][ 26][ 27][ 28][ 29][ 30][ 31][ 32][ 33][ 34][ 35][ 36][ 37][ 38][ 39]
  [  0][  2][  3][  4][  5][  6][  7][  8][  9][ 10][ 11][ 12][ 13][ 14][ 15][ 16][ 17][ 18][ 19][ 20][ 21][ 22][ 23][ 24][ 25][ 26][ 27][ 28][ 29][ 30][ 31][ 32][ 33][ 34][ 35][ 36][ 37][ 38][ 39][  0]

[2019-12-14|14:15:58]
passed through function [[TreeInsertNode (inserted)]]
  hash: 100
  tree capacity: 40
  tree size: 21
  first free element's physical address: 22
  root address: 1
  error: 0 tree is ok

  |  &|                              val| &L| &R|  &par|
  [ 0 ] (                               [  0,  0] <  0>)
  [ 1*] (                      it flies [  2, 11] <  0>)
  [ 2*] (                it's not alive [  3,  6] <  1>)
  [ 3*] (         it is filled with gas [  4,  5] <  2>)
  [ 4*] (                      pepelatz [  0,  0] <  3>)
  [ 5*] (                         plane [  0,  0] <  3>)
  [ 6*] (              chitine skeleton [  7, 10] <  2>)
  [ 7*] (                 is ~2cm large [  8,  9] <  6>)
  [ 8*] (                   maysky zhuk [  0,  0] <  7>)
  [ 9*] (                     meganevra [  0,  0] <  7>)
  [10*] (                          birb [  0,  0] <  6>)
  [11*] (                it's not alive [ 12, 13] <  1>)
  [12*] (                          rock [  0,  0] < 11>)
  [13*] (                             n [ 14, 15] < 11>)
  [14*] (                             n [  0,  0] < 13>)
  [15*] (                             n [ 16, 17] < 13>)
  [16*] (                             n [  0,  0] < 15>)
  [17*] (                         doggo [ 18,  0] < 15>)
  [18*] (                      it flies [ 19,  0] < 17>)
  [19*] (                it's not alive [ 20,  0] < 18>)
  [20*] (         it is filled with gas [ 21,  0] < 19>)
  [21*] (                      pepelatz [  0,  0] < 20>)
  [22 ] (                               [  0,  0] <  0>)
  [23 ] (                               [  0,  0] <  0>)
  [24 ] (                               [  0,  0] <  0>)
  [25 ] (                               [  0,  0] <  0>)
  [26 ] (                               [  0,  0] <  0>)
  [27 ] (                               [  0,  0] <  0>)
  [28 ] (                               [  0,  0] <  0>)
  [29 ] (                               [  0,  0] <  0>)
  [30 ] (                               [  0,  0] <  0>)
  [31 ] (                               [  0,  0] <  0>)
  [32 ] (                               [  0,  0] <  0>)
  [33 ] (                               [  0,  0] <  0>)
  [34 ] (                               [  0,  0] <  0>)
  [35 ] (                               [  0,  0] <  0>)
  [36 ] (                               [  0,  0] <  0>)
  [37 ] (                               [  0,  0] <  0>)
  [38 ] (                               [  0,  0] <  0>)
  [39 ] (                               [  0,  0] <  0>)

  memmmap:
  [  0][  1][  2][  3][  4][  5][  6][  7][  8][  9][ 10][ 11][ 12][ 13][ 14][ 15][ 16][ 17][ 18][ 19][ 20][ 21][ 22][ 23][ 24][ 25][ 26][ 27][ 28][ 29][ 30][ 31][ 32][ 33][ 34][ 35][ 36][ 37][ 38][ 39]
  [  0][  2][  3][  4][  5][  6][  7][  8][  9][ 10][ 11][ 12][ 13][ 14][ 15][ 16][ 17][ 18][ 19][ 20][ 21][ 22][ 23][ 24][ 25][ 26][ 27][ 28][ 29][ 30][ 31][ 32][ 33][ 34][ 35][ 36][ 37][ 38][ 39][  0]

[2019-12-14|14:15:58]
passed through function [[TreeInsertNode (inserted)]]
  hash: 100
  tree capacity: 40
  tree size: 22
  first free element's physical address: 23
  root address: 1
  error: 0 tree is ok

  |  &|                              val| &L| &R|  &par|
  [ 0 ] (                               [  0,  0] <  0>)
  [ 1*] (                      it flies [  2, 11] <  0>)
  [ 2*] (                it's not alive [  3,  6] <  1>)
  [ 3*] (         it is filled with gas [  4,  5] <  2>)
  [ 4*] (                      pepelatz [  0,  0] <  3>)
  [ 5*] (                         plane [  0,  0] <  3>)
  [ 6*] (              chitine skeleton [  7, 10] <  2>)
  [ 7*] (                 is ~2cm large [  8,  9] <  6>)
  [ 8*] (                   maysky zhuk [  0,  0] <  7>)
  [ 9*] (                     meganevra [  0,  0] <  7>)
  [10*] (                          birb [  0,  0] <  6>)
  [11*] (                it's not alive [ 12, 13] <  1>)
  [12*] (                          rock [  0,  0] < 11>)
  [13*] (                             n [ 14, 15] < 11>)
  [14*] (                             n [  0,  0] < 13>)
  [15*] (                             n [ 16, 17] < 13>)
  [16*] (                             n [  0,  0] < 15>)
  [17*] (                         doggo [ 18,  0] < 15>)
  [18*] (                      it flies [ 19,  0] < 17>)
  [19*] (                it's not alive [ 20,  0] < 18>)
  [20*] (         it is filled with gas [ 21, 22] < 19>)
  [21*] (                      pepelatz [  0,  0] < 20>)
  [22*] (                         plane [  0,  0] < 20>)
  [23 ] (                               [  0,  0] <  0>)
  [24 ] (                               [  0,  0] <  0>)
  [25 ] (                               [  0,  0] <  0>)
  [26 ] (                               [  0,  0] <  0>)
  [27 ] (                               [  0,  0] <  0>)
  [28 ] (                               [  0,  0] <  0>)
  [29 ] (                               [  0,  0] <  0>)
  [30 ] (                               [  0,  0] <  0>)
  [31 ] (                               [  0,  0] <  0>)
  [32 ] (                               [  0,  0] <  0>)
  [33 ] (                               [  0,  0] <  0>)
  [34 ] (                               [  0,  0] <  0>)
  [35 ] (                               [  0,  0] <  0>)
  [36 ] (                               [  0,  0] <  0>)
  [37 ] (                               [  0,  0] <  0>)
  [38 ] (                               [  0,  0] <  0>)
  [39 ] (                               [  0,  0] <  0>)

  memmmap:
  [  0][  1][  2][  3][  4][  5][  6][  7][  8][  9][ 10][ 11][ 12][ 13][ 14][ 15][ 16][ 17][ 18][ 19][ 20][ 21][ 22][ 23][ 24][ 25][ 26][ 27][ 28][ 29][ 30][ 31][ 32][ 33][ 34][ 35][ 36][ 37][ 38][ 39]
  [  0][  2][  3][  4][  5][  6][  7][  8][  9][ 10][ 11][ 12][ 13][ 14][ 15][ 16][ 17][ 18][ 19][ 20][ 21][ 22][ 23][ 24][ 25][ 26][ 27][ 28][ 29][ 30][ 31][ 32][ 33][ 34][ 35][ 36][ 37][ 38][ 39][  0]

[2019-12-14|14:15:58]
passed through function [[TreeInsertNode (inserted)]]
  hash: 100
  tree capacity: 40
  tree size: 23
  first free element's physical address: 24
  root address: 1
  error: 0 tree is ok

  |  &|                              val| &L| &R|  &par|
  [ 0 ] (                               [  0,  0] <  0>)
  [ 1*] (                      it flies [  2, 11] <  0>)
  [ 2*] (                it's not alive [  3,  6] <  1>)
  [ 3*] (         it is filled with gas [  4,  5] <  2>)
  [ 4*] (                      pepelatz [  0,  0] <  3>)
  [ 5*] (                         plane [  0,  0] <  3>)
  [ 6*] (              chitine skeleton [  7, 10] <  2>)
  [ 7*] (                 is ~2cm large [  8,  9] <  6>)
  [ 8*] (                   maysky zhuk [  0,  0] <  7>)
  [ 9*] (                     meganevra [  0,  0] <  7>)
  [10*] (                          birb [  0,  0] <  6>)
  [11*] (                it's not alive [ 12, 13] <  1>)
  [12*] (                          rock [  0,  0] < 11>)
  [13*] (                             n [ 14, 15] < 11>)
  [14*] (                             n [  0,  0] < 13>)
  [15*] (                             n [ 16, 17] < 13>)
  [16*] (                             n [  0,  0] < 15>)
  [17*] (                         doggo [ 18,  0] < 15>)
  [18*] (                      it flies [ 19,  0] < 17>)
  [19*] (                it's not alive [ 20, 23] < 18>)
  [20*] (         it is filled with gas [ 21, 22] < 19>)
  [21*] (                      pepelatz [  0,  0] < 20>)
  [22*] (                         plane [  0,  0] < 20>)
  [23*] (              chitine skeleton [  0,  0] < 19>)
  [24 ] (                               [  0,  0] <  0>)
  [25 ] (                               [  0,  0] <  0>)
  [26 ] (                               [  0,  0] <  0>)
  [27 ] (                               [  0,  0] <  0>)
  [28 ] (                               [  0,  0] <  0>)
  [29 ] (                               [  0,  0] <  0>)
  [30 ] (                               [  0,  0] <  0>)
  [31 ] (                               [  0,  0] <  0>)
  [32 ] (                               [  0,  0] <  0>)
  [33 ] (                               [  0,  0] <  0>)
  [34 ] (                               [  0,  0] <  0>)
  [35 ] (                               [  0,  0] <  0>)
  [36 ] (                               [  0,  0] <  0>)
  [37 ] (                               [  0,  0] <  0>)
  [38 ] (                               [  0,  0] <  0>)
  [39 ] (                               [  0,  0] <  0>)

  memmmap:
  [  0][  1][  2][  3][  4][  5][  6][  7][  8][  9][ 10][ 11][ 12][ 13][ 14][ 15][ 16][ 17][ 18][ 19][ 20][ 21][ 22][ 23][ 24][ 25][ 26][ 27][ 28][ 29][ 30][ 31][ 32][ 33][ 34][ 35][ 36][ 37][ 38][ 39]
  [  0][  2][  3][  4][  5][  6][  7][  8][  9][ 10][ 11][ 12][ 13][ 14][ 15][ 16][ 17][ 18][ 19][ 20][ 21][ 22][ 23][ 24][ 25][ 26][ 27][ 28][ 29][ 30][ 31][ 32][ 33][ 34][ 35][ 36][ 37][ 38][ 39][  0]

[2019-12-14|14:15:58]
passed through function [[TreeInsertNode (inserted)]]
  hash: 100
  tree capacity: 40
  tree size: 24
  first free element's physical address: 25
  root address: 1
  error: 0 tree is ok

  |  &|                              val| &L| &R|  &par|
  [ 0 ] (                               [  0,  0] <  0>)
  [ 1*] (                      it flies [  2, 11] <  0>)
  [ 2*] (                it's not alive [  3,  6] <  1>)
  [ 3*] (         it is filled with gas [  4,  5] <  2>)
  [ 4*] (                      pepelatz [  0,  0] <  3>)
  [ 5*] (                         plane [  0,  0] <  3>)
  [ 6*] (              chitine skeleton [  7, 10] <  2>)
  [ 7*] (                 is ~2cm large [  8,  9] <  6>)
  [ 8*] (                   maysky zhuk [  0,  0] <  7>)
  [ 9*] (                     meganevra [  0,  0] <  7>)
  [10*] (                          birb [  0,  0] <  6>)
  [11*] (                it's not alive [ 12, 13] <  1>)
  [12*] (                          rock [  0,  0] < 11>)
  [13*] (                             n [ 14, 15] < 11>)
  [14*] (                             n [  0,  0] < 13>)
  [15*] (                             n [ 16, 17] < 13>)
  [16*] (                             n [  0,  0] < 15>)
  [17*] (                         doggo [ 18,  0] < 15>)
  [18*] (                      it flies [ 19,  0] < 17>)
  [19*] (                it's not alive [ 20, 23] < 18>)
  [20*] (         it is filled with gas [ 21, 22] < 19>)
  [21*] (                      pepelatz [  0,  0] < 20>)
  [22*] (                         plane [  0,  0] < 20>)
  [23*] (              chitine skeleton [ 24,  0] < 19>)
  [24*] (                 is ~2cm large [  0,  0] < 23>)
  [25 ] (                               [  0,  0] <  0>)
  [26 ] (                               [  0,  0] <  0>)
  [27 ] (                               [  0,  0] <  0>)
  [28 ] (                               [  0,  0] <  0>)
  [29 ] (                               [  0,  0] <  0>)
  [30 ] (                               [  0,  0] <  0>)
  [31 ] (                               [  0,  0] <  0>)
  [32 ] (                               [  0,  0] <  0>)
  [33 ] (                               [  0,  0] <  0>)
  [34 ] (                               [  0,  0] <  0>)
  [35 ] (                               [  0,  0] <  0>)
  [36 ] (                               [  0,  0] <  0>)
  [37 ] (                               [  0,  0] <  0>)
  [38 ] (                               [  0,  0] <  0>)
  [39 ] (                               [  0,  0] <  0>)

  memmmap:
  [  0][  1][  2][  3][  4][  5][  6][  7][  8][  9][ 10][ 11][ 12][ 13][ 14][ 15][ 16][ 17][ 18][ 19][ 20][ 21][ 22][ 23][ 24][ 25][ 26][ 27][ 28][ 29][ 30][ 31][ 32][ 33][ 34][ 35][ 36][ 37][ 38][ 39]
  [  0][  2][  3][  4][  5][  6][  7][  8][  9][ 10][ 11][ 12][ 13][ 14][ 15][ 16][ 17][ 18][ 19][ 20][ 21][ 22][ 23][ 24][ 25][ 26][ 27][ 28][ 29][ 30][ 31][ 32][ 33][ 34][ 35][ 36][ 37][ 38][ 39][  0]

[2019-12-14|14:15:58]
passed through function [[TreeInsertNode (inserted)]]
  hash: 100
  tree capacity: 40
  tree size: 25
  first free element's physical address: 26
  root address: 1
  error: 0 tree is ok

  |  &|                              val| &L| &R|  &par|
  [ 0 ] (                               [  0,  0] <  0>)
  [ 1*] (                      it flies [  2, 11] <  0>)
  [ 2*] (                it's not alive [  3,  6] <  1>)
  [ 3*] (         it is filled with gas [  4,  5] <  2>)
  [ 4*] (                      pepelatz [  0,  0] <  3>)
  [ 5*] (                         plane [  0,  0] <  3>)
  [ 6*] (              chitine skeleton [  7, 10] <  2>)
  [ 7*] (                 is ~2cm large [  8,  9] <  6>)
  [ 8*] (                   maysky zhuk [  0,  0] <  7>)
  [ 9*] (                     meganevra [  0,  0] <  7>)
  [10*] (                          birb [  0,  0] <  6>)
  [11*] (                it's not alive [ 12, 13] <  1>)
  [12*] (                          rock [  0,  0] < 11>)
  [13*] (                             n [ 14, 15] < 11>)
  [14*] (                             n [  0,  0] < 13>)
  [15*] (                             n [ 16, 17] < 13>)
  [16*] (                             n [  0,  0] < 15>)
  [17*] (                         doggo [ 18,  0] < 15>)
  [18*] (                      it flies [ 19,  0] < 17>)
  [19*] (                it's not alive [ 20, 23] < 18>)
  [20*] (         it is filled with gas [ 21, 22] < 19>)
  [21*] (                      pepelatz [  0,  0] < 20>)
  [22*] (                         plane [  0,  0] < 20>)
  [23*] (              chitine skeleton [ 24,  0] < 19>)
  [24*] (                 is ~2cm large [ 25,  0] < 23>)
  [25*] (                   maysky zhuk [  0,  0] < 24>)
  [26 ] (                               [  0,  0] <  0>)
  [27 ] (                               [  0,  0] <  0>)
  [28 ] (                               [  0,  0] <  0>)
  [29 ] (                               [  0,  0] <  0>)
  [30 ] (                               [  0,  0] <  0>)
  [31 ] (                               [  0,  0] <  0>)
  [32 ] (                               [  0,  0] <  0>)
  [33 ] (                               [  0,  0] <  0>)
  [34 ] (                               [  0,  0] <  0>)
  [35 ] (                               [  0,  0] <  0>)
  [36 ] (                               [  0,  0] <  0>)
  [37 ] (                               [  0,  0] <  0>)
  [38 ] (                               [  0,  0] <  0>)
  [39 ] (                               [  0,  0] <  0>)

  memmmap:
  [  0][  1][  2][  3][  4][  5][  6][  7][  8][  9][ 10][ 11][ 12][ 13][ 14][ 15][ 16][ 17][ 18][ 19][ 20][ 21][ 22][ 23][ 24][ 25][ 26][ 27][ 28][ 29][ 30][ 31][ 32][ 33][ 34][ 35][ 36][ 37][ 38][ 39]
  [  0][  2][  3][  4][  5][  6][  7][  8][  9][ 10][ 11][ 12][ 13][ 14][ 15][ 16][ 17][ 18][ 19][ 20][ 21][ 22][ 23][ 24][ 25][ 26][ 27][ 28][ 29][ 30][ 31][ 32][ 33][ 34][ 35][ 36][ 37][ 38][ 39][  0]

[2019-12-14|14:15:58]
passed through function [[TreeInsertNode (inserted)]]
  hash: 100
  tree capacity: 40
  tree size: 26
  first free element's physical address: 27
  root address: 1
  error: 0 tree is ok

  |  &|                              val| &L| &R|  &par|
  [ 0 ] (                               [  0,  0] <  0>)
  [ 1*] (                      it flies [  2, 11] <  0>)
  [ 2*] (                it's not alive [  3,  6] <  1>)
  [ 3*] (         it is filled with gas [  4,  5] <  2>)
  [ 4*] (                      pepelatz [  0,  0] <  3>)
  [ 5*] (                         plane [  0,  0] <  3>)
  [ 6*] (              chitine skeleton [  7, 10] <  2>)
  [ 7*] (                 is ~2cm large [  8,  9] <  6>)
  [ 8*] (                   maysky zhuk [  0,  0] <  7>)
  [ 9*] (                     meganevra [  0,  0] <  7>)
  [10*] (                          birb [  0,  0] <  6>)
  [11*] (                it's not alive [ 12, 13] <  1>)
  [12*] (                          rock [  0,  0] < 11>)
  [13*] (                             n [ 14, 15] < 11>)
  [14*] (                             n [  0,  0] < 13>)
  [15*] (                             n [ 16, 17] < 13>)
  [16*] (                             n [  0,  0] < 15>)
  [17*] (                         doggo [ 18,  0] < 15>)
  [18*] (                      it flies [ 19,  0] < 17>)
  [19*] (                it's not alive [ 20, 23] < 18>)
  [20*] (         it is filled with gas [ 21, 22] < 19>)
  [21*] (                      pepelatz [  0,  0] < 20>)
  [22*] (                         plane [  0,  0] < 20>)
  [23*] (              chitine skeleton [ 24,  0] < 19>)
  [24*] (                 is ~2cm large [ 25, 26] < 23>)
  [25*] (                   maysky zhuk [  0,  0] < 24>)
  [26*] (                     meganevra [  0,  0] < 24>)
  [27 ] (                               [  0,  0] <  0>)
  [28 ] (                               [  0,  0] <  0>)
  [29 ] (                               [  0,  0] <  0>)
  [30 ] (                               [  0,  0] <  0>)
  [31 ] (                               [  0,  0] <  0>)
  [32 ] (                               [  0,  0] <  0>)
  [33 ] (                               [  0,  0] <  0>)
  [34 ] (                               [  0,  0] <  0>)
  [35 ] (                               [  0,  0] <  0>)
  [36 ] (                               [  0,  0] <  0>)
  [37 ] (                               [  0,  0] <  0>)
  [38 ] (                               [  0,  0] <  0>)
  [39 ] (                               [  0,  0] <  0>)

  memmmap:
  [  0][  1][  2][  3][  4][  5][  6][  7][  8][  9][ 10][ 11][ 12][ 13][ 14][ 15][ 16][ 17][ 18][ 19][ 20][ 21][ 22][ 23][ 24][ 25][ 26][ 27][ 28][ 29][ 30][ 31][ 32][ 33][ 34][ 35][ 36][ 37][ 38][ 39]
  [  0][  2][  3][  4][  5][  6][  7][  8][  9][ 10][ 11][ 12][ 13][ 14][ 15][ 16][ 17][ 18][ 19][ 20][ 21][ 22][ 23][ 24][ 25][ 26][ 27][ 28][ 29][ 30][ 31][ 32][ 33][ 34][ 35][ 36][ 37][ 38][ 39][  0]

[2019-12-14|14:15:58]
passed through function [[TreeInsertNode (inserted)]]
  hash: 100
  tree capacity: 40
  tree size: 27
  first free element's physical address: 28
  root address: 1
  error: 0 tree is ok

  |  &|                              val| &L| &R|  &par|
  [ 0 ] (                               [  0,  0] <  0>)
  [ 1*] (                      it flies [  2, 11] <  0>)
  [ 2*] (                it's not alive [  3,  6] <  1>)
  [ 3*] (         it is filled with gas [  4,  5] <  2>)
  [ 4*] (                      pepelatz [  0,  0] <  3>)
  [ 5*] (                         plane [  0,  0] <  3>)
  [ 6*] (              chitine skeleton [  7, 10] <  2>)
  [ 7*] (                 is ~2cm large [  8,  9] <  6>)
  [ 8*] (                   maysky zhuk [  0,  0] <  7>)
  [ 9*] (                     meganevra [  0,  0] <  7>)
  [10*] (                          birb [  0,  0] <  6>)
  [11*] (                it's not alive [ 12, 13] <  1>)
  [12*] (                          rock [  0,  0] < 11>)
  [13*] (                             n [ 14, 15] < 11>)
  [14*] (                             n [  0,  0] < 13>)
  [15*] (                             n [ 16, 17] < 13>)
  [16*] (                             n [  0,  0] < 15>)
  [17*] (                         doggo [ 18,  0] < 15>)
  [18*] (                      it flies [ 19,  0] < 17>)
  [19*] (                it's not alive [ 20, 23] < 18>)
  [20*] (         it is filled with gas [ 21, 22] < 19>)
  [21*] (                      pepelatz [  0,  0] < 20>)
  [22*] (                         plane [  0,  0] < 20>)
  [23*] (              chitine skeleton [ 24, 27] < 19>)
  [24*] (                 is ~2cm large [ 25, 26] < 23>)
  [25*] (                   maysky zhuk [  0,  0] < 24>)
  [26*] (                     meganevra [  0,  0] < 24>)
  [27*] (                          birb [  0,  0] < 23>)
  [28 ] (                               [  0,  0] <  0>)
  [29 ] (                               [  0,  0] <  0>)
  [30 ] (                               [  0,  0] <  0>)
  [31 ] (                               [  0,  0] <  0>)
  [32 ] (                               [  0,  0] <  0>)
  [33 ] (                               [  0,  0] <  0>)
  [34 ] (                               [  0,  0] <  0>)
  [35 ] (                               [  0,  0] <  0>)
  [36 ] (                               [  0,  0] <  0>)
  [37 ] (                               [  0,  0] <  0>)
  [38 ] (                               [  0,  0] <  0>)
  [39 ] (                               [  0,  0] <  0>)

  memmmap:
  [  0][  1][  2][  3][  4][  5][  6][  7][  8][  9][ 10][ 11][ 12][ 13][ 14][ 15][ 16][ 17][ 18][ 19][ 20][ 21][ 22][ 23][ 24][ 25][ 26][ 27][ 28][ 29][ 30][ 31][ 32][ 33][ 34][ 35][ 36][ 37][ 38][ 39]
  [  0][  2][  3][  4][  5][  6][  7][  8][  9][ 10][ 11][ 12][ 13][ 14][ 15][ 16][ 17][ 18][ 19][ 20][ 21][ 22][ 23][ 24][ 25][ 26][ 27][ 28][ 29][ 30][ 31][ 32][ 33][ 34][ 35][ 36][ 37][ 38][ 39][  0]

[2019-12-14|14:15:58]
passed through function [[TreeInsertNode (inserted)]]
  hash: 100
  tree capacity: 40
  tree size: 28
  first free element's physical address: 29
  root address: 1
  error: 0 tree is ok

  |  &|                              val| &L| &R|  &par|
  [ 0 ] (                               [  0,  0] <  0>)
  [ 1*] (                      it flies [  2, 11] <  0>)
  [ 2*] (                it's not alive [  3,  6] <  1>)
  [ 3*] (         it is filled with gas [  4,  5] <  2>)
  [ 4*] (                      pepelatz [  0,  0] <  3>)
  [ 5*] (                         plane [  0,  0] <  3>)
  [ 6*] (              chitine skeleton [  7, 10] <  2>)
  [ 7*] (                 is ~2cm large [  8,  9] <  6>)
  [ 8*] (                   maysky zhuk [  0,  0] <  7>)
  [ 9*] (                     meganevra [  0,  0] <  7>)
  [10*] (                          birb [  0,  0] <  6>)
  [11*] (                it's not alive [ 12, 13] <  1>)
  [12*] (                          rock [  0,  0] < 11>)
  [13*] (                             n [ 14, 15] < 11>)
  [14*] (                             n [  0,  0] < 13>)
  [15*] (                             n [ 16, 17] < 13>)
  [16*] (                             n [  0,  0] < 15>)
  [17*] (                         doggo [ 18,  0] < 15>)
  [18*] (                      it flies [ 19, 28] < 17>)
  [19*] (                it's not alive [ 20, 23] < 18>)
  [20*] (         it is filled with gas [ 21, 22] < 19>)
  [21*] (                      pepelatz [  0,  0] < 20>)
  [22*] (                         plane [  0,  0] < 20>)
  [23*] (              chitine skeleton [ 24, 27] < 19>)
  [24*] (                 is ~2cm large [ 25, 26] < 23>)
  [25*] (                   maysky zhuk [  0,  0] < 24>)
  [26*] (                     meganevra [  0,  0] < 24>)
  [27*] (                          birb [  0,  0] < 23>)
  [28*] (                it's not alive [  0,  0] < 18>)
  [29 ] (                               [  0,  0] <  0>)
  [30 ] (                               [  0,  0] <  0>)
  [31 ] (                               [  0,  0] <  0>)
  [32 ] (                               [  0,  0] <  0>)
  [33 ] (                               [  0,  0] <  0>)
  [34 ] (                               [  0,  0] <  0>)
  [35 ] (                               [  0,  0] <  0>)
  [36 ] (                               [  0,  0] <  0>)
  [37 ] (                               [  0,  0] <  0>)
  [38 ] (                               [  0,  0] <  0>)
  [39 ] (                               [  0,  0] <  0>)

  memmmap:
  [  0][  1][  2][  3][  4][  5][  6][  7][  8][  9][ 10][ 11][ 12][ 13][ 14][ 15][ 16][ 17][ 18][ 19][ 20][ 21][ 22][ 23][ 24][ 25][ 26][ 27][ 28][ 29][ 30][ 31][ 32][ 33][ 34][ 35][ 36][ 37][ 38][ 39]
  [  0][  2][  3][  4][  5][  6][  7][  8][  9][ 10][ 11][ 12][ 13][ 14][ 15][ 16][ 17][ 18][ 19][ 20][ 21][ 22][ 23][ 24][ 25][ 26][ 27][ 28][ 29][ 30][ 31][ 32][ 33][ 34][ 35][ 36][ 37][ 38][ 39][  0]

[2019-12-14|14:15:58]
passed through function [[TreeInsertNode (inserted)]]
  hash: 100
  tree capacity: 40
  tree size: 29
  first free element's physical address: 30
  root address: 1
  error: 0 tree is ok

  |  &|                              val| &L| &R|  &par|
  [ 0 ] (                               [  0,  0] <  0>)
  [ 1*] (                      it flies [  2, 11] <  0>)
  [ 2*] (                it's not alive [  3,  6] <  1>)
  [ 3*] (         it is filled with gas [  4,  5] <  2>)
  [ 4*] (                      pepelatz [  0,  0] <  3>)
  [ 5*] (                         plane [  0,  0] <  3>)
  [ 6*] (              chitine skeleton [  7, 10] <  2>)
  [ 7*] (                 is ~2cm large [  8,  9] <  6>)
  [ 8*] (                   maysky zhuk [  0,  0] <  7>)
  [ 9*] (                     meganevra [  0,  0] <  7>)
  [10*] (                          birb [  0,  0] <  6>)
  [11*] (                it's not alive [ 12, 13] <  1>)
  [12*] (                          rock [  0,  0] < 11>)
  [13*] (                             n [ 14, 15] < 11>)
  [14*] (                             n [  0,  0] < 13>)
  [15*] (                             n [ 16, 17] < 13>)
  [16*] (                             n [  0,  0] < 15>)
  [17*] (                         doggo [ 18,  0] < 15>)
  [18*] (                      it flies [ 19, 28] < 17>)
  [19*] (                it's not alive [ 20, 23] < 18>)
  [20*] (         it is filled with gas [ 21, 22] < 19>)
  [21*] (                      pepelatz [  0,  0] < 20>)
  [22*] (                         plane [  0,  0] < 20>)
  [23*] (              chitine skeleton [ 24, 27] < 19>)
  [24*] (                 is ~2cm large [ 25, 26] < 23>)
  [25*] (                   maysky zhuk [  0,  0] < 24>)
  [26*] (                     meganevra [  0,  0] < 24>)
  [27*] (                          birb [  0,  0] < 23>)
  [28*] (                it's not alive [ 29,  0] < 18>)
  [29*] (                          rock [  0,  0] < 28>)
  [30 ] (                               [  0,  0] <  0>)
  [31 ] (                               [  0,  0] <  0>)
  [32 ] (                               [  0,  0] <  0>)
  [33 ] (                               [  0,  0] <  0>)
  [34 ] (                               [  0,  0] <  0>)
  [35 ] (                               [  0,  0] <  0>)
  [36 ] (                               [  0,  0] <  0>)
  [37 ] (                               [  0,  0] <  0>)
  [38 ] (                               [  0,  0] <  0>)
  [39 ] (                               [  0,  0] <  0>)

  memmmap:
  [  0][  1][  2][  3][  4][  5][  6][  7][  8][  9][ 10][ 11][ 12][ 13][ 14][ 15][ 16][ 17][ 18][ 19][ 20][ 21][ 22][ 23][ 24][ 25][ 26][ 27][ 28][ 29][ 30][ 31][ 32][ 33][ 34][ 35][ 36][ 37][ 38][ 39]
  [  0][  2][  3][  4][  5][  6][  7][  8][  9][ 10][ 11][ 12][ 13][ 14][ 15][ 16][ 17][ 18][ 19][ 20][ 21][ 22][ 23][ 24][ 25][ 26][ 27][ 28][ 29][ 30][ 31][ 32][ 33][ 34][ 35][ 36][ 37][ 38][ 39][  0]

[2019-12-14|14:15:58]
passed through function [[TreeInsertNode (inserted)]]
  hash: 100
  tree capacity: 40
  tree size: 30
  first free element's physical address: 31
  root address: 1
  error: 0 tree is ok

  |  &|                              val| &L| &R|  &par|
  [ 0 ] (                               [  0,  0] <  0>)
  [ 1*] (                      it flies [  2, 11] <  0>)
  [ 2*] (                it's not alive [  3,  6] <  1>)
  [ 3*] (         it is filled with gas [  4,  5] <  2>)
  [ 4*] (                      pepelatz [  0,  0] <  3>)
  [ 5*] (                         plane [  0,  0] <  3>)
  [ 6*] (              chitine skeleton [  7, 10] <  2>)
  [ 7*] (                 is ~2cm large [  8,  9] <  6>)
  [ 8*] (                   maysky zhuk [  0,  0] <  7>)
  [ 9*] (                     meganevra [  0,  0] <  7>)
  [10*] (                          birb [  0,  0] <  6>)
  [11*] (                it's not alive [ 12, 13] <  1>)
  [12*] (                          rock [  0,  0] < 11>)
  [13*] (                             n [ 14, 15] < 11>)
  [14*] (                             n [  0,  0] < 13>)
  [15*] (                             n [ 16, 17] < 13>)
  [16*] (                             n [  0,  0] < 15>)
  [17*] (                         doggo [ 18,  0] < 15>)
  [18*] (                      it flies [ 19, 28] < 17>)
  [19*] (                it's not alive [ 20, 23] < 18>)
  [20*] (         it is filled with gas [ 21, 22] < 19>)
  [21*] (                      pepelatz [  0,  0] < 20>)
  [22*] (                         plane [  0,  0] < 20>)
  [23*] (              chitine skeleton [ 24, 27] < 19>)
  [24*] (                 is ~2cm large [ 25, 26] < 23>)
  [25*] (                   maysky zhuk [  0,  0] < 24>)
  [26*] (                     meganevra [  0,  0] < 24>)
  [27*] (                          birb [  0,  0] < 23>)
  [28*] (                it's not alive [ 29, 30] < 18>)
  [29*] (                          rock [  0,  0] < 28>)
  [30*] (                             n [  0,  0] < 28>)
  [31 ] (                               [  0,  0] <  0>)
  [32 ] (                               [  0,  0] <  0>)
  [33 ] (                               [  0,  0] <  0>)
  [34 ] (                               [  0,  0] <  0>)
  [35 ] (                               [  0,  0] <  0>)
  [36 ] (                               [  0,  0] <  0>)
  [37 ] (                               [  0,  0] <  0>)
  [38 ] (                               [  0,  0] <  0>)
  [39 ] (                               [  0,  0] <  0>)

  memmmap:
  [  0][  1][  2][  3][  4][  5][  6][  7][  8][  9][ 10][ 11][ 12][ 13][ 14][ 15][ 16][ 17][ 18][ 19][ 20][ 21][ 22][ 23][ 24][ 25][ 26][ 27][ 28][ 29][ 30][ 31][ 32][ 33][ 34][ 35][ 36][ 37][ 38][ 39]
  [  0][  2][  3][  4][  5][  6][  7][  8][  9][ 10][ 11][ 12][ 13][ 14][ 15][ 16][ 17][ 18][ 19][ 20][ 21][ 22][ 23][ 24][ 25][ 26][ 27][ 28][ 29][ 30][ 31][ 32][ 33][ 34][ 35][ 36][ 37][ 38][ 39][  0]

[2019-12-14|14:15:58]
passed through function [[TreeInsertNode (inserted)]]
  hash: 100
  tree capacity: 40
  tree size: 31
  first free element's physical address: 32
  root address: 1
  error: 0 tree is ok

  |  &|                              val| &L| &R|  &par|
  [ 0 ] (                               [  0,  0] <  0>)
  [ 1*] (                      it flies [  2, 11] <  0>)
  [ 2*] (                it's not alive [  3,  6] <  1>)
  [ 3*] (         it is filled with gas [  4,  5] <  2>)
  [ 4*] (                      pepelatz [  0,  0] <  3>)
  [ 5*] (                         plane [  0,  0] <  3>)
  [ 6*] (              chitine skeleton [  7, 10] <  2>)
  [ 7*] (                 is ~2cm large [  8,  9] <  6>)
  [ 8*] (                   maysky zhuk [  0,  0] <  7>)
  [ 9*] (                     meganevra [  0,  0] <  7>)
  [10*] (                          birb [  0,  0] <  6>)
  [11*] (                it's not alive [ 12, 13] <  1>)
  [12*] (                          rock [  0,  0] < 11>)
  [13*] (                             n [ 14, 15] < 11>)
  [14*] (                             n [  0,  0] < 13>)
  [15*] (                             n [ 16, 17] < 13>)
  [16*] (                             n [  0,  0] < 15>)
  [17*] (                         doggo [ 18,  0] < 15>)
  [18*] (                      it flies [ 19, 28] < 17>)
  [19*] (                it's not alive [ 20, 23] < 18>)
  [20*] (         it is filled with gas [ 21, 22] < 19>)
  [21*] (                      pepelatz [  0,  0] < 20>)
  [22*] (                         plane [  0,  0] < 20>)
  [23*] (              chitine skeleton [ 24, 27] < 19>)
  [24*] (                 is ~2cm large [ 25, 26] < 23>)
  [25*] (                   maysky zhuk [  0,  0] < 24>)
  [26*] (                     meganevra [  0,  0] < 24>)
  [27*] (                          birb [  0,  0] < 23>)
  [28*] (                it's not alive [ 29, 30] < 18>)
  [29*] (                          rock [  0,  0] < 28>)
  [30*] (                             n [ 31,  0] < 28>)
  [31*] (                             n [  0,  0] < 30>)
  [32 ] (                               [  0,  0] <  0>)
  [33 ] (                               [  0,  0] <  0>)
  [34 ] (                               [  0,  0] <  0>)
  [35 ] (                               [  0,  0] <  0>)
  [36 ] (                               [  0,  0] <  0>)
  [37 ] (                               [  0,  0] <  0>)
  [38 ] (                               [  0,  0] <  0>)
  [39 ] (                               [  0,  0] <  0>)

  memmmap:
  [  0][  1][  2][  3][  4][  5][  6][  7][  8][  9][ 10][ 11][ 12][ 13][ 14][ 15][ 16][ 17][ 18][ 19][ 20][ 21][ 22][ 23][ 24][ 25][ 26][ 27][ 28][ 29][ 30][ 31][ 32][ 33][ 34][ 35][ 36][ 37][ 38][ 39]
  [  0][  2][  3][  4][  5][  6][  7][  8][  9][ 10][ 11][ 12][ 13][ 14][ 15][ 16][ 17][ 18][ 19][ 20][ 21][ 22][ 23][ 24][ 25][ 26][ 27][ 28][ 29][ 30][ 31][ 32][ 33][ 34][ 35][ 36][ 37][ 38][ 39][  0]

[2019-12-14|14:15:58]
passed through function [[TreeInsertNode (inserted)]]
  hash: 100
  tree capacity: 40
  tree size: 32
  first free element's physical address: 33
  root address: 1
  error: 0 tree is ok

  |  &|                              val| &L| &R|  &par|
  [ 0 ] (                               [  0,  0] <  0>)
  [ 1*] (                      it flies [  2, 11] <  0>)
  [ 2*] (                it's not alive [  3,  6] <  1>)
  [ 3*] (         it is filled with gas [  4,  5] <  2>)
  [ 4*] (                      pepelatz [  0,  0] <  3>)
  [ 5*] (                         plane [  0,  0] <  3>)
  [ 6*] (              chitine skeleton [  7, 10] <  2>)
  [ 7*] (                 is ~2cm large [  8,  9] <  6>)
  [ 8*] (                   maysky zhuk [  0,  0] <  7>)
  [ 9*] (                     meganevra [  0,  0] <  7>)
  [10*] (                          birb [  0,  0] <  6>)
  [11*] (                it's not alive [ 12, 13] <  1>)
  [12*] (                          rock [  0,  0] < 11>)
  [13*] (                             n [ 14, 15] < 11>)
  [14*] (                             n [  0,  0] < 13>)
  [15*] (                             n [ 16, 17] < 13>)
  [16*] (                             n [  0,  0] < 15>)
  [17*] (                         doggo [ 18,  0] < 15>)
  [18*] (                      it flies [ 19, 28] < 17>)
  [19*] (                it's not alive [ 20, 23] < 18>)
  [20*] (         it is filled with gas [ 21, 22] < 19>)
  [21*] (                      pepelatz [  0,  0] < 20>)
  [22*] (                         plane [  0,  0] < 20>)
  [23*] (              chitine skeleton [ 24, 27] < 19>)
  [24*] (                 is ~2cm large [ 25, 26] < 23>)
  [25*] (                   maysky zhuk [  0,  0] < 24>)
  [26*] (                     meganevra [  0,  0] < 24>)
  [27*] (                          birb [  0,  0] < 23>)
  [28*] (                it's not alive [ 29, 30] < 18>)
  [29*] (                          rock [  0,  0] < 28>)
  [30*] (                             n [ 31, 32] < 28>)
  [31*] (                             n [  0,  0] < 30>)
  [32*] (                             n [  0,  0] < 30>)
  [33 ] (                               [  0,  0] <  0>)
  [34 ] (                               [  0,  0] <  0>)
  [35 ] (                               [  0,  0] <  0>)
  [36 ] (                               [  0,  0] <  0>)
  [37 ] (                               [  0,  0] <  0>)
  [38 ] (                               [  0,  0] <  0>)
  [39 ] (                               [  0,  0] <  0>)

  memmmap:
  [  0][  1][  2][  3][  4][  5][  6][  7][  8][  9][ 10][ 11][ 12][ 13][ 14][ 15][ 16][ 17][ 18][ 19][ 20][ 21][ 22][ 23][ 24][ 25][ 26][ 27][ 28][ 29][ 30][ 31][ 32][ 33][ 34][ 35][ 36][ 37][ 38][ 39]
  [  0][  2][  3][  4][  5][  6][  7][  8][  9][ 10][ 11][ 12][ 13][ 14][ 15][ 16][ 17][ 18][ 19][ 20][ 21][ 22][ 23][ 24][ 25][ 26][ 27][ 28][ 29][ 30][ 31][ 32][ 33][ 34][ 35][ 36][ 37][ 38][ 39][  0]

[2019-12-14|14:15:58]
passed through function [[TreeInsertNode (inserted)]]
  hash: 100
  tree capacity: 40
  tree size: 33
  first free element's physical address: 34
  root address: 1
  error: 0 tree is ok

  |  &|                              val| &L| &R|  &par|
  [ 0 ] (                               [  0,  0] <  0>)
  [ 1*] (                      it flies [  2, 11] <  0>)
  [ 2*] (                it's not alive [  3,  6] <  1>)
  [ 3*] (         it is filled with gas [  4,  5] <  2>)
  [ 4*] (                      pepelatz [  0,  0] <  3>)
  [ 5*] (                         plane [  0,  0] <  3>)
  [ 6*] (              chitine skeleton [  7, 10] <  2>)
  [ 7*] (                 is ~2cm large [  8,  9] <  6>)
  [ 8*] (                   maysky zhuk [  0,  0] <  7>)
  [ 9*] (                     meganevra [  0,  0] <  7>)
  [10*] (                          birb [  0,  0] <  6>)
  [11*] (                it's not alive [ 12, 13] <  1>)
  [12*] (                          rock [  0,  0] < 11>)
  [13*] (                             n [ 14, 15] < 11>)
  [14*] (                             n [  0,  0] < 13>)
  [15*] (                             n [ 16, 17] < 13>)
  [16*] (                             n [  0,  0] < 15>)
  [17*] (                         doggo [ 18,  0] < 15>)
  [18*] (                      it flies [ 19, 28] < 17>)
  [19*] (                it's not alive [ 20, 23] < 18>)
  [20*] (         it is filled with gas [ 21, 22] < 19>)
  [21*] (                      pepelatz [  0,  0] < 20>)
  [22*] (                         plane [  0,  0] < 20>)
  [23*] (              chitine skeleton [ 24, 27] < 19>)
  [24*] (                 is ~2cm large [ 25, 26] < 23>)
  [25*] (                   maysky zhuk [  0,  0] < 24>)
  [26*] (                     meganevra [  0,  0] < 24>)
  [27*] (                          birb [  0,  0] < 23>)
  [28*] (                it's not alive [ 29, 30] < 18>)
  [29*] (                          rock [  0,  0] < 28>)
  [30*] (                             n [ 31, 32] < 28>)
  [31*] (                             n [  0,  0] < 30>)
  [32*] (                             n [ 33,  0] < 30>)
  [33*] (                             n [  0,  0] < 32>)
  [34 ] (                               [  0,  0] <  0>)
  [35 ] (                               [  0,  0] <  0>)
  [36 ] (                               [  0,  0] <  0>)
  [37 ] (                               [  0,  0] <  0>)
  [38 ] (                               [  0,  0] <  0>)
  [39 ] (                               [  0,  0] <  0>)

  memmmap:
  [  0][  1][  2][  3][  4][  5][  6][  7][  8][  9][ 10][ 11][ 12][ 13][ 14][ 15][ 16][ 17][ 18][ 19][ 20][ 21][ 22][ 23][ 24][ 25][ 26][ 27][ 28][ 29][ 30][ 31][ 32][ 33][ 34][ 35][ 36][ 37][ 38][ 39]
  [  0][  2][  3][  4][  5][  6][  7][  8][  9][ 10][ 11][ 12][ 13][ 14][ 15][ 16][ 17][ 18][ 19][ 20][ 21][ 22][ 23][ 24][ 25][ 26][ 27][ 28][ 29][ 30][ 31][ 32][ 33][ 34][ 35][ 36][ 37][ 38][ 39][  0]

[2019-12-14|14:15:58]
passed through function [[TreeInsertNode (inserted)]]
  hash: 100
  tree capacity: 40
  tree size: 34
  first free element's physical address: 35
  root address: 1
  error: 0 tree is ok

  |  &|                              val| &L| &R|  &par|
  [ 0 ] (                               [  0,  0] <  0>)
  [ 1*] (                      it flies [  2, 11] <  0>)
  [ 2*] (                it's not alive [  3,  6] <  1>)
  [ 3*] (         it is filled with gas [  4,  5] <  2>)
  [ 4*] (                      pepelatz [  0,  0] <  3>)
  [ 5*] (                         plane [  0,  0] <  3>)
  [ 6*] (              chitine skeleton [  7, 10] <  2>)
  [ 7*] (                 is ~2cm large [  8,  9] <  6>)
  [ 8*] (                   maysky zhuk [  0,  0] <  7>)
  [ 9*] (                     meganevra [  0,  0] <  7>)
  [10*] (                          birb [  0,  0] <  6>)
  [11*] (                it's not alive [ 12, 13] <  1>)
  [12*] (                          rock [  0,  0] < 11>)
  [13*] (                             n [ 14, 15] < 11>)
  [14*] (                             n [  0,  0] < 13>)
  [15*] (                             n [ 16, 17] < 13>)
  [16*] (                             n [  0,  0] < 15>)
  [17*] (                         doggo [ 18,  0] < 15>)
  [18*] (                      it flies [ 19, 28] < 17>)
  [19*] (                it's not alive [ 20, 23] < 18>)
  [20*] (         it is filled with gas [ 21, 22] < 19>)
  [21*] (                      pepelatz [  0,  0] < 20>)
  [22*] (                         plane [  0,  0] < 20>)
  [23*] (              chitine skeleton [ 24, 27] < 19>)
  [24*] (                 is ~2cm large [ 25, 26] < 23>)
  [25*] (                   maysky zhuk [  0,  0] < 24>)
  [26*] (                     meganevra [  0,  0] < 24>)
  [27*] (                          birb [  0,  0] < 23>)
  [28*] (                it's not alive [ 29, 30] < 18>)
  [29*] (                          rock [  0,  0] < 28>)
  [30*] (                             n [ 31, 32] < 28>)
  [31*] (                             n [  0,  0] < 30>)
  [32*] (                             n [ 33, 34] < 30>)
  [33*] (                             n [  0,  0] < 32>)
  [34*] (                         doggo [  0,  0] < 32>)
  [35 ] (                               [  0,  0] <  0>)
  [36 ] (                               [  0,  0] <  0>)
  [37 ] (                               [  0,  0] <  0>)
  [38 ] (                               [  0,  0] <  0>)
  [39 ] (                               [  0,  0] <  0>)

  memmmap:
  [  0][  1][  2][  3][  4][  5][  6][  7][  8][  9][ 10][ 11][ 12][ 13][ 14][ 15][ 16][ 17][ 18][ 19][ 20][ 21][ 22][ 23][ 24][ 25][ 26][ 27][ 28][ 29][ 30][ 31][ 32][ 33][ 34][ 35][ 36][ 37][ 38][ 39]
  [  0][  2][  3][  4][  5][  6][  7][  8][  9][ 10][ 11][ 12][ 13][ 14][ 15][ 16][ 17][ 18][ 19][ 20][ 21][ 22][ 23][ 24][ 25][ 26][ 27][ 28][ 29][ 30][ 31][ 32][ 33][ 34][ 35][ 36][ 37][ 38][ 39][  0]

[2019-12-14|14:15:58]
passed through function [[TreeGlueSubtree]]
  hash: 100
  tree capacity: 40
  tree size: 34
  first free element's physical address: 35
  root address: 1
  error: 0 tree is ok

  |  &|                              val| &L| &R|  &par|
  [ 0 ] (                               [  0,  0] <  0>)
  [ 1*] (                      it flies [  2, 11] <  0>)
  [ 2*] (                it's not alive [  3,  6] <  1>)
  [ 3*] (         it is filled with gas [  4,  5] <  2>)
  [ 4*] (                      pepelatz [  0,  0] <  3>)
  [ 5*] (                         plane [  0,  0] <  3>)
  [ 6*] (              chitine skeleton [  7, 10] <  2>)
  [ 7*] (                 is ~2cm large [  8,  9] <  6>)
  [ 8*] (                   maysky zhuk [  0,  0] <  7>)
  [ 9*] (                     meganevra [  0,  0] <  7>)
  [10*] (                          birb [  0,  0] <  6>)
  [11*] (                it's not alive [ 12, 13] <  1>)
  [12*] (                          rock [  0,  0] < 11>)
  [13*] (                             n [ 14, 15] < 11>)
  [14*] (                             n [  0,  0] < 13>)
  [15*] (                             n [ 16, 17] < 13>)
  [16*] (                             n [  0,  0] < 15>)
  [17*] (                         doggo [ 18,  0] < 15>)
  [18*] (                      it flies [ 19, 28] < 17>)
  [19*] (                it's not alive [ 20, 23] < 18>)
  [20*] (         it is filled with gas [ 21, 22] < 19>)
  [21*] (                      pepelatz [  0,  0] < 20>)
  [22*] (                         plane [  0,  0] < 20>)
  [23*] (              chitine skeleton [ 24, 27] < 19>)
  [24*] (                 is ~2cm large [ 25, 26] < 23>)
  [25*] (                   maysky zhuk [  0,  0] < 24>)
  [26*] (                     meganevra [  0,  0] < 24>)
  [27*] (                          birb [  0,  0] < 23>)
  [28*] (                it's not alive [ 29, 30] < 18>)
  [29*] (                          rock [  0,  0] < 28>)
  [30*] (                             n [ 31, 32] < 28>)
  [31*] (                             n [  0,  0] < 30>)
  [32*] (                             n [ 33, 34] < 30>)
  [33*] (                             n [  0,  0] < 32>)
  [34*] (                         doggo [  0,  0] < 32>)
  [35 ] (                               [  0,  0] <  0>)
  [36 ] (                               [  0,  0] <  0>)
  [37 ] (                               [  0,  0] <  0>)
  [38 ] (                               [  0,  0] <  0>)
  [39 ] (                               [  0,  0] <  0>)

  memmmap:
  [  0][  1][  2][  3][  4][  5][  6][  7][  8][  9][ 10][ 11][ 12][ 13][ 14][ 15][ 16][ 17][ 18][ 19][ 20][ 21][ 22][ 23][ 24][ 25][ 26][ 27][ 28][ 29][ 30][ 31][ 32][ 33][ 34][ 35][ 36][ 37][ 38][ 39]
  [  0][  2][  3][  4][  5][  6][  7][  8][  9][ 10][ 11][ 12][ 13][ 14][ 15][ 16][ 17][ 18][ 19][ 20][ 21][ 22][ 23][ 24][ 25][ 26][ 27][ 28][ 29][ 30][ 31][ 32][ 33][ 34][ 35][ 36][ 37][ 38][ 39][  0]

[2019-12-14|14:15:58]
passed through function [[TreeSort]]
  hash: 100
  tree capacity: 40
  tree size: 34
  first free element's physical address: 35
  root address: 1
  error: 0 tree is ok

  |  &|                              val| &L| &R|  &par|
  [ 0 ] (                               [  0,  0] <  0>)
  [ 1*] (                      it flies [  2, 11] <  0>)
  [ 2*] (                it's not alive [  3,  6] <  1>)
  [ 3*] (         it is filled with gas [  4,  5] <  2>)
  [ 4*] (                      pepelatz [  0,  0] <  3>)
  [ 5*] (                         plane [  0,  0] <  3>)
  [ 6*] (              chitine skeleton [  7, 10] <  2>)
  [ 7*] (                 is ~2cm large [  8,  9] <  6>)
  [ 8*] (                   maysky zhuk [  0,  0] <  7>)
  [ 9*] (                     meganevra [  0,  0] <  7>)
  [10*] (                          birb [  0,  0] <  6>)
  [11*] (                it's not alive [ 12, 13] <  1>)
  [12*] (                          rock [  0,  0] < 11>)
  [13*] (                             n [ 14, 15] < 11>)
  [14*] (                             n [  0,  0] < 13>)
  [15*] (                             n [ 16, 17] < 13>)
  [16*] (                             n [  0,  0] < 15>)
  [17*] (                         doggo [ 18,  0] < 15>)
  [18*] (                      it flies [ 19, 28] < 17>)
  [19*] (                it's not alive [ 20, 23] < 18>)
  [20*] (         it is filled with gas [ 21, 22] < 19>)
  [21*] (                      pepelatz [  0,  0] < 20>)
  [22*] (                         plane [  0,  0] < 20>)
  [23*] (              chitine skeleton [ 24, 27] < 19>)
  [24*] (                 is ~2cm large [ 25, 26] < 23>)
  [25*] (                   maysky zhuk [  0,  0] < 24>)
  [26*] (                     meganevra [  0,  0] < 24>)
  [27*] (                          birb [  0,  0] < 23>)
  [28*] (                it's not alive [ 29, 30] < 18>)
  [29*] (                          rock [  0,  0] < 28>)
  [30*] (                             n [ 31, 32] < 28>)
  [31*] (                             n [  0,  0] < 30>)
  [32*] (                             n [ 33, 34] < 30>)
  [33*] (                             n [  0,  0] < 32>)
  [34*] (                         doggo [  0,  0] < 32>)
  [35 ] (                               [  0,  0] <  0>)
  [36 ] (                               [  0,  0] <  0>)
  [37 ] (                               [  0,  0] <  0>)
  [38 ] (                               [  0,  0] <  0>)
  [39 ] (                               [  0,  0] <  0>)

  memmmap:
  [  0][  1][  2][  3][  4][  5][  6][  7][  8][  9][ 10][ 11][ 12][ 13][ 14][ 15][ 16][ 17][ 18][ 19][ 20][ 21][ 22][ 23][ 24][ 25][ 26][ 27][ 28][ 29][ 30][ 31][ 32][ 33][ 34][ 35][ 36][ 37][ 38][ 39]
  [  0][  2][  3][  4][  5][  6][  7][  8][  9][ 10][ 11][ 12][ 13][ 14][ 15][ 16][ 17][ 18][ 19][ 20][ 21][ 22][ 23][ 24][ 25][ 26][ 27][ 28][ 29][ 30][ 31][ 32][ 33][ 34][ 35][ 36][ 37][ 38][ 39][  0]

