[2019-11-26|02:14:24]
passed through function [[TreeInit]]
  hash: 0
  tree capacity: 10
  tree size: 0
  first free element's physical address: 1
  root address: 0
  rank: 2
  error: 0 tree is ok

  [  0] (  0 [  0,   0,   0] <  0>)
  [  1] (  0 [  0,   0,   0] <  0>)
  [  2] (  0 [  0,   0,   0] <  0>)
  [  3] (  0 [  0,   0,   0] <  0>)
  [  4] (  0 [  0,   0,   0] <  0>)
  [  5] (  0 [  0,   0,   0] <  0>)
  [  6] (  0 [  0,   0,   0] <  0>)
  [  7] (  0 [  0,   0,   0] <  0>)
  [  8] (  0 [  0,   0,   0] <  0>)
  [  9] (  0 [  0,   0,   0] <  0>)
[2019-11-26|02:14:24]
passed through function [[TreeSort]]
  hash: 0
  tree capacity: 10
  tree size: 0
  first free element's physical address: 1
  root address: 0
  rank: 2
  error: 0 tree is ok

  [  0] (  0 [  0,   0,   0] <  0>)
  [  1] (  0 [  0,   0,   0] <  0>)
  [  2] (  0 [  0,   0,   0] <  0>)
  [  3] (  0 [  0,   0,   0] <  0>)
  [  4] (  0 [  0,   0,   0] <  0>)
  [  5] (  0 [  0,   0,   0] <  0>)
  [  6] (  0 [  0,   0,   0] <  0>)
  [  7] (  0 [  0,   0,   0] <  0>)
  [  8] (  0 [  0,   0,   0] <  0>)
  [  9] (  0 [  0,   0,   0] <  0>)
[2019-11-26|02:14:24]
passed through function [[TreeAddNode]]
  hash: 0
  tree capacity: 10
  tree size: 1
  first free element's physical address: 2
  root address: 1
  rank: 2
  error: 0 tree is ok

  [  0] (  0 [  0,   0,   0] <  0>)
  [  1] (100 [  0,   0,   0] <  0>)
  [  2] (  0 [  0,   0,   0] <  0>)
  [  3] (  0 [  0,   0,   0] <  0>)
  [  4] (  0 [  0,   0,   0] <  0>)
  [  5] (  0 [  0,   0,   0] <  0>)
  [  6] (  0 [  0,   0,   0] <  0>)
  [  7] (  0 [  0,   0,   0] <  0>)
  [  8] (  0 [  0,   0,   0] <  0>)
  [  9] (  0 [  0,   0,   0] <  0>)
[2019-11-26|02:14:24]
passed through function [[TreeAddNode]]
  hash: 0
  tree capacity: 10
  tree size: 2
  first free element's physical address: 3
  root address: 1
  rank: 2
  error: 0 tree is ok

  [  0] (  0 [  0,   0,   0] <  0>)
  [  1] (100 [  2,   0,   0] <  0>)
  [  2] ( 99 [  0,   0,   0] <  1>)
  [  3] (  0 [  0,   0,   0] <  0>)
  [  4] (  0 [  0,   0,   0] <  0>)
  [  5] (  0 [  0,   0,   0] <  0>)
  [  6] (  0 [  0,   0,   0] <  0>)
  [  7] (  0 [  0,   0,   0] <  0>)
  [  8] (  0 [  0,   0,   0] <  0>)
  [  9] (  0 [  0,   0,   0] <  0>)
[2019-11-26|02:14:24]
passed through function [[TreeAddNode]]
  hash: 0
  tree capacity: 10
  tree size: 3
  first free element's physical address: 4
  root address: 1
  rank: 2
  error: 0 tree is ok

  [  0] (  0 [  0,   0,   0] <  0>)
  [  1] (100 [  2,   3,   0] <  0>)
  [  2] ( 99 [  0,   0,   0] <  1>)
  [  3] ( 98 [  0,   0,   0] <  1>)
  [  4] (  0 [  0,   0,   0] <  0>)
  [  5] (  0 [  0,   0,   0] <  0>)
  [  6] (  0 [  0,   0,   0] <  0>)
  [  7] (  0 [  0,   0,   0] <  0>)
  [  8] (  0 [  0,   0,   0] <  0>)
  [  9] (  0 [  0,   0,   0] <  0>)
[2019-11-26|02:14:24]
passed through function [[TreeAddNode]]
  hash: 0
  tree capacity: 10
  tree size: 4
  first free element's physical address: 5
  root address: 1
  rank: 2
  error: 0 tree is ok

  [  0] (  0 [  0,   0,   0] <  0>)
  [  1] (100 [  2,   3,   0] <  0>)
  [  2] ( 99 [  0,   0,   0] <  1>)
  [  3] ( 98 [  4,   0,   0] <  1>)
  [  4] ( 97 [  0,   0,   0] <  3>)
  [  5] (  0 [  0,   0,   0] <  0>)
  [  6] (  0 [  0,   0,   0] <  0>)
  [  7] (  0 [  0,   0,   0] <  0>)
  [  8] (  0 [  0,   0,   0] <  0>)
  [  9] (  0 [  0,   0,   0] <  0>)
[2019-11-26|02:14:24]
passed through function [[TreeAddNode]]
  hash: 0
  tree capacity: 10
  tree size: 5
  first free element's physical address: 6
  root address: 1
  rank: 2
  error: 0 tree is ok

  [  0] (  0 [  0,   0,   0] <  0>)
  [  1] (100 [  2,   3,   0] <  0>)
  [  2] ( 99 [  0,   0,   0] <  1>)
  [  3] ( 98 [  4,   0,   0] <  1>)
  [  4] ( 97 [  5,   0,   0] <  3>)
  [  5] ( 96 [  0,   0,   0] <  4>)
  [  6] (  0 [  0,   0,   0] <  0>)
  [  7] (  0 [  0,   0,   0] <  0>)
  [  8] (  0 [  0,   0,   0] <  0>)
  [  9] (  0 [  0,   0,   0] <  0>)
[2019-11-26|02:14:24]
passed through function [[TreeAddNode]]
  hash: 0
  tree capacity: 10
  tree size: 6
  first free element's physical address: 7
  root address: 1
  rank: 2
  error: 0 tree is ok

  [  0] (  0 [  0,   0,   0] <  0>)
  [  1] (100 [  2,   3,   0] <  0>)
  [  2] ( 99 [  0,   0,   0] <  1>)
  [  3] ( 98 [  4,   0,   0] <  1>)
  [  4] ( 97 [  5,   0,   0] <  3>)
  [  5] ( 96 [  0,   6,   0] <  4>)
  [  6] ( 96 [  0,   0,   0] <  5>)
  [  7] (  0 [  0,   0,   0] <  0>)
  [  8] (  0 [  0,   0,   0] <  0>)
  [  9] (  0 [  0,   0,   0] <  0>)
[2019-11-26|02:14:24]
passed through function [[TreeAddNode]]
  hash: 0
  tree capacity: 10
  tree size: 7
  first free element's physical address: 8
  root address: 1
  rank: 2
  error: 0 tree is ok

  [  0] (  0 [  0,   0,   0] <  0>)
  [  1] (100 [  2,   3,   0] <  0>)
  [  2] ( 99 [  0,   0,   0] <  1>)
  [  3] ( 98 [  4,   0,   0] <  1>)
  [  4] ( 97 [  5,   7,   0] <  3>)
  [  5] ( 96 [  0,   6,   0] <  4>)
  [  6] ( 96 [  0,   0,   0] <  5>)
  [  7] ( 97 [  0,   0,   0] <  4>)
  [  8] (  0 [  0,   0,   0] <  0>)
  [  9] (  0 [  0,   0,   0] <  0>)
[2019-11-26|02:14:24]
passed through function [[TreeAddNode]]
  hash: 0
  tree capacity: 10
  tree size: 8
  first free element's physical address: 9
  root address: 1
  rank: 2
  error: 0 tree is ok

  [  0] (  0 [  0,   0,   0] <  0>)
  [  1] (100 [  2,   3,   0] <  0>)
  [  2] ( 99 [  0,   0,   0] <  1>)
  [  3] ( 98 [  4,   8,   0] <  1>)
  [  4] ( 97 [  5,   7,   0] <  3>)
  [  5] ( 96 [  0,   6,   0] <  4>)
  [  6] ( 96 [  0,   0,   0] <  5>)
  [  7] ( 97 [  0,   0,   0] <  4>)
  [  8] ( 98 [  0,   0,   0] <  3>)
  [  9] (  0 [  0,   0,   0] <  0>)
[2019-11-26|02:14:24]
passed through function [[TreeAddNode]]
  hash: 0
  tree capacity: 10
  tree size: 9
  first free element's physical address: 0
  root address: 1
  rank: 2
  error: 0 tree is ok

  [  0] (  0 [  0,   0,   0] <  0>)
  [  1] (100 [  2,   3,   0] <  0>)
  [  2] ( 99 [  0,   9,   0] <  1>)
  [  3] ( 98 [  4,   8,   0] <  1>)
  [  4] ( 97 [  5,   7,   0] <  3>)
  [  5] ( 96 [  0,   6,   0] <  4>)
  [  6] ( 96 [  0,   0,   0] <  5>)
  [  7] ( 97 [  0,   0,   0] <  4>)
  [  8] ( 98 [  0,   0,   0] <  3>)
  [  9] ( 99 [  0,   0,   0] <  2>)
[2019-11-26|02:14:24]
passed through function [[TreeResize (extend)]]
  hash: 0
  tree capacity: 20
  tree size: 9
  first free element's physical address: 0
  root address: 1
  rank: 2
  error: 0 tree is ok

  [  0] (  0 [  0,   0,   0] <  0>)
  [  1] (100 [  2,   3,   0] <  0>)
  [  2] ( 99 [  0,   9,   0] <  1>)
  [  3] ( 98 [  4,   8,   0] <  1>)
  [  4] ( 97 [  5,   7,   0] <  3>)
  [  5] ( 96 [  0,   6,   0] <  4>)
  [  6] ( 96 [  0,   0,   0] <  5>)
  [  7] ( 97 [  0,   0,   0] <  4>)
  [  8] ( 98 [  0,   0,   0] <  3>)
  [  9] ( 99 [  0,   0,   0] <  2>)
  [ 10] (  0 [  0,   0,   0] <  0>)
  [ 11] (  0 [  0,   0,   0] <  0>)
  [ 12] (  0 [  0,   0,   0] <  0>)
  [ 13] (  0 [  0,   0,   0] <  0>)
  [ 14] (  0 [  0,   0,   0] <  0>)
  [ 15] (  0 [  0,   0,   0] <  0>)
  [ 16] (  0 [  0,   0,   0] <  0>)
  [ 17] (  0 [  0,   0,   0] <  0>)
  [ 18] (  0 [  0,   0,   0] <  0>)
  [ 19] (  0 [  0,   0,   0] <  0>)
[2019-11-26|02:14:24]
passed through function [[TreeAddNode (branch occupied)]]
  hash: 0
  tree capacity: 20
  tree size: 9
  first free element's physical address: 0
  root address: 1
  rank: 2
  error: 0 tree is ok

  [  0] (  0 [  0,   0,   0] <  0>)
  [  1] (100 [  2,   3,   0] <  0>)
  [  2] ( 99 [  0,   9,   0] <  1>)
  [  3] ( 98 [  4,   8,   0] <  1>)
  [  4] ( 97 [  5,   7,   0] <  3>)
  [  5] ( 96 [  0,   6,   0] <  4>)
  [  6] ( 96 [  0,   0,   0] <  5>)
  [  7] ( 97 [  0,   0,   0] <  4>)
  [  8] ( 98 [  0,   0,   0] <  3>)
  [  9] ( 99 [  0,   0,   0] <  2>)
  [ 10] (  0 [  0,   0,   0] <  0>)
  [ 11] (  0 [  0,   0,   0] <  0>)
  [ 12] (  0 [  0,   0,   0] <  0>)
  [ 13] (  0 [  0,   0,   0] <  0>)
  [ 14] (  0 [  0,   0,   0] <  0>)
  [ 15] (  0 [  0,   0,   0] <  0>)
  [ 16] (  0 [  0,   0,   0] <  0>)
  [ 17] (  0 [  0,   0,   0] <  0>)
  [ 18] (  0 [  0,   0,   0] <  0>)
  [ 19] (  0 [  0,   0,   0] <  0>)
[2019-11-26|02:14:24]
passed through function [[TreeAddNode]]
  hash: 0
  tree capacity: 20
  tree size: 10
  first free element's physical address: 0
  root address: 1
  rank: 2
  error: 0 tree is ok

  [  0] (  0 [  0,   0,   0] <  0>)
  [  1] (100 [  2,   3,   0] <  0>)
  [  2] ( 99 [  0,   9,   0] <  1>)
  [  3] ( 98 [  4,   8,   0] <  1>)
  [  4] ( 97 [  5,   7,   0] <  3>)
  [  5] ( 96 [  0,   6,   0] <  4>)
  [  6] ( 96 [  0,   0,   0] <  5>)
  [  7] ( 97 [  0,   0,   0] <  4>)
  [  8] ( 98 [  0,   0,   0] <  3>)
  [  9] ( 99 [  0,   0,   0] <  2>)
  [ 10] (  0 [  0,   0,   0] <  0>)
  [ 11] (  0 [  0,   0,   0] <  0>)
  [ 12] (  0 [  0,   0,   0] <  0>)
  [ 13] (  0 [  0,   0,   0] <  0>)
  [ 14] (  0 [  0,   0,   0] <  0>)
  [ 15] (  0 [  0,   0,   0] <  0>)
  [ 16] (  0 [  0,   0,   0] <  0>)
  [ 17] (  0 [  0,   0,   0] <  0>)
  [ 18] (  0 [  0,   0,   0] <  0>)
  [ 19] (  0 [  0,   0,   0] <  0>)
[2019-11-26|02:14:24]
passed through function [[TreeAddNode]]
  hash: 0
  tree capacity: 20
  tree size: 11
  first free element's physical address: 0
  root address: 1
  rank: 2
  error: 0 tree is ok

  [  0] (  0 [  0,   0,   0] <  0>)
  [  1] (100 [  2,   3,   0] <  0>)
  [  2] ( 99 [  0,   9,   0] <  1>)
  [  3] ( 98 [  4,   8,   0] <  1>)
  [  4] ( 97 [  5,   7,   0] <  3>)
  [  5] ( 96 [  0,   6,   0] <  4>)
  [  6] ( 96 [  0,   0,   0] <  5>)
  [  7] ( 97 [  0,   0,   0] <  4>)
  [  8] ( 98 [  0,   0,   0] <  3>)
  [  9] ( 99 [  0,   0,   0] <  2>)
  [ 10] (  0 [  0,   0,   0] <  0>)
  [ 11] (  0 [  0,   0,   0] <  0>)
  [ 12] (  0 [  0,   0,   0] <  0>)
  [ 13] (  0 [  0,   0,   0] <  0>)
  [ 14] (  0 [  0,   0,   0] <  0>)
  [ 15] (  0 [  0,   0,   0] <  0>)
  [ 16] (  0 [  0,   0,   0] <  0>)
  [ 17] (  0 [  0,   0,   0] <  0>)
  [ 18] (  0 [  0,   0,   0] <  0>)
  [ 19] (  0 [  0,   0,   0] <  0>)
[2019-11-26|02:14:24]
passed through function [[TreeAddNode]]
  hash: 0
  tree capacity: 20
  tree size: 12
  first free element's physical address: 0
  root address: 1
  rank: 2
  error: 0 tree is ok

  [  0] (  0 [  0,   0,   0] <  0>)
  [  1] (100 [  2,   3,   0] <  0>)
  [  2] ( 99 [  0,   9,   0] <  1>)
  [  3] ( 98 [  4,   8,   0] <  1>)
  [  4] ( 97 [  5,   7,   0] <  3>)
  [  5] ( 96 [  0,   6,   0] <  4>)
  [  6] ( 96 [  0,   0,   0] <  5>)
  [  7] ( 97 [  0,   0,   0] <  4>)
  [  8] ( 98 [  0,   0,   0] <  3>)
  [  9] ( 99 [  0,   0,   0] <  2>)
  [ 10] (  0 [  0,   0,   0] <  0>)
  [ 11] (  0 [  0,   0,   0] <  0>)
  [ 12] (  0 [  0,   0,   0] <  0>)
  [ 13] (  0 [  0,   0,   0] <  0>)
  [ 14] (  0 [  0,   0,   0] <  0>)
  [ 15] (  0 [  0,   0,   0] <  0>)
  [ 16] (  0 [  0,   0,   0] <  0>)
  [ 17] (  0 [  0,   0,   0] <  0>)
  [ 18] (  0 [  0,   0,   0] <  0>)
  [ 19] (  0 [  0,   0,   0] <  0>)
[2019-11-26|02:14:24]
passed through function [[TreeAddNode]]
  hash: 0
  tree capacity: 20
  tree size: 13
  first free element's physical address: 0
  root address: 1
  rank: 2
  error: 0 tree is ok

  [  0] (  0 [  0,   0,   0] <  0>)
  [  1] (100 [  2,   3,   0] <  0>)
  [  2] ( 99 [  0,   9,   0] <  1>)
  [  3] ( 98 [  4,   8,   0] <  1>)
  [  4] ( 97 [  5,   7,   0] <  3>)
  [  5] ( 96 [  0,   6,   0] <  4>)
  [  6] ( 96 [  0,   0,   0] <  5>)
  [  7] ( 97 [  0,   0,   0] <  4>)
  [  8] ( 98 [  0,   0,   0] <  3>)
  [  9] ( 99 [  0,   0,   0] <  2>)
  [ 10] (  0 [  0,   0,   0] <  0>)
  [ 11] (  0 [  0,   0,   0] <  0>)
  [ 12] (  0 [  0,   0,   0] <  0>)
  [ 13] (  0 [  0,   0,   0] <  0>)
  [ 14] (  0 [  0,   0,   0] <  0>)
  [ 15] (  0 [  0,   0,   0] <  0>)
  [ 16] (  0 [  0,   0,   0] <  0>)
  [ 17] (  0 [  0,   0,   0] <  0>)
  [ 18] (  0 [  0,   0,   0] <  0>)
  [ 19] (  0 [  0,   0,   0] <  0>)
[2019-11-26|02:14:24]
passed through function [[TreeAddNode]]
  hash: 0
  tree capacity: 20
  tree size: 14
  first free element's physical address: 0
  root address: 1
  rank: 2
  error: 0 tree is ok

  [  0] (  0 [  0,   0,   0] <  0>)
  [  1] (100 [  2,   3,   0] <  0>)
  [  2] ( 99 [  0,   9,   0] <  1>)
  [  3] ( 98 [  4,   8,   0] <  1>)
  [  4] ( 97 [  5,   7,   0] <  3>)
  [  5] ( 96 [  0,   6,   0] <  4>)
  [  6] ( 96 [  0,   0,   0] <  5>)
  [  7] ( 97 [  0,   0,   0] <  4>)
  [  8] ( 98 [  0,   0,   0] <  3>)
  [  9] ( 99 [  0,   0,   0] <  2>)
  [ 10] (  0 [  0,   0,   0] <  0>)
  [ 11] (  0 [  0,   0,   0] <  0>)
  [ 12] (  0 [  0,   0,   0] <  0>)
  [ 13] (  0 [  0,   0,   0] <  0>)
  [ 14] (  0 [  0,   0,   0] <  0>)
  [ 15] (  0 [  0,   0,   0] <  0>)
  [ 16] (  0 [  0,   0,   0] <  0>)
  [ 17] (  0 [  0,   0,   0] <  0>)
  [ 18] (  0 [  0,   0,   0] <  0>)
  [ 19] (  0 [  0,   0,   0] <  0>)
[2019-11-26|02:14:24]
passed through function [[TreeAddNode]]
  hash: 0
  tree capacity: 20
  tree size: 15
  first free element's physical address: 0
  root address: 1
  rank: 2
  error: 0 tree is ok

  [  0] (  0 [  0,   0,   0] <  0>)
  [  1] (100 [  2,   3,   0] <  0>)
  [  2] ( 99 [  0,   9,   0] <  1>)
  [  3] ( 98 [  4,   8,   0] <  1>)
  [  4] ( 97 [  5,   7,   0] <  3>)
  [  5] ( 96 [  0,   6,   0] <  4>)
  [  6] ( 96 [  0,   0,   0] <  5>)
  [  7] ( 97 [  0,   0,   0] <  4>)
  [  8] ( 98 [  0,   0,   0] <  3>)
  [  9] ( 99 [  0,   0,   0] <  2>)
  [ 10] (  0 [  0,   0,   0] <  0>)
  [ 11] (  0 [  0,   0,   0] <  0>)
  [ 12] (  0 [  0,   0,   0] <  0>)
  [ 13] (  0 [  0,   0,   0] <  0>)
  [ 14] (  0 [  0,   0,   0] <  0>)
  [ 15] (  0 [  0,   0,   0] <  0>)
  [ 16] (  0 [  0,   0,   0] <  0>)
  [ 17] (  0 [  0,   0,   0] <  0>)
  [ 18] (  0 [  0,   0,   0] <  0>)
  [ 19] (  0 [  0,   0,   0] <  0>)
[2019-11-26|02:14:24]
passed through function [[TreeAddNode]]
  hash: 0
  tree capacity: 20
  tree size: 16
  first free element's physical address: 0
  root address: 1
  rank: 2
  error: 0 tree is ok

  [  0] (  0 [  0,   0,   0] <  0>)
  [  1] (100 [  2,   3,   0] <  0>)
  [  2] ( 99 [  0,   9,   0] <  1>)
  [  3] ( 98 [  4,   8,   0] <  1>)
  [  4] ( 97 [  5,   7,   0] <  3>)
  [  5] ( 96 [  0,   6,   0] <  4>)
  [  6] ( 96 [  0,   0,   0] <  5>)
  [  7] ( 97 [  0,   0,   0] <  4>)
  [  8] ( 98 [  0,   0,   0] <  3>)
  [  9] ( 99 [  0,   0,   0] <  2>)
  [ 10] (  0 [  0,   0,   0] <  0>)
  [ 11] (  0 [  0,   0,   0] <  0>)
  [ 12] (  0 [  0,   0,   0] <  0>)
  [ 13] (  0 [  0,   0,   0] <  0>)
  [ 14] (  0 [  0,   0,   0] <  0>)
  [ 15] (  0 [  0,   0,   0] <  0>)
  [ 16] (  0 [  0,   0,   0] <  0>)
  [ 17] (  0 [  0,   0,   0] <  0>)
  [ 18] (  0 [  0,   0,   0] <  0>)
  [ 19] (  0 [  0,   0,   0] <  0>)
[2019-11-26|02:14:24]
passed through function [[TreeAddNode]]
  hash: 0
  tree capacity: 20
  tree size: 17
  first free element's physical address: 0
  root address: 1
  rank: 2
  error: 0 tree is ok

  [  0] (  0 [  0,   0,   0] <  0>)
  [  1] (100 [  2,   3,   0] <  0>)
  [  2] ( 99 [  0,   9,   0] <  1>)
  [  3] ( 98 [  4,   8,   0] <  1>)
  [  4] ( 97 [  5,   7,   0] <  3>)
  [  5] ( 96 [  0,   6,   0] <  4>)
  [  6] ( 96 [  0,   0,   0] <  5>)
  [  7] ( 97 [  0,   0,   0] <  4>)
  [  8] ( 98 [  0,   0,   0] <  3>)
  [  9] ( 99 [  0,   0,   0] <  2>)
  [ 10] (  0 [  0,   0,   0] <  0>)
  [ 11] (  0 [  0,   0,   0] <  0>)
  [ 12] (  0 [  0,   0,   0] <  0>)
  [ 13] (  0 [  0,   0,   0] <  0>)
  [ 14] (  0 [  0,   0,   0] <  0>)
  [ 15] (  0 [  0,   0,   0] <  0>)
  [ 16] (  0 [  0,   0,   0] <  0>)
  [ 17] (  0 [  0,   0,   0] <  0>)
  [ 18] (  0 [  0,   0,   0] <  0>)
  [ 19] (  0 [  0,   0,   0] <  0>)
[2019-11-26|02:14:24]
passed through function [[TreeAddNode]]
  hash: 0
  tree capacity: 20
  tree size: 18
  first free element's physical address: 0
  root address: 1
  rank: 2
  error: 0 tree is ok

  [  0] (  0 [  0,   0,   0] <  0>)
  [  1] (100 [  2,   3,   0] <  0>)
  [  2] ( 99 [  0,   9,   0] <  1>)
  [  3] ( 98 [  4,   8,   0] <  1>)
  [  4] ( 97 [  5,   7,   0] <  3>)
  [  5] ( 96 [  0,   6,   0] <  4>)
  [  6] ( 96 [  0,   0,   0] <  5>)
  [  7] ( 97 [  0,   0,   0] <  4>)
  [  8] ( 98 [  0,   0,   0] <  3>)
  [  9] ( 99 [  0,   0,   0] <  2>)
  [ 10] (  0 [  0,   0,   0] <  0>)
  [ 11] (  0 [  0,   0,   0] <  0>)
  [ 12] (  0 [  0,   0,   0] <  0>)
  [ 13] (  0 [  0,   0,   0] <  0>)
  [ 14] (  0 [  0,   0,   0] <  0>)
  [ 15] (  0 [  0,   0,   0] <  0>)
  [ 16] (  0 [  0,   0,   0] <  0>)
  [ 17] (  0 [  0,   0,   0] <  0>)
  [ 18] (  0 [  0,   0,   0] <  0>)
  [ 19] (  0 [  0,   0,   0] <  0>)
[2019-11-26|02:14:24]
passed through function [[TreeAddNode]]
  hash: 0
  tree capacity: 20
  tree size: 19
  first free element's physical address: 0
  root address: 1
  rank: 2
  error: 0 tree is ok

  [  0] (  0 [  0,   0,   0] <  0>)
  [  1] (100 [  2,   3,   0] <  0>)
  [  2] ( 99 [  0,   9,   0] <  1>)
  [  3] ( 98 [  4,   8,   0] <  1>)
  [  4] ( 97 [  5,   7,   0] <  3>)
  [  5] ( 96 [  0,   6,   0] <  4>)
  [  6] ( 96 [  0,   0,   0] <  5>)
  [  7] ( 97 [  0,   0,   0] <  4>)
  [  8] ( 98 [  0,   0,   0] <  3>)
  [  9] ( 99 [  0,   0,   0] <  2>)
  [ 10] (  0 [  0,   0,   0] <  0>)
  [ 11] (  0 [  0,   0,   0] <  0>)
  [ 12] (  0 [  0,   0,   0] <  0>)
  [ 13] (  0 [  0,   0,   0] <  0>)
  [ 14] (  0 [  0,   0,   0] <  0>)
  [ 15] (  0 [  0,   0,   0] <  0>)
  [ 16] (  0 [  0,   0,   0] <  0>)
  [ 17] (  0 [  0,   0,   0] <  0>)
  [ 18] (  0 [  0,   0,   0] <  0>)
  [ 19] (  0 [  0,   0,   0] <  0>)
[2019-11-26|02:14:24]
passed through function [[TreeResize (extend)]]
  hash: 0
  tree capacity: 40
  tree size: 19
  first free element's physical address: 0
  root address: 1
  rank: 2
  error: 0 tree is ok

  [  0] (  0 [  0,   0,   0] <  0>)
  [  1] (100 [  2,   3,   0] <  0>)
  [  2] ( 99 [  0,   9,   0] <  1>)
  [  3] ( 98 [  4,   8,   0] <  1>)
  [  4] ( 97 [  5,   7,   0] <  3>)
  [  5] ( 96 [  0,   6,   0] <  4>)
  [  6] ( 96 [  0,   0,   0] <  5>)
  [  7] ( 97 [  0,   0,   0] <  4>)
  [  8] ( 98 [  0,   0,   0] <  3>)
  [  9] ( 99 [  0,   0,   0] <  2>)
  [ 10] (  0 [  0,   0,   0] <  0>)
  [ 11] (  0 [  0,   0,   0] <  0>)
  [ 12] (  0 [  0,   0,   0] <  0>)
  [ 13] (  0 [  0,   0,   0] <  0>)
  [ 14] (  0 [  0,   0,   0] <  0>)
  [ 15] (  0 [  0,   0,   0] <  0>)
  [ 16] (  0 [  0,   0,   0] <  0>)
  [ 17] (  0 [  0,   0,   0] <  0>)
  [ 18] (  0 [  0,   0,   0] <  0>)
  [ 19] (  0 [  0,   0,   0] <  0>)
  [ 20] (  0 [  0,   0,   0] <  0>)
  [ 21] (  0 [  0,   0,   0] <  0>)
  [ 22] (  0 [  0,   0,   0] <  0>)
  [ 23] (  0 [  0,   0,   0] <  0>)
  [ 24] (  0 [  0,   0,   0] <  0>)
  [ 25] (  0 [  0,   0,   0] <  0>)
  [ 26] (  0 [  0,   0,   0] <  0>)
  [ 27] (  0 [  0,   0,   0] <  0>)
  [ 28] (  0 [  0,   0,   0] <  0>)
  [ 29] (  0 [  0,   0,   0] <  0>)
  [ 30] (  0 [  0,   0,   0] <  0>)
  [ 31] (  0 [  0,   0,   0] <  0>)
  [ 32] (  0 [  0,   0,   0] <  0>)
  [ 33] (  0 [  0,   0,   0] <  0>)
  [ 34] (  0 [  0,   0,   0] <  0>)
  [ 35] (  0 [  0,   0,   0] <  0>)
  [ 36] (  0 [  0,   0,   0] <  0>)
  [ 37] (  0 [  0,   0,   0] <  0>)
  [ 38] (  0 [  0,   0,   0] <  0>)
  [ 39] (  0 [  0,   0,   0] <  0>)
[2019-11-26|02:14:24]
passed through function [[TreeAddNode]]
  hash: 0
  tree capacity: 40
  tree size: 20
  first free element's physical address: 0
  root address: 1
  rank: 2
  error: 0 tree is ok

  [  0] (  0 [  0,   0,   0] <  0>)
  [  1] (100 [  2,   3,   0] <  0>)
  [  2] ( 99 [  0,   9,   0] <  1>)
  [  3] ( 98 [  4,   8,   0] <  1>)
  [  4] ( 97 [  5,   7,   0] <  3>)
  [  5] ( 96 [  0,   6,   0] <  4>)
  [  6] ( 96 [  0,   0,   0] <  5>)
  [  7] ( 97 [  0,   0,   0] <  4>)
  [  8] ( 98 [  0,   0,   0] <  3>)
  [  9] ( 99 [  0,   0,   0] <  2>)
  [ 10] (  0 [  0,   0,   0] <  0>)
  [ 11] (  0 [  0,   0,   0] <  0>)
  [ 12] (  0 [  0,   0,   0] <  0>)
  [ 13] (  0 [  0,   0,   0] <  0>)
  [ 14] (  0 [  0,   0,   0] <  0>)
  [ 15] (  0 [  0,   0,   0] <  0>)
  [ 16] (  0 [  0,   0,   0] <  0>)
  [ 17] (  0 [  0,   0,   0] <  0>)
  [ 18] (  0 [  0,   0,   0] <  0>)
  [ 19] (  0 [  0,   0,   0] <  0>)
  [ 20] (  0 [  0,   0,   0] <  0>)
  [ 21] (  0 [  0,   0,   0] <  0>)
  [ 22] (  0 [  0,   0,   0] <  0>)
  [ 23] (  0 [  0,   0,   0] <  0>)
  [ 24] (  0 [  0,   0,   0] <  0>)
  [ 25] (  0 [  0,   0,   0] <  0>)
  [ 26] (  0 [  0,   0,   0] <  0>)
  [ 27] (  0 [  0,   0,   0] <  0>)
  [ 28] (  0 [  0,   0,   0] <  0>)
  [ 29] (  0 [  0,   0,   0] <  0>)
  [ 30] (  0 [  0,   0,   0] <  0>)
  [ 31] (  0 [  0,   0,   0] <  0>)
  [ 32] (  0 [  0,   0,   0] <  0>)
  [ 33] (  0 [  0,   0,   0] <  0>)
  [ 34] (  0 [  0,   0,   0] <  0>)
  [ 35] (  0 [  0,   0,   0] <  0>)
  [ 36] (  0 [  0,   0,   0] <  0>)
  [ 37] (  0 [  0,   0,   0] <  0>)
  [ 38] (  0 [  0,   0,   0] <  0>)
  [ 39] (  0 [  0,   0,   0] <  0>)
[2019-11-26|02:14:24]
passed through function [[TreeAddNode]]
  hash: 0
  tree capacity: 40
  tree size: 21
  first free element's physical address: 0
  root address: 1
  rank: 2
  error: 0 tree is ok

  [  0] (  0 [  0,   0,   0] <  0>)
  [  1] (100 [  2,   3,   0] <  0>)
  [  2] ( 99 [  0,   9,   0] <  1>)
  [  3] ( 98 [  4,   8,   0] <  1>)
  [  4] ( 97 [  5,   7,   0] <  3>)
  [  5] ( 96 [  0,   6,   0] <  4>)
  [  6] ( 96 [  0,   0,   0] <  5>)
  [  7] ( 97 [  0,   0,   0] <  4>)
  [  8] ( 98 [  0,   0,   0] <  3>)
  [  9] ( 99 [  0,   0,   0] <  2>)
  [ 10] (  0 [  0,   0,   0] <  0>)
  [ 11] (  0 [  0,   0,   0] <  0>)
  [ 12] (  0 [  0,   0,   0] <  0>)
  [ 13] (  0 [  0,   0,   0] <  0>)
  [ 14] (  0 [  0,   0,   0] <  0>)
  [ 15] (  0 [  0,   0,   0] <  0>)
  [ 16] (  0 [  0,   0,   0] <  0>)
  [ 17] (  0 [  0,   0,   0] <  0>)
  [ 18] (  0 [  0,   0,   0] <  0>)
  [ 19] (  0 [  0,   0,   0] <  0>)
  [ 20] (  0 [  0,   0,   0] <  0>)
  [ 21] (  0 [  0,   0,   0] <  0>)
  [ 22] (  0 [  0,   0,   0] <  0>)
  [ 23] (  0 [  0,   0,   0] <  0>)
  [ 24] (  0 [  0,   0,   0] <  0>)
  [ 25] (  0 [  0,   0,   0] <  0>)
  [ 26] (  0 [  0,   0,   0] <  0>)
  [ 27] (  0 [  0,   0,   0] <  0>)
  [ 28] (  0 [  0,   0,   0] <  0>)
  [ 29] (  0 [  0,   0,   0] <  0>)
  [ 30] (  0 [  0,   0,   0] <  0>)
  [ 31] (  0 [  0,   0,   0] <  0>)
  [ 32] (  0 [  0,   0,   0] <  0>)
  [ 33] (  0 [  0,   0,   0] <  0>)
  [ 34] (  0 [  0,   0,   0] <  0>)
  [ 35] (  0 [  0,   0,   0] <  0>)
  [ 36] (  0 [  0,   0,   0] <  0>)
  [ 37] (  0 [  0,   0,   0] <  0>)
  [ 38] (  0 [  0,   0,   0] <  0>)
  [ 39] (  0 [  0,   0,   0] <  0>)
[2019-11-26|02:14:24]
passed through function [[TreeAddNode]]
  hash: 0
  tree capacity: 40
  tree size: 22
  first free element's physical address: 0
  root address: 1
  rank: 2
  error: 0 tree is ok

  [  0] (  0 [  0,   0,   0] <  0>)
  [  1] (100 [  2,   3,   0] <  0>)
  [  2] ( 99 [  0,   9,   0] <  1>)
  [  3] ( 98 [  4,   8,   0] <  1>)
  [  4] ( 97 [  5,   7,   0] <  3>)
  [  5] ( 96 [  0,   6,   0] <  4>)
  [  6] ( 96 [  0,   0,   0] <  5>)
  [  7] ( 97 [  0,   0,   0] <  4>)
  [  8] ( 98 [  0,   0,   0] <  3>)
  [  9] ( 99 [  0,   0,   0] <  2>)
  [ 10] (  0 [  0,   0,   0] <  0>)
  [ 11] (  0 [  0,   0,   0] <  0>)
  [ 12] (  0 [  0,   0,   0] <  0>)
  [ 13] (  0 [  0,   0,   0] <  0>)
  [ 14] (  0 [  0,   0,   0] <  0>)
  [ 15] (  0 [  0,   0,   0] <  0>)
  [ 16] (  0 [  0,   0,   0] <  0>)
  [ 17] (  0 [  0,   0,   0] <  0>)
  [ 18] (  0 [  0,   0,   0] <  0>)
  [ 19] (  0 [  0,   0,   0] <  0>)
  [ 20] (  0 [  0,   0,   0] <  0>)
  [ 21] (  0 [  0,   0,   0] <  0>)
  [ 22] (  0 [  0,   0,   0] <  0>)
  [ 23] (  0 [  0,   0,   0] <  0>)
  [ 24] (  0 [  0,   0,   0] <  0>)
  [ 25] (  0 [  0,   0,   0] <  0>)
  [ 26] (  0 [  0,   0,   0] <  0>)
  [ 27] (  0 [  0,   0,   0] <  0>)
  [ 28] (  0 [  0,   0,   0] <  0>)
  [ 29] (  0 [  0,   0,   0] <  0>)
  [ 30] (  0 [  0,   0,   0] <  0>)
  [ 31] (  0 [  0,   0,   0] <  0>)
  [ 32] (  0 [  0,   0,   0] <  0>)
  [ 33] (  0 [  0,   0,   0] <  0>)
  [ 34] (  0 [  0,   0,   0] <  0>)
  [ 35] (  0 [  0,   0,   0] <  0>)
  [ 36] (  0 [  0,   0,   0] <  0>)
  [ 37] (  0 [  0,   0,   0] <  0>)
  [ 38] (  0 [  0,   0,   0] <  0>)
  [ 39] (  0 [  0,   0,   0] <  0>)
[2019-11-26|02:14:24]
passed through function [[TreeAddNode]]
  hash: 0
  tree capacity: 40
  tree size: 23
  first free element's physical address: 0
  root address: 1
  rank: 2
  error: 0 tree is ok

  [  0] (  0 [  0,   0,   0] <  0>)
  [  1] (100 [  2,   3,   0] <  0>)
  [  2] ( 99 [  0,   9,   0] <  1>)
  [  3] ( 98 [  4,   8,   0] <  1>)
  [  4] ( 97 [  5,   7,   0] <  3>)
  [  5] ( 96 [  0,   6,   0] <  4>)
  [  6] ( 96 [  0,   0,   0] <  5>)
  [  7] ( 97 [  0,   0,   0] <  4>)
  [  8] ( 98 [  0,   0,   0] <  3>)
  [  9] ( 99 [  0,   0,   0] <  2>)
  [ 10] (  0 [  0,   0,   0] <  0>)
  [ 11] (  0 [  0,   0,   0] <  0>)
  [ 12] (  0 [  0,   0,   0] <  0>)
  [ 13] (  0 [  0,   0,   0] <  0>)
  [ 14] (  0 [  0,   0,   0] <  0>)
  [ 15] (  0 [  0,   0,   0] <  0>)
  [ 16] (  0 [  0,   0,   0] <  0>)
  [ 17] (  0 [  0,   0,   0] <  0>)
  [ 18] (  0 [  0,   0,   0] <  0>)
  [ 19] (  0 [  0,   0,   0] <  0>)
  [ 20] (  0 [  0,   0,   0] <  0>)
  [ 21] (  0 [  0,   0,   0] <  0>)
  [ 22] (  0 [  0,   0,   0] <  0>)
  [ 23] (  0 [  0,   0,   0] <  0>)
  [ 24] (  0 [  0,   0,   0] <  0>)
  [ 25] (  0 [  0,   0,   0] <  0>)
  [ 26] (  0 [  0,   0,   0] <  0>)
  [ 27] (  0 [  0,   0,   0] <  0>)
  [ 28] (  0 [  0,   0,   0] <  0>)
  [ 29] (  0 [  0,   0,   0] <  0>)
  [ 30] (  0 [  0,   0,   0] <  0>)
  [ 31] (  0 [  0,   0,   0] <  0>)
  [ 32] (  0 [  0,   0,   0] <  0>)
  [ 33] (  0 [  0,   0,   0] <  0>)
  [ 34] (  0 [  0,   0,   0] <  0>)
  [ 35] (  0 [  0,   0,   0] <  0>)
  [ 36] (  0 [  0,   0,   0] <  0>)
  [ 37] (  0 [  0,   0,   0] <  0>)
  [ 38] (  0 [  0,   0,   0] <  0>)
  [ 39] (  0 [  0,   0,   0] <  0>)
[2019-11-26|02:14:24]
passed through function [[TreeAddNode]]
  hash: 0
  tree capacity: 40
  tree size: 24
  first free element's physical address: 0
  root address: 1
  rank: 2
  error: 0 tree is ok

  [  0] (  0 [  0,   0,   0] <  0>)
  [  1] (100 [  2,   3,   0] <  0>)
  [  2] ( 99 [  0,   9,   0] <  1>)
  [  3] ( 98 [  4,   8,   0] <  1>)
  [  4] ( 97 [  5,   7,   0] <  3>)
  [  5] ( 96 [  0,   6,   0] <  4>)
  [  6] ( 96 [  0,   0,   0] <  5>)
  [  7] ( 97 [  0,   0,   0] <  4>)
  [  8] ( 98 [  0,   0,   0] <  3>)
  [  9] ( 99 [  0,   0,   0] <  2>)
  [ 10] (  0 [  0,   0,   0] <  0>)
  [ 11] (  0 [  0,   0,   0] <  0>)
  [ 12] (  0 [  0,   0,   0] <  0>)
  [ 13] (  0 [  0,   0,   0] <  0>)
  [ 14] (  0 [  0,   0,   0] <  0>)
  [ 15] (  0 [  0,   0,   0] <  0>)
  [ 16] (  0 [  0,   0,   0] <  0>)
  [ 17] (  0 [  0,   0,   0] <  0>)
  [ 18] (  0 [  0,   0,   0] <  0>)
  [ 19] (  0 [  0,   0,   0] <  0>)
  [ 20] (  0 [  0,   0,   0] <  0>)
  [ 21] (  0 [  0,   0,   0] <  0>)
  [ 22] (  0 [  0,   0,   0] <  0>)
  [ 23] (  0 [  0,   0,   0] <  0>)
  [ 24] (  0 [  0,   0,   0] <  0>)
  [ 25] (  0 [  0,   0,   0] <  0>)
  [ 26] (  0 [  0,   0,   0] <  0>)
  [ 27] (  0 [  0,   0,   0] <  0>)
  [ 28] (  0 [  0,   0,   0] <  0>)
  [ 29] (  0 [  0,   0,   0] <  0>)
  [ 30] (  0 [  0,   0,   0] <  0>)
  [ 31] (  0 [  0,   0,   0] <  0>)
  [ 32] (  0 [  0,   0,   0] <  0>)
  [ 33] (  0 [  0,   0,   0] <  0>)
  [ 34] (  0 [  0,   0,   0] <  0>)
  [ 35] (  0 [  0,   0,   0] <  0>)
  [ 36] (  0 [  0,   0,   0] <  0>)
  [ 37] (  0 [  0,   0,   0] <  0>)
  [ 38] (  0 [  0,   0,   0] <  0>)
  [ 39] (  0 [  0,   0,   0] <  0>)
[2019-11-26|02:14:24]
passed through function [[TreeAddNode]]
  hash: 0
  tree capacity: 40
  tree size: 25
  first free element's physical address: 0
  root address: 1
  rank: 2
  error: 0 tree is ok

  [  0] (  0 [  0,   0,   0] <  0>)
  [  1] (100 [  2,   3,   0] <  0>)
  [  2] ( 99 [  0,   9,   0] <  1>)
  [  3] ( 98 [  4,   8,   0] <  1>)
  [  4] ( 97 [  5,   7,   0] <  3>)
  [  5] ( 96 [  0,   6,   0] <  4>)
  [  6] ( 96 [  0,   0,   0] <  5>)
  [  7] ( 97 [  0,   0,   0] <  4>)
  [  8] ( 98 [  0,   0,   0] <  3>)
  [  9] ( 99 [  0,   0,   0] <  2>)
  [ 10] (  0 [  0,   0,   0] <  0>)
  [ 11] (  0 [  0,   0,   0] <  0>)
  [ 12] (  0 [  0,   0,   0] <  0>)
  [ 13] (  0 [  0,   0,   0] <  0>)
  [ 14] (  0 [  0,   0,   0] <  0>)
  [ 15] (  0 [  0,   0,   0] <  0>)
  [ 16] (  0 [  0,   0,   0] <  0>)
  [ 17] (  0 [  0,   0,   0] <  0>)
  [ 18] (  0 [  0,   0,   0] <  0>)
  [ 19] (  0 [  0,   0,   0] <  0>)
  [ 20] (  0 [  0,   0,   0] <  0>)
  [ 21] (  0 [  0,   0,   0] <  0>)
  [ 22] (  0 [  0,   0,   0] <  0>)
  [ 23] (  0 [  0,   0,   0] <  0>)
  [ 24] (  0 [  0,   0,   0] <  0>)
  [ 25] (  0 [  0,   0,   0] <  0>)
  [ 26] (  0 [  0,   0,   0] <  0>)
  [ 27] (  0 [  0,   0,   0] <  0>)
  [ 28] (  0 [  0,   0,   0] <  0>)
  [ 29] (  0 [  0,   0,   0] <  0>)
  [ 30] (  0 [  0,   0,   0] <  0>)
  [ 31] (  0 [  0,   0,   0] <  0>)
  [ 32] (  0 [  0,   0,   0] <  0>)
  [ 33] (  0 [  0,   0,   0] <  0>)
  [ 34] (  0 [  0,   0,   0] <  0>)
  [ 35] (  0 [  0,   0,   0] <  0>)
  [ 36] (  0 [  0,   0,   0] <  0>)
  [ 37] (  0 [  0,   0,   0] <  0>)
  [ 38] (  0 [  0,   0,   0] <  0>)
  [ 39] (  0 [  0,   0,   0] <  0>)
[2019-11-26|02:14:24]
passed through function [[TreeAddNode]]
  hash: 0
  tree capacity: 40
  tree size: 26
  first free element's physical address: 0
  root address: 1
  rank: 2
  error: 0 tree is ok

  [  0] (  0 [  0,   0,   0] <  0>)
  [  1] (100 [  2,   3,   0] <  0>)
  [  2] ( 99 [  0,   9,   0] <  1>)
  [  3] ( 98 [  4,   8,   0] <  1>)
  [  4] ( 97 [  5,   7,   0] <  3>)
  [  5] ( 96 [  0,   6,   0] <  4>)
  [  6] ( 96 [  0,   0,   0] <  5>)
  [  7] ( 97 [  0,   0,   0] <  4>)
  [  8] ( 98 [  0,   0,   0] <  3>)
  [  9] ( 99 [  0,   0,   0] <  2>)
  [ 10] (  0 [  0,   0,   0] <  0>)
  [ 11] (  0 [  0,   0,   0] <  0>)
  [ 12] (  0 [  0,   0,   0] <  0>)
  [ 13] (  0 [  0,   0,   0] <  0>)
  [ 14] (  0 [  0,   0,   0] <  0>)
  [ 15] (  0 [  0,   0,   0] <  0>)
  [ 16] (  0 [  0,   0,   0] <  0>)
  [ 17] (  0 [  0,   0,   0] <  0>)
  [ 18] (  0 [  0,   0,   0] <  0>)
  [ 19] (  0 [  0,   0,   0] <  0>)
  [ 20] (  0 [  0,   0,   0] <  0>)
  [ 21] (  0 [  0,   0,   0] <  0>)
  [ 22] (  0 [  0,   0,   0] <  0>)
  [ 23] (  0 [  0,   0,   0] <  0>)
  [ 24] (  0 [  0,   0,   0] <  0>)
  [ 25] (  0 [  0,   0,   0] <  0>)
  [ 26] (  0 [  0,   0,   0] <  0>)
  [ 27] (  0 [  0,   0,   0] <  0>)
  [ 28] (  0 [  0,   0,   0] <  0>)
  [ 29] (  0 [  0,   0,   0] <  0>)
  [ 30] (  0 [  0,   0,   0] <  0>)
  [ 31] (  0 [  0,   0,   0] <  0>)
  [ 32] (  0 [  0,   0,   0] <  0>)
  [ 33] (  0 [  0,   0,   0] <  0>)
  [ 34] (  0 [  0,   0,   0] <  0>)
  [ 35] (  0 [  0,   0,   0] <  0>)
  [ 36] (  0 [  0,   0,   0] <  0>)
  [ 37] (  0 [  0,   0,   0] <  0>)
  [ 38] (  0 [  0,   0,   0] <  0>)
  [ 39] (  0 [  0,   0,   0] <  0>)
[2019-11-26|02:14:24]
passed through function [[TreeAddNode]]
  hash: 0
  tree capacity: 40
  tree size: 27
  first free element's physical address: 0
  root address: 1
  rank: 2
  error: 0 tree is ok

  [  0] (  0 [  0,   0,   0] <  0>)
  [  1] (100 [  2,   3,   0] <  0>)
  [  2] ( 99 [  0,   9,   0] <  1>)
  [  3] ( 98 [  4,   8,   0] <  1>)
  [  4] ( 97 [  5,   7,   0] <  3>)
  [  5] ( 96 [  0,   6,   0] <  4>)
  [  6] ( 96 [  0,   0,   0] <  5>)
  [  7] ( 97 [  0,   0,   0] <  4>)
  [  8] ( 98 [  0,   0,   0] <  3>)
  [  9] ( 99 [  0,   0,   0] <  2>)
  [ 10] (  0 [  0,   0,   0] <  0>)
  [ 11] (  0 [  0,   0,   0] <  0>)
  [ 12] (  0 [  0,   0,   0] <  0>)
  [ 13] (  0 [  0,   0,   0] <  0>)
  [ 14] (  0 [  0,   0,   0] <  0>)
  [ 15] (  0 [  0,   0,   0] <  0>)
  [ 16] (  0 [  0,   0,   0] <  0>)
  [ 17] (  0 [  0,   0,   0] <  0>)
  [ 18] (  0 [  0,   0,   0] <  0>)
  [ 19] (  0 [  0,   0,   0] <  0>)
  [ 20] (  0 [  0,   0,   0] <  0>)
  [ 21] (  0 [  0,   0,   0] <  0>)
  [ 22] (  0 [  0,   0,   0] <  0>)
  [ 23] (  0 [  0,   0,   0] <  0>)
  [ 24] (  0 [  0,   0,   0] <  0>)
  [ 25] (  0 [  0,   0,   0] <  0>)
  [ 26] (  0 [  0,   0,   0] <  0>)
  [ 27] (  0 [  0,   0,   0] <  0>)
  [ 28] (  0 [  0,   0,   0] <  0>)
  [ 29] (  0 [  0,   0,   0] <  0>)
  [ 30] (  0 [  0,   0,   0] <  0>)
  [ 31] (  0 [  0,   0,   0] <  0>)
  [ 32] (  0 [  0,   0,   0] <  0>)
  [ 33] (  0 [  0,   0,   0] <  0>)
  [ 34] (  0 [  0,   0,   0] <  0>)
  [ 35] (  0 [  0,   0,   0] <  0>)
  [ 36] (  0 [  0,   0,   0] <  0>)
  [ 37] (  0 [  0,   0,   0] <  0>)
  [ 38] (  0 [  0,   0,   0] <  0>)
  [ 39] (  0 [  0,   0,   0] <  0>)
[2019-11-26|02:14:24]
passed through function [[TreeAddNode]]
  hash: 0
  tree capacity: 40
  tree size: 28
  first free element's physical address: 0
  root address: 1
  rank: 2
  error: 0 tree is ok

  [  0] (  0 [  0,   0,   0] <  0>)
  [  1] (100 [  2,   3,   0] <  0>)
  [  2] ( 99 [  0,   9,   0] <  1>)
  [  3] ( 98 [  4,   8,   0] <  1>)
  [  4] ( 97 [  5,   7,   0] <  3>)
  [  5] ( 96 [  0,   6,   0] <  4>)
  [  6] ( 96 [  0,   0,   0] <  5>)
  [  7] ( 97 [  0,   0,   0] <  4>)
  [  8] ( 98 [  0,   0,   0] <  3>)
  [  9] ( 99 [  0,   0,   0] <  2>)
  [ 10] (  0 [  0,   0,   0] <  0>)
  [ 11] (  0 [  0,   0,   0] <  0>)
  [ 12] (  0 [  0,   0,   0] <  0>)
  [ 13] (  0 [  0,   0,   0] <  0>)
  [ 14] (  0 [  0,   0,   0] <  0>)
  [ 15] (  0 [  0,   0,   0] <  0>)
  [ 16] (  0 [  0,   0,   0] <  0>)
  [ 17] (  0 [  0,   0,   0] <  0>)
  [ 18] (  0 [  0,   0,   0] <  0>)
  [ 19] (  0 [  0,   0,   0] <  0>)
  [ 20] (  0 [  0,   0,   0] <  0>)
  [ 21] (  0 [  0,   0,   0] <  0>)
  [ 22] (  0 [  0,   0,   0] <  0>)
  [ 23] (  0 [  0,   0,   0] <  0>)
  [ 24] (  0 [  0,   0,   0] <  0>)
  [ 25] (  0 [  0,   0,   0] <  0>)
  [ 26] (  0 [  0,   0,   0] <  0>)
  [ 27] (  0 [  0,   0,   0] <  0>)
  [ 28] (  0 [  0,   0,   0] <  0>)
  [ 29] (  0 [  0,   0,   0] <  0>)
  [ 30] (  0 [  0,   0,   0] <  0>)
  [ 31] (  0 [  0,   0,   0] <  0>)
  [ 32] (  0 [  0,   0,   0] <  0>)
  [ 33] (  0 [  0,   0,   0] <  0>)
  [ 34] (  0 [  0,   0,   0] <  0>)
  [ 35] (  0 [  0,   0,   0] <  0>)
  [ 36] (  0 [  0,   0,   0] <  0>)
  [ 37] (  0 [  0,   0,   0] <  0>)
  [ 38] (  0 [  0,   0,   0] <  0>)
  [ 39] (  0 [  0,   0,   0] <  0>)
[2019-11-26|02:14:24]
passed through function [[TreeDeleteNode]]
  hash: 0
  tree capacity: 40
  tree size: 22
  first free element's physical address: 0
  root address: 1
  rank: 2
  error: 0 tree is ok

  [  0] (  0 [  0,   0,   0] <  0>)
  [  1] (100 [  2,   3,   0] <  0>)
  [  2] ( 99 [  0,   9,   0] <  1>)
  [  3] ( 98 [  0,   0,   0] <  0>)
  [  4] ( 97 [  0,   0,   0] <  0>)
  [  5] ( 96 [  0,   0,   0] <  0>)
  [  6] ( 96 [  0,   0,   0] <  0>)
  [  7] ( 97 [  0,   0,   0] <  0>)
  [  8] ( 98 [  0,   0,   0] <  0>)
  [  9] ( 99 [  0,   0,   0] <  2>)
  [ 10] (  0 [  0,   0,   0] <  0>)
  [ 11] (  0 [  0,   0,   0] <  0>)
  [ 12] (  0 [  0,   0,   0] <  0>)
  [ 13] (  0 [  0,   0,   0] <  0>)
  [ 14] (  0 [  0,   0,   0] <  0>)
  [ 15] (  0 [  0,   0,   0] <  0>)
  [ 16] (  0 [  0,   0,   0] <  0>)
  [ 17] (  0 [  0,   0,   0] <  0>)
  [ 18] (  0 [  0,   0,   0] <  0>)
  [ 19] (  0 [  0,   0,   0] <  0>)
  [ 20] (  0 [  0,   0,   0] <  0>)
  [ 21] (  0 [  0,   0,   0] <  0>)
  [ 22] (  0 [  0,   0,   0] <  0>)
  [ 23] (  0 [  0,   0,   0] <  0>)
  [ 24] (  0 [  0,   0,   0] <  0>)
  [ 25] (  0 [  0,   0,   0] <  0>)
  [ 26] (  0 [  0,   0,   0] <  0>)
  [ 27] (  0 [  0,   0,   0] <  0>)
  [ 28] (  0 [  0,   0,   0] <  0>)
  [ 29] (  0 [  0,   0,   0] <  0>)
  [ 30] (  0 [  0,   0,   0] <  0>)
  [ 31] (  0 [  0,   0,   0] <  0>)
  [ 32] (  0 [  0,   0,   0] <  0>)
  [ 33] (  0 [  0,   0,   0] <  0>)
  [ 34] (  0 [  0,   0,   0] <  0>)
  [ 35] (  0 [  0,   0,   0] <  0>)
  [ 36] (  0 [  0,   0,   0] <  0>)
  [ 37] (  0 [  0,   0,   0] <  0>)
  [ 38] (  0 [  0,   0,   0] <  0>)
  [ 39] (  0 [  0,   0,   0] <  0>)
