[2019-11-25|18:01:21]
passed through function [[TreeInit]]
  hash: 0
  tree capacity: 10
  tree size: 0
  first free element's physical address: 1
  root address: 0
  rank: 2
  error: 0 tree is ok

  [  0] (  0 [  0,   0,   0] <  0>)
  [  1] (  0 [  0,   0,   0] <  0>)
  [  2] (  0 [  0,   0,   0] <  0>)
  [  3] (  0 [  0,   0,   0] <  0>)
  [  4] (  0 [  0,   0,   0] <  0>)
  [  5] (  0 [  0,   0,   0] <  0>)
  [  6] (  0 [  0,   0,   0] <  0>)
  [  7] (  0 [  0,   0,   0] <  0>)
  [  8] (  0 [  0,   0,   0] <  0>)
  [  9] (  0 [  0,   0,   0] <  0>)
[2019-11-25|18:01:21]
passed through function [[TreeSort]]
  hash: 0
  tree capacity: 10
  tree size: 0
  first free element's physical address: 1
  root address: 0
  rank: 2
  error: 0 tree is ok

  [  0] (  0 [  0,   0,   0] <  0>)
  [  1] (  0 [  0,   0,   0] <  0>)
  [  2] (  0 [  0,   0,   0] <  0>)
  [  3] (  0 [  0,   0,   0] <  0>)
  [  4] (  0 [  0,   0,   0] <  0>)
  [  5] (  0 [  0,   0,   0] <  0>)
  [  6] (  0 [  0,   0,   0] <  0>)
  [  7] (  0 [  0,   0,   0] <  0>)
  [  8] (  0 [  0,   0,   0] <  0>)
  [  9] (  0 [  0,   0,   0] <  0>)
