[2019-11-26|02:21:51]
passed through function [[TreeInit]]
  hash: 0
  tree capacity: 10
  tree size: 0
  first free element's physical address: 1
  root address: 0
  rank: 2
  error: 0 tree is ok

  [  0] (  0 [  0,   0,   0] <  0>)
  [  1] (  0 [  0,   0,   0] <  0>)
  [  2] (  0 [  0,   0,   0] <  0>)
  [  3] (  0 [  0,   0,   0] <  0>)
  [  4] (  0 [  0,   0,   0] <  0>)
  [  5] (  0 [  0,   0,   0] <  0>)
  [  6] (  0 [  0,   0,   0] <  0>)
  [  7] (  0 [  0,   0,   0] <  0>)
  [  8] (  0 [  0,   0,   0] <  0>)
  [  9] (  0 [  0,   0,   0] <  0>)
[2019-11-26|02:21:51]
passed through function [[TreeSort]]
  hash: 0
  tree capacity: 10
  tree size: 0
  first free element's physical address: 1
  root address: 0
  rank: 2
  error: 0 tree is ok

  [  0] (  0 [  0,   0,   0] <  0>)
  [  1] (  0 [  0,   0,   0] <  0>)
  [  2] (  0 [  0,   0,   0] <  0>)
  [  3] (  0 [  0,   0,   0] <  0>)
  [  4] (  0 [  0,   0,   0] <  0>)
  [  5] (  0 [  0,   0,   0] <  0>)
  [  6] (  0 [  0,   0,   0] <  0>)
  [  7] (  0 [  0,   0,   0] <  0>)
  [  8] (  0 [  0,   0,   0] <  0>)
  [  9] (  0 [  0,   0,   0] <  0>)
[2019-11-26|02:21:51]
passed through function [[TreeAddNode]]
  hash: 0
  tree capacity: 10
  tree size: 1
  first free element's physical address: 2
  root address: 1
  rank: 2
  error: 0 tree is ok

  [  0] (  0 [  0,   0,   0] <  0>)
  [  1] (100 [  0,   0,   0] <  0>)
  [  2] (  0 [  0,   0,   0] <  0>)
  [  3] (  0 [  0,   0,   0] <  0>)
  [  4] (  0 [  0,   0,   0] <  0>)
  [  5] (  0 [  0,   0,   0] <  0>)
  [  6] (  0 [  0,   0,   0] <  0>)
  [  7] (  0 [  0,   0,   0] <  0>)
  [  8] (  0 [  0,   0,   0] <  0>)
  [  9] (  0 [  0,   0,   0] <  0>)
[2019-11-26|02:21:51]
passed through function [[TreeAddNode]]
  hash: 0
  tree capacity: 10
  tree size: 2
  first free element's physical address: 3
  root address: 1
  rank: 2
  error: 0 tree is ok

  [  0] (  0 [  0,   0,   0] <  0>)
  [  1] (100 [  2,   0,   0] <  0>)
  [  2] ( 99 [  0,   0,   0] <  1>)
  [  3] (  0 [  0,   0,   0] <  0>)
  [  4] (  0 [  0,   0,   0] <  0>)
  [  5] (  0 [  0,   0,   0] <  0>)
  [  6] (  0 [  0,   0,   0] <  0>)
  [  7] (  0 [  0,   0,   0] <  0>)
  [  8] (  0 [  0,   0,   0] <  0>)
  [  9] (  0 [  0,   0,   0] <  0>)
[2019-11-26|02:21:51]
passed through function [[TreeAddNode]]
  hash: 0
  tree capacity: 10
  tree size: 3
  first free element's physical address: 4
  root address: 1
  rank: 2
  error: 0 tree is ok

  [  0] (  0 [  0,   0,   0] <  0>)
  [  1] (100 [  2,   3,   0] <  0>)
  [  2] ( 99 [  0,   0,   0] <  1>)
  [  3] ( 98 [  0,   0,   0] <  1>)
  [  4] (  0 [  0,   0,   0] <  0>)
  [  5] (  0 [  0,   0,   0] <  0>)
  [  6] (  0 [  0,   0,   0] <  0>)
  [  7] (  0 [  0,   0,   0] <  0>)
  [  8] (  0 [  0,   0,   0] <  0>)
  [  9] (  0 [  0,   0,   0] <  0>)
[2019-11-26|02:21:51]
passed through function [[TreeAddNode]]
  hash: 0
  tree capacity: 10
  tree size: 4
  first free element's physical address: 5
  root address: 1
  rank: 2
  error: 0 tree is ok

  [  0] (  0 [  0,   0,   0] <  0>)
  [  1] (100 [  2,   3,   0] <  0>)
  [  2] ( 99 [  0,   0,   0] <  1>)
  [  3] ( 98 [  4,   0,   0] <  1>)
  [  4] ( 97 [  0,   0,   0] <  3>)
  [  5] (  0 [  0,   0,   0] <  0>)
  [  6] (  0 [  0,   0,   0] <  0>)
  [  7] (  0 [  0,   0,   0] <  0>)
  [  8] (  0 [  0,   0,   0] <  0>)
  [  9] (  0 [  0,   0,   0] <  0>)
[2019-11-26|02:21:51]
passed through function [[TreeAddNode]]
  hash: 0
  tree capacity: 10
  tree size: 5
  first free element's physical address: 6
  root address: 1
  rank: 2
  error: 0 tree is ok

  [  0] (  0 [  0,   0,   0] <  0>)
  [  1] (100 [  2,   3,   0] <  0>)
  [  2] ( 99 [  0,   0,   0] <  1>)
  [  3] ( 98 [  4,   0,   0] <  1>)
  [  4] ( 97 [  5,   0,   0] <  3>)
  [  5] ( 96 [  0,   0,   0] <  4>)
  [  6] (  0 [  0,   0,   0] <  0>)
  [  7] (  0 [  0,   0,   0] <  0>)
  [  8] (  0 [  0,   0,   0] <  0>)
  [  9] (  0 [  0,   0,   0] <  0>)
[2019-11-26|02:21:51]
passed through function [[TreeAddNode]]
  hash: 0
  tree capacity: 10
  tree size: 6
  first free element's physical address: 7
  root address: 1
  rank: 2
  error: 0 tree is ok

  [  0] (  0 [  0,   0,   0] <  0>)
  [  1] (100 [  2,   3,   0] <  0>)
  [  2] ( 99 [  0,   0,   0] <  1>)
  [  3] ( 98 [  4,   0,   0] <  1>)
  [  4] ( 97 [  5,   0,   0] <  3>)
  [  5] ( 96 [  0,   6,   0] <  4>)
  [  6] ( 95 [  0,   0,   0] <  5>)
  [  7] (  0 [  0,   0,   0] <  0>)
  [  8] (  0 [  0,   0,   0] <  0>)
  [  9] (  0 [  0,   0,   0] <  0>)
[2019-11-26|02:21:51]
passed through function [[TreeAddNode]]
  hash: 0
  tree capacity: 10
  tree size: 7
  first free element's physical address: 8
  root address: 1
  rank: 2
  error: 0 tree is ok

  [  0] (  0 [  0,   0,   0] <  0>)
  [  1] (100 [  2,   3,   0] <  0>)
  [  2] ( 99 [  0,   0,   0] <  1>)
  [  3] ( 98 [  4,   0,   0] <  1>)
  [  4] ( 97 [  5,   0,   0] <  3>)
  [  5] ( 96 [  0,   6,   0] <  4>)
  [  6] ( 95 [  0,   7,   0] <  5>)
  [  7] ( 94 [  0,   0,   0] <  6>)
  [  8] (  0 [  0,   0,   0] <  0>)
  [  9] (  0 [  0,   0,   0] <  0>)
[2019-11-26|02:21:51]
passed through function [[TreeAddNode]]
  hash: 0
  tree capacity: 10
  tree size: 8
  first free element's physical address: 9
  root address: 1
  rank: 2
  error: 0 tree is ok

  [  0] (  0 [  0,   0,   0] <  0>)
  [  1] (100 [  2,   3,   0] <  0>)
  [  2] ( 99 [  0,   0,   0] <  1>)
  [  3] ( 98 [  4,   0,   0] <  1>)
  [  4] ( 97 [  5,   0,   0] <  3>)
  [  5] ( 96 [  0,   6,   0] <  4>)
  [  6] ( 95 [  0,   7,   0] <  5>)
  [  7] ( 94 [  0,   8,   0] <  6>)
  [  8] ( 93 [  0,   0,   0] <  7>)
  [  9] (  0 [  0,   0,   0] <  0>)
[2019-11-26|02:21:51]
passed through function [[TreeAddNode]]
  hash: 0
  tree capacity: 10
  tree size: 9
  first free element's physical address: 0
  root address: 1
  rank: 2
  error: 0 tree is ok

  [  0] (  0 [  0,   0,   0] <  0>)
  [  1] (100 [  2,   3,   0] <  0>)
  [  2] ( 99 [  0,   0,   0] <  1>)
  [  3] ( 98 [  4,   0,   0] <  1>)
  [  4] ( 97 [  5,   0,   0] <  3>)
  [  5] ( 96 [  0,   6,   0] <  4>)
  [  6] ( 95 [  0,   7,   0] <  5>)
  [  7] ( 94 [  0,   8,   0] <  6>)
  [  8] ( 93 [  0,   9,   0] <  7>)
  [  9] ( 92 [  0,   0,   0] <  8>)
[2019-11-26|02:21:51]
passed through function [[TreeResize (extend)]]
  hash: 0
  tree capacity: 20
  tree size: 9
  first free element's physical address: 10
  root address: 1
  rank: 2
  error: 0 tree is ok

  [  0] (  0 [  0,   0,   0] <  0>)
  [  1] (100 [  2,   3,   0] <  0>)
  [  2] ( 99 [  0,   0,   0] <  1>)
  [  3] ( 98 [  4,   0,   0] <  1>)
  [  4] ( 97 [  5,   0,   0] <  3>)
  [  5] ( 96 [  0,   6,   0] <  4>)
  [  6] ( 95 [  0,   7,   0] <  5>)
  [  7] ( 94 [  0,   8,   0] <  6>)
  [  8] ( 93 [  0,   9,   0] <  7>)
  [  9] ( 92 [  0,   0,   0] <  8>)
  [ 10] (  0 [  0,   0,   0] <  0>)
  [ 11] (  0 [  0,   0,   0] <  0>)
  [ 12] (  0 [  0,   0,   0] <  0>)
  [ 13] (  0 [  0,   0,   0] <  0>)
  [ 14] (  0 [  0,   0,   0] <  0>)
  [ 15] (  0 [  0,   0,   0] <  0>)
  [ 16] (  0 [  0,   0,   0] <  0>)
  [ 17] (  0 [  0,   0,   0] <  0>)
  [ 18] (  0 [  0,   0,   0] <  0>)
  [ 19] (  0 [  0,   0,   0] <  0>)
[2019-11-26|02:21:51]
passed through function [[TreeAddNode]]
  hash: 0
  tree capacity: 20
  tree size: 10
  first free element's physical address: 11
  root address: 1
  rank: 2
  error: 0 tree is ok

  [  0] (  0 [  0,   0,   0] <  0>)
  [  1] (100 [  2,   3,   0] <  0>)
  [  2] ( 99 [  0,   0,   0] <  1>)
  [  3] ( 98 [  4,   0,   0] <  1>)
  [  4] ( 97 [  5,   0,   0] <  3>)
  [  5] ( 96 [  0,   6,   0] <  4>)
  [  6] ( 95 [  0,   7,   0] <  5>)
  [  7] ( 94 [  0,   8,   0] <  6>)
  [  8] ( 93 [  0,   9,   0] <  7>)
  [  9] ( 92 [  0,  10,   0] <  8>)
  [ 10] ( 91 [  0,   0,   0] <  9>)
  [ 11] (  0 [  0,   0,   0] <  0>)
  [ 12] (  0 [  0,   0,   0] <  0>)
  [ 13] (  0 [  0,   0,   0] <  0>)
  [ 14] (  0 [  0,   0,   0] <  0>)
  [ 15] (  0 [  0,   0,   0] <  0>)
  [ 16] (  0 [  0,   0,   0] <  0>)
  [ 17] (  0 [  0,   0,   0] <  0>)
  [ 18] (  0 [  0,   0,   0] <  0>)
  [ 19] (  0 [  0,   0,   0] <  0>)
[2019-11-26|02:21:51]
passed through function [[TreeAddNode]]
  hash: 0
  tree capacity: 20
  tree size: 11
  first free element's physical address: 12
  root address: 1
  rank: 2
  error: 0 tree is ok

  [  0] (  0 [  0,   0,   0] <  0>)
  [  1] (100 [  2,   3,   0] <  0>)
  [  2] ( 99 [  0,   0,   0] <  1>)
  [  3] ( 98 [  4,   0,   0] <  1>)
  [  4] ( 97 [  5,   0,   0] <  3>)
  [  5] ( 96 [  0,   6,   0] <  4>)
  [  6] ( 95 [  0,   7,   0] <  5>)
  [  7] ( 94 [  0,   8,   0] <  6>)
  [  8] ( 93 [  0,   9,   0] <  7>)
  [  9] ( 92 [  0,  10,   0] <  8>)
  [ 10] ( 91 [  0,  11,   0] <  9>)
  [ 11] ( 90 [  0,   0,   0] < 10>)
  [ 12] (  0 [  0,   0,   0] <  0>)
  [ 13] (  0 [  0,   0,   0] <  0>)
  [ 14] (  0 [  0,   0,   0] <  0>)
  [ 15] (  0 [  0,   0,   0] <  0>)
  [ 16] (  0 [  0,   0,   0] <  0>)
  [ 17] (  0 [  0,   0,   0] <  0>)
  [ 18] (  0 [  0,   0,   0] <  0>)
  [ 19] (  0 [  0,   0,   0] <  0>)
[2019-11-26|02:21:51]
passed through function [[TreeAddNode]]
  hash: 0
  tree capacity: 20
  tree size: 12
  first free element's physical address: 13
  root address: 1
  rank: 2
  error: 0 tree is ok

  [  0] (  0 [  0,   0,   0] <  0>)
  [  1] (100 [  2,   3,   0] <  0>)
  [  2] ( 99 [  0,   0,   0] <  1>)
  [  3] ( 98 [  4,   0,   0] <  1>)
  [  4] ( 97 [  5,   0,   0] <  3>)
  [  5] ( 96 [  0,   6,   0] <  4>)
  [  6] ( 95 [  0,   7,   0] <  5>)
  [  7] ( 94 [  0,   8,   0] <  6>)
  [  8] ( 93 [  0,   9,   0] <  7>)
  [  9] ( 92 [  0,  10,   0] <  8>)
  [ 10] ( 91 [  0,  11,   0] <  9>)
  [ 11] ( 90 [  0,  12,   0] < 10>)
  [ 12] ( 89 [  0,   0,   0] < 11>)
  [ 13] (  0 [  0,   0,   0] <  0>)
  [ 14] (  0 [  0,   0,   0] <  0>)
  [ 15] (  0 [  0,   0,   0] <  0>)
  [ 16] (  0 [  0,   0,   0] <  0>)
  [ 17] (  0 [  0,   0,   0] <  0>)
  [ 18] (  0 [  0,   0,   0] <  0>)
  [ 19] (  0 [  0,   0,   0] <  0>)
[2019-11-26|02:21:51]
passed through function [[TreeAddNode]]
  hash: 0
  tree capacity: 20
  tree size: 13
  first free element's physical address: 14
  root address: 1
  rank: 2
  error: 0 tree is ok

  [  0] (  0 [  0,   0,   0] <  0>)
  [  1] (100 [  2,   3,   0] <  0>)
  [  2] ( 99 [  0,   0,   0] <  1>)
  [  3] ( 98 [  4,   0,   0] <  1>)
  [  4] ( 97 [  5,   0,   0] <  3>)
  [  5] ( 96 [  0,   6,   0] <  4>)
  [  6] ( 95 [  0,   7,   0] <  5>)
  [  7] ( 94 [  0,   8,   0] <  6>)
  [  8] ( 93 [  0,   9,   0] <  7>)
  [  9] ( 92 [  0,  10,   0] <  8>)
  [ 10] ( 91 [  0,  11,   0] <  9>)
  [ 11] ( 90 [  0,  12,   0] < 10>)
  [ 12] ( 89 [  0,  13,   0] < 11>)
  [ 13] ( 88 [  0,   0,   0] < 12>)
  [ 14] (  0 [  0,   0,   0] <  0>)
  [ 15] (  0 [  0,   0,   0] <  0>)
  [ 16] (  0 [  0,   0,   0] <  0>)
  [ 17] (  0 [  0,   0,   0] <  0>)
  [ 18] (  0 [  0,   0,   0] <  0>)
  [ 19] (  0 [  0,   0,   0] <  0>)
[2019-11-26|02:21:51]
passed through function [[TreeAddNode]]
  hash: 0
  tree capacity: 20
  tree size: 14
  first free element's physical address: 15
  root address: 1
  rank: 2
  error: 0 tree is ok

  [  0] (  0 [  0,   0,   0] <  0>)
  [  1] (100 [  2,   3,   0] <  0>)
  [  2] ( 99 [  0,   0,   0] <  1>)
  [  3] ( 98 [  4,   0,   0] <  1>)
  [  4] ( 97 [  5,   0,   0] <  3>)
  [  5] ( 96 [  0,   6,   0] <  4>)
  [  6] ( 95 [  0,   7,   0] <  5>)
  [  7] ( 94 [  0,   8,   0] <  6>)
  [  8] ( 93 [  0,   9,   0] <  7>)
  [  9] ( 92 [  0,  10,   0] <  8>)
  [ 10] ( 91 [  0,  11,   0] <  9>)
  [ 11] ( 90 [  0,  12,   0] < 10>)
  [ 12] ( 89 [  0,  13,   0] < 11>)
  [ 13] ( 88 [  0,  14,   0] < 12>)
  [ 14] ( 87 [  0,   0,   0] < 13>)
  [ 15] (  0 [  0,   0,   0] <  0>)
  [ 16] (  0 [  0,   0,   0] <  0>)
  [ 17] (  0 [  0,   0,   0] <  0>)
  [ 18] (  0 [  0,   0,   0] <  0>)
  [ 19] (  0 [  0,   0,   0] <  0>)
[2019-11-26|02:21:51]
passed through function [[TreeAddNode]]
  hash: 0
  tree capacity: 20
  tree size: 15
  first free element's physical address: 16
  root address: 1
  rank: 2
  error: 0 tree is ok

  [  0] (  0 [  0,   0,   0] <  0>)
  [  1] (100 [  2,   3,   0] <  0>)
  [  2] ( 99 [  0,   0,   0] <  1>)
  [  3] ( 98 [  4,   0,   0] <  1>)
  [  4] ( 97 [  5,   0,   0] <  3>)
  [  5] ( 96 [  0,   6,   0] <  4>)
  [  6] ( 95 [  0,   7,   0] <  5>)
  [  7] ( 94 [  0,   8,   0] <  6>)
  [  8] ( 93 [  0,   9,   0] <  7>)
  [  9] ( 92 [  0,  10,   0] <  8>)
  [ 10] ( 91 [  0,  11,   0] <  9>)
  [ 11] ( 90 [  0,  12,   0] < 10>)
  [ 12] ( 89 [  0,  13,   0] < 11>)
  [ 13] ( 88 [  0,  14,   0] < 12>)
  [ 14] ( 87 [  0,  15,   0] < 13>)
  [ 15] ( 86 [  0,   0,   0] < 14>)
  [ 16] (  0 [  0,   0,   0] <  0>)
  [ 17] (  0 [  0,   0,   0] <  0>)
  [ 18] (  0 [  0,   0,   0] <  0>)
  [ 19] (  0 [  0,   0,   0] <  0>)
[2019-11-26|02:21:51]
passed through function [[TreeAddNode]]
  hash: 0
  tree capacity: 20
  tree size: 16
  first free element's physical address: 17
  root address: 1
  rank: 2
  error: 0 tree is ok

  [  0] (  0 [  0,   0,   0] <  0>)
  [  1] (100 [  2,   3,   0] <  0>)
  [  2] ( 99 [  0,   0,   0] <  1>)
  [  3] ( 98 [  4,   0,   0] <  1>)
  [  4] ( 97 [  5,   0,   0] <  3>)
  [  5] ( 96 [  0,   6,   0] <  4>)
  [  6] ( 95 [  0,   7,   0] <  5>)
  [  7] ( 94 [  0,   8,   0] <  6>)
  [  8] ( 93 [  0,   9,   0] <  7>)
  [  9] ( 92 [  0,  10,   0] <  8>)
  [ 10] ( 91 [  0,  11,   0] <  9>)
  [ 11] ( 90 [  0,  12,   0] < 10>)
  [ 12] ( 89 [  0,  13,   0] < 11>)
  [ 13] ( 88 [  0,  14,   0] < 12>)
  [ 14] ( 87 [  0,  15,   0] < 13>)
  [ 15] ( 86 [  0,  16,   0] < 14>)
  [ 16] ( 85 [  0,   0,   0] < 15>)
  [ 17] (  0 [  0,   0,   0] <  0>)
  [ 18] (  0 [  0,   0,   0] <  0>)
  [ 19] (  0 [  0,   0,   0] <  0>)
[2019-11-26|02:21:51]
passed through function [[TreeAddNode]]
  hash: 0
  tree capacity: 20
  tree size: 17
  first free element's physical address: 18
  root address: 1
  rank: 2
  error: 0 tree is ok

  [  0] (  0 [  0,   0,   0] <  0>)
  [  1] (100 [  2,   3,   0] <  0>)
  [  2] ( 99 [  0,   0,   0] <  1>)
  [  3] ( 98 [  4,   0,   0] <  1>)
  [  4] ( 97 [  5,   0,   0] <  3>)
  [  5] ( 96 [  0,   6,   0] <  4>)
  [  6] ( 95 [  0,   7,   0] <  5>)
  [  7] ( 94 [  0,   8,   0] <  6>)
  [  8] ( 93 [  0,   9,   0] <  7>)
  [  9] ( 92 [  0,  10,   0] <  8>)
  [ 10] ( 91 [  0,  11,   0] <  9>)
  [ 11] ( 90 [  0,  12,   0] < 10>)
  [ 12] ( 89 [  0,  13,   0] < 11>)
  [ 13] ( 88 [  0,  14,   0] < 12>)
  [ 14] ( 87 [  0,  15,   0] < 13>)
  [ 15] ( 86 [  0,  16,   0] < 14>)
  [ 16] ( 85 [  0,  17,   0] < 15>)
  [ 17] ( 84 [  0,   0,   0] < 16>)
  [ 18] (  0 [  0,   0,   0] <  0>)
  [ 19] (  0 [  0,   0,   0] <  0>)
[2019-11-26|02:21:51]
passed through function [[TreeAddNode]]
  hash: 0
  tree capacity: 20
  tree size: 18
  first free element's physical address: 19
  root address: 1
  rank: 2
  error: 0 tree is ok

  [  0] (  0 [  0,   0,   0] <  0>)
  [  1] (100 [  2,   3,   0] <  0>)
  [  2] ( 99 [  0,   0,   0] <  1>)
  [  3] ( 98 [  4,   0,   0] <  1>)
  [  4] ( 97 [  5,   0,   0] <  3>)
  [  5] ( 96 [  0,   6,   0] <  4>)
  [  6] ( 95 [  0,   7,   0] <  5>)
  [  7] ( 94 [  0,   8,   0] <  6>)
  [  8] ( 93 [  0,   9,   0] <  7>)
  [  9] ( 92 [  0,  10,   0] <  8>)
  [ 10] ( 91 [  0,  11,   0] <  9>)
  [ 11] ( 90 [  0,  12,   0] < 10>)
  [ 12] ( 89 [  0,  13,   0] < 11>)
  [ 13] ( 88 [  0,  14,   0] < 12>)
  [ 14] ( 87 [  0,  15,   0] < 13>)
  [ 15] ( 86 [  0,  16,   0] < 14>)
  [ 16] ( 85 [  0,  17,   0] < 15>)
  [ 17] ( 84 [  0,  18,   0] < 16>)
  [ 18] ( 83 [  0,   0,   0] < 17>)
  [ 19] (  0 [  0,   0,   0] <  0>)
[2019-11-26|02:21:51]
passed through function [[TreeAddNode]]
  hash: 0
  tree capacity: 20
  tree size: 19
  first free element's physical address: 0
  root address: 1
  rank: 2
  error: 0 tree is ok

  [  0] (  0 [  0,   0,   0] <  0>)
  [  1] (100 [  2,   3,   0] <  0>)
  [  2] ( 99 [  0,   0,   0] <  1>)
  [  3] ( 98 [  4,   0,   0] <  1>)
  [  4] ( 97 [  5,   0,   0] <  3>)
  [  5] ( 96 [  0,   6,   0] <  4>)
  [  6] ( 95 [  0,   7,   0] <  5>)
  [  7] ( 94 [  0,   8,   0] <  6>)
  [  8] ( 93 [  0,   9,   0] <  7>)
  [  9] ( 92 [  0,  10,   0] <  8>)
  [ 10] ( 91 [  0,  11,   0] <  9>)
  [ 11] ( 90 [  0,  12,   0] < 10>)
  [ 12] ( 89 [  0,  13,   0] < 11>)
  [ 13] ( 88 [  0,  14,   0] < 12>)
  [ 14] ( 87 [  0,  15,   0] < 13>)
  [ 15] ( 86 [  0,  16,   0] < 14>)
  [ 16] ( 85 [  0,  17,   0] < 15>)
  [ 17] ( 84 [  0,  18,   0] < 16>)
  [ 18] ( 83 [  0,  19,   0] < 17>)
  [ 19] ( 82 [  0,   0,   0] < 18>)
[2019-11-26|02:21:51]
passed through function [[TreeResize (extend)]]
  hash: 0
  tree capacity: 40
  tree size: 19
  first free element's physical address: 20
  root address: 1
  rank: 2
  error: 0 tree is ok

  [  0] (  0 [  0,   0,   0] <  0>)
  [  1] (100 [  2,   3,   0] <  0>)
  [  2] ( 99 [  0,   0,   0] <  1>)
  [  3] ( 98 [  4,   0,   0] <  1>)
  [  4] ( 97 [  5,   0,   0] <  3>)
  [  5] ( 96 [  0,   6,   0] <  4>)
  [  6] ( 95 [  0,   7,   0] <  5>)
  [  7] ( 94 [  0,   8,   0] <  6>)
  [  8] ( 93 [  0,   9,   0] <  7>)
  [  9] ( 92 [  0,  10,   0] <  8>)
  [ 10] ( 91 [  0,  11,   0] <  9>)
  [ 11] ( 90 [  0,  12,   0] < 10>)
  [ 12] ( 89 [  0,  13,   0] < 11>)
  [ 13] ( 88 [  0,  14,   0] < 12>)
  [ 14] ( 87 [  0,  15,   0] < 13>)
  [ 15] ( 86 [  0,  16,   0] < 14>)
  [ 16] ( 85 [  0,  17,   0] < 15>)
  [ 17] ( 84 [  0,  18,   0] < 16>)
  [ 18] ( 83 [  0,  19,   0] < 17>)
  [ 19] ( 82 [  0,   0,   0] < 18>)
  [ 20] (  0 [  0,   0,   0] <  0>)
  [ 21] (  0 [  0,   0,   0] <  0>)
  [ 22] (  0 [  0,   0,   0] <  0>)
  [ 23] (  0 [  0,   0,   0] <  0>)
  [ 24] (  0 [  0,   0,   0] <  0>)
  [ 25] (  0 [  0,   0,   0] <  0>)
  [ 26] (  0 [  0,   0,   0] <  0>)
  [ 27] (  0 [  0,   0,   0] <  0>)
  [ 28] (  0 [  0,   0,   0] <  0>)
  [ 29] (  0 [  0,   0,   0] <  0>)
  [ 30] (  0 [  0,   0,   0] <  0>)
  [ 31] (  0 [  0,   0,   0] <  0>)
  [ 32] (  0 [  0,   0,   0] <  0>)
  [ 33] (  0 [  0,   0,   0] <  0>)
  [ 34] (  0 [  0,   0,   0] <  0>)
  [ 35] (  0 [  0,   0,   0] <  0>)
  [ 36] (  0 [  0,   0,   0] <  0>)
  [ 37] (  0 [  0,   0,   0] <  0>)
  [ 38] (  0 [  0,   0,   0] <  0>)
  [ 39] (  0 [  0,   0,   0] <  0>)
[2019-11-26|02:21:51]
passed through function [[TreeAddNode]]
  hash: 0
  tree capacity: 40
  tree size: 20
  first free element's physical address: 21
  root address: 1
  rank: 2
  error: 0 tree is ok

  [  0] (  0 [  0,   0,   0] <  0>)
  [  1] (100 [  2,   3,   0] <  0>)
  [  2] ( 99 [  0,   0,   0] <  1>)
  [  3] ( 98 [  4,   0,   0] <  1>)
  [  4] ( 97 [  5,   0,   0] <  3>)
  [  5] ( 96 [  0,   6,   0] <  4>)
  [  6] ( 95 [  0,   7,   0] <  5>)
  [  7] ( 94 [  0,   8,   0] <  6>)
  [  8] ( 93 [  0,   9,   0] <  7>)
  [  9] ( 92 [  0,  10,   0] <  8>)
  [ 10] ( 91 [  0,  11,   0] <  9>)
  [ 11] ( 90 [  0,  12,   0] < 10>)
  [ 12] ( 89 [  0,  13,   0] < 11>)
  [ 13] ( 88 [  0,  14,   0] < 12>)
  [ 14] ( 87 [  0,  15,   0] < 13>)
  [ 15] ( 86 [  0,  16,   0] < 14>)
  [ 16] ( 85 [  0,  17,   0] < 15>)
  [ 17] ( 84 [  0,  18,   0] < 16>)
  [ 18] ( 83 [  0,  19,   0] < 17>)
  [ 19] ( 82 [  0,  20,   0] < 18>)
  [ 20] ( 81 [  0,   0,   0] < 19>)
  [ 21] (  0 [  0,   0,   0] <  0>)
  [ 22] (  0 [  0,   0,   0] <  0>)
  [ 23] (  0 [  0,   0,   0] <  0>)
  [ 24] (  0 [  0,   0,   0] <  0>)
  [ 25] (  0 [  0,   0,   0] <  0>)
  [ 26] (  0 [  0,   0,   0] <  0>)
  [ 27] (  0 [  0,   0,   0] <  0>)
  [ 28] (  0 [  0,   0,   0] <  0>)
  [ 29] (  0 [  0,   0,   0] <  0>)
  [ 30] (  0 [  0,   0,   0] <  0>)
  [ 31] (  0 [  0,   0,   0] <  0>)
  [ 32] (  0 [  0,   0,   0] <  0>)
  [ 33] (  0 [  0,   0,   0] <  0>)
  [ 34] (  0 [  0,   0,   0] <  0>)
  [ 35] (  0 [  0,   0,   0] <  0>)
  [ 36] (  0 [  0,   0,   0] <  0>)
  [ 37] (  0 [  0,   0,   0] <  0>)
  [ 38] (  0 [  0,   0,   0] <  0>)
  [ 39] (  0 [  0,   0,   0] <  0>)
[2019-11-26|02:21:51]
passed through function [[TreeAddNode]]
  hash: 0
  tree capacity: 40
  tree size: 21
  first free element's physical address: 22
  root address: 1
  rank: 2
  error: 0 tree is ok

  [  0] (  0 [  0,   0,   0] <  0>)
  [  1] (100 [  2,   3,   0] <  0>)
  [  2] ( 99 [  0,   0,   0] <  1>)
  [  3] ( 98 [  4,   0,   0] <  1>)
  [  4] ( 97 [  5,   0,   0] <  3>)
  [  5] ( 96 [  0,   6,   0] <  4>)
  [  6] ( 95 [  0,   7,   0] <  5>)
  [  7] ( 94 [  0,   8,   0] <  6>)
  [  8] ( 93 [  0,   9,   0] <  7>)
  [  9] ( 92 [  0,  10,   0] <  8>)
  [ 10] ( 91 [  0,  11,   0] <  9>)
  [ 11] ( 90 [  0,  12,   0] < 10>)
  [ 12] ( 89 [  0,  13,   0] < 11>)
  [ 13] ( 88 [  0,  14,   0] < 12>)
  [ 14] ( 87 [  0,  15,   0] < 13>)
  [ 15] ( 86 [  0,  16,   0] < 14>)
  [ 16] ( 85 [  0,  17,   0] < 15>)
  [ 17] ( 84 [  0,  18,   0] < 16>)
  [ 18] ( 83 [  0,  19,   0] < 17>)
  [ 19] ( 82 [  0,  20,   0] < 18>)
  [ 20] ( 81 [  0,  21,   0] < 19>)
  [ 21] ( 80 [  0,   0,   0] < 20>)
  [ 22] (  0 [  0,   0,   0] <  0>)
  [ 23] (  0 [  0,   0,   0] <  0>)
  [ 24] (  0 [  0,   0,   0] <  0>)
  [ 25] (  0 [  0,   0,   0] <  0>)
  [ 26] (  0 [  0,   0,   0] <  0>)
  [ 27] (  0 [  0,   0,   0] <  0>)
  [ 28] (  0 [  0,   0,   0] <  0>)
  [ 29] (  0 [  0,   0,   0] <  0>)
  [ 30] (  0 [  0,   0,   0] <  0>)
  [ 31] (  0 [  0,   0,   0] <  0>)
  [ 32] (  0 [  0,   0,   0] <  0>)
  [ 33] (  0 [  0,   0,   0] <  0>)
  [ 34] (  0 [  0,   0,   0] <  0>)
  [ 35] (  0 [  0,   0,   0] <  0>)
  [ 36] (  0 [  0,   0,   0] <  0>)
  [ 37] (  0 [  0,   0,   0] <  0>)
  [ 38] (  0 [  0,   0,   0] <  0>)
  [ 39] (  0 [  0,   0,   0] <  0>)
[2019-11-26|02:21:51]
passed through function [[TreeAddNode]]
  hash: 0
  tree capacity: 40
  tree size: 22
  first free element's physical address: 23
  root address: 1
  rank: 2
  error: 0 tree is ok

  [  0] (  0 [  0,   0,   0] <  0>)
  [  1] (100 [  2,   3,   0] <  0>)
  [  2] ( 99 [  0,   0,   0] <  1>)
  [  3] ( 98 [  4,   0,   0] <  1>)
  [  4] ( 97 [  5,   0,   0] <  3>)
  [  5] ( 96 [  0,   6,   0] <  4>)
  [  6] ( 95 [  0,   7,   0] <  5>)
  [  7] ( 94 [  0,   8,   0] <  6>)
  [  8] ( 93 [  0,   9,   0] <  7>)
  [  9] ( 92 [  0,  10,   0] <  8>)
  [ 10] ( 91 [  0,  11,   0] <  9>)
  [ 11] ( 90 [  0,  12,   0] < 10>)
  [ 12] ( 89 [  0,  13,   0] < 11>)
  [ 13] ( 88 [  0,  14,   0] < 12>)
  [ 14] ( 87 [  0,  15,   0] < 13>)
  [ 15] ( 86 [  0,  16,   0] < 14>)
  [ 16] ( 85 [  0,  17,   0] < 15>)
  [ 17] ( 84 [  0,  18,   0] < 16>)
  [ 18] ( 83 [  0,  19,   0] < 17>)
  [ 19] ( 82 [  0,  20,   0] < 18>)
  [ 20] ( 81 [  0,  21,   0] < 19>)
  [ 21] ( 80 [  0,  22,   0] < 20>)
  [ 22] ( 79 [  0,   0,   0] < 21>)
  [ 23] (  0 [  0,   0,   0] <  0>)
  [ 24] (  0 [  0,   0,   0] <  0>)
  [ 25] (  0 [  0,   0,   0] <  0>)
  [ 26] (  0 [  0,   0,   0] <  0>)
  [ 27] (  0 [  0,   0,   0] <  0>)
  [ 28] (  0 [  0,   0,   0] <  0>)
  [ 29] (  0 [  0,   0,   0] <  0>)
  [ 30] (  0 [  0,   0,   0] <  0>)
  [ 31] (  0 [  0,   0,   0] <  0>)
  [ 32] (  0 [  0,   0,   0] <  0>)
  [ 33] (  0 [  0,   0,   0] <  0>)
  [ 34] (  0 [  0,   0,   0] <  0>)
  [ 35] (  0 [  0,   0,   0] <  0>)
  [ 36] (  0 [  0,   0,   0] <  0>)
  [ 37] (  0 [  0,   0,   0] <  0>)
  [ 38] (  0 [  0,   0,   0] <  0>)
  [ 39] (  0 [  0,   0,   0] <  0>)
[2019-11-26|02:21:51]
passed through function [[TreeAddNode]]
  hash: 0
  tree capacity: 40
  tree size: 23
  first free element's physical address: 24
  root address: 1
  rank: 2
  error: 0 tree is ok

  [  0] (  0 [  0,   0,   0] <  0>)
  [  1] (100 [  2,   3,   0] <  0>)
  [  2] ( 99 [  0,   0,   0] <  1>)
  [  3] ( 98 [  4,   0,   0] <  1>)
  [  4] ( 97 [  5,   0,   0] <  3>)
  [  5] ( 96 [  0,   6,   0] <  4>)
  [  6] ( 95 [  0,   7,   0] <  5>)
  [  7] ( 94 [  0,   8,   0] <  6>)
  [  8] ( 93 [  0,   9,   0] <  7>)
  [  9] ( 92 [  0,  10,   0] <  8>)
  [ 10] ( 91 [  0,  11,   0] <  9>)
  [ 11] ( 90 [  0,  12,   0] < 10>)
  [ 12] ( 89 [  0,  13,   0] < 11>)
  [ 13] ( 88 [  0,  14,   0] < 12>)
  [ 14] ( 87 [  0,  15,   0] < 13>)
  [ 15] ( 86 [  0,  16,   0] < 14>)
  [ 16] ( 85 [  0,  17,   0] < 15>)
  [ 17] ( 84 [  0,  18,   0] < 16>)
  [ 18] ( 83 [  0,  19,   0] < 17>)
  [ 19] ( 82 [  0,  20,   0] < 18>)
  [ 20] ( 81 [  0,  21,   0] < 19>)
  [ 21] ( 80 [  0,  22,   0] < 20>)
  [ 22] ( 79 [  0,  23,   0] < 21>)
  [ 23] ( 78 [  0,   0,   0] < 22>)
  [ 24] (  0 [  0,   0,   0] <  0>)
  [ 25] (  0 [  0,   0,   0] <  0>)
  [ 26] (  0 [  0,   0,   0] <  0>)
  [ 27] (  0 [  0,   0,   0] <  0>)
  [ 28] (  0 [  0,   0,   0] <  0>)
  [ 29] (  0 [  0,   0,   0] <  0>)
  [ 30] (  0 [  0,   0,   0] <  0>)
  [ 31] (  0 [  0,   0,   0] <  0>)
  [ 32] (  0 [  0,   0,   0] <  0>)
  [ 33] (  0 [  0,   0,   0] <  0>)
  [ 34] (  0 [  0,   0,   0] <  0>)
  [ 35] (  0 [  0,   0,   0] <  0>)
  [ 36] (  0 [  0,   0,   0] <  0>)
  [ 37] (  0 [  0,   0,   0] <  0>)
  [ 38] (  0 [  0,   0,   0] <  0>)
  [ 39] (  0 [  0,   0,   0] <  0>)
[2019-11-26|02:21:51]
passed through function [[TreeAddNode]]
  hash: 0
  tree capacity: 40
  tree size: 24
  first free element's physical address: 25
  root address: 1
  rank: 2
  error: 0 tree is ok

  [  0] (  0 [  0,   0,   0] <  0>)
  [  1] (100 [  2,   3,   0] <  0>)
  [  2] ( 99 [  0,   0,   0] <  1>)
  [  3] ( 98 [  4,   0,   0] <  1>)
  [  4] ( 97 [  5,   0,   0] <  3>)
  [  5] ( 96 [  0,   6,   0] <  4>)
  [  6] ( 95 [  0,   7,   0] <  5>)
  [  7] ( 94 [  0,   8,   0] <  6>)
  [  8] ( 93 [  0,   9,   0] <  7>)
  [  9] ( 92 [  0,  10,   0] <  8>)
  [ 10] ( 91 [  0,  11,   0] <  9>)
  [ 11] ( 90 [  0,  12,   0] < 10>)
  [ 12] ( 89 [  0,  13,   0] < 11>)
  [ 13] ( 88 [  0,  14,   0] < 12>)
  [ 14] ( 87 [  0,  15,   0] < 13>)
  [ 15] ( 86 [  0,  16,   0] < 14>)
  [ 16] ( 85 [  0,  17,   0] < 15>)
  [ 17] ( 84 [  0,  18,   0] < 16>)
  [ 18] ( 83 [  0,  19,   0] < 17>)
  [ 19] ( 82 [  0,  20,   0] < 18>)
  [ 20] ( 81 [  0,  21,   0] < 19>)
  [ 21] ( 80 [  0,  22,   0] < 20>)
  [ 22] ( 79 [  0,  23,   0] < 21>)
  [ 23] ( 78 [  0,  24,   0] < 22>)
  [ 24] ( 77 [  0,   0,   0] < 23>)
  [ 25] (  0 [  0,   0,   0] <  0>)
  [ 26] (  0 [  0,   0,   0] <  0>)
  [ 27] (  0 [  0,   0,   0] <  0>)
  [ 28] (  0 [  0,   0,   0] <  0>)
  [ 29] (  0 [  0,   0,   0] <  0>)
  [ 30] (  0 [  0,   0,   0] <  0>)
  [ 31] (  0 [  0,   0,   0] <  0>)
  [ 32] (  0 [  0,   0,   0] <  0>)
  [ 33] (  0 [  0,   0,   0] <  0>)
  [ 34] (  0 [  0,   0,   0] <  0>)
  [ 35] (  0 [  0,   0,   0] <  0>)
  [ 36] (  0 [  0,   0,   0] <  0>)
  [ 37] (  0 [  0,   0,   0] <  0>)
  [ 38] (  0 [  0,   0,   0] <  0>)
  [ 39] (  0 [  0,   0,   0] <  0>)
[2019-11-26|02:21:51]
passed through function [[TreeAddNode]]
  hash: 0
  tree capacity: 40
  tree size: 25
  first free element's physical address: 26
  root address: 1
  rank: 2
  error: 0 tree is ok

  [  0] (  0 [  0,   0,   0] <  0>)
  [  1] (100 [  2,   3,   0] <  0>)
  [  2] ( 99 [  0,   0,   0] <  1>)
  [  3] ( 98 [  4,   0,   0] <  1>)
  [  4] ( 97 [  5,   0,   0] <  3>)
  [  5] ( 96 [  0,   6,   0] <  4>)
  [  6] ( 95 [  0,   7,   0] <  5>)
  [  7] ( 94 [  0,   8,   0] <  6>)
  [  8] ( 93 [  0,   9,   0] <  7>)
  [  9] ( 92 [  0,  10,   0] <  8>)
  [ 10] ( 91 [  0,  11,   0] <  9>)
  [ 11] ( 90 [  0,  12,   0] < 10>)
  [ 12] ( 89 [  0,  13,   0] < 11>)
  [ 13] ( 88 [  0,  14,   0] < 12>)
  [ 14] ( 87 [  0,  15,   0] < 13>)
  [ 15] ( 86 [  0,  16,   0] < 14>)
  [ 16] ( 85 [  0,  17,   0] < 15>)
  [ 17] ( 84 [  0,  18,   0] < 16>)
  [ 18] ( 83 [  0,  19,   0] < 17>)
  [ 19] ( 82 [  0,  20,   0] < 18>)
  [ 20] ( 81 [  0,  21,   0] < 19>)
  [ 21] ( 80 [  0,  22,   0] < 20>)
  [ 22] ( 79 [  0,  23,   0] < 21>)
  [ 23] ( 78 [  0,  24,   0] < 22>)
  [ 24] ( 77 [  0,  25,   0] < 23>)
  [ 25] ( 76 [  0,   0,   0] < 24>)
  [ 26] (  0 [  0,   0,   0] <  0>)
  [ 27] (  0 [  0,   0,   0] <  0>)
  [ 28] (  0 [  0,   0,   0] <  0>)
  [ 29] (  0 [  0,   0,   0] <  0>)
  [ 30] (  0 [  0,   0,   0] <  0>)
  [ 31] (  0 [  0,   0,   0] <  0>)
  [ 32] (  0 [  0,   0,   0] <  0>)
  [ 33] (  0 [  0,   0,   0] <  0>)
  [ 34] (  0 [  0,   0,   0] <  0>)
  [ 35] (  0 [  0,   0,   0] <  0>)
  [ 36] (  0 [  0,   0,   0] <  0>)
  [ 37] (  0 [  0,   0,   0] <  0>)
  [ 38] (  0 [  0,   0,   0] <  0>)
  [ 39] (  0 [  0,   0,   0] <  0>)
[2019-11-26|02:21:51]
passed through function [[TreeAddNode]]
  hash: 0
  tree capacity: 40
  tree size: 26
  first free element's physical address: 27
  root address: 1
  rank: 2
  error: 0 tree is ok

  [  0] (  0 [  0,   0,   0] <  0>)
  [  1] (100 [  2,   3,   0] <  0>)
  [  2] ( 99 [  0,   0,   0] <  1>)
  [  3] ( 98 [  4,   0,   0] <  1>)
  [  4] ( 97 [  5,   0,   0] <  3>)
  [  5] ( 96 [  0,   6,   0] <  4>)
  [  6] ( 95 [  0,   7,   0] <  5>)
  [  7] ( 94 [  0,   8,   0] <  6>)
  [  8] ( 93 [  0,   9,   0] <  7>)
  [  9] ( 92 [  0,  10,   0] <  8>)
  [ 10] ( 91 [  0,  11,   0] <  9>)
  [ 11] ( 90 [  0,  12,   0] < 10>)
  [ 12] ( 89 [  0,  13,   0] < 11>)
  [ 13] ( 88 [  0,  14,   0] < 12>)
  [ 14] ( 87 [  0,  15,   0] < 13>)
  [ 15] ( 86 [  0,  16,   0] < 14>)
  [ 16] ( 85 [  0,  17,   0] < 15>)
  [ 17] ( 84 [  0,  18,   0] < 16>)
  [ 18] ( 83 [  0,  19,   0] < 17>)
  [ 19] ( 82 [  0,  20,   0] < 18>)
  [ 20] ( 81 [  0,  21,   0] < 19>)
  [ 21] ( 80 [  0,  22,   0] < 20>)
  [ 22] ( 79 [  0,  23,   0] < 21>)
  [ 23] ( 78 [  0,  24,   0] < 22>)
  [ 24] ( 77 [  0,  25,   0] < 23>)
  [ 25] ( 76 [  0,  26,   0] < 24>)
  [ 26] ( 75 [  0,   0,   0] < 25>)
  [ 27] (  0 [  0,   0,   0] <  0>)
  [ 28] (  0 [  0,   0,   0] <  0>)
  [ 29] (  0 [  0,   0,   0] <  0>)
  [ 30] (  0 [  0,   0,   0] <  0>)
  [ 31] (  0 [  0,   0,   0] <  0>)
  [ 32] (  0 [  0,   0,   0] <  0>)
  [ 33] (  0 [  0,   0,   0] <  0>)
  [ 34] (  0 [  0,   0,   0] <  0>)
  [ 35] (  0 [  0,   0,   0] <  0>)
  [ 36] (  0 [  0,   0,   0] <  0>)
  [ 37] (  0 [  0,   0,   0] <  0>)
  [ 38] (  0 [  0,   0,   0] <  0>)
  [ 39] (  0 [  0,   0,   0] <  0>)
[2019-11-26|02:21:51]
passed through function [[TreeAddNode]]
  hash: 0
  tree capacity: 40
  tree size: 27
  first free element's physical address: 28
  root address: 1
  rank: 2
  error: 0 tree is ok

  [  0] (  0 [  0,   0,   0] <  0>)
  [  1] (100 [  2,   3,   0] <  0>)
  [  2] ( 99 [  0,   0,   0] <  1>)
  [  3] ( 98 [  4,   0,   0] <  1>)
  [  4] ( 97 [  5,   0,   0] <  3>)
  [  5] ( 96 [  0,   6,   0] <  4>)
  [  6] ( 95 [  0,   7,   0] <  5>)
  [  7] ( 94 [  0,   8,   0] <  6>)
  [  8] ( 93 [  0,   9,   0] <  7>)
  [  9] ( 92 [  0,  10,   0] <  8>)
  [ 10] ( 91 [  0,  11,   0] <  9>)
  [ 11] ( 90 [  0,  12,   0] < 10>)
  [ 12] ( 89 [  0,  13,   0] < 11>)
  [ 13] ( 88 [  0,  14,   0] < 12>)
  [ 14] ( 87 [  0,  15,   0] < 13>)
  [ 15] ( 86 [  0,  16,   0] < 14>)
  [ 16] ( 85 [  0,  17,   0] < 15>)
  [ 17] ( 84 [  0,  18,   0] < 16>)
  [ 18] ( 83 [  0,  19,   0] < 17>)
  [ 19] ( 82 [  0,  20,   0] < 18>)
  [ 20] ( 81 [  0,  21,   0] < 19>)
  [ 21] ( 80 [  0,  22,   0] < 20>)
  [ 22] ( 79 [  0,  23,   0] < 21>)
  [ 23] ( 78 [  0,  24,   0] < 22>)
  [ 24] ( 77 [  0,  25,   0] < 23>)
  [ 25] ( 76 [  0,  26,   0] < 24>)
  [ 26] ( 75 [  0,  27,   0] < 25>)
  [ 27] ( 74 [  0,   0,   0] < 26>)
  [ 28] (  0 [  0,   0,   0] <  0>)
  [ 29] (  0 [  0,   0,   0] <  0>)
  [ 30] (  0 [  0,   0,   0] <  0>)
  [ 31] (  0 [  0,   0,   0] <  0>)
  [ 32] (  0 [  0,   0,   0] <  0>)
  [ 33] (  0 [  0,   0,   0] <  0>)
  [ 34] (  0 [  0,   0,   0] <  0>)
  [ 35] (  0 [  0,   0,   0] <  0>)
  [ 36] (  0 [  0,   0,   0] <  0>)
  [ 37] (  0 [  0,   0,   0] <  0>)
  [ 38] (  0 [  0,   0,   0] <  0>)
  [ 39] (  0 [  0,   0,   0] <  0>)
[2019-11-26|02:21:51]
passed through function [[TreeAddNode]]
  hash: 0
  tree capacity: 40
  tree size: 28
  first free element's physical address: 29
  root address: 1
  rank: 2
  error: 0 tree is ok

  [  0] (  0 [  0,   0,   0] <  0>)
  [  1] (100 [  2,   3,   0] <  0>)
  [  2] ( 99 [  0,   0,   0] <  1>)
  [  3] ( 98 [  4,   0,   0] <  1>)
  [  4] ( 97 [  5,   0,   0] <  3>)
  [  5] ( 96 [  0,   6,   0] <  4>)
  [  6] ( 95 [  0,   7,   0] <  5>)
  [  7] ( 94 [  0,   8,   0] <  6>)
  [  8] ( 93 [  0,   9,   0] <  7>)
  [  9] ( 92 [  0,  10,   0] <  8>)
  [ 10] ( 91 [  0,  11,   0] <  9>)
  [ 11] ( 90 [  0,  12,   0] < 10>)
  [ 12] ( 89 [  0,  13,   0] < 11>)
  [ 13] ( 88 [  0,  14,   0] < 12>)
  [ 14] ( 87 [  0,  15,   0] < 13>)
  [ 15] ( 86 [  0,  16,   0] < 14>)
  [ 16] ( 85 [  0,  17,   0] < 15>)
  [ 17] ( 84 [  0,  18,   0] < 16>)
  [ 18] ( 83 [  0,  19,   0] < 17>)
  [ 19] ( 82 [  0,  20,   0] < 18>)
  [ 20] ( 81 [  0,  21,   0] < 19>)
  [ 21] ( 80 [  0,  22,   0] < 20>)
  [ 22] ( 79 [  0,  23,   0] < 21>)
  [ 23] ( 78 [  0,  24,   0] < 22>)
  [ 24] ( 77 [  0,  25,   0] < 23>)
  [ 25] ( 76 [  0,  26,   0] < 24>)
  [ 26] ( 75 [  0,  27,   0] < 25>)
  [ 27] ( 74 [  0,  28,   0] < 26>)
  [ 28] ( 73 [  0,   0,   0] < 27>)
  [ 29] (  0 [  0,   0,   0] <  0>)
  [ 30] (  0 [  0,   0,   0] <  0>)
  [ 31] (  0 [  0,   0,   0] <  0>)
  [ 32] (  0 [  0,   0,   0] <  0>)
  [ 33] (  0 [  0,   0,   0] <  0>)
  [ 34] (  0 [  0,   0,   0] <  0>)
  [ 35] (  0 [  0,   0,   0] <  0>)
  [ 36] (  0 [  0,   0,   0] <  0>)
  [ 37] (  0 [  0,   0,   0] <  0>)
  [ 38] (  0 [  0,   0,   0] <  0>)
  [ 39] (  0 [  0,   0,   0] <  0>)
[2019-11-26|02:21:51]
passed through function [[TreeAddNode]]
  hash: 0
  tree capacity: 40
  tree size: 29
  first free element's physical address: 30
  root address: 1
  rank: 2
  error: 0 tree is ok

  [  0] (  0 [  0,   0,   0] <  0>)
  [  1] (100 [  2,   3,   0] <  0>)
  [  2] ( 99 [  0,   0,   0] <  1>)
  [  3] ( 98 [  4,   0,   0] <  1>)
  [  4] ( 97 [  5,   0,   0] <  3>)
  [  5] ( 96 [  0,   6,   0] <  4>)
  [  6] ( 95 [  0,   7,   0] <  5>)
  [  7] ( 94 [  0,   8,   0] <  6>)
  [  8] ( 93 [  0,   9,   0] <  7>)
  [  9] ( 92 [  0,  10,   0] <  8>)
  [ 10] ( 91 [  0,  11,   0] <  9>)
  [ 11] ( 90 [  0,  12,   0] < 10>)
  [ 12] ( 89 [  0,  13,   0] < 11>)
  [ 13] ( 88 [  0,  14,   0] < 12>)
  [ 14] ( 87 [  0,  15,   0] < 13>)
  [ 15] ( 86 [  0,  16,   0] < 14>)
  [ 16] ( 85 [  0,  17,   0] < 15>)
  [ 17] ( 84 [  0,  18,   0] < 16>)
  [ 18] ( 83 [  0,  19,   0] < 17>)
  [ 19] ( 82 [  0,  20,   0] < 18>)
  [ 20] ( 81 [  0,  21,   0] < 19>)
  [ 21] ( 80 [  0,  22,   0] < 20>)
  [ 22] ( 79 [  0,  23,   0] < 21>)
  [ 23] ( 78 [  0,  24,   0] < 22>)
  [ 24] ( 77 [  0,  25,   0] < 23>)
  [ 25] ( 76 [  0,  26,   0] < 24>)
  [ 26] ( 75 [  0,  27,   0] < 25>)
  [ 27] ( 74 [  0,  28,   0] < 26>)
  [ 28] ( 73 [  0,  29,   0] < 27>)
  [ 29] ( 72 [  0,   0,   0] < 28>)
  [ 30] (  0 [  0,   0,   0] <  0>)
  [ 31] (  0 [  0,   0,   0] <  0>)
  [ 32] (  0 [  0,   0,   0] <  0>)
  [ 33] (  0 [  0,   0,   0] <  0>)
  [ 34] (  0 [  0,   0,   0] <  0>)
  [ 35] (  0 [  0,   0,   0] <  0>)
  [ 36] (  0 [  0,   0,   0] <  0>)
  [ 37] (  0 [  0,   0,   0] <  0>)
  [ 38] (  0 [  0,   0,   0] <  0>)
  [ 39] (  0 [  0,   0,   0] <  0>)
[2019-11-26|02:21:51]
passed through function [[TreeAddNode]]
  hash: 0
  tree capacity: 40
  tree size: 30
  first free element's physical address: 31
  root address: 1
  rank: 2
  error: 0 tree is ok

  [  0] (  0 [  0,   0,   0] <  0>)
  [  1] (100 [  2,   3,   0] <  0>)
  [  2] ( 99 [  0,   0,   0] <  1>)
  [  3] ( 98 [  4,   0,   0] <  1>)
  [  4] ( 97 [  5,   0,   0] <  3>)
  [  5] ( 96 [  0,   6,   0] <  4>)
  [  6] ( 95 [  0,   7,   0] <  5>)
  [  7] ( 94 [  0,   8,   0] <  6>)
  [  8] ( 93 [  0,   9,   0] <  7>)
  [  9] ( 92 [  0,  10,   0] <  8>)
  [ 10] ( 91 [  0,  11,   0] <  9>)
  [ 11] ( 90 [  0,  12,   0] < 10>)
  [ 12] ( 89 [  0,  13,   0] < 11>)
  [ 13] ( 88 [  0,  14,   0] < 12>)
  [ 14] ( 87 [  0,  15,   0] < 13>)
  [ 15] ( 86 [  0,  16,   0] < 14>)
  [ 16] ( 85 [  0,  17,   0] < 15>)
  [ 17] ( 84 [  0,  18,   0] < 16>)
  [ 18] ( 83 [  0,  19,   0] < 17>)
  [ 19] ( 82 [  0,  20,   0] < 18>)
  [ 20] ( 81 [  0,  21,   0] < 19>)
  [ 21] ( 80 [  0,  22,   0] < 20>)
  [ 22] ( 79 [  0,  23,   0] < 21>)
  [ 23] ( 78 [  0,  24,   0] < 22>)
  [ 24] ( 77 [  0,  25,   0] < 23>)
  [ 25] ( 76 [  0,  26,   0] < 24>)
  [ 26] ( 75 [  0,  27,   0] < 25>)
  [ 27] ( 74 [  0,  28,   0] < 26>)
  [ 28] ( 73 [  0,  29,   0] < 27>)
  [ 29] ( 72 [  0,  30,   0] < 28>)
  [ 30] ( 71 [  0,   0,   0] < 29>)
  [ 31] (  0 [  0,   0,   0] <  0>)
  [ 32] (  0 [  0,   0,   0] <  0>)
  [ 33] (  0 [  0,   0,   0] <  0>)
  [ 34] (  0 [  0,   0,   0] <  0>)
  [ 35] (  0 [  0,   0,   0] <  0>)
  [ 36] (  0 [  0,   0,   0] <  0>)
  [ 37] (  0 [  0,   0,   0] <  0>)
  [ 38] (  0 [  0,   0,   0] <  0>)
  [ 39] (  0 [  0,   0,   0] <  0>)
[2019-11-26|02:21:51]
passed through function [[TreeAddNode]]
  hash: 0
  tree capacity: 40
  tree size: 31
  first free element's physical address: 32
  root address: 1
  rank: 2
  error: 0 tree is ok

  [  0] (  0 [  0,   0,   0] <  0>)
  [  1] (100 [  2,   3,   0] <  0>)
  [  2] ( 99 [  0,   0,   0] <  1>)
  [  3] ( 98 [  4,   0,   0] <  1>)
  [  4] ( 97 [  5,   0,   0] <  3>)
  [  5] ( 96 [  0,   6,   0] <  4>)
  [  6] ( 95 [  0,   7,   0] <  5>)
  [  7] ( 94 [  0,   8,   0] <  6>)
  [  8] ( 93 [  0,   9,   0] <  7>)
  [  9] ( 92 [  0,  10,   0] <  8>)
  [ 10] ( 91 [  0,  11,   0] <  9>)
  [ 11] ( 90 [  0,  12,   0] < 10>)
  [ 12] ( 89 [  0,  13,   0] < 11>)
  [ 13] ( 88 [  0,  14,   0] < 12>)
  [ 14] ( 87 [  0,  15,   0] < 13>)
  [ 15] ( 86 [  0,  16,   0] < 14>)
  [ 16] ( 85 [  0,  17,   0] < 15>)
  [ 17] ( 84 [  0,  18,   0] < 16>)
  [ 18] ( 83 [  0,  19,   0] < 17>)
  [ 19] ( 82 [  0,  20,   0] < 18>)
  [ 20] ( 81 [  0,  21,   0] < 19>)
  [ 21] ( 80 [  0,  22,   0] < 20>)
  [ 22] ( 79 [  0,  23,   0] < 21>)
  [ 23] ( 78 [  0,  24,   0] < 22>)
  [ 24] ( 77 [  0,  25,   0] < 23>)
  [ 25] ( 76 [  0,  26,   0] < 24>)
  [ 26] ( 75 [  0,  27,   0] < 25>)
  [ 27] ( 74 [  0,  28,   0] < 26>)
  [ 28] ( 73 [  0,  29,   0] < 27>)
  [ 29] ( 72 [  0,  30,   0] < 28>)
  [ 30] ( 71 [  0,  31,   0] < 29>)
  [ 31] ( 70 [  0,   0,   0] < 30>)
  [ 32] (  0 [  0,   0,   0] <  0>)
  [ 33] (  0 [  0,   0,   0] <  0>)
  [ 34] (  0 [  0,   0,   0] <  0>)
  [ 35] (  0 [  0,   0,   0] <  0>)
  [ 36] (  0 [  0,   0,   0] <  0>)
  [ 37] (  0 [  0,   0,   0] <  0>)
  [ 38] (  0 [  0,   0,   0] <  0>)
  [ 39] (  0 [  0,   0,   0] <  0>)
[2019-11-26|02:21:51]
passed through function [[TreeAddNode]]
  hash: 0
  tree capacity: 40
  tree size: 32
  first free element's physical address: 33
  root address: 1
  rank: 2
  error: 0 tree is ok

  [  0] (  0 [  0,   0,   0] <  0>)
  [  1] (100 [  2,   3,   0] <  0>)
  [  2] ( 99 [  0,   0,   0] <  1>)
  [  3] ( 98 [  4,   0,   0] <  1>)
  [  4] ( 97 [  5,   0,   0] <  3>)
  [  5] ( 96 [  0,   6,   0] <  4>)
  [  6] ( 95 [  0,   7,   0] <  5>)
  [  7] ( 94 [  0,   8,   0] <  6>)
  [  8] ( 93 [  0,   9,   0] <  7>)
  [  9] ( 92 [  0,  10,   0] <  8>)
  [ 10] ( 91 [  0,  11,   0] <  9>)
  [ 11] ( 90 [  0,  12,   0] < 10>)
  [ 12] ( 89 [  0,  13,   0] < 11>)
  [ 13] ( 88 [  0,  14,   0] < 12>)
  [ 14] ( 87 [  0,  15,   0] < 13>)
  [ 15] ( 86 [  0,  16,   0] < 14>)
  [ 16] ( 85 [  0,  17,   0] < 15>)
  [ 17] ( 84 [  0,  18,   0] < 16>)
  [ 18] ( 83 [  0,  19,   0] < 17>)
  [ 19] ( 82 [  0,  20,   0] < 18>)
  [ 20] ( 81 [  0,  21,   0] < 19>)
  [ 21] ( 80 [  0,  22,   0] < 20>)
  [ 22] ( 79 [  0,  23,   0] < 21>)
  [ 23] ( 78 [  0,  24,   0] < 22>)
  [ 24] ( 77 [  0,  25,   0] < 23>)
  [ 25] ( 76 [  0,  26,   0] < 24>)
  [ 26] ( 75 [  0,  27,   0] < 25>)
  [ 27] ( 74 [  0,  28,   0] < 26>)
  [ 28] ( 73 [  0,  29,   0] < 27>)
  [ 29] ( 72 [  0,  30,   0] < 28>)
  [ 30] ( 71 [  0,  31,   0] < 29>)
  [ 31] ( 70 [  0,  32,   0] < 30>)
  [ 32] ( 69 [  0,   0,   0] < 31>)
  [ 33] (  0 [  0,   0,   0] <  0>)
  [ 34] (  0 [  0,   0,   0] <  0>)
  [ 35] (  0 [  0,   0,   0] <  0>)
  [ 36] (  0 [  0,   0,   0] <  0>)
  [ 37] (  0 [  0,   0,   0] <  0>)
  [ 38] (  0 [  0,   0,   0] <  0>)
  [ 39] (  0 [  0,   0,   0] <  0>)
[2019-11-26|02:21:51]
passed through function [[TreeAddNode]]
  hash: 0
  tree capacity: 40
  tree size: 33
  first free element's physical address: 34
  root address: 1
  rank: 2
  error: 0 tree is ok

  [  0] (  0 [  0,   0,   0] <  0>)
  [  1] (100 [  2,   3,   0] <  0>)
  [  2] ( 99 [  0,   0,   0] <  1>)
  [  3] ( 98 [  4,   0,   0] <  1>)
  [  4] ( 97 [  5,   0,   0] <  3>)
  [  5] ( 96 [  0,   6,   0] <  4>)
  [  6] ( 95 [  0,   7,   0] <  5>)
  [  7] ( 94 [  0,   8,   0] <  6>)
  [  8] ( 93 [  0,   9,   0] <  7>)
  [  9] ( 92 [  0,  10,   0] <  8>)
  [ 10] ( 91 [  0,  11,   0] <  9>)
  [ 11] ( 90 [  0,  12,   0] < 10>)
  [ 12] ( 89 [  0,  13,   0] < 11>)
  [ 13] ( 88 [  0,  14,   0] < 12>)
  [ 14] ( 87 [  0,  15,   0] < 13>)
  [ 15] ( 86 [  0,  16,   0] < 14>)
  [ 16] ( 85 [  0,  17,   0] < 15>)
  [ 17] ( 84 [  0,  18,   0] < 16>)
  [ 18] ( 83 [  0,  19,   0] < 17>)
  [ 19] ( 82 [  0,  20,   0] < 18>)
  [ 20] ( 81 [  0,  21,   0] < 19>)
  [ 21] ( 80 [  0,  22,   0] < 20>)
  [ 22] ( 79 [  0,  23,   0] < 21>)
  [ 23] ( 78 [  0,  24,   0] < 22>)
  [ 24] ( 77 [  0,  25,   0] < 23>)
  [ 25] ( 76 [  0,  26,   0] < 24>)
  [ 26] ( 75 [  0,  27,   0] < 25>)
  [ 27] ( 74 [  0,  28,   0] < 26>)
  [ 28] ( 73 [  0,  29,   0] < 27>)
  [ 29] ( 72 [  0,  30,   0] < 28>)
  [ 30] ( 71 [  0,  31,   0] < 29>)
  [ 31] ( 70 [  0,  32,   0] < 30>)
  [ 32] ( 69 [  0,  33,   0] < 31>)
  [ 33] ( 68 [  0,   0,   0] < 32>)
  [ 34] (  0 [  0,   0,   0] <  0>)
  [ 35] (  0 [  0,   0,   0] <  0>)
  [ 36] (  0 [  0,   0,   0] <  0>)
  [ 37] (  0 [  0,   0,   0] <  0>)
  [ 38] (  0 [  0,   0,   0] <  0>)
  [ 39] (  0 [  0,   0,   0] <  0>)
[2019-11-26|02:21:51]
passed through function [[TreeAddNode]]
  hash: 0
  tree capacity: 40
  tree size: 34
  first free element's physical address: 35
  root address: 1
  rank: 2
  error: 0 tree is ok

  [  0] (  0 [  0,   0,   0] <  0>)
  [  1] (100 [  2,   3,   0] <  0>)
  [  2] ( 99 [  0,   0,   0] <  1>)
  [  3] ( 98 [  4,   0,   0] <  1>)
  [  4] ( 97 [  5,   0,   0] <  3>)
  [  5] ( 96 [  0,   6,   0] <  4>)
  [  6] ( 95 [  0,   7,   0] <  5>)
  [  7] ( 94 [  0,   8,   0] <  6>)
  [  8] ( 93 [  0,   9,   0] <  7>)
  [  9] ( 92 [  0,  10,   0] <  8>)
  [ 10] ( 91 [  0,  11,   0] <  9>)
  [ 11] ( 90 [  0,  12,   0] < 10>)
  [ 12] ( 89 [  0,  13,   0] < 11>)
  [ 13] ( 88 [  0,  14,   0] < 12>)
  [ 14] ( 87 [  0,  15,   0] < 13>)
  [ 15] ( 86 [  0,  16,   0] < 14>)
  [ 16] ( 85 [  0,  17,   0] < 15>)
  [ 17] ( 84 [  0,  18,   0] < 16>)
  [ 18] ( 83 [  0,  19,   0] < 17>)
  [ 19] ( 82 [  0,  20,   0] < 18>)
  [ 20] ( 81 [  0,  21,   0] < 19>)
  [ 21] ( 80 [  0,  22,   0] < 20>)
  [ 22] ( 79 [  0,  23,   0] < 21>)
  [ 23] ( 78 [  0,  24,   0] < 22>)
  [ 24] ( 77 [  0,  25,   0] < 23>)
  [ 25] ( 76 [  0,  26,   0] < 24>)
  [ 26] ( 75 [  0,  27,   0] < 25>)
  [ 27] ( 74 [  0,  28,   0] < 26>)
  [ 28] ( 73 [  0,  29,   0] < 27>)
  [ 29] ( 72 [  0,  30,   0] < 28>)
  [ 30] ( 71 [  0,  31,   0] < 29>)
  [ 31] ( 70 [  0,  32,   0] < 30>)
  [ 32] ( 69 [  0,  33,   0] < 31>)
  [ 33] ( 68 [  0,  34,   0] < 32>)
  [ 34] ( 67 [  0,   0,   0] < 33>)
  [ 35] (  0 [  0,   0,   0] <  0>)
  [ 36] (  0 [  0,   0,   0] <  0>)
  [ 37] (  0 [  0,   0,   0] <  0>)
  [ 38] (  0 [  0,   0,   0] <  0>)
  [ 39] (  0 [  0,   0,   0] <  0>)
[2019-11-26|02:21:51]
passed through function [[TreeAddNode]]
  hash: 0
  tree capacity: 40
  tree size: 35
  first free element's physical address: 36
  root address: 1
  rank: 2
  error: 0 tree is ok

  [  0] (  0 [  0,   0,   0] <  0>)
  [  1] (100 [  2,   3,   0] <  0>)
  [  2] ( 99 [  0,   0,   0] <  1>)
  [  3] ( 98 [  4,   0,   0] <  1>)
  [  4] ( 97 [  5,   0,   0] <  3>)
  [  5] ( 96 [  0,   6,   0] <  4>)
  [  6] ( 95 [  0,   7,   0] <  5>)
  [  7] ( 94 [  0,   8,   0] <  6>)
  [  8] ( 93 [  0,   9,   0] <  7>)
  [  9] ( 92 [  0,  10,   0] <  8>)
  [ 10] ( 91 [  0,  11,   0] <  9>)
  [ 11] ( 90 [  0,  12,   0] < 10>)
  [ 12] ( 89 [  0,  13,   0] < 11>)
  [ 13] ( 88 [  0,  14,   0] < 12>)
  [ 14] ( 87 [  0,  15,   0] < 13>)
  [ 15] ( 86 [  0,  16,   0] < 14>)
  [ 16] ( 85 [  0,  17,   0] < 15>)
  [ 17] ( 84 [  0,  18,   0] < 16>)
  [ 18] ( 83 [  0,  19,   0] < 17>)
  [ 19] ( 82 [  0,  20,   0] < 18>)
  [ 20] ( 81 [  0,  21,   0] < 19>)
  [ 21] ( 80 [  0,  22,   0] < 20>)
  [ 22] ( 79 [  0,  23,   0] < 21>)
  [ 23] ( 78 [  0,  24,   0] < 22>)
  [ 24] ( 77 [  0,  25,   0] < 23>)
  [ 25] ( 76 [  0,  26,   0] < 24>)
  [ 26] ( 75 [  0,  27,   0] < 25>)
  [ 27] ( 74 [  0,  28,   0] < 26>)
  [ 28] ( 73 [  0,  29,   0] < 27>)
  [ 29] ( 72 [  0,  30,   0] < 28>)
  [ 30] ( 71 [  0,  31,   0] < 29>)
  [ 31] ( 70 [  0,  32,   0] < 30>)
  [ 32] ( 69 [  0,  33,   0] < 31>)
  [ 33] ( 68 [  0,  34,   0] < 32>)
  [ 34] ( 67 [  0,  35,   0] < 33>)
  [ 35] ( 66 [  0,   0,   0] < 34>)
  [ 36] (  0 [  0,   0,   0] <  0>)
  [ 37] (  0 [  0,   0,   0] <  0>)
  [ 38] (  0 [  0,   0,   0] <  0>)
  [ 39] (  0 [  0,   0,   0] <  0>)
[2019-11-26|02:21:51]
passed through function [[TreeAddNode]]
  hash: 0
  tree capacity: 40
  tree size: 36
  first free element's physical address: 37
  root address: 1
  rank: 2
  error: 0 tree is ok

  [  0] (  0 [  0,   0,   0] <  0>)
  [  1] (100 [  2,   3,   0] <  0>)
  [  2] ( 99 [  0,   0,   0] <  1>)
  [  3] ( 98 [  4,   0,   0] <  1>)
  [  4] ( 97 [  5,   0,   0] <  3>)
  [  5] ( 96 [  0,   6,   0] <  4>)
  [  6] ( 95 [  0,   7,   0] <  5>)
  [  7] ( 94 [  0,   8,   0] <  6>)
  [  8] ( 93 [  0,   9,   0] <  7>)
  [  9] ( 92 [  0,  10,   0] <  8>)
  [ 10] ( 91 [  0,  11,   0] <  9>)
  [ 11] ( 90 [  0,  12,   0] < 10>)
  [ 12] ( 89 [  0,  13,   0] < 11>)
  [ 13] ( 88 [  0,  14,   0] < 12>)
  [ 14] ( 87 [  0,  15,   0] < 13>)
  [ 15] ( 86 [  0,  16,   0] < 14>)
  [ 16] ( 85 [  0,  17,   0] < 15>)
  [ 17] ( 84 [  0,  18,   0] < 16>)
  [ 18] ( 83 [  0,  19,   0] < 17>)
  [ 19] ( 82 [  0,  20,   0] < 18>)
  [ 20] ( 81 [  0,  21,   0] < 19>)
  [ 21] ( 80 [  0,  22,   0] < 20>)
  [ 22] ( 79 [  0,  23,   0] < 21>)
  [ 23] ( 78 [  0,  24,   0] < 22>)
  [ 24] ( 77 [  0,  25,   0] < 23>)
  [ 25] ( 76 [  0,  26,   0] < 24>)
  [ 26] ( 75 [  0,  27,   0] < 25>)
  [ 27] ( 74 [  0,  28,   0] < 26>)
  [ 28] ( 73 [  0,  29,   0] < 27>)
  [ 29] ( 72 [  0,  30,   0] < 28>)
  [ 30] ( 71 [  0,  31,   0] < 29>)
  [ 31] ( 70 [  0,  32,   0] < 30>)
  [ 32] ( 69 [  0,  33,   0] < 31>)
  [ 33] ( 68 [  0,  34,   0] < 32>)
  [ 34] ( 67 [  0,  35,   0] < 33>)
  [ 35] ( 66 [  0,  36,   0] < 34>)
  [ 36] ( 65 [  0,   0,   0] < 35>)
  [ 37] (  0 [  0,   0,   0] <  0>)
  [ 38] (  0 [  0,   0,   0] <  0>)
  [ 39] (  0 [  0,   0,   0] <  0>)
[2019-11-26|02:21:51]
passed through function [[TreeAddNode]]
  hash: 0
  tree capacity: 40
  tree size: 37
  first free element's physical address: 38
  root address: 1
  rank: 2
  error: 0 tree is ok

  [  0] (  0 [  0,   0,   0] <  0>)
  [  1] (100 [  2,   3,   0] <  0>)
  [  2] ( 99 [  0,   0,   0] <  1>)
  [  3] ( 98 [  4,   0,   0] <  1>)
  [  4] ( 97 [  5,   0,   0] <  3>)
  [  5] ( 96 [  0,   6,   0] <  4>)
  [  6] ( 95 [  0,   7,   0] <  5>)
  [  7] ( 94 [  0,   8,   0] <  6>)
  [  8] ( 93 [  0,   9,   0] <  7>)
  [  9] ( 92 [  0,  10,   0] <  8>)
  [ 10] ( 91 [  0,  11,   0] <  9>)
  [ 11] ( 90 [  0,  12,   0] < 10>)
  [ 12] ( 89 [  0,  13,   0] < 11>)
  [ 13] ( 88 [  0,  14,   0] < 12>)
  [ 14] ( 87 [  0,  15,   0] < 13>)
  [ 15] ( 86 [  0,  16,   0] < 14>)
  [ 16] ( 85 [  0,  17,   0] < 15>)
  [ 17] ( 84 [  0,  18,   0] < 16>)
  [ 18] ( 83 [  0,  19,   0] < 17>)
  [ 19] ( 82 [  0,  20,   0] < 18>)
  [ 20] ( 81 [  0,  21,   0] < 19>)
  [ 21] ( 80 [  0,  22,   0] < 20>)
  [ 22] ( 79 [  0,  23,   0] < 21>)
  [ 23] ( 78 [  0,  24,   0] < 22>)
  [ 24] ( 77 [  0,  25,   0] < 23>)
  [ 25] ( 76 [  0,  26,   0] < 24>)
  [ 26] ( 75 [  0,  27,   0] < 25>)
  [ 27] ( 74 [  0,  28,   0] < 26>)
  [ 28] ( 73 [  0,  29,   0] < 27>)
  [ 29] ( 72 [  0,  30,   0] < 28>)
  [ 30] ( 71 [  0,  31,   0] < 29>)
  [ 31] ( 70 [  0,  32,   0] < 30>)
  [ 32] ( 69 [  0,  33,   0] < 31>)
  [ 33] ( 68 [  0,  34,   0] < 32>)
  [ 34] ( 67 [  0,  35,   0] < 33>)
  [ 35] ( 66 [  0,  36,   0] < 34>)
  [ 36] ( 65 [  0,  37,   0] < 35>)
  [ 37] ( 64 [  0,   0,   0] < 36>)
  [ 38] (  0 [  0,   0,   0] <  0>)
  [ 39] (  0 [  0,   0,   0] <  0>)
[2019-11-26|02:21:51]
passed through function [[TreeAddNode]]
  hash: 0
  tree capacity: 40
  tree size: 38
  first free element's physical address: 39
  root address: 1
  rank: 2
  error: 0 tree is ok

  [  0] (  0 [  0,   0,   0] <  0>)
  [  1] (100 [  2,   3,   0] <  0>)
  [  2] ( 99 [  0,   0,   0] <  1>)
  [  3] ( 98 [  4,   0,   0] <  1>)
  [  4] ( 97 [  5,   0,   0] <  3>)
  [  5] ( 96 [  0,   6,   0] <  4>)
  [  6] ( 95 [  0,   7,   0] <  5>)
  [  7] ( 94 [  0,   8,   0] <  6>)
  [  8] ( 93 [  0,   9,   0] <  7>)
  [  9] ( 92 [  0,  10,   0] <  8>)
  [ 10] ( 91 [  0,  11,   0] <  9>)
  [ 11] ( 90 [  0,  12,   0] < 10>)
  [ 12] ( 89 [  0,  13,   0] < 11>)
  [ 13] ( 88 [  0,  14,   0] < 12>)
  [ 14] ( 87 [  0,  15,   0] < 13>)
  [ 15] ( 86 [  0,  16,   0] < 14>)
  [ 16] ( 85 [  0,  17,   0] < 15>)
  [ 17] ( 84 [  0,  18,   0] < 16>)
  [ 18] ( 83 [  0,  19,   0] < 17>)
  [ 19] ( 82 [  0,  20,   0] < 18>)
  [ 20] ( 81 [  0,  21,   0] < 19>)
  [ 21] ( 80 [  0,  22,   0] < 20>)
  [ 22] ( 79 [  0,  23,   0] < 21>)
  [ 23] ( 78 [  0,  24,   0] < 22>)
  [ 24] ( 77 [  0,  25,   0] < 23>)
  [ 25] ( 76 [  0,  26,   0] < 24>)
  [ 26] ( 75 [  0,  27,   0] < 25>)
  [ 27] ( 74 [  0,  28,   0] < 26>)
  [ 28] ( 73 [  0,  29,   0] < 27>)
  [ 29] ( 72 [  0,  30,   0] < 28>)
  [ 30] ( 71 [  0,  31,   0] < 29>)
  [ 31] ( 70 [  0,  32,   0] < 30>)
  [ 32] ( 69 [  0,  33,   0] < 31>)
  [ 33] ( 68 [  0,  34,   0] < 32>)
  [ 34] ( 67 [  0,  35,   0] < 33>)
  [ 35] ( 66 [  0,  36,   0] < 34>)
  [ 36] ( 65 [  0,  37,   0] < 35>)
  [ 37] ( 64 [  0,  38,   0] < 36>)
  [ 38] ( 63 [  0,   0,   0] < 37>)
  [ 39] (  0 [  0,   0,   0] <  0>)
[2019-11-26|02:21:51]
passed through function [[TreeAddNode]]
  hash: 0
  tree capacity: 40
  tree size: 39
  first free element's physical address: 0
  root address: 1
  rank: 2
  error: 0 tree is ok

  [  0] (  0 [  0,   0,   0] <  0>)
  [  1] (100 [  2,   3,   0] <  0>)
  [  2] ( 99 [  0,   0,   0] <  1>)
  [  3] ( 98 [  4,   0,   0] <  1>)
  [  4] ( 97 [  5,   0,   0] <  3>)
  [  5] ( 96 [  0,   6,   0] <  4>)
  [  6] ( 95 [  0,   7,   0] <  5>)
  [  7] ( 94 [  0,   8,   0] <  6>)
  [  8] ( 93 [  0,   9,   0] <  7>)
  [  9] ( 92 [  0,  10,   0] <  8>)
  [ 10] ( 91 [  0,  11,   0] <  9>)
  [ 11] ( 90 [  0,  12,   0] < 10>)
  [ 12] ( 89 [  0,  13,   0] < 11>)
  [ 13] ( 88 [  0,  14,   0] < 12>)
  [ 14] ( 87 [  0,  15,   0] < 13>)
  [ 15] ( 86 [  0,  16,   0] < 14>)
  [ 16] ( 85 [  0,  17,   0] < 15>)
  [ 17] ( 84 [  0,  18,   0] < 16>)
  [ 18] ( 83 [  0,  19,   0] < 17>)
  [ 19] ( 82 [  0,  20,   0] < 18>)
  [ 20] ( 81 [  0,  21,   0] < 19>)
  [ 21] ( 80 [  0,  22,   0] < 20>)
  [ 22] ( 79 [  0,  23,   0] < 21>)
  [ 23] ( 78 [  0,  24,   0] < 22>)
  [ 24] ( 77 [  0,  25,   0] < 23>)
  [ 25] ( 76 [  0,  26,   0] < 24>)
  [ 26] ( 75 [  0,  27,   0] < 25>)
  [ 27] ( 74 [  0,  28,   0] < 26>)
  [ 28] ( 73 [  0,  29,   0] < 27>)
  [ 29] ( 72 [  0,  30,   0] < 28>)
  [ 30] ( 71 [  0,  31,   0] < 29>)
  [ 31] ( 70 [  0,  32,   0] < 30>)
  [ 32] ( 69 [  0,  33,   0] < 31>)
  [ 33] ( 68 [  0,  34,   0] < 32>)
  [ 34] ( 67 [  0,  35,   0] < 33>)
  [ 35] ( 66 [  0,  36,   0] < 34>)
  [ 36] ( 65 [  0,  37,   0] < 35>)
  [ 37] ( 64 [  0,  38,   0] < 36>)
  [ 38] ( 63 [  0,  39,   0] < 37>)
  [ 39] ( 62 [  0,   0,   0] < 38>)
[2019-11-26|02:21:51]
passed through function [[TreeResize (extend)]]
  hash: 0
  tree capacity: 80
  tree size: 39
  first free element's physical address: 40
  root address: 1
  rank: 2
  error: 0 tree is ok

  [  0] (  0 [  0,   0,   0] <  0>)
  [  1] (100 [  2,   3,   0] <  0>)
  [  2] ( 99 [  0,   0,   0] <  1>)
  [  3] ( 98 [  4,   0,   0] <  1>)
  [  4] ( 97 [  5,   0,   0] <  3>)
  [  5] ( 96 [  0,   6,   0] <  4>)
  [  6] ( 95 [  0,   7,   0] <  5>)
  [  7] ( 94 [  0,   8,   0] <  6>)
  [  8] ( 93 [  0,   9,   0] <  7>)
  [  9] ( 92 [  0,  10,   0] <  8>)
  [ 10] ( 91 [  0,  11,   0] <  9>)
  [ 11] ( 90 [  0,  12,   0] < 10>)
  [ 12] ( 89 [  0,  13,   0] < 11>)
  [ 13] ( 88 [  0,  14,   0] < 12>)
  [ 14] ( 87 [  0,  15,   0] < 13>)
  [ 15] ( 86 [  0,  16,   0] < 14>)
  [ 16] ( 85 [  0,  17,   0] < 15>)
  [ 17] ( 84 [  0,  18,   0] < 16>)
  [ 18] ( 83 [  0,  19,   0] < 17>)
  [ 19] ( 82 [  0,  20,   0] < 18>)
  [ 20] ( 81 [  0,  21,   0] < 19>)
  [ 21] ( 80 [  0,  22,   0] < 20>)
  [ 22] ( 79 [  0,  23,   0] < 21>)
  [ 23] ( 78 [  0,  24,   0] < 22>)
  [ 24] ( 77 [  0,  25,   0] < 23>)
  [ 25] ( 76 [  0,  26,   0] < 24>)
  [ 26] ( 75 [  0,  27,   0] < 25>)
  [ 27] ( 74 [  0,  28,   0] < 26>)
  [ 28] ( 73 [  0,  29,   0] < 27>)
  [ 29] ( 72 [  0,  30,   0] < 28>)
  [ 30] ( 71 [  0,  31,   0] < 29>)
  [ 31] ( 70 [  0,  32,   0] < 30>)
  [ 32] ( 69 [  0,  33,   0] < 31>)
  [ 33] ( 68 [  0,  34,   0] < 32>)
  [ 34] ( 67 [  0,  35,   0] < 33>)
  [ 35] ( 66 [  0,  36,   0] < 34>)
  [ 36] ( 65 [  0,  37,   0] < 35>)
  [ 37] ( 64 [  0,  38,   0] < 36>)
  [ 38] ( 63 [  0,  39,   0] < 37>)
  [ 39] ( 62 [  0,   0,   0] < 38>)
  [ 40] (  0 [  0,   0,   0] <  0>)
  [ 41] (  0 [  0,   0,   0] <  0>)
  [ 42] (  0 [  0,   0,   0] <  0>)
  [ 43] (  0 [  0,   0,   0] <  0>)
  [ 44] (  0 [  0,   0,   0] <  0>)
  [ 45] (  0 [  0,   0,   0] <  0>)
  [ 46] (  0 [  0,   0,   0] <  0>)
  [ 47] (  0 [  0,   0,   0] <  0>)
  [ 48] (  0 [  0,   0,   0] <  0>)
  [ 49] (  0 [  0,   0,   0] <  0>)
  [ 50] (  0 [  0,   0,   0] <  0>)
  [ 51] (  0 [  0,   0,   0] <  0>)
  [ 52] (  0 [  0,   0,   0] <  0>)
  [ 53] (  0 [  0,   0,   0] <  0>)
  [ 54] (  0 [  0,   0,   0] <  0>)
  [ 55] (  0 [  0,   0,   0] <  0>)
  [ 56] (  0 [  0,   0,   0] <  0>)
  [ 57] (  0 [  0,   0,   0] <  0>)
  [ 58] (  0 [  0,   0,   0] <  0>)
  [ 59] (  0 [  0,   0,   0] <  0>)
  [ 60] (  0 [  0,   0,   0] <  0>)
  [ 61] (  0 [  0,   0,   0] <  0>)
  [ 62] (  0 [  0,   0,   0] <  0>)
  [ 63] (  0 [  0,   0,   0] <  0>)
  [ 64] (  0 [  0,   0,   0] <  0>)
  [ 65] (  0 [  0,   0,   0] <  0>)
  [ 66] (  0 [  0,   0,   0] <  0>)
  [ 67] (  0 [  0,   0,   0] <  0>)
  [ 68] (  0 [  0,   0,   0] <  0>)
  [ 69] (  0 [  0,   0,   0] <  0>)
  [ 70] (  0 [  0,   0,   0] <  0>)
  [ 71] (  0 [  0,   0,   0] <  0>)
  [ 72] (  0 [  0,   0,   0] <  0>)
  [ 73] (  0 [  0,   0,   0] <  0>)
  [ 74] (  0 [  0,   0,   0] <  0>)
  [ 75] (  0 [  0,   0,   0] <  0>)
  [ 76] (  0 [  0,   0,   0] <  0>)
  [ 77] (  0 [  0,   0,   0] <  0>)
  [ 78] (  0 [  0,   0,   0] <  0>)
  [ 79] (  0 [  0,   0,   0] <  0>)
[2019-11-26|02:21:51]
passed through function [[TreeAddNode]]
  hash: 0
  tree capacity: 80
  tree size: 40
  first free element's physical address: 41
  root address: 1
  rank: 2
  error: 0 tree is ok

  [  0] (  0 [  0,   0,   0] <  0>)
  [  1] (100 [  2,   3,   0] <  0>)
  [  2] ( 99 [  0,   0,   0] <  1>)
  [  3] ( 98 [  4,   0,   0] <  1>)
  [  4] ( 97 [  5,   0,   0] <  3>)
  [  5] ( 96 [  0,   6,   0] <  4>)
  [  6] ( 95 [  0,   7,   0] <  5>)
  [  7] ( 94 [  0,   8,   0] <  6>)
  [  8] ( 93 [  0,   9,   0] <  7>)
  [  9] ( 92 [  0,  10,   0] <  8>)
  [ 10] ( 91 [  0,  11,   0] <  9>)
  [ 11] ( 90 [  0,  12,   0] < 10>)
  [ 12] ( 89 [  0,  13,   0] < 11>)
  [ 13] ( 88 [  0,  14,   0] < 12>)
  [ 14] ( 87 [  0,  15,   0] < 13>)
  [ 15] ( 86 [  0,  16,   0] < 14>)
  [ 16] ( 85 [  0,  17,   0] < 15>)
  [ 17] ( 84 [  0,  18,   0] < 16>)
  [ 18] ( 83 [  0,  19,   0] < 17>)
  [ 19] ( 82 [  0,  20,   0] < 18>)
  [ 20] ( 81 [  0,  21,   0] < 19>)
  [ 21] ( 80 [  0,  22,   0] < 20>)
  [ 22] ( 79 [  0,  23,   0] < 21>)
  [ 23] ( 78 [  0,  24,   0] < 22>)
  [ 24] ( 77 [  0,  25,   0] < 23>)
  [ 25] ( 76 [  0,  26,   0] < 24>)
  [ 26] ( 75 [  0,  27,   0] < 25>)
  [ 27] ( 74 [  0,  28,   0] < 26>)
  [ 28] ( 73 [  0,  29,   0] < 27>)
  [ 29] ( 72 [  0,  30,   0] < 28>)
  [ 30] ( 71 [  0,  31,   0] < 29>)
  [ 31] ( 70 [  0,  32,   0] < 30>)
  [ 32] ( 69 [  0,  33,   0] < 31>)
  [ 33] ( 68 [  0,  34,   0] < 32>)
  [ 34] ( 67 [  0,  35,   0] < 33>)
  [ 35] ( 66 [  0,  36,   0] < 34>)
  [ 36] ( 65 [  0,  37,   0] < 35>)
  [ 37] ( 64 [  0,  38,   0] < 36>)
  [ 38] ( 63 [  0,  39,   0] < 37>)
  [ 39] ( 62 [  0,  40,   0] < 38>)
  [ 40] ( 61 [  0,   0,   0] < 39>)
  [ 41] (  0 [  0,   0,   0] <  0>)
  [ 42] (  0 [  0,   0,   0] <  0>)
  [ 43] (  0 [  0,   0,   0] <  0>)
  [ 44] (  0 [  0,   0,   0] <  0>)
  [ 45] (  0 [  0,   0,   0] <  0>)
  [ 46] (  0 [  0,   0,   0] <  0>)
  [ 47] (  0 [  0,   0,   0] <  0>)
  [ 48] (  0 [  0,   0,   0] <  0>)
  [ 49] (  0 [  0,   0,   0] <  0>)
  [ 50] (  0 [  0,   0,   0] <  0>)
  [ 51] (  0 [  0,   0,   0] <  0>)
  [ 52] (  0 [  0,   0,   0] <  0>)
  [ 53] (  0 [  0,   0,   0] <  0>)
  [ 54] (  0 [  0,   0,   0] <  0>)
  [ 55] (  0 [  0,   0,   0] <  0>)
  [ 56] (  0 [  0,   0,   0] <  0>)
  [ 57] (  0 [  0,   0,   0] <  0>)
  [ 58] (  0 [  0,   0,   0] <  0>)
  [ 59] (  0 [  0,   0,   0] <  0>)
  [ 60] (  0 [  0,   0,   0] <  0>)
  [ 61] (  0 [  0,   0,   0] <  0>)
  [ 62] (  0 [  0,   0,   0] <  0>)
  [ 63] (  0 [  0,   0,   0] <  0>)
  [ 64] (  0 [  0,   0,   0] <  0>)
  [ 65] (  0 [  0,   0,   0] <  0>)
  [ 66] (  0 [  0,   0,   0] <  0>)
  [ 67] (  0 [  0,   0,   0] <  0>)
  [ 68] (  0 [  0,   0,   0] <  0>)
  [ 69] (  0 [  0,   0,   0] <  0>)
  [ 70] (  0 [  0,   0,   0] <  0>)
  [ 71] (  0 [  0,   0,   0] <  0>)
  [ 72] (  0 [  0,   0,   0] <  0>)
  [ 73] (  0 [  0,   0,   0] <  0>)
  [ 74] (  0 [  0,   0,   0] <  0>)
  [ 75] (  0 [  0,   0,   0] <  0>)
  [ 76] (  0 [  0,   0,   0] <  0>)
  [ 77] (  0 [  0,   0,   0] <  0>)
  [ 78] (  0 [  0,   0,   0] <  0>)
  [ 79] (  0 [  0,   0,   0] <  0>)
[2019-11-26|02:21:51]
passed through function [[TreeAddNode]]
  hash: 0
  tree capacity: 80
  tree size: 41
  first free element's physical address: 42
  root address: 1
  rank: 2
  error: 0 tree is ok

  [  0] (  0 [  0,   0,   0] <  0>)
  [  1] (100 [  2,   3,   0] <  0>)
  [  2] ( 99 [  0,   0,   0] <  1>)
  [  3] ( 98 [  4,   0,   0] <  1>)
  [  4] ( 97 [  5,   0,   0] <  3>)
  [  5] ( 96 [  0,   6,   0] <  4>)
  [  6] ( 95 [  0,   7,   0] <  5>)
  [  7] ( 94 [  0,   8,   0] <  6>)
  [  8] ( 93 [  0,   9,   0] <  7>)
  [  9] ( 92 [  0,  10,   0] <  8>)
  [ 10] ( 91 [  0,  11,   0] <  9>)
  [ 11] ( 90 [  0,  12,   0] < 10>)
  [ 12] ( 89 [  0,  13,   0] < 11>)
  [ 13] ( 88 [  0,  14,   0] < 12>)
  [ 14] ( 87 [  0,  15,   0] < 13>)
  [ 15] ( 86 [  0,  16,   0] < 14>)
  [ 16] ( 85 [  0,  17,   0] < 15>)
  [ 17] ( 84 [  0,  18,   0] < 16>)
  [ 18] ( 83 [  0,  19,   0] < 17>)
  [ 19] ( 82 [  0,  20,   0] < 18>)
  [ 20] ( 81 [  0,  21,   0] < 19>)
  [ 21] ( 80 [  0,  22,   0] < 20>)
  [ 22] ( 79 [  0,  23,   0] < 21>)
  [ 23] ( 78 [  0,  24,   0] < 22>)
  [ 24] ( 77 [  0,  25,   0] < 23>)
  [ 25] ( 76 [  0,  26,   0] < 24>)
  [ 26] ( 75 [  0,  27,   0] < 25>)
  [ 27] ( 74 [  0,  28,   0] < 26>)
  [ 28] ( 73 [  0,  29,   0] < 27>)
  [ 29] ( 72 [  0,  30,   0] < 28>)
  [ 30] ( 71 [  0,  31,   0] < 29>)
  [ 31] ( 70 [  0,  32,   0] < 30>)
  [ 32] ( 69 [  0,  33,   0] < 31>)
  [ 33] ( 68 [  0,  34,   0] < 32>)
  [ 34] ( 67 [  0,  35,   0] < 33>)
  [ 35] ( 66 [  0,  36,   0] < 34>)
  [ 36] ( 65 [  0,  37,   0] < 35>)
  [ 37] ( 64 [  0,  38,   0] < 36>)
  [ 38] ( 63 [  0,  39,   0] < 37>)
  [ 39] ( 62 [  0,  40,   0] < 38>)
  [ 40] ( 61 [  0,  41,   0] < 39>)
  [ 41] ( 60 [  0,   0,   0] < 40>)
  [ 42] (  0 [  0,   0,   0] <  0>)
  [ 43] (  0 [  0,   0,   0] <  0>)
  [ 44] (  0 [  0,   0,   0] <  0>)
  [ 45] (  0 [  0,   0,   0] <  0>)
  [ 46] (  0 [  0,   0,   0] <  0>)
  [ 47] (  0 [  0,   0,   0] <  0>)
  [ 48] (  0 [  0,   0,   0] <  0>)
  [ 49] (  0 [  0,   0,   0] <  0>)
  [ 50] (  0 [  0,   0,   0] <  0>)
  [ 51] (  0 [  0,   0,   0] <  0>)
  [ 52] (  0 [  0,   0,   0] <  0>)
  [ 53] (  0 [  0,   0,   0] <  0>)
  [ 54] (  0 [  0,   0,   0] <  0>)
  [ 55] (  0 [  0,   0,   0] <  0>)
  [ 56] (  0 [  0,   0,   0] <  0>)
  [ 57] (  0 [  0,   0,   0] <  0>)
  [ 58] (  0 [  0,   0,   0] <  0>)
  [ 59] (  0 [  0,   0,   0] <  0>)
  [ 60] (  0 [  0,   0,   0] <  0>)
  [ 61] (  0 [  0,   0,   0] <  0>)
  [ 62] (  0 [  0,   0,   0] <  0>)
  [ 63] (  0 [  0,   0,   0] <  0>)
  [ 64] (  0 [  0,   0,   0] <  0>)
  [ 65] (  0 [  0,   0,   0] <  0>)
  [ 66] (  0 [  0,   0,   0] <  0>)
  [ 67] (  0 [  0,   0,   0] <  0>)
  [ 68] (  0 [  0,   0,   0] <  0>)
  [ 69] (  0 [  0,   0,   0] <  0>)
  [ 70] (  0 [  0,   0,   0] <  0>)
  [ 71] (  0 [  0,   0,   0] <  0>)
  [ 72] (  0 [  0,   0,   0] <  0>)
  [ 73] (  0 [  0,   0,   0] <  0>)
  [ 74] (  0 [  0,   0,   0] <  0>)
  [ 75] (  0 [  0,   0,   0] <  0>)
  [ 76] (  0 [  0,   0,   0] <  0>)
  [ 77] (  0 [  0,   0,   0] <  0>)
  [ 78] (  0 [  0,   0,   0] <  0>)
  [ 79] (  0 [  0,   0,   0] <  0>)
[2019-11-26|02:21:51]
passed through function [[TreeSort]]
  hash: 0
  tree capacity: 80
  tree size: 2
  first free element's physical address: 3
  root address: 1
  rank: 2
  error: 0 tree is ok

  [  0] (  0 [  0,   0,   0] <  0>)
  [  1] (100 [  2,   3,   0] <  0>)
  [  2] ( 99 [  0,   0,   0] <  1>)
  [  3] (  0 [  0,   0,   0] <  0>)
  [  4] (  0 [  0,   0,   0] <  0>)
  [  5] (  0 [  0,   0,   0] <  0>)
  [  6] (  0 [  0,   0,   0] <  0>)
  [  7] (  0 [  0,   0,   0] <  0>)
  [  8] (  0 [  0,   0,   0] <  0>)
  [  9] (  0 [  0,   0,   0] <  0>)
  [ 10] (  0 [  0,   0,   0] <  0>)
  [ 11] (  0 [  0,   0,   0] <  0>)
  [ 12] (  0 [  0,   0,   0] <  0>)
  [ 13] (  0 [  0,   0,   0] <  0>)
  [ 14] (  0 [  0,   0,   0] <  0>)
  [ 15] (  0 [  0,   0,   0] <  0>)
  [ 16] (  0 [  0,   0,   0] <  0>)
  [ 17] (  0 [  0,   0,   0] <  0>)
  [ 18] (  0 [  0,   0,   0] <  0>)
  [ 19] (  0 [  0,   0,   0] <  0>)
  [ 20] (  0 [  0,   0,   0] <  0>)
  [ 21] (  0 [  0,   0,   0] <  0>)
  [ 22] (  0 [  0,   0,   0] <  0>)
  [ 23] (  0 [  0,   0,   0] <  0>)
  [ 24] (  0 [  0,   0,   0] <  0>)
  [ 25] (  0 [  0,   0,   0] <  0>)
  [ 26] (  0 [  0,   0,   0] <  0>)
  [ 27] (  0 [  0,   0,   0] <  0>)
  [ 28] (  0 [  0,   0,   0] <  0>)
  [ 29] (  0 [  0,   0,   0] <  0>)
  [ 30] (  0 [  0,   0,   0] <  0>)
  [ 31] (  0 [  0,   0,   0] <  0>)
  [ 32] (  0 [  0,   0,   0] <  0>)
  [ 33] (  0 [  0,   0,   0] <  0>)
  [ 34] (  0 [  0,   0,   0] <  0>)
  [ 35] (  0 [  0,   0,   0] <  0>)
  [ 36] (  0 [  0,   0,   0] <  0>)
  [ 37] (  0 [  0,   0,   0] <  0>)
  [ 38] (  0 [  0,   0,   0] <  0>)
  [ 39] (  0 [  0,   0,   0] <  0>)
  [ 40] (  0 [  0,   0,   0] <  0>)
  [ 41] (  0 [  0,   0,   0] <  0>)
  [ 42] (  0 [  0,   0,   0] <  0>)
  [ 43] (  0 [  0,   0,   0] <  0>)
  [ 44] (  0 [  0,   0,   0] <  0>)
  [ 45] (  0 [  0,   0,   0] <  0>)
  [ 46] (  0 [  0,   0,   0] <  0>)
  [ 47] (  0 [  0,   0,   0] <  0>)
  [ 48] (  0 [  0,   0,   0] <  0>)
  [ 49] (  0 [  0,   0,   0] <  0>)
  [ 50] (  0 [  0,   0,   0] <  0>)
  [ 51] (  0 [  0,   0,   0] <  0>)
  [ 52] (  0 [  0,   0,   0] <  0>)
  [ 53] (  0 [  0,   0,   0] <  0>)
  [ 54] (  0 [  0,   0,   0] <  0>)
  [ 55] (  0 [  0,   0,   0] <  0>)
  [ 56] (  0 [  0,   0,   0] <  0>)
  [ 57] (  0 [  0,   0,   0] <  0>)
  [ 58] (  0 [  0,   0,   0] <  0>)
  [ 59] (  0 [  0,   0,   0] <  0>)
  [ 60] (  0 [  0,   0,   0] <  0>)
  [ 61] (  0 [  0,   0,   0] <  0>)
  [ 62] (  0 [  0,   0,   0] <  0>)
  [ 63] (  0 [  0,   0,   0] <  0>)
  [ 64] (  0 [  0,   0,   0] <  0>)
  [ 65] (  0 [  0,   0,   0] <  0>)
  [ 66] (  0 [  0,   0,   0] <  0>)
  [ 67] (  0 [  0,   0,   0] <  0>)
  [ 68] (  0 [  0,   0,   0] <  0>)
  [ 69] (  0 [  0,   0,   0] <  0>)
  [ 70] (  0 [  0,   0,   0] <  0>)
  [ 71] (  0 [  0,   0,   0] <  0>)
  [ 72] (  0 [  0,   0,   0] <  0>)
  [ 73] (  0 [  0,   0,   0] <  0>)
  [ 74] (  0 [  0,   0,   0] <  0>)
  [ 75] (  0 [  0,   0,   0] <  0>)
  [ 76] (  0 [  0,   0,   0] <  0>)
  [ 77] (  0 [  0,   0,   0] <  0>)
  [ 78] (  0 [  0,   0,   0] <  0>)
  [ 79] (  0 [  0,   0,   0] <  0>)
[2019-11-26|02:21:51]
passed through function [[TreeResize (shrink)]]
  hash: 0
  tree capacity: 40
  tree size: 2
  first free element's physical address: 3
  root address: 1
  rank: 2
  error: 0 tree is ok

  [  0] (  0 [  0,   0,   0] <  0>)
  [  1] (100 [  2,   3,   0] <  0>)
  [  2] ( 99 [  0,   0,   0] <  1>)
  [  3] (  0 [  0,   0,   0] <  0>)
  [  4] (  0 [  0,   0,   0] <  0>)
  [  5] (  0 [  0,   0,   0] <  0>)
  [  6] (  0 [  0,   0,   0] <  0>)
  [  7] (  0 [  0,   0,   0] <  0>)
  [  8] (  0 [  0,   0,   0] <  0>)
  [  9] (  0 [  0,   0,   0] <  0>)
  [ 10] (  0 [  0,   0,   0] <  0>)
  [ 11] (  0 [  0,   0,   0] <  0>)
  [ 12] (  0 [  0,   0,   0] <  0>)
  [ 13] (  0 [  0,   0,   0] <  0>)
  [ 14] (  0 [  0,   0,   0] <  0>)
  [ 15] (  0 [  0,   0,   0] <  0>)
  [ 16] (  0 [  0,   0,   0] <  0>)
  [ 17] (  0 [  0,   0,   0] <  0>)
  [ 18] (  0 [  0,   0,   0] <  0>)
  [ 19] (  0 [  0,   0,   0] <  0>)
  [ 20] (  0 [  0,   0,   0] <  0>)
  [ 21] (  0 [  0,   0,   0] <  0>)
  [ 22] (  0 [  0,   0,   0] <  0>)
  [ 23] (  0 [  0,   0,   0] <  0>)
  [ 24] (  0 [  0,   0,   0] <  0>)
  [ 25] (  0 [  0,   0,   0] <  0>)
  [ 26] (  0 [  0,   0,   0] <  0>)
  [ 27] (  0 [  0,   0,   0] <  0>)
  [ 28] (  0 [  0,   0,   0] <  0>)
  [ 29] (  0 [  0,   0,   0] <  0>)
  [ 30] (  0 [  0,   0,   0] <  0>)
  [ 31] (  0 [  0,   0,   0] <  0>)
  [ 32] (  0 [  0,   0,   0] <  0>)
  [ 33] (  0 [  0,   0,   0] <  0>)
  [ 34] (  0 [  0,   0,   0] <  0>)
  [ 35] (  0 [  0,   0,   0] <  0>)
  [ 36] (  0 [  0,   0,   0] <  0>)
  [ 37] (  0 [  0,   0,   0] <  0>)
  [ 38] (  0 [  0,   0,   0] <  0>)
  [ 39] (  0 [  0,   0,   0] <  0>)
[2019-11-26|02:21:51]
passed through function [[TreeDeleteNode]]
  hash: 0
  tree capacity: 40
  tree size: 2
  first free element's physical address: 3
  root address: 1
  rank: 2
  error: 0 tree is ok

  [  0] (  0 [  0,   0,   0] <  0>)
  [  1] (100 [  2,   3,   0] <  0>)
  [  2] ( 99 [  0,   0,   0] <  1>)
  [  3] (  0 [  0,   0,   0] <  0>)
  [  4] (  0 [  0,   0,   0] <  0>)
  [  5] (  0 [  0,   0,   0] <  0>)
  [  6] (  0 [  0,   0,   0] <  0>)
  [  7] (  0 [  0,   0,   0] <  0>)
  [  8] (  0 [  0,   0,   0] <  0>)
  [  9] (  0 [  0,   0,   0] <  0>)
  [ 10] (  0 [  0,   0,   0] <  0>)
  [ 11] (  0 [  0,   0,   0] <  0>)
  [ 12] (  0 [  0,   0,   0] <  0>)
  [ 13] (  0 [  0,   0,   0] <  0>)
  [ 14] (  0 [  0,   0,   0] <  0>)
  [ 15] (  0 [  0,   0,   0] <  0>)
  [ 16] (  0 [  0,   0,   0] <  0>)
  [ 17] (  0 [  0,   0,   0] <  0>)
  [ 18] (  0 [  0,   0,   0] <  0>)
  [ 19] (  0 [  0,   0,   0] <  0>)
  [ 20] (  0 [  0,   0,   0] <  0>)
  [ 21] (  0 [  0,   0,   0] <  0>)
  [ 22] (  0 [  0,   0,   0] <  0>)
  [ 23] (  0 [  0,   0,   0] <  0>)
  [ 24] (  0 [  0,   0,   0] <  0>)
  [ 25] (  0 [  0,   0,   0] <  0>)
  [ 26] (  0 [  0,   0,   0] <  0>)
  [ 27] (  0 [  0,   0,   0] <  0>)
  [ 28] (  0 [  0,   0,   0] <  0>)
  [ 29] (  0 [  0,   0,   0] <  0>)
  [ 30] (  0 [  0,   0,   0] <  0>)
  [ 31] (  0 [  0,   0,   0] <  0>)
  [ 32] (  0 [  0,   0,   0] <  0>)
  [ 33] (  0 [  0,   0,   0] <  0>)
  [ 34] (  0 [  0,   0,   0] <  0>)
  [ 35] (  0 [  0,   0,   0] <  0>)
  [ 36] (  0 [  0,   0,   0] <  0>)
  [ 37] (  0 [  0,   0,   0] <  0>)
  [ 38] (  0 [  0,   0,   0] <  0>)
  [ 39] (  0 [  0,   0,   0] <  0>)
